<?xml version="1.0" encoding="UTF-8"?>
<testsuite xmlns:xsi="http://www.w3.org/2001/XMLSchema-instance" xsi:noNamespaceSchemaLocation="https://maven.apache.org/surefire/maven-surefire-plugin/xsd/surefire-test-report.xsd" name="TestSuite" time="701.443" tests="44" errors="0" skipped="0" failures="3">
  <properties>
    <property name="java.vendor" value="Oracle Corporation"/>
    <property name="JOB_NAME" value="jusDoneNewVersion"/>
    <property name="sun.java.launcher" value="SUN_STANDARD"/>
    <property name="NUMBER_OF_PROCESSORS" value="4"/>
    <property name="sun.management.compiler" value="HotSpot 64-Bit Tiered Compilers"/>
    <property name="JENKINS_HOME" value="C:\Users\Murali\.jenkins"/>
    <property name="HUDSON_SERVER_COOKIE" value="dc8bcf60adf58534"/>
    <property name="POM_ARTIFACTID" value="JusDoneTest"/>
    <property name="os.name" value="Windows 10"/>
    <property name="sun.boot.class.path" value="C:\Program Files\Java\jdk1.8.0_151\jre\lib\resources.jar;C:\Program Files\Java\jdk1.8.0_151\jre\lib\rt.jar;C:\Program Files\Java\jdk1.8.0_151\jre\lib\sunrsasign.jar;C:\Program Files\Java\jdk1.8.0_151\jre\lib\jsse.jar;C:\Program Files\Java\jdk1.8.0_151\jre\lib\jce.jar;C:\Program Files\Java\jdk1.8.0_151\jre\lib\charsets.jar;C:\Program Files\Java\jdk1.8.0_151\jre\lib\jfr.jar;C:\Program Files\Java\jdk1.8.0_151\jre\classes"/>
    <property name="EXECUTOR_NUMBER" value="1"/>
    <property name="sun.desktop" value="windows"/>
    <property name="PATHEXT" value=".COM;.EXE;.BAT;.CMD;.VBS;.VBE;.JS;.JSE;.WSF;.WSH;.MSC"/>
    <property name="java.vm.specification.vendor" value="Oracle Corporation"/>
    <property name="POM_DISPLAYNAME" value="JusDoneTest"/>
    <property name="NODE_LABELS" value="master"/>
    <property name="TEMP" value="C:\Users\Murali\AppData\Local\Temp"/>
    <property name="java.runtime.version" value="1.8.0_151-b12"/>
    <property name="user.name" value="Murali"/>
    <property name="guice.disable.misplaced.annotation.check" value="true"/>
    <property name="CommonProgramW6432" value="C:\Program Files\Common Files"/>
    <property name="ProgramFiles" value="C:\Program Files"/>
    <property name="PROMPT" value="$P$G"/>
    <property name="user.language" value="en"/>
    <property name="JOB_BASE_NAME" value="jusDoneNewVersion"/>
    <property name="RUN_CHANGES_DISPLAY_URL" value="http://localhost:8080/job/jusDoneNewVersion/5/display/redirect?page=changes"/>
    <property name="BUILD_DISPLAY_NAME" value="#5"/>
    <property name="OneDrive" value="C:\Users\Murali\OneDrive"/>
    <property name="sun.boot.library.path" value="C:\Program Files\Java\jdk1.8.0_151\jre\bin"/>
    <property name="LOCALAPPDATA" value="C:\Users\Murali\AppData\Local"/>
    <property name="java.version" value="1.8.0_151"/>
    <property name="PROCESSOR_LEVEL" value="6"/>
    <property name="user.timezone" value="America/Chicago"/>
    <property name="USERNAME" value="Murali"/>
    <property name="sun.arch.data.model" value="64"/>
    <property name="NODE_NAME" value="master"/>
    <property name="java.endorsed.dirs" value="C:\Program Files\Java\jdk1.8.0_151\jre\lib\endorsed"/>
    <property name="BUILD_ID" value="5"/>
    <property name="sun.cpu.isalist" value="amd64"/>
    <property name="sun.jnu.encoding" value="Cp1252"/>
    <property name="file.encoding.pkg" value="sun.io"/>
    <property name="file.separator" value="\"/>
    <property name="java.specification.name" value="Java Platform API Specification"/>
    <property name="HOMEDRIVE" value="C:"/>
    <property name="maven.conf" value="C:\Users\Murali\.jenkins\tools\hudson.tasks.Maven_MavenInstallation\JusDoneMaven\conf"/>
    <property name="java.class.version" value="52.0"/>
    <property name="=::" value="::\"/>
    <property name="org.slf4j.simpleLogger.defaultLogLevel" value="info"/>
    <property name="user.country" value="US"/>
    <property name="ALLUSERSPROFILE" value="C:\ProgramData"/>
    <property name="java.home" value="C:\Program Files\Java\jdk1.8.0_151\jre"/>
    <property name="java.vm.info" value="mixed mode"/>
    <property name="os.version" value="10.0"/>
    <property name="RUN_DISPLAY_URL" value="http://localhost:8080/job/jusDoneNewVersion/5/display/redirect"/>
    <property name="POM_VERSION" value="0.0.1-SNAPSHOT"/>
    <property name="TMP" value="C:\Users\Murali\AppData\Local\Temp"/>
    <property name="path.separator" value=";"/>
    <property name="java.vm.version" value="25.151-b12"/>
    <property name="user.variant" value=""/>
    <property name="JOB_DISPLAY_URL" value="http://localhost:8080/job/jusDoneNewVersion/display/redirect"/>
    <property name="CommonProgramFiles(x86)" value="C:\Program Files (x86)\Common Files"/>
    <property name="USERDOMAIN_ROAMINGPROFILE" value="DESKTOP-3ND57S0"/>
    <property name="java.awt.printerjob" value="sun.awt.windows.WPrinterJob"/>
    <property name="JAVA_HOME" value="C:\Program Files\Java\jdk1.8.0_151"/>
    <property name="sun.io.unicode.encoding" value="UnicodeLittle"/>
    <property name="CommonProgramFiles" value="C:\Program Files\Common Files"/>
    <property name="ComSpec" value="C:\WINDOWS\system32\cmd.exe"/>
    <property name="HOMEPATH" value="\Users\Murali"/>
    <property name="awt.toolkit" value="sun.awt.windows.WToolkit"/>
    <property name="POM_PACKAGING" value="jar"/>
    <property name="user.script" value=""/>
    <property name="COMPUTERNAME" value="DESKTOP-3ND57S0"/>
    <property name="POM_GROUPID" value="JusDoneTestAutomation"/>
    <property name="user.home" value="C:\Users\Murali"/>
    <property name="PUBLIC" value="C:\Users\Public"/>
    <property name="BUILD_TAG" value="jenkins-jusDoneNewVersion-5"/>
    <property name="JENKINS_SERVER_COOKIE" value="dc8bcf60adf58534"/>
    <property name="HUDSON_URL" value="http://localhost:8080/"/>
    <property name="ProgramData" value="C:\ProgramData"/>
    <property name="java.specification.vendor" value="Oracle Corporation"/>
    <property name="USERPROFILE" value="C:\Users\Murali"/>
    <property name="CLASSPATH" value=""/>
    <property name="java.vendor.url" value="http://java.oracle.com/"/>
    <property name="java.library.path" value="C:\Program Files\Java\jdk1.8.0_151\bin;C:\WINDOWS\Sun\Java\bin;C:\WINDOWS\system32;C:\WINDOWS;C:\Users\Murali\.jenkins\tools\hudson.tasks.Maven_MavenInstallation\JusDoneMaven/bin;C:\Program Files\Java\jdk1.8.0_151\bin;C:\WINDOWS\system32;C:\WINDOWS;C:\WINDOWS\System32\Wbem;C:\WINDOWS\System32\WindowsPowerShell\v1.0\;C:\Program Files\MySQL\MySQL Utilities 1.6\;C:\Selenium-Jar Files\apache-maven-3.5.2-bin\apache-maven-3.5.2\bin;C:\Program Files\Git\cmd;C:\Program Files\PuTTY\;C:\Users\Murali\AppData\Local\Microsoft\WindowsApps;C:\Users\Murali\AppData\Local\GitHubDesktop\bin;."/>
    <property name="java.vm.vendor" value="Oracle Corporation"/>
    <property name="APPDATA" value="C:\Users\Murali\AppData\Roaming"/>
    <property name="java.runtime.name" value="Java(TM) SE Runtime Environment"/>
    <property name="maven.home" value="C:\Users\Murali\.jenkins\tools\hudson.tasks.Maven_MavenInstallation\JusDoneMaven"/>
    <property name="java.class.path" value="C:\Users\Murali\.jenkins\plugins\maven-plugin\WEB-INF\lib\maven35-agent-1.12-alpha-1.jar;C:\Users\Murali\.jenkins\tools\hudson.tasks.Maven_MavenInstallation\JusDoneMaven\boot\plexus-classworlds-2.5.2.jar;C:\Users\Murali\.jenkins\tools\hudson.tasks.Maven_MavenInstallation\JusDoneMaven/conf/logging"/>
    <property name="sun.java.command" value="jenkins.maven3.agent.Maven35Main C:\Users\Murali\.jenkins\tools\hudson.tasks.Maven_MavenInstallation\JusDoneMaven C:\Users\Murali\.jenkins\war\WEB-INF\lib\remoting-3.14.jar C:\Users\Murali\.jenkins\plugins\maven-plugin\WEB-INF\lib\maven35-interceptor-1.12-alpha-1.jar C:\Users\Murali\.jenkins\plugins\maven-plugin\WEB-INF\lib\maven3-interceptor-commons-1.12-alpha-1.jar 50096"/>
    <property name="Path" value="C:\Program Files\Java\jdk1.8.0_151\bin;C:\WINDOWS\system32;C:\WINDOWS;C:\WINDOWS\System32\Wbem;C:\WINDOWS\System32\WindowsPowerShell\v1.0\;C:\Program Files\MySQL\MySQL Utilities 1.6\;C:\Selenium-Jar Files\apache-maven-3.5.2-bin\apache-maven-3.5.2\bin;C:\Program Files\Git\cmd;C:\Program Files\PuTTY\;C:\Users\Murali\AppData\Local\Microsoft\WindowsApps;C:\Users\Murali\AppData\Local\GitHubDesktop\bin"/>
    <property name="java.vm.specification.name" value="Java Virtual Machine Specification"/>
    <property name="PROCESSOR_ARCHITECTURE" value="AMD64"/>
    <property name="PROCESSOR_IDENTIFIER" value="Intel64 Family 6 Model 69 Stepping 1, GenuineIntel"/>
    <property name="SESSIONNAME" value="Console"/>
    <property name="java.vm.specification.version" value="1.8"/>
    <property name="sun.os.patch.level" value=""/>
    <property name="sun.cpu.endian" value="little"/>
    <property name="M2_HOME" value="C:\Users\Murali\.jenkins\tools\hudson.tasks.Maven_MavenInstallation\JusDoneMaven"/>
    <property name="java.io.tmpdir" value="C:\Users\Murali\AppData\Local\Temp\"/>
    <property name="OS" value="Windows_NT"/>
    <property name="HUDSON_HOME" value="C:\Users\Murali\.jenkins"/>
    <property name="PATH+MAVEN" value="C:\Users\Murali\.jenkins\tools\hudson.tasks.Maven_MavenInstallation\JusDoneMaven/bin"/>
    <property name="ProgramFiles(x86)" value="C:\Program Files (x86)"/>
    <property name="BUILD_URL" value="http://localhost:8080/job/jusDoneNewVersion/5/"/>
    <property name="java.vendor.url.bug" value="http://bugreport.sun.com/bugreport/"/>
    <property name="java.awt.graphicsenv" value="sun.awt.Win32GraphicsEnvironment"/>
    <property name="os.arch" value="amd64"/>
    <property name="SystemRoot" value="C:\WINDOWS"/>
    <property name="java.ext.dirs" value="C:\Program Files\Java\jdk1.8.0_151\jre\lib\ext;C:\WINDOWS\Sun\Java\lib\ext"/>
    <property name="user.dir" value="C:\Users\Murali\Desktop\selenium\JusDoneTest"/>
    <property name="JOB_URL" value="http://localhost:8080/job/jusDoneNewVersion/"/>
    <property name="LOGONSERVER" value="\\DESKTOP-3ND57S0"/>
    <property name="USERDOMAIN" value="DESKTOP-3ND57S0"/>
    <property name="line.separator" value="&#10;"/>
    <property name="MAVEN_HOME" value="C:\Users\Murali\.jenkins\tools\hudson.tasks.Maven_MavenInstallation\JusDoneMaven"/>
    <property name="java.vm.name" value="Java HotSpot(TM) 64-Bit Server VM"/>
    <property name="BUILD_NUMBER" value="5"/>
    <property name="JENKINS_URL" value="http://localhost:8080/"/>
    <property name="PROCESSOR_REVISION" value="4501"/>
    <property name="ProgramW6432" value="C:\Program Files"/>
    <property name="windir" value="C:\WINDOWS"/>
    <property name="=C:" value="C:\Selenium-Jar Files"/>
    <property name="file.encoding" value="Cp1252"/>
    <property name="SystemDrive" value="C:"/>
    <property name="maven3.interceptor" value="C:\Users\Murali\.jenkins\plugins\maven-plugin\WEB-INF\lib\maven35-interceptor-1.12-alpha-1.jar"/>
    <property name="WORKSPACE" value="C:\Users\Murali\.jenkins\workspace\jusDoneNewVersion"/>
    <property name="maven3.interceptor.common" value="C:\Users\Murali\.jenkins\plugins\maven-plugin\WEB-INF\lib\maven3-interceptor-commons-1.12-alpha-1.jar"/>
    <property name="java.specification.version" value="1.8"/>
    <property name="PSModulePath" value="C:\Program Files\WindowsPowerShell\Modules;C:\WINDOWS\system32\WindowsPowerShell\v1.0\Modules"/>
  </properties>
  <testcase name="verifyUserNameTest" classname="com.jusdone.qa.testcases.DashBoardTest" time="0.151"/>
  <testcase name="Landingpagetitletest" classname="com.jusdone.qa.testcases.LandingPageTest" time="0.072"/>
  <testcase name="verifyLoginNameTest" classname="com.jusdone.qa.testcases.LoginPageTest" time="0.224"/>
  <testcase name="verifyRegisterNameTest" classname="com.jusdone.qa.testcases.RegistrationPageTest" time="0.32"/>
  <testcase name="verifyCreateNewTaskLinkTest" classname="com.jusdone.qa.testcases.TaskPageTest" time="3.162"/>
  <testcase name="verifySearchBox" classname="com.jusdone.qa.testcases.DashBoardTest" time="0.148"/>
  <testcase name="SignUpLogoTest" classname="com.jusdone.qa.testcases.LandingPageTest" time="0.17"/>
  <testcase name="verifyLoginBtnTest" classname="com.jusdone.qa.testcases.LoginPageTest" time="0.283"/>
  <testcase name="VerifySignInBtnTest" classname="com.jusdone.qa.testcases.RegistrationPageTest" time="0.872"/>
  <testcase name="verifyMembersLinkTest" classname="com.jusdone.qa.testcases.TaskPageTest" time="0.373"/>
  <testcase name="verifyTeamsLabel" classname="com.jusdone.qa.testcases.DashBoardTest" time="0.168"/>
  <testcase name="LoginLogoTest" classname="com.jusdone.qa.testcases.LandingPageTest" time="0.146"/>
  <testcase name="verifyForgotPasswordTest" classname="com.jusdone.qa.testcases.LoginPageTest" time="0.163"/>
  <testcase name="VerifyValidInputs" classname="com.jusdone.qa.testcases.RegistrationPageTest" time="25.114">
    <failure message="no such element: Unable to locate element: {&quot;method&quot;:&quot;xpath&quot;,&quot;selector&quot;:&quot;//*[@id=&apos;sidebar&apos;]/div/p[1]&quot;}&#10;  (Session info: chrome=63.0.3239.132)&#10;  (Driver info: chromedriver=2.33.506120 (e3e53437346286c0bc2d2dc9aa4915ba81d9023f),platform=Windows NT 10.0.16299 x86_64) (WARNING: The server did not provide any stacktrace information)&#10;Command duration or timeout: 0 milliseconds&#10;For documentation on this error, please visit: http://seleniumhq.org/exceptions/no_such_element.html&#10;Build info: version: &apos;3.6.0&apos;, revision: &apos;6fbf3ec767&apos;, time: &apos;2017-09-27T15:28:36.4Z&apos;&#10;System info: host: &apos;DESKTOP-3ND57S0&apos;, ip: &apos;192.168.1.193&apos;, os.name: &apos;Windows 10&apos;, os.arch: &apos;amd64&apos;, os.version: &apos;10.0&apos;, java.version: &apos;1.8.0_151&apos;&#10;Driver info: org.openqa.selenium.chrome.ChromeDriver&#10;Capabilities [{mobileEmulationEnabled=false, hasTouchScreen=false, platform=XP, acceptSslCerts=true, webStorageEnabled=true, browserName=chrome, takesScreenshot=true, javascriptEnabled=true, platformName=XP, setWindowRect=true, unexpectedAlertBehaviour=, applicationCacheEnabled=false, rotatable=false, networkConnectionEnabled=false, chrome={chromedriverVersion=2.33.506120 (e3e53437346286c0bc2d2dc9aa4915ba81d9023f), userDataDir=C:\Users\Murali\AppData\Local\Temp\scoped_dir8088_30357}, takesHeapSnapshot=true, pageLoadStrategy=normal, unhandledPromptBehavior=, databaseEnabled=false, handlesAlerts=true, version=63.0.3239.132, browserConnectionEnabled=false, nativeEvents=true, locationContextEnabled=true, cssSelectorsEnabled=true}]&#10;Session ID: 5dbd82ad703f7e58e34eecf1f98eabb3&#10;*** Element info: {Using=xpath, value=//*[@id=&apos;sidebar&apos;]/div/p[1]}" type="org.openqa.selenium.NoSuchElementException">org.openqa.selenium.NoSuchElementException: 
no such element: Unable to locate element: {"method":"xpath","selector":"//*[@id='sidebar']/div/p[1]"}
  (Session info: chrome=63.0.3239.132)
  (Driver info: chromedriver=2.33.506120 (e3e53437346286c0bc2d2dc9aa4915ba81d9023f),platform=Windows NT 10.0.16299 x86_64) (WARNING: The server did not provide any stacktrace information)
Command duration or timeout: 0 milliseconds
For documentation on this error, please visit: http://seleniumhq.org/exceptions/no_such_element.html
Build info: version: '3.6.0', revision: '6fbf3ec767', time: '2017-09-27T15:28:36.4Z'
System info: host: 'DESKTOP-3ND57S0', ip: '192.168.1.193', os.name: 'Windows 10', os.arch: 'amd64', os.version: '10.0', java.version: '1.8.0_151'
Driver info: org.openqa.selenium.chrome.ChromeDriver
Capabilities [{mobileEmulationEnabled=false, hasTouchScreen=false, platform=XP, acceptSslCerts=true, webStorageEnabled=true, browserName=chrome, takesScreenshot=true, javascriptEnabled=true, platformName=XP, setWindowRect=true, unexpectedAlertBehaviour=, applicationCacheEnabled=false, rotatable=false, networkConnectionEnabled=false, chrome={chromedriverVersion=2.33.506120 (e3e53437346286c0bc2d2dc9aa4915ba81d9023f), userDataDir=C:\Users\Murali\AppData\Local\Temp\scoped_dir8088_30357}, takesHeapSnapshot=true, pageLoadStrategy=normal, unhandledPromptBehavior=, databaseEnabled=false, handlesAlerts=true, version=63.0.3239.132, browserConnectionEnabled=false, nativeEvents=true, locationContextEnabled=true, cssSelectorsEnabled=true}]
Session ID: 5dbd82ad703f7e58e34eecf1f98eabb3
*** Element info: {Using=xpath, value=//*[@id='sidebar']/div/p[1]}
	at com.jusdone.qa.testcases.RegistrationPageTest.VerifyValidInputs(RegistrationPageTest.java:68)
</failure>
    <system-out><![CDATA[02-06-2018 18:07:40 RequestAddCookies.java DEBUG [Forwarding quit on session 8ed44880700a2b961ca07d819375ffab to remote] protocol.RequestAddCookies 123 - CookieSpec selected: default
02-06-2018 18:07:40 RequestAuthCache.java DEBUG [Forwarding quit on session 8ed44880700a2b961ca07d819375ffab to remote] protocol.RequestAuthCache 77 - Auth cache not set in the context
02-06-2018 18:07:40 PoolingHttpClientConnectionManager.java DEBUG [Forwarding quit on session 8ed44880700a2b961ca07d819375ffab to remote] conn.PoolingHttpClientConnectionManager 255 - Connection request: [route: {}->http://localhost:15653][total kept alive: 0; route allocated: 0 of 2000; total allocated: 0 of 2000]
02-06-2018 18:07:40 PoolingHttpClientConnectionManager.java DEBUG [Forwarding quit on session 8ed44880700a2b961ca07d819375ffab to remote] conn.PoolingHttpClientConnectionManager 288 - Connection leased: [id: 171][route: {}->http://localhost:15653][total kept alive: 0; route allocated: 1 of 2000; total allocated: 1 of 2000]
02-06-2018 18:07:40 MainClientExec.java DEBUG [Forwarding quit on session 8ed44880700a2b961ca07d819375ffab to remote] execchain.MainClientExec 235 - Opening connection {}->http://localhost:15653
02-06-2018 18:07:40 DefaultHttpClientConnectionOperator.java DEBUG [Forwarding quit on session 8ed44880700a2b961ca07d819375ffab to remote] conn.DefaultHttpClientConnectionOperator 139 - Connecting to localhost/127.0.0.1:15653
02-06-2018 18:07:40 DefaultHttpClientConnectionOperator.java DEBUG [Forwarding quit on session 8ed44880700a2b961ca07d819375ffab to remote] conn.DefaultHttpClientConnectionOperator 146 - Connection established 127.0.0.1:50635<->127.0.0.1:15653
02-06-2018 18:07:40 LoggingManagedHttpClientConnection.java DEBUG [Forwarding quit on session 8ed44880700a2b961ca07d819375ffab to remote] conn.DefaultManagedHttpClientConnection 88 - http-outgoing-171: set socket timeout to 10800000
02-06-2018 18:07:40 MainClientExec.java DEBUG [Forwarding quit on session 8ed44880700a2b961ca07d819375ffab to remote] execchain.MainClientExec 256 - Executing request DELETE /session/8ed44880700a2b961ca07d819375ffab HTTP/1.1
02-06-2018 18:07:40 MainClientExec.java DEBUG [Forwarding quit on session 8ed44880700a2b961ca07d819375ffab to remote] execchain.MainClientExec 261 - Target auth state: UNCHALLENGED
02-06-2018 18:07:40 MainClientExec.java DEBUG [Forwarding quit on session 8ed44880700a2b961ca07d819375ffab to remote] execchain.MainClientExec 267 - Proxy auth state: UNCHALLENGED
02-06-2018 18:07:40 LoggingManagedHttpClientConnection.java DEBUG [Forwarding quit on session 8ed44880700a2b961ca07d819375ffab to remote] http.headers 133 - http-outgoing-171 >> DELETE /session/8ed44880700a2b961ca07d819375ffab HTTP/1.1
02-06-2018 18:07:40 LoggingManagedHttpClientConnection.java DEBUG [Forwarding quit on session 8ed44880700a2b961ca07d819375ffab to remote] http.headers 136 - http-outgoing-171 >> Host: localhost:15653
02-06-2018 18:07:40 LoggingManagedHttpClientConnection.java DEBUG [Forwarding quit on session 8ed44880700a2b961ca07d819375ffab to remote] http.headers 136 - http-outgoing-171 >> Connection: Keep-Alive
02-06-2018 18:07:40 LoggingManagedHttpClientConnection.java DEBUG [Forwarding quit on session 8ed44880700a2b961ca07d819375ffab to remote] http.headers 136 - http-outgoing-171 >> User-Agent: Apache-HttpClient/4.5.3 (Java/1.8.0_151)
02-06-2018 18:07:40 LoggingManagedHttpClientConnection.java DEBUG [Forwarding quit on session 8ed44880700a2b961ca07d819375ffab to remote] http.headers 136 - http-outgoing-171 >> Accept-Encoding: gzip,deflate
02-06-2018 18:07:40 Wire.java DEBUG [Forwarding quit on session 8ed44880700a2b961ca07d819375ffab to remote] http.wire 73 - http-outgoing-171 >> "DELETE /session/8ed44880700a2b961ca07d819375ffab HTTP/1.1[\r][\n]"
02-06-2018 18:07:40 Wire.java DEBUG [Forwarding quit on session 8ed44880700a2b961ca07d819375ffab to remote] http.wire 73 - http-outgoing-171 >> "Host: localhost:15653[\r][\n]"
02-06-2018 18:07:40 Wire.java DEBUG [Forwarding quit on session 8ed44880700a2b961ca07d819375ffab to remote] http.wire 73 - http-outgoing-171 >> "Connection: Keep-Alive[\r][\n]"
02-06-2018 18:07:40 Wire.java DEBUG [Forwarding quit on session 8ed44880700a2b961ca07d819375ffab to remote] http.wire 73 - http-outgoing-171 >> "User-Agent: Apache-HttpClient/4.5.3 (Java/1.8.0_151)[\r][\n]"
02-06-2018 18:07:40 Wire.java DEBUG [Forwarding quit on session 8ed44880700a2b961ca07d819375ffab to remote] http.wire 73 - http-outgoing-171 >> "Accept-Encoding: gzip,deflate[\r][\n]"
02-06-2018 18:07:40 Wire.java DEBUG [Forwarding quit on session 8ed44880700a2b961ca07d819375ffab to remote] http.wire 73 - http-outgoing-171 >> "[\r][\n]"
02-06-2018 18:07:40 Wire.java DEBUG [Forwarding quit on session 8ed44880700a2b961ca07d819375ffab to remote] http.wire 73 - http-outgoing-171 << "HTTP/1.1 200 OK[\r][\n]"
02-06-2018 18:07:40 Wire.java DEBUG [Forwarding quit on session 8ed44880700a2b961ca07d819375ffab to remote] http.wire 73 - http-outgoing-171 << "Content-Length:72[\r][\n]"
02-06-2018 18:07:40 Wire.java DEBUG [Forwarding quit on session 8ed44880700a2b961ca07d819375ffab to remote] http.wire 73 - http-outgoing-171 << "Content-Type:application/json; charset=utf-8[\r][\n]"
02-06-2018 18:07:40 Wire.java DEBUG [Forwarding quit on session 8ed44880700a2b961ca07d819375ffab to remote] http.wire 73 - http-outgoing-171 << "Connection:close[\r][\n]"
02-06-2018 18:07:40 Wire.java DEBUG [Forwarding quit on session 8ed44880700a2b961ca07d819375ffab to remote] http.wire 73 - http-outgoing-171 << "[\r][\n]"
02-06-2018 18:07:40 Wire.java DEBUG [Forwarding quit on session 8ed44880700a2b961ca07d819375ffab to remote] http.wire 87 - http-outgoing-171 << "{"sessionId":"8ed44880700a2b961ca07d819375ffab","status":0,"value":null}"
02-06-2018 18:07:40 LoggingManagedHttpClientConnection.java DEBUG [Forwarding quit on session 8ed44880700a2b961ca07d819375ffab to remote] http.headers 122 - http-outgoing-171 << HTTP/1.1 200 OK
02-06-2018 18:07:40 LoggingManagedHttpClientConnection.java DEBUG [Forwarding quit on session 8ed44880700a2b961ca07d819375ffab to remote] http.headers 125 - http-outgoing-171 << Content-Length:72
02-06-2018 18:07:40 LoggingManagedHttpClientConnection.java DEBUG [Forwarding quit on session 8ed44880700a2b961ca07d819375ffab to remote] http.headers 125 - http-outgoing-171 << Content-Type:application/json; charset=utf-8
02-06-2018 18:07:40 LoggingManagedHttpClientConnection.java DEBUG [Forwarding quit on session 8ed44880700a2b961ca07d819375ffab to remote] http.headers 125 - http-outgoing-171 << Connection:close
02-06-2018 18:07:40 LoggingManagedHttpClientConnection.java DEBUG [Forwarding quit on session 8ed44880700a2b961ca07d819375ffab to remote] conn.DefaultManagedHttpClientConnection 79 - http-outgoing-171: Close connection
02-06-2018 18:07:40 ConnectionHolder.java DEBUG [Forwarding quit on session 8ed44880700a2b961ca07d819375ffab to remote] execchain.MainClientExec 104 - Connection discarded
02-06-2018 18:07:40 PoolingHttpClientConnectionManager.java DEBUG [Forwarding quit on session 8ed44880700a2b961ca07d819375ffab to remote] conn.PoolingHttpClientConnectionManager 326 - Connection released: [id: 171][route: {}->http://localhost:15653][total kept alive: 0; route allocated: 0 of 2000; total allocated: 0 of 2000]
02-06-2018 18:07:40 PoolingHttpClientConnectionManager.java DEBUG [Forwarding quit on session 8ed44880700a2b961ca07d819375ffab to remote] conn.PoolingHttpClientConnectionManager 407 - Closing connections idle longer than 0 SECONDS
Teja2
Teja23@yahoo.com
Teja123
Teja123
02-06-2018 18:07:44 RequestAddCookies.java DEBUG [Forwarding newSession on session null to remote] protocol.RequestAddCookies 123 - CookieSpec selected: default
02-06-2018 18:07:44 RequestAuthCache.java DEBUG [Forwarding newSession on session null to remote] protocol.RequestAuthCache 77 - Auth cache not set in the context
02-06-2018 18:07:44 PoolingHttpClientConnectionManager.java DEBUG [Forwarding newSession on session null to remote] conn.PoolingHttpClientConnectionManager 255 - Connection request: [route: {}->http://localhost:36586][total kept alive: 0; route allocated: 0 of 2000; total allocated: 0 of 2000]
02-06-2018 18:07:44 PoolingHttpClientConnectionManager.java DEBUG [Forwarding newSession on session null to remote] conn.PoolingHttpClientConnectionManager 288 - Connection leased: [id: 172][route: {}->http://localhost:36586][total kept alive: 0; route allocated: 1 of 2000; total allocated: 1 of 2000]
02-06-2018 18:07:44 MainClientExec.java DEBUG [Forwarding newSession on session null to remote] execchain.MainClientExec 235 - Opening connection {}->http://localhost:36586
02-06-2018 18:07:44 DefaultHttpClientConnectionOperator.java DEBUG [Forwarding newSession on session null to remote] conn.DefaultHttpClientConnectionOperator 139 - Connecting to localhost/127.0.0.1:36586
02-06-2018 18:07:44 DefaultHttpClientConnectionOperator.java DEBUG [Forwarding newSession on session null to remote] conn.DefaultHttpClientConnectionOperator 146 - Connection established 127.0.0.1:50640<->127.0.0.1:36586
02-06-2018 18:07:44 LoggingManagedHttpClientConnection.java DEBUG [Forwarding newSession on session null to remote] conn.DefaultManagedHttpClientConnection 88 - http-outgoing-172: set socket timeout to 10800000
02-06-2018 18:07:44 MainClientExec.java DEBUG [Forwarding newSession on session null to remote] execchain.MainClientExec 256 - Executing request POST /session HTTP/1.1
02-06-2018 18:07:44 MainClientExec.java DEBUG [Forwarding newSession on session null to remote] execchain.MainClientExec 261 - Target auth state: UNCHALLENGED
02-06-2018 18:07:44 MainClientExec.java DEBUG [Forwarding newSession on session null to remote] execchain.MainClientExec 267 - Proxy auth state: UNCHALLENGED
02-06-2018 18:07:44 LoggingManagedHttpClientConnection.java DEBUG [Forwarding newSession on session null to remote] http.headers 133 - http-outgoing-172 >> POST /session HTTP/1.1
02-06-2018 18:07:44 LoggingManagedHttpClientConnection.java DEBUG [Forwarding newSession on session null to remote] http.headers 136 - http-outgoing-172 >> Content-Type: application/json; charset=utf-8
02-06-2018 18:07:44 LoggingManagedHttpClientConnection.java DEBUG [Forwarding newSession on session null to remote] http.headers 136 - http-outgoing-172 >> Content-Length: 560
02-06-2018 18:07:44 LoggingManagedHttpClientConnection.java DEBUG [Forwarding newSession on session null to remote] http.headers 136 - http-outgoing-172 >> Host: localhost:36586
02-06-2018 18:07:44 LoggingManagedHttpClientConnection.java DEBUG [Forwarding newSession on session null to remote] http.headers 136 - http-outgoing-172 >> Connection: Keep-Alive
02-06-2018 18:07:44 LoggingManagedHttpClientConnection.java DEBUG [Forwarding newSession on session null to remote] http.headers 136 - http-outgoing-172 >> User-Agent: Apache-HttpClient/4.5.3 (Java/1.8.0_151)
02-06-2018 18:07:44 LoggingManagedHttpClientConnection.java DEBUG [Forwarding newSession on session null to remote] http.headers 136 - http-outgoing-172 >> Accept-Encoding: gzip,deflate
02-06-2018 18:07:44 Wire.java DEBUG [Forwarding newSession on session null to remote] http.wire 73 - http-outgoing-172 >> "POST /session HTTP/1.1[\r][\n]"
02-06-2018 18:07:44 Wire.java DEBUG [Forwarding newSession on session null to remote] http.wire 73 - http-outgoing-172 >> "Content-Type: application/json; charset=utf-8[\r][\n]"
02-06-2018 18:07:44 Wire.java DEBUG [Forwarding newSession on session null to remote] http.wire 73 - http-outgoing-172 >> "Content-Length: 560[\r][\n]"
02-06-2018 18:07:44 Wire.java DEBUG [Forwarding newSession on session null to remote] http.wire 73 - http-outgoing-172 >> "Host: localhost:36586[\r][\n]"
02-06-2018 18:07:44 Wire.java DEBUG [Forwarding newSession on session null to remote] http.wire 73 - http-outgoing-172 >> "Connection: Keep-Alive[\r][\n]"
02-06-2018 18:07:44 Wire.java DEBUG [Forwarding newSession on session null to remote] http.wire 73 - http-outgoing-172 >> "User-Agent: Apache-HttpClient/4.5.3 (Java/1.8.0_151)[\r][\n]"
02-06-2018 18:07:44 Wire.java DEBUG [Forwarding newSession on session null to remote] http.wire 73 - http-outgoing-172 >> "Accept-Encoding: gzip,deflate[\r][\n]"
02-06-2018 18:07:44 Wire.java DEBUG [Forwarding newSession on session null to remote] http.wire 73 - http-outgoing-172 >> "[\r][\n]"
02-06-2018 18:07:44 Wire.java DEBUG [Forwarding newSession on session null to remote] http.wire 73 - http-outgoing-172 >> "{[\n]"
02-06-2018 18:07:44 Wire.java DEBUG [Forwarding newSession on session null to remote] http.wire 73 - http-outgoing-172 >> "  "desiredCapabilities": {[\n]"
02-06-2018 18:07:44 Wire.java DEBUG [Forwarding newSession on session null to remote] http.wire 73 - http-outgoing-172 >> "    "browserName": "chrome",[\n]"
02-06-2018 18:07:44 Wire.java DEBUG [Forwarding newSession on session null to remote] http.wire 73 - http-outgoing-172 >> "    "goog:chromeOptions": {[\n]"
02-06-2018 18:07:44 Wire.java DEBUG [Forwarding newSession on session null to remote] http.wire 73 - http-outgoing-172 >> "      "args": [],[\n]"
02-06-2018 18:07:44 Wire.java DEBUG [Forwarding newSession on session null to remote] http.wire 73 - http-outgoing-172 >> "      "extensions": [][\n]"
02-06-2018 18:07:44 Wire.java DEBUG [Forwarding newSession on session null to remote] http.wire 73 - http-outgoing-172 >> "    }[\n]"
02-06-2018 18:07:44 Wire.java DEBUG [Forwarding newSession on session null to remote] http.wire 73 - http-outgoing-172 >> "  },[\n]"
02-06-2018 18:07:44 Wire.java DEBUG [Forwarding newSession on session null to remote] http.wire 73 - http-outgoing-172 >> "  "requiredCapabilities": {},[\n]"
02-06-2018 18:07:44 Wire.java DEBUG [Forwarding newSession on session null to remote] http.wire 73 - http-outgoing-172 >> "  "capabilities": {[\n]"
02-06-2018 18:07:44 Wire.java DEBUG [Forwarding newSession on session null to remote] http.wire 73 - http-outgoing-172 >> "    "desiredCapabilities": {[\n]"
02-06-2018 18:07:44 Wire.java DEBUG [Forwarding newSession on session null to remote] http.wire 73 - http-outgoing-172 >> "      "browserName": "chrome",[\n]"
02-06-2018 18:07:44 Wire.java DEBUG [Forwarding newSession on session null to remote] http.wire 73 - http-outgoing-172 >> "      "goog:chromeOptions": {[\n]"
02-06-2018 18:07:44 Wire.java DEBUG [Forwarding newSession on session null to remote] http.wire 73 - http-outgoing-172 >> "        "args": [],[\n]"
02-06-2018 18:07:44 Wire.java DEBUG [Forwarding newSession on session null to remote] http.wire 73 - http-outgoing-172 >> "        "extensions": [][\n]"
02-06-2018 18:07:44 Wire.java DEBUG [Forwarding newSession on session null to remote] http.wire 73 - http-outgoing-172 >> "      }[\n]"
02-06-2018 18:07:44 Wire.java DEBUG [Forwarding newSession on session null to remote] http.wire 73 - http-outgoing-172 >> "    },[\n]"
02-06-2018 18:07:44 Wire.java DEBUG [Forwarding newSession on session null to remote] http.wire 73 - http-outgoing-172 >> "    "requiredCapabilities": {},[\n]"
02-06-2018 18:07:44 Wire.java DEBUG [Forwarding newSession on session null to remote] http.wire 73 - http-outgoing-172 >> "    "alwaysMatch": {[\n]"
02-06-2018 18:07:44 Wire.java DEBUG [Forwarding newSession on session null to remote] http.wire 73 - http-outgoing-172 >> "      "goog:chromeOptions": {[\n]"
02-06-2018 18:07:44 Wire.java DEBUG [Forwarding newSession on session null to remote] http.wire 73 - http-outgoing-172 >> "        "args": [],[\n]"
02-06-2018 18:07:44 Wire.java DEBUG [Forwarding newSession on session null to remote] http.wire 73 - http-outgoing-172 >> "        "extensions": [][\n]"
02-06-2018 18:07:44 Wire.java DEBUG [Forwarding newSession on session null to remote] http.wire 73 - http-outgoing-172 >> "      }[\n]"
02-06-2018 18:07:44 Wire.java DEBUG [Forwarding newSession on session null to remote] http.wire 73 - http-outgoing-172 >> "    },[\n]"
02-06-2018 18:07:44 Wire.java DEBUG [Forwarding newSession on session null to remote] http.wire 73 - http-outgoing-172 >> "    "firstMatch": [[\n]"
02-06-2018 18:07:44 Wire.java DEBUG [Forwarding newSession on session null to remote] http.wire 73 - http-outgoing-172 >> "      {[\n]"
02-06-2018 18:07:44 Wire.java DEBUG [Forwarding newSession on session null to remote] http.wire 73 - http-outgoing-172 >> "        "browserName": "chrome"[\n]"
02-06-2018 18:07:44 Wire.java DEBUG [Forwarding newSession on session null to remote] http.wire 73 - http-outgoing-172 >> "      }[\n]"
02-06-2018 18:07:44 Wire.java DEBUG [Forwarding newSession on session null to remote] http.wire 73 - http-outgoing-172 >> "    ][\n]"
02-06-2018 18:07:44 Wire.java DEBUG [Forwarding newSession on session null to remote] http.wire 73 - http-outgoing-172 >> "  }[\n]"
02-06-2018 18:07:44 Wire.java DEBUG [Forwarding newSession on session null to remote] http.wire 87 - http-outgoing-172 >> "}"
02-06-2018 18:07:46 Wire.java DEBUG [Forwarding newSession on session null to remote] http.wire 73 - http-outgoing-172 << "HTTP/1.1 200 OK[\r][\n]"
02-06-2018 18:07:46 Wire.java DEBUG [Forwarding newSession on session null to remote] http.wire 73 - http-outgoing-172 << "Content-Length:801[\r][\n]"
02-06-2018 18:07:46 Wire.java DEBUG [Forwarding newSession on session null to remote] http.wire 73 - http-outgoing-172 << "Content-Type:application/json; charset=utf-8[\r][\n]"
02-06-2018 18:07:46 Wire.java DEBUG [Forwarding newSession on session null to remote] http.wire 73 - http-outgoing-172 << "Connection:close[\r][\n]"
02-06-2018 18:07:46 Wire.java DEBUG [Forwarding newSession on session null to remote] http.wire 73 - http-outgoing-172 << "[\r][\n]"
02-06-2018 18:07:46 Wire.java DEBUG [Forwarding newSession on session null to remote] http.wire 87 - http-outgoing-172 << "{"sessionId":"5dbd82ad703f7e58e34eecf1f98eabb3","status":0,"value":{"acceptSslCerts":true,"applicationCacheEnabled":false,"browserConnectionEnabled":false,"browserName":"chrome","chrome":{"chromedriverVersion":"2.33.506120 (e3e53437346286c0bc2d2dc9aa4915ba81d9023f)","userDataDir":"C:\\Users\\Murali\\AppData\\Local\\Temp\\scoped_dir8088_30357"},"cssSelectorsEnabled":true,"databaseEnabled":false,"handlesAlerts":true,"hasTouchScreen":false,"javascriptEnabled":true,"locationContextEnabled":true,"mobileEmulationEnabled":false,"nativeEvents":true,"networkConnectionEnabled":false,"pageLoadStrategy":"normal","platform":"Windows NT","rotatable":false,"setWindowRect":true,"takesHeapSnapshot":true,"takesScreenshot":true,"unexpectedAlertBehaviour":"","version":"63.0.3239.132","webStorageEnabled":true}}"
02-06-2018 18:07:46 LoggingManagedHttpClientConnection.java DEBUG [Forwarding newSession on session null to remote] http.headers 122 - http-outgoing-172 << HTTP/1.1 200 OK
02-06-2018 18:07:46 LoggingManagedHttpClientConnection.java DEBUG [Forwarding newSession on session null to remote] http.headers 125 - http-outgoing-172 << Content-Length:801
02-06-2018 18:07:46 LoggingManagedHttpClientConnection.java DEBUG [Forwarding newSession on session null to remote] http.headers 125 - http-outgoing-172 << Content-Type:application/json; charset=utf-8
02-06-2018 18:07:46 LoggingManagedHttpClientConnection.java DEBUG [Forwarding newSession on session null to remote] http.headers 125 - http-outgoing-172 << Connection:close
02-06-2018 18:07:46 LoggingManagedHttpClientConnection.java DEBUG [Forwarding newSession on session null to remote] conn.DefaultManagedHttpClientConnection 79 - http-outgoing-172: Close connection
02-06-2018 18:07:46 ConnectionHolder.java DEBUG [Forwarding newSession on session null to remote] execchain.MainClientExec 104 - Connection discarded
02-06-2018 18:07:46 PoolingHttpClientConnectionManager.java DEBUG [Forwarding newSession on session null to remote] conn.PoolingHttpClientConnectionManager 326 - Connection released: [id: 172][route: {}->http://localhost:36586][total kept alive: 0; route allocated: 0 of 2000; total allocated: 0 of 2000]
02-06-2018 18:07:46 RequestAddCookies.java DEBUG [Forwarding maximizeCurrentWindow on session 5dbd82ad703f7e58e34eecf1f98eabb3 to remote] protocol.RequestAddCookies 123 - CookieSpec selected: default
02-06-2018 18:07:46 RequestAuthCache.java DEBUG [Forwarding maximizeCurrentWindow on session 5dbd82ad703f7e58e34eecf1f98eabb3 to remote] protocol.RequestAuthCache 77 - Auth cache not set in the context
02-06-2018 18:07:46 PoolingHttpClientConnectionManager.java DEBUG [Forwarding maximizeCurrentWindow on session 5dbd82ad703f7e58e34eecf1f98eabb3 to remote] conn.PoolingHttpClientConnectionManager 255 - Connection request: [route: {}->http://localhost:36586][total kept alive: 0; route allocated: 0 of 2000; total allocated: 0 of 2000]
02-06-2018 18:07:46 PoolingHttpClientConnectionManager.java DEBUG [Forwarding maximizeCurrentWindow on session 5dbd82ad703f7e58e34eecf1f98eabb3 to remote] conn.PoolingHttpClientConnectionManager 288 - Connection leased: [id: 173][route: {}->http://localhost:36586][total kept alive: 0; route allocated: 1 of 2000; total allocated: 1 of 2000]
02-06-2018 18:07:46 MainClientExec.java DEBUG [Forwarding maximizeCurrentWindow on session 5dbd82ad703f7e58e34eecf1f98eabb3 to remote] execchain.MainClientExec 235 - Opening connection {}->http://localhost:36586
02-06-2018 18:07:46 DefaultHttpClientConnectionOperator.java DEBUG [Forwarding maximizeCurrentWindow on session 5dbd82ad703f7e58e34eecf1f98eabb3 to remote] conn.DefaultHttpClientConnectionOperator 139 - Connecting to localhost/127.0.0.1:36586
02-06-2018 18:07:46 DefaultHttpClientConnectionOperator.java DEBUG [Forwarding maximizeCurrentWindow on session 5dbd82ad703f7e58e34eecf1f98eabb3 to remote] conn.DefaultHttpClientConnectionOperator 146 - Connection established 127.0.0.1:50648<->127.0.0.1:36586
02-06-2018 18:07:46 LoggingManagedHttpClientConnection.java DEBUG [Forwarding maximizeCurrentWindow on session 5dbd82ad703f7e58e34eecf1f98eabb3 to remote] conn.DefaultManagedHttpClientConnection 88 - http-outgoing-173: set socket timeout to 10800000
02-06-2018 18:07:46 MainClientExec.java DEBUG [Forwarding maximizeCurrentWindow on session 5dbd82ad703f7e58e34eecf1f98eabb3 to remote] execchain.MainClientExec 256 - Executing request POST /session/5dbd82ad703f7e58e34eecf1f98eabb3/window/current/maximize HTTP/1.1
02-06-2018 18:07:46 MainClientExec.java DEBUG [Forwarding maximizeCurrentWindow on session 5dbd82ad703f7e58e34eecf1f98eabb3 to remote] execchain.MainClientExec 261 - Target auth state: UNCHALLENGED
02-06-2018 18:07:46 MainClientExec.java DEBUG [Forwarding maximizeCurrentWindow on session 5dbd82ad703f7e58e34eecf1f98eabb3 to remote] execchain.MainClientExec 267 - Proxy auth state: UNCHALLENGED
02-06-2018 18:07:46 LoggingManagedHttpClientConnection.java DEBUG [Forwarding maximizeCurrentWindow on session 5dbd82ad703f7e58e34eecf1f98eabb3 to remote] http.headers 133 - http-outgoing-173 >> POST /session/5dbd82ad703f7e58e34eecf1f98eabb3/window/current/maximize HTTP/1.1
02-06-2018 18:07:46 LoggingManagedHttpClientConnection.java DEBUG [Forwarding maximizeCurrentWindow on session 5dbd82ad703f7e58e34eecf1f98eabb3 to remote] http.headers 136 - http-outgoing-173 >> Content-Type: application/json; charset=utf-8
02-06-2018 18:07:46 LoggingManagedHttpClientConnection.java DEBUG [Forwarding maximizeCurrentWindow on session 5dbd82ad703f7e58e34eecf1f98eabb3 to remote] http.headers 136 - http-outgoing-173 >> Content-Length: 45
02-06-2018 18:07:46 LoggingManagedHttpClientConnection.java DEBUG [Forwarding maximizeCurrentWindow on session 5dbd82ad703f7e58e34eecf1f98eabb3 to remote] http.headers 136 - http-outgoing-173 >> Host: localhost:36586
02-06-2018 18:07:46 LoggingManagedHttpClientConnection.java DEBUG [Forwarding maximizeCurrentWindow on session 5dbd82ad703f7e58e34eecf1f98eabb3 to remote] http.headers 136 - http-outgoing-173 >> Connection: Keep-Alive
02-06-2018 18:07:46 LoggingManagedHttpClientConnection.java DEBUG [Forwarding maximizeCurrentWindow on session 5dbd82ad703f7e58e34eecf1f98eabb3 to remote] http.headers 136 - http-outgoing-173 >> User-Agent: Apache-HttpClient/4.5.3 (Java/1.8.0_151)
02-06-2018 18:07:46 LoggingManagedHttpClientConnection.java DEBUG [Forwarding maximizeCurrentWindow on session 5dbd82ad703f7e58e34eecf1f98eabb3 to remote] http.headers 136 - http-outgoing-173 >> Accept-Encoding: gzip,deflate
02-06-2018 18:07:46 Wire.java DEBUG [Forwarding maximizeCurrentWindow on session 5dbd82ad703f7e58e34eecf1f98eabb3 to remote] http.wire 73 - http-outgoing-173 >> "POST /session/5dbd82ad703f7e58e34eecf1f98eabb3/window/current/maximize HTTP/1.1[\r][\n]"
02-06-2018 18:07:46 Wire.java DEBUG [Forwarding maximizeCurrentWindow on session 5dbd82ad703f7e58e34eecf1f98eabb3 to remote] http.wire 73 - http-outgoing-173 >> "Content-Type: application/json; charset=utf-8[\r][\n]"
02-06-2018 18:07:46 Wire.java DEBUG [Forwarding maximizeCurrentWindow on session 5dbd82ad703f7e58e34eecf1f98eabb3 to remote] http.wire 73 - http-outgoing-173 >> "Content-Length: 45[\r][\n]"
02-06-2018 18:07:46 Wire.java DEBUG [Forwarding maximizeCurrentWindow on session 5dbd82ad703f7e58e34eecf1f98eabb3 to remote] http.wire 73 - http-outgoing-173 >> "Host: localhost:36586[\r][\n]"
02-06-2018 18:07:46 Wire.java DEBUG [Forwarding maximizeCurrentWindow on session 5dbd82ad703f7e58e34eecf1f98eabb3 to remote] http.wire 73 - http-outgoing-173 >> "Connection: Keep-Alive[\r][\n]"
02-06-2018 18:07:46 Wire.java DEBUG [Forwarding maximizeCurrentWindow on session 5dbd82ad703f7e58e34eecf1f98eabb3 to remote] http.wire 73 - http-outgoing-173 >> "User-Agent: Apache-HttpClient/4.5.3 (Java/1.8.0_151)[\r][\n]"
02-06-2018 18:07:46 Wire.java DEBUG [Forwarding maximizeCurrentWindow on session 5dbd82ad703f7e58e34eecf1f98eabb3 to remote] http.wire 73 - http-outgoing-173 >> "Accept-Encoding: gzip,deflate[\r][\n]"
02-06-2018 18:07:46 Wire.java DEBUG [Forwarding maximizeCurrentWindow on session 5dbd82ad703f7e58e34eecf1f98eabb3 to remote] http.wire 73 - http-outgoing-173 >> "[\r][\n]"
02-06-2018 18:07:46 Wire.java DEBUG [Forwarding maximizeCurrentWindow on session 5dbd82ad703f7e58e34eecf1f98eabb3 to remote] http.wire 87 - http-outgoing-173 >> "{"windowHandle":"current","handle":"current"}"
02-06-2018 18:07:47 Wire.java DEBUG [Forwarding maximizeCurrentWindow on session 5dbd82ad703f7e58e34eecf1f98eabb3 to remote] http.wire 73 - http-outgoing-173 << "HTTP/1.1 200 OK[\r][\n]"
02-06-2018 18:07:47 Wire.java DEBUG [Forwarding maximizeCurrentWindow on session 5dbd82ad703f7e58e34eecf1f98eabb3 to remote] http.wire 73 - http-outgoing-173 << "Content-Length:72[\r][\n]"
02-06-2018 18:07:47 Wire.java DEBUG [Forwarding maximizeCurrentWindow on session 5dbd82ad703f7e58e34eecf1f98eabb3 to remote] http.wire 73 - http-outgoing-173 << "Content-Type:application/json; charset=utf-8[\r][\n]"
02-06-2018 18:07:47 Wire.java DEBUG [Forwarding maximizeCurrentWindow on session 5dbd82ad703f7e58e34eecf1f98eabb3 to remote] http.wire 73 - http-outgoing-173 << "Connection:close[\r][\n]"
02-06-2018 18:07:47 Wire.java DEBUG [Forwarding maximizeCurrentWindow on session 5dbd82ad703f7e58e34eecf1f98eabb3 to remote] http.wire 73 - http-outgoing-173 << "[\r][\n]"
02-06-2018 18:07:47 Wire.java DEBUG [Forwarding maximizeCurrentWindow on session 5dbd82ad703f7e58e34eecf1f98eabb3 to remote] http.wire 87 - http-outgoing-173 << "{"sessionId":"5dbd82ad703f7e58e34eecf1f98eabb3","status":0,"value":null}"
02-06-2018 18:07:47 LoggingManagedHttpClientConnection.java DEBUG [Forwarding maximizeCurrentWindow on session 5dbd82ad703f7e58e34eecf1f98eabb3 to remote] http.headers 122 - http-outgoing-173 << HTTP/1.1 200 OK
02-06-2018 18:07:47 LoggingManagedHttpClientConnection.java DEBUG [Forwarding maximizeCurrentWindow on session 5dbd82ad703f7e58e34eecf1f98eabb3 to remote] http.headers 125 - http-outgoing-173 << Content-Length:72
02-06-2018 18:07:47 LoggingManagedHttpClientConnection.java DEBUG [Forwarding maximizeCurrentWindow on session 5dbd82ad703f7e58e34eecf1f98eabb3 to remote] http.headers 125 - http-outgoing-173 << Content-Type:application/json; charset=utf-8
02-06-2018 18:07:47 LoggingManagedHttpClientConnection.java DEBUG [Forwarding maximizeCurrentWindow on session 5dbd82ad703f7e58e34eecf1f98eabb3 to remote] http.headers 125 - http-outgoing-173 << Connection:close
02-06-2018 18:07:47 LoggingManagedHttpClientConnection.java DEBUG [Forwarding maximizeCurrentWindow on session 5dbd82ad703f7e58e34eecf1f98eabb3 to remote] conn.DefaultManagedHttpClientConnection 79 - http-outgoing-173: Close connection
02-06-2018 18:07:47 ConnectionHolder.java DEBUG [Forwarding maximizeCurrentWindow on session 5dbd82ad703f7e58e34eecf1f98eabb3 to remote] execchain.MainClientExec 104 - Connection discarded
02-06-2018 18:07:47 PoolingHttpClientConnectionManager.java DEBUG [Forwarding maximizeCurrentWindow on session 5dbd82ad703f7e58e34eecf1f98eabb3 to remote] conn.PoolingHttpClientConnectionManager 326 - Connection released: [id: 173][route: {}->http://localhost:36586][total kept alive: 0; route allocated: 0 of 2000; total allocated: 0 of 2000]
02-06-2018 18:07:47 RequestAddCookies.java DEBUG [Forwarding deleteAllCookies on session 5dbd82ad703f7e58e34eecf1f98eabb3 to remote] protocol.RequestAddCookies 123 - CookieSpec selected: default
02-06-2018 18:07:47 RequestAuthCache.java DEBUG [Forwarding deleteAllCookies on session 5dbd82ad703f7e58e34eecf1f98eabb3 to remote] protocol.RequestAuthCache 77 - Auth cache not set in the context
02-06-2018 18:07:47 PoolingHttpClientConnectionManager.java DEBUG [Forwarding deleteAllCookies on session 5dbd82ad703f7e58e34eecf1f98eabb3 to remote] conn.PoolingHttpClientConnectionManager 255 - Connection request: [route: {}->http://localhost:36586][total kept alive: 0; route allocated: 0 of 2000; total allocated: 0 of 2000]
02-06-2018 18:07:47 PoolingHttpClientConnectionManager.java DEBUG [Forwarding deleteAllCookies on session 5dbd82ad703f7e58e34eecf1f98eabb3 to remote] conn.PoolingHttpClientConnectionManager 288 - Connection leased: [id: 174][route: {}->http://localhost:36586][total kept alive: 0; route allocated: 1 of 2000; total allocated: 1 of 2000]
02-06-2018 18:07:47 MainClientExec.java DEBUG [Forwarding deleteAllCookies on session 5dbd82ad703f7e58e34eecf1f98eabb3 to remote] execchain.MainClientExec 235 - Opening connection {}->http://localhost:36586
02-06-2018 18:07:47 DefaultHttpClientConnectionOperator.java DEBUG [Forwarding deleteAllCookies on session 5dbd82ad703f7e58e34eecf1f98eabb3 to remote] conn.DefaultHttpClientConnectionOperator 139 - Connecting to localhost/127.0.0.1:36586
02-06-2018 18:07:47 DefaultHttpClientConnectionOperator.java DEBUG [Forwarding deleteAllCookies on session 5dbd82ad703f7e58e34eecf1f98eabb3 to remote] conn.DefaultHttpClientConnectionOperator 146 - Connection established 127.0.0.1:50651<->127.0.0.1:36586
02-06-2018 18:07:47 LoggingManagedHttpClientConnection.java DEBUG [Forwarding deleteAllCookies on session 5dbd82ad703f7e58e34eecf1f98eabb3 to remote] conn.DefaultManagedHttpClientConnection 88 - http-outgoing-174: set socket timeout to 10800000
02-06-2018 18:07:47 MainClientExec.java DEBUG [Forwarding deleteAllCookies on session 5dbd82ad703f7e58e34eecf1f98eabb3 to remote] execchain.MainClientExec 256 - Executing request DELETE /session/5dbd82ad703f7e58e34eecf1f98eabb3/cookie HTTP/1.1
02-06-2018 18:07:47 MainClientExec.java DEBUG [Forwarding deleteAllCookies on session 5dbd82ad703f7e58e34eecf1f98eabb3 to remote] execchain.MainClientExec 261 - Target auth state: UNCHALLENGED
02-06-2018 18:07:47 MainClientExec.java DEBUG [Forwarding deleteAllCookies on session 5dbd82ad703f7e58e34eecf1f98eabb3 to remote] execchain.MainClientExec 267 - Proxy auth state: UNCHALLENGED
02-06-2018 18:07:47 LoggingManagedHttpClientConnection.java DEBUG [Forwarding deleteAllCookies on session 5dbd82ad703f7e58e34eecf1f98eabb3 to remote] http.headers 133 - http-outgoing-174 >> DELETE /session/5dbd82ad703f7e58e34eecf1f98eabb3/cookie HTTP/1.1
02-06-2018 18:07:47 LoggingManagedHttpClientConnection.java DEBUG [Forwarding deleteAllCookies on session 5dbd82ad703f7e58e34eecf1f98eabb3 to remote] http.headers 136 - http-outgoing-174 >> Host: localhost:36586
02-06-2018 18:07:47 LoggingManagedHttpClientConnection.java DEBUG [Forwarding deleteAllCookies on session 5dbd82ad703f7e58e34eecf1f98eabb3 to remote] http.headers 136 - http-outgoing-174 >> Connection: Keep-Alive
02-06-2018 18:07:47 LoggingManagedHttpClientConnection.java DEBUG [Forwarding deleteAllCookies on session 5dbd82ad703f7e58e34eecf1f98eabb3 to remote] http.headers 136 - http-outgoing-174 >> User-Agent: Apache-HttpClient/4.5.3 (Java/1.8.0_151)
02-06-2018 18:07:47 LoggingManagedHttpClientConnection.java DEBUG [Forwarding deleteAllCookies on session 5dbd82ad703f7e58e34eecf1f98eabb3 to remote] http.headers 136 - http-outgoing-174 >> Accept-Encoding: gzip,deflate
02-06-2018 18:07:47 Wire.java DEBUG [Forwarding deleteAllCookies on session 5dbd82ad703f7e58e34eecf1f98eabb3 to remote] http.wire 73 - http-outgoing-174 >> "DELETE /session/5dbd82ad703f7e58e34eecf1f98eabb3/cookie HTTP/1.1[\r][\n]"
02-06-2018 18:07:47 Wire.java DEBUG [Forwarding deleteAllCookies on session 5dbd82ad703f7e58e34eecf1f98eabb3 to remote] http.wire 73 - http-outgoing-174 >> "Host: localhost:36586[\r][\n]"
02-06-2018 18:07:47 Wire.java DEBUG [Forwarding deleteAllCookies on session 5dbd82ad703f7e58e34eecf1f98eabb3 to remote] http.wire 73 - http-outgoing-174 >> "Connection: Keep-Alive[\r][\n]"
02-06-2018 18:07:47 Wire.java DEBUG [Forwarding deleteAllCookies on session 5dbd82ad703f7e58e34eecf1f98eabb3 to remote] http.wire 73 - http-outgoing-174 >> "User-Agent: Apache-HttpClient/4.5.3 (Java/1.8.0_151)[\r][\n]"
02-06-2018 18:07:47 Wire.java DEBUG [Forwarding deleteAllCookies on session 5dbd82ad703f7e58e34eecf1f98eabb3 to remote] http.wire 73 - http-outgoing-174 >> "Accept-Encoding: gzip,deflate[\r][\n]"
02-06-2018 18:07:47 Wire.java DEBUG [Forwarding deleteAllCookies on session 5dbd82ad703f7e58e34eecf1f98eabb3 to remote] http.wire 73 - http-outgoing-174 >> "[\r][\n]"
02-06-2018 18:07:48 Wire.java DEBUG [Forwarding deleteAllCookies on session 5dbd82ad703f7e58e34eecf1f98eabb3 to remote] http.wire 73 - http-outgoing-174 << "HTTP/1.1 200 OK[\r][\n]"
02-06-2018 18:07:48 Wire.java DEBUG [Forwarding deleteAllCookies on session 5dbd82ad703f7e58e34eecf1f98eabb3 to remote] http.wire 73 - http-outgoing-174 << "Content-Length:72[\r][\n]"
02-06-2018 18:07:48 Wire.java DEBUG [Forwarding deleteAllCookies on session 5dbd82ad703f7e58e34eecf1f98eabb3 to remote] http.wire 73 - http-outgoing-174 << "Content-Type:application/json; charset=utf-8[\r][\n]"
02-06-2018 18:07:48 Wire.java DEBUG [Forwarding deleteAllCookies on session 5dbd82ad703f7e58e34eecf1f98eabb3 to remote] http.wire 73 - http-outgoing-174 << "Connection:close[\r][\n]"
02-06-2018 18:07:48 Wire.java DEBUG [Forwarding deleteAllCookies on session 5dbd82ad703f7e58e34eecf1f98eabb3 to remote] http.wire 73 - http-outgoing-174 << "[\r][\n]"
02-06-2018 18:07:48 Wire.java DEBUG [Forwarding deleteAllCookies on session 5dbd82ad703f7e58e34eecf1f98eabb3 to remote] http.wire 87 - http-outgoing-174 << "{"sessionId":"5dbd82ad703f7e58e34eecf1f98eabb3","status":0,"value":null}"
02-06-2018 18:07:48 LoggingManagedHttpClientConnection.java DEBUG [Forwarding deleteAllCookies on session 5dbd82ad703f7e58e34eecf1f98eabb3 to remote] http.headers 122 - http-outgoing-174 << HTTP/1.1 200 OK
02-06-2018 18:07:48 LoggingManagedHttpClientConnection.java DEBUG [Forwarding deleteAllCookies on session 5dbd82ad703f7e58e34eecf1f98eabb3 to remote] http.headers 125 - http-outgoing-174 << Content-Length:72
02-06-2018 18:07:48 LoggingManagedHttpClientConnection.java DEBUG [Forwarding deleteAllCookies on session 5dbd82ad703f7e58e34eecf1f98eabb3 to remote] http.headers 125 - http-outgoing-174 << Content-Type:application/json; charset=utf-8
02-06-2018 18:07:48 LoggingManagedHttpClientConnection.java DEBUG [Forwarding deleteAllCookies on session 5dbd82ad703f7e58e34eecf1f98eabb3 to remote] http.headers 125 - http-outgoing-174 << Connection:close
02-06-2018 18:07:48 LoggingManagedHttpClientConnection.java DEBUG [Forwarding deleteAllCookies on session 5dbd82ad703f7e58e34eecf1f98eabb3 to remote] conn.DefaultManagedHttpClientConnection 79 - http-outgoing-174: Close connection
02-06-2018 18:07:48 ConnectionHolder.java DEBUG [Forwarding deleteAllCookies on session 5dbd82ad703f7e58e34eecf1f98eabb3 to remote] execchain.MainClientExec 104 - Connection discarded
02-06-2018 18:07:48 PoolingHttpClientConnectionManager.java DEBUG [Forwarding deleteAllCookies on session 5dbd82ad703f7e58e34eecf1f98eabb3 to remote] conn.PoolingHttpClientConnectionManager 326 - Connection released: [id: 174][route: {}->http://localhost:36586][total kept alive: 0; route allocated: 0 of 2000; total allocated: 0 of 2000]
02-06-2018 18:07:48 RequestAddCookies.java DEBUG [Forwarding setTimeout on session 5dbd82ad703f7e58e34eecf1f98eabb3 to remote] protocol.RequestAddCookies 123 - CookieSpec selected: default
02-06-2018 18:07:48 RequestAuthCache.java DEBUG [Forwarding setTimeout on session 5dbd82ad703f7e58e34eecf1f98eabb3 to remote] protocol.RequestAuthCache 77 - Auth cache not set in the context
02-06-2018 18:07:48 PoolingHttpClientConnectionManager.java DEBUG [Forwarding setTimeout on session 5dbd82ad703f7e58e34eecf1f98eabb3 to remote] conn.PoolingHttpClientConnectionManager 255 - Connection request: [route: {}->http://localhost:36586][total kept alive: 0; route allocated: 0 of 2000; total allocated: 0 of 2000]
02-06-2018 18:07:48 PoolingHttpClientConnectionManager.java DEBUG [Forwarding setTimeout on session 5dbd82ad703f7e58e34eecf1f98eabb3 to remote] conn.PoolingHttpClientConnectionManager 288 - Connection leased: [id: 175][route: {}->http://localhost:36586][total kept alive: 0; route allocated: 1 of 2000; total allocated: 1 of 2000]
02-06-2018 18:07:48 MainClientExec.java DEBUG [Forwarding setTimeout on session 5dbd82ad703f7e58e34eecf1f98eabb3 to remote] execchain.MainClientExec 235 - Opening connection {}->http://localhost:36586
02-06-2018 18:07:48 DefaultHttpClientConnectionOperator.java DEBUG [Forwarding setTimeout on session 5dbd82ad703f7e58e34eecf1f98eabb3 to remote] conn.DefaultHttpClientConnectionOperator 139 - Connecting to localhost/127.0.0.1:36586
02-06-2018 18:07:48 DefaultHttpClientConnectionOperator.java DEBUG [Forwarding setTimeout on session 5dbd82ad703f7e58e34eecf1f98eabb3 to remote] conn.DefaultHttpClientConnectionOperator 146 - Connection established 127.0.0.1:50653<->127.0.0.1:36586
02-06-2018 18:07:48 LoggingManagedHttpClientConnection.java DEBUG [Forwarding setTimeout on session 5dbd82ad703f7e58e34eecf1f98eabb3 to remote] conn.DefaultManagedHttpClientConnection 88 - http-outgoing-175: set socket timeout to 10800000
02-06-2018 18:07:48 MainClientExec.java DEBUG [Forwarding setTimeout on session 5dbd82ad703f7e58e34eecf1f98eabb3 to remote] execchain.MainClientExec 256 - Executing request POST /session/5dbd82ad703f7e58e34eecf1f98eabb3/timeouts HTTP/1.1
02-06-2018 18:07:48 MainClientExec.java DEBUG [Forwarding setTimeout on session 5dbd82ad703f7e58e34eecf1f98eabb3 to remote] execchain.MainClientExec 261 - Target auth state: UNCHALLENGED
02-06-2018 18:07:48 MainClientExec.java DEBUG [Forwarding setTimeout on session 5dbd82ad703f7e58e34eecf1f98eabb3 to remote] execchain.MainClientExec 267 - Proxy auth state: UNCHALLENGED
02-06-2018 18:07:48 LoggingManagedHttpClientConnection.java DEBUG [Forwarding setTimeout on session 5dbd82ad703f7e58e34eecf1f98eabb3 to remote] http.headers 133 - http-outgoing-175 >> POST /session/5dbd82ad703f7e58e34eecf1f98eabb3/timeouts HTTP/1.1
02-06-2018 18:07:48 LoggingManagedHttpClientConnection.java DEBUG [Forwarding setTimeout on session 5dbd82ad703f7e58e34eecf1f98eabb3 to remote] http.headers 136 - http-outgoing-175 >> Content-Type: application/json; charset=utf-8
02-06-2018 18:07:48 LoggingManagedHttpClientConnection.java DEBUG [Forwarding setTimeout on session 5dbd82ad703f7e58e34eecf1f98eabb3 to remote] http.headers 136 - http-outgoing-175 >> Content-Length: 31
02-06-2018 18:07:48 LoggingManagedHttpClientConnection.java DEBUG [Forwarding setTimeout on session 5dbd82ad703f7e58e34eecf1f98eabb3 to remote] http.headers 136 - http-outgoing-175 >> Host: localhost:36586
02-06-2018 18:07:48 LoggingManagedHttpClientConnection.java DEBUG [Forwarding setTimeout on session 5dbd82ad703f7e58e34eecf1f98eabb3 to remote] http.headers 136 - http-outgoing-175 >> Connection: Keep-Alive
02-06-2018 18:07:48 LoggingManagedHttpClientConnection.java DEBUG [Forwarding setTimeout on session 5dbd82ad703f7e58e34eecf1f98eabb3 to remote] http.headers 136 - http-outgoing-175 >> User-Agent: Apache-HttpClient/4.5.3 (Java/1.8.0_151)
02-06-2018 18:07:48 LoggingManagedHttpClientConnection.java DEBUG [Forwarding setTimeout on session 5dbd82ad703f7e58e34eecf1f98eabb3 to remote] http.headers 136 - http-outgoing-175 >> Accept-Encoding: gzip,deflate
02-06-2018 18:07:48 Wire.java DEBUG [Forwarding setTimeout on session 5dbd82ad703f7e58e34eecf1f98eabb3 to remote] http.wire 73 - http-outgoing-175 >> "POST /session/5dbd82ad703f7e58e34eecf1f98eabb3/timeouts HTTP/1.1[\r][\n]"
02-06-2018 18:07:48 Wire.java DEBUG [Forwarding setTimeout on session 5dbd82ad703f7e58e34eecf1f98eabb3 to remote] http.wire 73 - http-outgoing-175 >> "Content-Type: application/json; charset=utf-8[\r][\n]"
02-06-2018 18:07:48 Wire.java DEBUG [Forwarding setTimeout on session 5dbd82ad703f7e58e34eecf1f98eabb3 to remote] http.wire 73 - http-outgoing-175 >> "Content-Length: 31[\r][\n]"
02-06-2018 18:07:48 Wire.java DEBUG [Forwarding setTimeout on session 5dbd82ad703f7e58e34eecf1f98eabb3 to remote] http.wire 73 - http-outgoing-175 >> "Host: localhost:36586[\r][\n]"
02-06-2018 18:07:48 Wire.java DEBUG [Forwarding setTimeout on session 5dbd82ad703f7e58e34eecf1f98eabb3 to remote] http.wire 73 - http-outgoing-175 >> "Connection: Keep-Alive[\r][\n]"
02-06-2018 18:07:48 Wire.java DEBUG [Forwarding setTimeout on session 5dbd82ad703f7e58e34eecf1f98eabb3 to remote] http.wire 73 - http-outgoing-175 >> "User-Agent: Apache-HttpClient/4.5.3 (Java/1.8.0_151)[\r][\n]"
02-06-2018 18:07:48 Wire.java DEBUG [Forwarding setTimeout on session 5dbd82ad703f7e58e34eecf1f98eabb3 to remote] http.wire 73 - http-outgoing-175 >> "Accept-Encoding: gzip,deflate[\r][\n]"
02-06-2018 18:07:48 Wire.java DEBUG [Forwarding setTimeout on session 5dbd82ad703f7e58e34eecf1f98eabb3 to remote] http.wire 73 - http-outgoing-175 >> "[\r][\n]"
02-06-2018 18:07:48 Wire.java DEBUG [Forwarding setTimeout on session 5dbd82ad703f7e58e34eecf1f98eabb3 to remote] http.wire 87 - http-outgoing-175 >> "{"type":"page load","ms":20000}"
02-06-2018 18:07:48 Wire.java DEBUG [Forwarding setTimeout on session 5dbd82ad703f7e58e34eecf1f98eabb3 to remote] http.wire 73 - http-outgoing-175 << "HTTP/1.1 200 OK[\r][\n]"
02-06-2018 18:07:48 Wire.java DEBUG [Forwarding setTimeout on session 5dbd82ad703f7e58e34eecf1f98eabb3 to remote] http.wire 73 - http-outgoing-175 << "Content-Length:72[\r][\n]"
02-06-2018 18:07:48 Wire.java DEBUG [Forwarding setTimeout on session 5dbd82ad703f7e58e34eecf1f98eabb3 to remote] http.wire 73 - http-outgoing-175 << "Content-Type:application/json; charset=utf-8[\r][\n]"
02-06-2018 18:07:48 Wire.java DEBUG [Forwarding setTimeout on session 5dbd82ad703f7e58e34eecf1f98eabb3 to remote] http.wire 73 - http-outgoing-175 << "Connection:close[\r][\n]"
02-06-2018 18:07:48 Wire.java DEBUG [Forwarding setTimeout on session 5dbd82ad703f7e58e34eecf1f98eabb3 to remote] http.wire 73 - http-outgoing-175 << "[\r][\n]"
02-06-2018 18:07:48 Wire.java DEBUG [Forwarding setTimeout on session 5dbd82ad703f7e58e34eecf1f98eabb3 to remote] http.wire 87 - http-outgoing-175 << "{"sessionId":"5dbd82ad703f7e58e34eecf1f98eabb3","status":0,"value":null}"
02-06-2018 18:07:48 LoggingManagedHttpClientConnection.java DEBUG [Forwarding setTimeout on session 5dbd82ad703f7e58e34eecf1f98eabb3 to remote] http.headers 122 - http-outgoing-175 << HTTP/1.1 200 OK
02-06-2018 18:07:48 LoggingManagedHttpClientConnection.java DEBUG [Forwarding setTimeout on session 5dbd82ad703f7e58e34eecf1f98eabb3 to remote] http.headers 125 - http-outgoing-175 << Content-Length:72
02-06-2018 18:07:48 LoggingManagedHttpClientConnection.java DEBUG [Forwarding setTimeout on session 5dbd82ad703f7e58e34eecf1f98eabb3 to remote] http.headers 125 - http-outgoing-175 << Content-Type:application/json; charset=utf-8
02-06-2018 18:07:48 LoggingManagedHttpClientConnection.java DEBUG [Forwarding setTimeout on session 5dbd82ad703f7e58e34eecf1f98eabb3 to remote] http.headers 125 - http-outgoing-175 << Connection:close
02-06-2018 18:07:48 LoggingManagedHttpClientConnection.java DEBUG [Forwarding setTimeout on session 5dbd82ad703f7e58e34eecf1f98eabb3 to remote] conn.DefaultManagedHttpClientConnection 79 - http-outgoing-175: Close connection
02-06-2018 18:07:48 ConnectionHolder.java DEBUG [Forwarding setTimeout on session 5dbd82ad703f7e58e34eecf1f98eabb3 to remote] execchain.MainClientExec 104 - Connection discarded
02-06-2018 18:07:48 PoolingHttpClientConnectionManager.java DEBUG [Forwarding setTimeout on session 5dbd82ad703f7e58e34eecf1f98eabb3 to remote] conn.PoolingHttpClientConnectionManager 326 - Connection released: [id: 175][route: {}->http://localhost:36586][total kept alive: 0; route allocated: 0 of 2000; total allocated: 0 of 2000]
02-06-2018 18:07:48 RequestAddCookies.java DEBUG [Forwarding setTimeout on session 5dbd82ad703f7e58e34eecf1f98eabb3 to remote] protocol.RequestAddCookies 123 - CookieSpec selected: default
02-06-2018 18:07:48 RequestAuthCache.java DEBUG [Forwarding setTimeout on session 5dbd82ad703f7e58e34eecf1f98eabb3 to remote] protocol.RequestAuthCache 77 - Auth cache not set in the context
02-06-2018 18:07:48 PoolingHttpClientConnectionManager.java DEBUG [Forwarding setTimeout on session 5dbd82ad703f7e58e34eecf1f98eabb3 to remote] conn.PoolingHttpClientConnectionManager 255 - Connection request: [route: {}->http://localhost:36586][total kept alive: 0; route allocated: 0 of 2000; total allocated: 0 of 2000]
02-06-2018 18:07:48 PoolingHttpClientConnectionManager.java DEBUG [Forwarding setTimeout on session 5dbd82ad703f7e58e34eecf1f98eabb3 to remote] conn.PoolingHttpClientConnectionManager 288 - Connection leased: [id: 176][route: {}->http://localhost:36586][total kept alive: 0; route allocated: 1 of 2000; total allocated: 1 of 2000]
02-06-2018 18:07:48 MainClientExec.java DEBUG [Forwarding setTimeout on session 5dbd82ad703f7e58e34eecf1f98eabb3 to remote] execchain.MainClientExec 235 - Opening connection {}->http://localhost:36586
02-06-2018 18:07:48 DefaultHttpClientConnectionOperator.java DEBUG [Forwarding setTimeout on session 5dbd82ad703f7e58e34eecf1f98eabb3 to remote] conn.DefaultHttpClientConnectionOperator 139 - Connecting to localhost/127.0.0.1:36586
02-06-2018 18:07:48 DefaultHttpClientConnectionOperator.java DEBUG [Forwarding setTimeout on session 5dbd82ad703f7e58e34eecf1f98eabb3 to remote] conn.DefaultHttpClientConnectionOperator 146 - Connection established 127.0.0.1:50654<->127.0.0.1:36586
02-06-2018 18:07:48 LoggingManagedHttpClientConnection.java DEBUG [Forwarding setTimeout on session 5dbd82ad703f7e58e34eecf1f98eabb3 to remote] conn.DefaultManagedHttpClientConnection 88 - http-outgoing-176: set socket timeout to 10800000
02-06-2018 18:07:48 MainClientExec.java DEBUG [Forwarding setTimeout on session 5dbd82ad703f7e58e34eecf1f98eabb3 to remote] execchain.MainClientExec 256 - Executing request POST /session/5dbd82ad703f7e58e34eecf1f98eabb3/timeouts HTTP/1.1
02-06-2018 18:07:48 MainClientExec.java DEBUG [Forwarding setTimeout on session 5dbd82ad703f7e58e34eecf1f98eabb3 to remote] execchain.MainClientExec 261 - Target auth state: UNCHALLENGED
02-06-2018 18:07:48 MainClientExec.java DEBUG [Forwarding setTimeout on session 5dbd82ad703f7e58e34eecf1f98eabb3 to remote] execchain.MainClientExec 267 - Proxy auth state: UNCHALLENGED
02-06-2018 18:07:48 LoggingManagedHttpClientConnection.java DEBUG [Forwarding setTimeout on session 5dbd82ad703f7e58e34eecf1f98eabb3 to remote] http.headers 133 - http-outgoing-176 >> POST /session/5dbd82ad703f7e58e34eecf1f98eabb3/timeouts HTTP/1.1
02-06-2018 18:07:48 LoggingManagedHttpClientConnection.java DEBUG [Forwarding setTimeout on session 5dbd82ad703f7e58e34eecf1f98eabb3 to remote] http.headers 136 - http-outgoing-176 >> Content-Type: application/json; charset=utf-8
02-06-2018 18:07:48 LoggingManagedHttpClientConnection.java DEBUG [Forwarding setTimeout on session 5dbd82ad703f7e58e34eecf1f98eabb3 to remote] http.headers 136 - http-outgoing-176 >> Content-Length: 30
02-06-2018 18:07:48 LoggingManagedHttpClientConnection.java DEBUG [Forwarding setTimeout on session 5dbd82ad703f7e58e34eecf1f98eabb3 to remote] http.headers 136 - http-outgoing-176 >> Host: localhost:36586
02-06-2018 18:07:48 LoggingManagedHttpClientConnection.java DEBUG [Forwarding setTimeout on session 5dbd82ad703f7e58e34eecf1f98eabb3 to remote] http.headers 136 - http-outgoing-176 >> Connection: Keep-Alive
02-06-2018 18:07:48 LoggingManagedHttpClientConnection.java DEBUG [Forwarding setTimeout on session 5dbd82ad703f7e58e34eecf1f98eabb3 to remote] http.headers 136 - http-outgoing-176 >> User-Agent: Apache-HttpClient/4.5.3 (Java/1.8.0_151)
02-06-2018 18:07:48 LoggingManagedHttpClientConnection.java DEBUG [Forwarding setTimeout on session 5dbd82ad703f7e58e34eecf1f98eabb3 to remote] http.headers 136 - http-outgoing-176 >> Accept-Encoding: gzip,deflate
02-06-2018 18:07:48 Wire.java DEBUG [Forwarding setTimeout on session 5dbd82ad703f7e58e34eecf1f98eabb3 to remote] http.wire 73 - http-outgoing-176 >> "POST /session/5dbd82ad703f7e58e34eecf1f98eabb3/timeouts HTTP/1.1[\r][\n]"
02-06-2018 18:07:48 Wire.java DEBUG [Forwarding setTimeout on session 5dbd82ad703f7e58e34eecf1f98eabb3 to remote] http.wire 73 - http-outgoing-176 >> "Content-Type: application/json; charset=utf-8[\r][\n]"
02-06-2018 18:07:48 Wire.java DEBUG [Forwarding setTimeout on session 5dbd82ad703f7e58e34eecf1f98eabb3 to remote] http.wire 73 - http-outgoing-176 >> "Content-Length: 30[\r][\n]"
02-06-2018 18:07:48 Wire.java DEBUG [Forwarding setTimeout on session 5dbd82ad703f7e58e34eecf1f98eabb3 to remote] http.wire 73 - http-outgoing-176 >> "Host: localhost:36586[\r][\n]"
02-06-2018 18:07:48 Wire.java DEBUG [Forwarding setTimeout on session 5dbd82ad703f7e58e34eecf1f98eabb3 to remote] http.wire 73 - http-outgoing-176 >> "Connection: Keep-Alive[\r][\n]"
02-06-2018 18:07:48 Wire.java DEBUG [Forwarding setTimeout on session 5dbd82ad703f7e58e34eecf1f98eabb3 to remote] http.wire 73 - http-outgoing-176 >> "User-Agent: Apache-HttpClient/4.5.3 (Java/1.8.0_151)[\r][\n]"
02-06-2018 18:07:48 Wire.java DEBUG [Forwarding setTimeout on session 5dbd82ad703f7e58e34eecf1f98eabb3 to remote] http.wire 73 - http-outgoing-176 >> "Accept-Encoding: gzip,deflate[\r][\n]"
02-06-2018 18:07:48 Wire.java DEBUG [Forwarding setTimeout on session 5dbd82ad703f7e58e34eecf1f98eabb3 to remote] http.wire 73 - http-outgoing-176 >> "[\r][\n]"
02-06-2018 18:07:48 Wire.java DEBUG [Forwarding setTimeout on session 5dbd82ad703f7e58e34eecf1f98eabb3 to remote] http.wire 87 - http-outgoing-176 >> "{"type":"implicit","ms":20000}"
02-06-2018 18:07:48 Wire.java DEBUG [Forwarding setTimeout on session 5dbd82ad703f7e58e34eecf1f98eabb3 to remote] http.wire 73 - http-outgoing-176 << "HTTP/1.1 200 OK[\r][\n]"
02-06-2018 18:07:48 Wire.java DEBUG [Forwarding setTimeout on session 5dbd82ad703f7e58e34eecf1f98eabb3 to remote] http.wire 73 - http-outgoing-176 << "Content-Length:72[\r][\n]"
02-06-2018 18:07:48 Wire.java DEBUG [Forwarding setTimeout on session 5dbd82ad703f7e58e34eecf1f98eabb3 to remote] http.wire 73 - http-outgoing-176 << "Content-Type:application/json; charset=utf-8[\r][\n]"
02-06-2018 18:07:48 Wire.java DEBUG [Forwarding setTimeout on session 5dbd82ad703f7e58e34eecf1f98eabb3 to remote] http.wire 73 - http-outgoing-176 << "Connection:close[\r][\n]"
02-06-2018 18:07:48 Wire.java DEBUG [Forwarding setTimeout on session 5dbd82ad703f7e58e34eecf1f98eabb3 to remote] http.wire 73 - http-outgoing-176 << "[\r][\n]"
02-06-2018 18:07:48 Wire.java DEBUG [Forwarding setTimeout on session 5dbd82ad703f7e58e34eecf1f98eabb3 to remote] http.wire 87 - http-outgoing-176 << "{"sessionId":"5dbd82ad703f7e58e34eecf1f98eabb3","status":0,"value":null}"
02-06-2018 18:07:48 LoggingManagedHttpClientConnection.java DEBUG [Forwarding setTimeout on session 5dbd82ad703f7e58e34eecf1f98eabb3 to remote] http.headers 122 - http-outgoing-176 << HTTP/1.1 200 OK
02-06-2018 18:07:48 LoggingManagedHttpClientConnection.java DEBUG [Forwarding setTimeout on session 5dbd82ad703f7e58e34eecf1f98eabb3 to remote] http.headers 125 - http-outgoing-176 << Content-Length:72
02-06-2018 18:07:48 LoggingManagedHttpClientConnection.java DEBUG [Forwarding setTimeout on session 5dbd82ad703f7e58e34eecf1f98eabb3 to remote] http.headers 125 - http-outgoing-176 << Content-Type:application/json; charset=utf-8
02-06-2018 18:07:48 LoggingManagedHttpClientConnection.java DEBUG [Forwarding setTimeout on session 5dbd82ad703f7e58e34eecf1f98eabb3 to remote] http.headers 125 - http-outgoing-176 << Connection:close
02-06-2018 18:07:48 LoggingManagedHttpClientConnection.java DEBUG [Forwarding setTimeout on session 5dbd82ad703f7e58e34eecf1f98eabb3 to remote] conn.DefaultManagedHttpClientConnection 79 - http-outgoing-176: Close connection
02-06-2018 18:07:48 ConnectionHolder.java DEBUG [Forwarding setTimeout on session 5dbd82ad703f7e58e34eecf1f98eabb3 to remote] execchain.MainClientExec 104 - Connection discarded
02-06-2018 18:07:48 PoolingHttpClientConnectionManager.java DEBUG [Forwarding setTimeout on session 5dbd82ad703f7e58e34eecf1f98eabb3 to remote] conn.PoolingHttpClientConnectionManager 326 - Connection released: [id: 176][route: {}->http://localhost:36586][total kept alive: 0; route allocated: 0 of 2000; total allocated: 0 of 2000]
02-06-2018 18:07:48 RequestAddCookies.java DEBUG [Forwarding get on session 5dbd82ad703f7e58e34eecf1f98eabb3 to remote] protocol.RequestAddCookies 123 - CookieSpec selected: default
02-06-2018 18:07:48 RequestAuthCache.java DEBUG [Forwarding get on session 5dbd82ad703f7e58e34eecf1f98eabb3 to remote] protocol.RequestAuthCache 77 - Auth cache not set in the context
02-06-2018 18:07:48 PoolingHttpClientConnectionManager.java DEBUG [Forwarding get on session 5dbd82ad703f7e58e34eecf1f98eabb3 to remote] conn.PoolingHttpClientConnectionManager 255 - Connection request: [route: {}->http://localhost:36586][total kept alive: 0; route allocated: 0 of 2000; total allocated: 0 of 2000]
02-06-2018 18:07:48 PoolingHttpClientConnectionManager.java DEBUG [Forwarding get on session 5dbd82ad703f7e58e34eecf1f98eabb3 to remote] conn.PoolingHttpClientConnectionManager 288 - Connection leased: [id: 177][route: {}->http://localhost:36586][total kept alive: 0; route allocated: 1 of 2000; total allocated: 1 of 2000]
02-06-2018 18:07:48 MainClientExec.java DEBUG [Forwarding get on session 5dbd82ad703f7e58e34eecf1f98eabb3 to remote] execchain.MainClientExec 235 - Opening connection {}->http://localhost:36586
02-06-2018 18:07:48 DefaultHttpClientConnectionOperator.java DEBUG [Forwarding get on session 5dbd82ad703f7e58e34eecf1f98eabb3 to remote] conn.DefaultHttpClientConnectionOperator 139 - Connecting to localhost/127.0.0.1:36586
02-06-2018 18:07:48 DefaultHttpClientConnectionOperator.java DEBUG [Forwarding get on session 5dbd82ad703f7e58e34eecf1f98eabb3 to remote] conn.DefaultHttpClientConnectionOperator 146 - Connection established 127.0.0.1:50655<->127.0.0.1:36586
02-06-2018 18:07:48 LoggingManagedHttpClientConnection.java DEBUG [Forwarding get on session 5dbd82ad703f7e58e34eecf1f98eabb3 to remote] conn.DefaultManagedHttpClientConnection 88 - http-outgoing-177: set socket timeout to 10800000
02-06-2018 18:07:48 MainClientExec.java DEBUG [Forwarding get on session 5dbd82ad703f7e58e34eecf1f98eabb3 to remote] execchain.MainClientExec 256 - Executing request POST /session/5dbd82ad703f7e58e34eecf1f98eabb3/url HTTP/1.1
02-06-2018 18:07:48 MainClientExec.java DEBUG [Forwarding get on session 5dbd82ad703f7e58e34eecf1f98eabb3 to remote] execchain.MainClientExec 261 - Target auth state: UNCHALLENGED
02-06-2018 18:07:48 MainClientExec.java DEBUG [Forwarding get on session 5dbd82ad703f7e58e34eecf1f98eabb3 to remote] execchain.MainClientExec 267 - Proxy auth state: UNCHALLENGED
02-06-2018 18:07:48 LoggingManagedHttpClientConnection.java DEBUG [Forwarding get on session 5dbd82ad703f7e58e34eecf1f98eabb3 to remote] http.headers 133 - http-outgoing-177 >> POST /session/5dbd82ad703f7e58e34eecf1f98eabb3/url HTTP/1.1
02-06-2018 18:07:48 LoggingManagedHttpClientConnection.java DEBUG [Forwarding get on session 5dbd82ad703f7e58e34eecf1f98eabb3 to remote] http.headers 136 - http-outgoing-177 >> Content-Type: application/json; charset=utf-8
02-06-2018 18:07:48 LoggingManagedHttpClientConnection.java DEBUG [Forwarding get on session 5dbd82ad703f7e58e34eecf1f98eabb3 to remote] http.headers 136 - http-outgoing-177 >> Content-Length: 36
02-06-2018 18:07:48 LoggingManagedHttpClientConnection.java DEBUG [Forwarding get on session 5dbd82ad703f7e58e34eecf1f98eabb3 to remote] http.headers 136 - http-outgoing-177 >> Host: localhost:36586
02-06-2018 18:07:48 LoggingManagedHttpClientConnection.java DEBUG [Forwarding get on session 5dbd82ad703f7e58e34eecf1f98eabb3 to remote] http.headers 136 - http-outgoing-177 >> Connection: Keep-Alive
02-06-2018 18:07:48 LoggingManagedHttpClientConnection.java DEBUG [Forwarding get on session 5dbd82ad703f7e58e34eecf1f98eabb3 to remote] http.headers 136 - http-outgoing-177 >> User-Agent: Apache-HttpClient/4.5.3 (Java/1.8.0_151)
02-06-2018 18:07:48 LoggingManagedHttpClientConnection.java DEBUG [Forwarding get on session 5dbd82ad703f7e58e34eecf1f98eabb3 to remote] http.headers 136 - http-outgoing-177 >> Accept-Encoding: gzip,deflate
02-06-2018 18:07:48 Wire.java DEBUG [Forwarding get on session 5dbd82ad703f7e58e34eecf1f98eabb3 to remote] http.wire 73 - http-outgoing-177 >> "POST /session/5dbd82ad703f7e58e34eecf1f98eabb3/url HTTP/1.1[\r][\n]"
02-06-2018 18:07:48 Wire.java DEBUG [Forwarding get on session 5dbd82ad703f7e58e34eecf1f98eabb3 to remote] http.wire 73 - http-outgoing-177 >> "Content-Type: application/json; charset=utf-8[\r][\n]"
02-06-2018 18:07:48 Wire.java DEBUG [Forwarding get on session 5dbd82ad703f7e58e34eecf1f98eabb3 to remote] http.wire 73 - http-outgoing-177 >> "Content-Length: 36[\r][\n]"
02-06-2018 18:07:48 Wire.java DEBUG [Forwarding get on session 5dbd82ad703f7e58e34eecf1f98eabb3 to remote] http.wire 73 - http-outgoing-177 >> "Host: localhost:36586[\r][\n]"
02-06-2018 18:07:48 Wire.java DEBUG [Forwarding get on session 5dbd82ad703f7e58e34eecf1f98eabb3 to remote] http.wire 73 - http-outgoing-177 >> "Connection: Keep-Alive[\r][\n]"
02-06-2018 18:07:48 Wire.java DEBUG [Forwarding get on session 5dbd82ad703f7e58e34eecf1f98eabb3 to remote] http.wire 73 - http-outgoing-177 >> "User-Agent: Apache-HttpClient/4.5.3 (Java/1.8.0_151)[\r][\n]"
02-06-2018 18:07:48 Wire.java DEBUG [Forwarding get on session 5dbd82ad703f7e58e34eecf1f98eabb3 to remote] http.wire 73 - http-outgoing-177 >> "Accept-Encoding: gzip,deflate[\r][\n]"
02-06-2018 18:07:48 Wire.java DEBUG [Forwarding get on session 5dbd82ad703f7e58e34eecf1f98eabb3 to remote] http.wire 73 - http-outgoing-177 >> "[\r][\n]"
02-06-2018 18:07:48 Wire.java DEBUG [Forwarding get on session 5dbd82ad703f7e58e34eecf1f98eabb3 to remote] http.wire 87 - http-outgoing-177 >> "{"url":"http://jusdone.atomic77.in"}"
02-06-2018 18:07:50 Wire.java DEBUG [Forwarding get on session 5dbd82ad703f7e58e34eecf1f98eabb3 to remote] http.wire 73 - http-outgoing-177 << "HTTP/1.1 200 OK[\r][\n]"
02-06-2018 18:07:50 Wire.java DEBUG [Forwarding get on session 5dbd82ad703f7e58e34eecf1f98eabb3 to remote] http.wire 73 - http-outgoing-177 << "Content-Length:72[\r][\n]"
02-06-2018 18:07:50 Wire.java DEBUG [Forwarding get on session 5dbd82ad703f7e58e34eecf1f98eabb3 to remote] http.wire 73 - http-outgoing-177 << "Content-Type:application/json; charset=utf-8[\r][\n]"
02-06-2018 18:07:50 Wire.java DEBUG [Forwarding get on session 5dbd82ad703f7e58e34eecf1f98eabb3 to remote] http.wire 73 - http-outgoing-177 << "Connection:close[\r][\n]"
02-06-2018 18:07:50 Wire.java DEBUG [Forwarding get on session 5dbd82ad703f7e58e34eecf1f98eabb3 to remote] http.wire 73 - http-outgoing-177 << "[\r][\n]"
02-06-2018 18:07:50 Wire.java DEBUG [Forwarding get on session 5dbd82ad703f7e58e34eecf1f98eabb3 to remote] http.wire 87 - http-outgoing-177 << "{"sessionId":"5dbd82ad703f7e58e34eecf1f98eabb3","status":0,"value":null}"
02-06-2018 18:07:50 LoggingManagedHttpClientConnection.java DEBUG [Forwarding get on session 5dbd82ad703f7e58e34eecf1f98eabb3 to remote] http.headers 122 - http-outgoing-177 << HTTP/1.1 200 OK
02-06-2018 18:07:50 LoggingManagedHttpClientConnection.java DEBUG [Forwarding get on session 5dbd82ad703f7e58e34eecf1f98eabb3 to remote] http.headers 125 - http-outgoing-177 << Content-Length:72
02-06-2018 18:07:50 LoggingManagedHttpClientConnection.java DEBUG [Forwarding get on session 5dbd82ad703f7e58e34eecf1f98eabb3 to remote] http.headers 125 - http-outgoing-177 << Content-Type:application/json; charset=utf-8
02-06-2018 18:07:50 LoggingManagedHttpClientConnection.java DEBUG [Forwarding get on session 5dbd82ad703f7e58e34eecf1f98eabb3 to remote] http.headers 125 - http-outgoing-177 << Connection:close
02-06-2018 18:07:50 LoggingManagedHttpClientConnection.java DEBUG [Forwarding get on session 5dbd82ad703f7e58e34eecf1f98eabb3 to remote] conn.DefaultManagedHttpClientConnection 79 - http-outgoing-177: Close connection
02-06-2018 18:07:50 ConnectionHolder.java DEBUG [Forwarding get on session 5dbd82ad703f7e58e34eecf1f98eabb3 to remote] execchain.MainClientExec 104 - Connection discarded
02-06-2018 18:07:50 PoolingHttpClientConnectionManager.java DEBUG [Forwarding get on session 5dbd82ad703f7e58e34eecf1f98eabb3 to remote] conn.PoolingHttpClientConnectionManager 326 - Connection released: [id: 177][route: {}->http://localhost:36586][total kept alive: 0; route allocated: 0 of 2000; total allocated: 0 of 2000]
02-06-2018 18:07:50 RequestAddCookies.java DEBUG [Forwarding findElement on session 5dbd82ad703f7e58e34eecf1f98eabb3 to remote] protocol.RequestAddCookies 123 - CookieSpec selected: default
02-06-2018 18:07:50 RequestAuthCache.java DEBUG [Forwarding findElement on session 5dbd82ad703f7e58e34eecf1f98eabb3 to remote] protocol.RequestAuthCache 77 - Auth cache not set in the context
02-06-2018 18:07:50 PoolingHttpClientConnectionManager.java DEBUG [Forwarding findElement on session 5dbd82ad703f7e58e34eecf1f98eabb3 to remote] conn.PoolingHttpClientConnectionManager 255 - Connection request: [route: {}->http://localhost:36586][total kept alive: 0; route allocated: 0 of 2000; total allocated: 0 of 2000]
02-06-2018 18:07:50 PoolingHttpClientConnectionManager.java DEBUG [Forwarding findElement on session 5dbd82ad703f7e58e34eecf1f98eabb3 to remote] conn.PoolingHttpClientConnectionManager 288 - Connection leased: [id: 178][route: {}->http://localhost:36586][total kept alive: 0; route allocated: 1 of 2000; total allocated: 1 of 2000]
02-06-2018 18:07:50 MainClientExec.java DEBUG [Forwarding findElement on session 5dbd82ad703f7e58e34eecf1f98eabb3 to remote] execchain.MainClientExec 235 - Opening connection {}->http://localhost:36586
02-06-2018 18:07:50 DefaultHttpClientConnectionOperator.java DEBUG [Forwarding findElement on session 5dbd82ad703f7e58e34eecf1f98eabb3 to remote] conn.DefaultHttpClientConnectionOperator 139 - Connecting to localhost/127.0.0.1:36586
02-06-2018 18:07:50 DefaultHttpClientConnectionOperator.java DEBUG [Forwarding findElement on session 5dbd82ad703f7e58e34eecf1f98eabb3 to remote] conn.DefaultHttpClientConnectionOperator 146 - Connection established 127.0.0.1:50662<->127.0.0.1:36586
02-06-2018 18:07:50 LoggingManagedHttpClientConnection.java DEBUG [Forwarding findElement on session 5dbd82ad703f7e58e34eecf1f98eabb3 to remote] conn.DefaultManagedHttpClientConnection 88 - http-outgoing-178: set socket timeout to 10800000
02-06-2018 18:07:50 MainClientExec.java DEBUG [Forwarding findElement on session 5dbd82ad703f7e58e34eecf1f98eabb3 to remote] execchain.MainClientExec 256 - Executing request POST /session/5dbd82ad703f7e58e34eecf1f98eabb3/element HTTP/1.1
02-06-2018 18:07:50 MainClientExec.java DEBUG [Forwarding findElement on session 5dbd82ad703f7e58e34eecf1f98eabb3 to remote] execchain.MainClientExec 261 - Target auth state: UNCHALLENGED
02-06-2018 18:07:50 MainClientExec.java DEBUG [Forwarding findElement on session 5dbd82ad703f7e58e34eecf1f98eabb3 to remote] execchain.MainClientExec 267 - Proxy auth state: UNCHALLENGED
02-06-2018 18:07:50 LoggingManagedHttpClientConnection.java DEBUG [Forwarding findElement on session 5dbd82ad703f7e58e34eecf1f98eabb3 to remote] http.headers 133 - http-outgoing-178 >> POST /session/5dbd82ad703f7e58e34eecf1f98eabb3/element HTTP/1.1
02-06-2018 18:07:50 LoggingManagedHttpClientConnection.java DEBUG [Forwarding findElement on session 5dbd82ad703f7e58e34eecf1f98eabb3 to remote] http.headers 136 - http-outgoing-178 >> Content-Type: application/json; charset=utf-8
02-06-2018 18:07:50 LoggingManagedHttpClientConnection.java DEBUG [Forwarding findElement on session 5dbd82ad703f7e58e34eecf1f98eabb3 to remote] http.headers 136 - http-outgoing-178 >> Content-Length: 64
02-06-2018 18:07:50 LoggingManagedHttpClientConnection.java DEBUG [Forwarding findElement on session 5dbd82ad703f7e58e34eecf1f98eabb3 to remote] http.headers 136 - http-outgoing-178 >> Host: localhost:36586
02-06-2018 18:07:50 LoggingManagedHttpClientConnection.java DEBUG [Forwarding findElement on session 5dbd82ad703f7e58e34eecf1f98eabb3 to remote] http.headers 136 - http-outgoing-178 >> Connection: Keep-Alive
02-06-2018 18:07:50 LoggingManagedHttpClientConnection.java DEBUG [Forwarding findElement on session 5dbd82ad703f7e58e34eecf1f98eabb3 to remote] http.headers 136 - http-outgoing-178 >> User-Agent: Apache-HttpClient/4.5.3 (Java/1.8.0_151)
02-06-2018 18:07:50 LoggingManagedHttpClientConnection.java DEBUG [Forwarding findElement on session 5dbd82ad703f7e58e34eecf1f98eabb3 to remote] http.headers 136 - http-outgoing-178 >> Accept-Encoding: gzip,deflate
02-06-2018 18:07:50 Wire.java DEBUG [Forwarding findElement on session 5dbd82ad703f7e58e34eecf1f98eabb3 to remote] http.wire 73 - http-outgoing-178 >> "POST /session/5dbd82ad703f7e58e34eecf1f98eabb3/element HTTP/1.1[\r][\n]"
02-06-2018 18:07:50 Wire.java DEBUG [Forwarding findElement on session 5dbd82ad703f7e58e34eecf1f98eabb3 to remote] http.wire 73 - http-outgoing-178 >> "Content-Type: application/json; charset=utf-8[\r][\n]"
02-06-2018 18:07:50 Wire.java DEBUG [Forwarding findElement on session 5dbd82ad703f7e58e34eecf1f98eabb3 to remote] http.wire 73 - http-outgoing-178 >> "Content-Length: 64[\r][\n]"
02-06-2018 18:07:50 Wire.java DEBUG [Forwarding findElement on session 5dbd82ad703f7e58e34eecf1f98eabb3 to remote] http.wire 73 - http-outgoing-178 >> "Host: localhost:36586[\r][\n]"
02-06-2018 18:07:50 Wire.java DEBUG [Forwarding findElement on session 5dbd82ad703f7e58e34eecf1f98eabb3 to remote] http.wire 73 - http-outgoing-178 >> "Connection: Keep-Alive[\r][\n]"
02-06-2018 18:07:50 Wire.java DEBUG [Forwarding findElement on session 5dbd82ad703f7e58e34eecf1f98eabb3 to remote] http.wire 73 - http-outgoing-178 >> "User-Agent: Apache-HttpClient/4.5.3 (Java/1.8.0_151)[\r][\n]"
02-06-2018 18:07:50 Wire.java DEBUG [Forwarding findElement on session 5dbd82ad703f7e58e34eecf1f98eabb3 to remote] http.wire 73 - http-outgoing-178 >> "Accept-Encoding: gzip,deflate[\r][\n]"
02-06-2018 18:07:50 Wire.java DEBUG [Forwarding findElement on session 5dbd82ad703f7e58e34eecf1f98eabb3 to remote] http.wire 73 - http-outgoing-178 >> "[\r][\n]"
02-06-2018 18:07:50 Wire.java DEBUG [Forwarding findElement on session 5dbd82ad703f7e58e34eecf1f98eabb3 to remote] http.wire 87 - http-outgoing-178 >> "{"using":"xpath","value":"/html/body/div[1]/div/ul/li[2]/label"}"
02-06-2018 18:07:50 Wire.java DEBUG [Forwarding findElement on session 5dbd82ad703f7e58e34eecf1f98eabb3 to remote] http.wire 73 - http-outgoing-178 << "HTTP/1.1 200 OK[\r][\n]"
02-06-2018 18:07:50 Wire.java DEBUG [Forwarding findElement on session 5dbd82ad703f7e58e34eecf1f98eabb3 to remote] http.wire 73 - http-outgoing-178 << "Content-Length:102[\r][\n]"
02-06-2018 18:07:50 Wire.java DEBUG [Forwarding findElement on session 5dbd82ad703f7e58e34eecf1f98eabb3 to remote] http.wire 73 - http-outgoing-178 << "Content-Type:application/json; charset=utf-8[\r][\n]"
02-06-2018 18:07:50 Wire.java DEBUG [Forwarding findElement on session 5dbd82ad703f7e58e34eecf1f98eabb3 to remote] http.wire 73 - http-outgoing-178 << "Connection:close[\r][\n]"
02-06-2018 18:07:50 Wire.java DEBUG [Forwarding findElement on session 5dbd82ad703f7e58e34eecf1f98eabb3 to remote] http.wire 73 - http-outgoing-178 << "[\r][\n]"
02-06-2018 18:07:50 Wire.java DEBUG [Forwarding findElement on session 5dbd82ad703f7e58e34eecf1f98eabb3 to remote] http.wire 87 - http-outgoing-178 << "{"sessionId":"5dbd82ad703f7e58e34eecf1f98eabb3","status":0,"value":{"ELEMENT":"0.1353079470869718-1"}}"
02-06-2018 18:07:50 LoggingManagedHttpClientConnection.java DEBUG [Forwarding findElement on session 5dbd82ad703f7e58e34eecf1f98eabb3 to remote] http.headers 122 - http-outgoing-178 << HTTP/1.1 200 OK
02-06-2018 18:07:50 LoggingManagedHttpClientConnection.java DEBUG [Forwarding findElement on session 5dbd82ad703f7e58e34eecf1f98eabb3 to remote] http.headers 125 - http-outgoing-178 << Content-Length:102
02-06-2018 18:07:50 LoggingManagedHttpClientConnection.java DEBUG [Forwarding findElement on session 5dbd82ad703f7e58e34eecf1f98eabb3 to remote] http.headers 125 - http-outgoing-178 << Content-Type:application/json; charset=utf-8
02-06-2018 18:07:50 LoggingManagedHttpClientConnection.java DEBUG [Forwarding findElement on session 5dbd82ad703f7e58e34eecf1f98eabb3 to remote] http.headers 125 - http-outgoing-178 << Connection:close
02-06-2018 18:07:50 LoggingManagedHttpClientConnection.java DEBUG [Forwarding findElement on session 5dbd82ad703f7e58e34eecf1f98eabb3 to remote] conn.DefaultManagedHttpClientConnection 79 - http-outgoing-178: Close connection
02-06-2018 18:07:50 ConnectionHolder.java DEBUG [Forwarding findElement on session 5dbd82ad703f7e58e34eecf1f98eabb3 to remote] execchain.MainClientExec 104 - Connection discarded
02-06-2018 18:07:50 PoolingHttpClientConnectionManager.java DEBUG [Forwarding findElement on session 5dbd82ad703f7e58e34eecf1f98eabb3 to remote] conn.PoolingHttpClientConnectionManager 326 - Connection released: [id: 178][route: {}->http://localhost:36586][total kept alive: 0; route allocated: 0 of 2000; total allocated: 0 of 2000]
02-06-2018 18:07:50 RequestAddCookies.java DEBUG [Forwarding clickElement on session 5dbd82ad703f7e58e34eecf1f98eabb3 to remote] protocol.RequestAddCookies 123 - CookieSpec selected: default
02-06-2018 18:07:50 RequestAuthCache.java DEBUG [Forwarding clickElement on session 5dbd82ad703f7e58e34eecf1f98eabb3 to remote] protocol.RequestAuthCache 77 - Auth cache not set in the context
02-06-2018 18:07:50 PoolingHttpClientConnectionManager.java DEBUG [Forwarding clickElement on session 5dbd82ad703f7e58e34eecf1f98eabb3 to remote] conn.PoolingHttpClientConnectionManager 255 - Connection request: [route: {}->http://localhost:36586][total kept alive: 0; route allocated: 0 of 2000; total allocated: 0 of 2000]
02-06-2018 18:07:50 PoolingHttpClientConnectionManager.java DEBUG [Forwarding clickElement on session 5dbd82ad703f7e58e34eecf1f98eabb3 to remote] conn.PoolingHttpClientConnectionManager 288 - Connection leased: [id: 179][route: {}->http://localhost:36586][total kept alive: 0; route allocated: 1 of 2000; total allocated: 1 of 2000]
02-06-2018 18:07:50 MainClientExec.java DEBUG [Forwarding clickElement on session 5dbd82ad703f7e58e34eecf1f98eabb3 to remote] execchain.MainClientExec 235 - Opening connection {}->http://localhost:36586
02-06-2018 18:07:50 DefaultHttpClientConnectionOperator.java DEBUG [Forwarding clickElement on session 5dbd82ad703f7e58e34eecf1f98eabb3 to remote] conn.DefaultHttpClientConnectionOperator 139 - Connecting to localhost/127.0.0.1:36586
02-06-2018 18:07:50 DefaultHttpClientConnectionOperator.java DEBUG [Forwarding clickElement on session 5dbd82ad703f7e58e34eecf1f98eabb3 to remote] conn.DefaultHttpClientConnectionOperator 146 - Connection established 127.0.0.1:50663<->127.0.0.1:36586
02-06-2018 18:07:50 LoggingManagedHttpClientConnection.java DEBUG [Forwarding clickElement on session 5dbd82ad703f7e58e34eecf1f98eabb3 to remote] conn.DefaultManagedHttpClientConnection 88 - http-outgoing-179: set socket timeout to 10800000
02-06-2018 18:07:50 MainClientExec.java DEBUG [Forwarding clickElement on session 5dbd82ad703f7e58e34eecf1f98eabb3 to remote] execchain.MainClientExec 256 - Executing request POST /session/5dbd82ad703f7e58e34eecf1f98eabb3/element/0.1353079470869718-1/click HTTP/1.1
02-06-2018 18:07:50 MainClientExec.java DEBUG [Forwarding clickElement on session 5dbd82ad703f7e58e34eecf1f98eabb3 to remote] execchain.MainClientExec 261 - Target auth state: UNCHALLENGED
02-06-2018 18:07:50 MainClientExec.java DEBUG [Forwarding clickElement on session 5dbd82ad703f7e58e34eecf1f98eabb3 to remote] execchain.MainClientExec 267 - Proxy auth state: UNCHALLENGED
02-06-2018 18:07:50 LoggingManagedHttpClientConnection.java DEBUG [Forwarding clickElement on session 5dbd82ad703f7e58e34eecf1f98eabb3 to remote] http.headers 133 - http-outgoing-179 >> POST /session/5dbd82ad703f7e58e34eecf1f98eabb3/element/0.1353079470869718-1/click HTTP/1.1
02-06-2018 18:07:50 LoggingManagedHttpClientConnection.java DEBUG [Forwarding clickElement on session 5dbd82ad703f7e58e34eecf1f98eabb3 to remote] http.headers 136 - http-outgoing-179 >> Content-Type: application/json; charset=utf-8
02-06-2018 18:07:50 LoggingManagedHttpClientConnection.java DEBUG [Forwarding clickElement on session 5dbd82ad703f7e58e34eecf1f98eabb3 to remote] http.headers 136 - http-outgoing-179 >> Content-Length: 29
02-06-2018 18:07:50 LoggingManagedHttpClientConnection.java DEBUG [Forwarding clickElement on session 5dbd82ad703f7e58e34eecf1f98eabb3 to remote] http.headers 136 - http-outgoing-179 >> Host: localhost:36586
02-06-2018 18:07:50 LoggingManagedHttpClientConnection.java DEBUG [Forwarding clickElement on session 5dbd82ad703f7e58e34eecf1f98eabb3 to remote] http.headers 136 - http-outgoing-179 >> Connection: Keep-Alive
02-06-2018 18:07:50 LoggingManagedHttpClientConnection.java DEBUG [Forwarding clickElement on session 5dbd82ad703f7e58e34eecf1f98eabb3 to remote] http.headers 136 - http-outgoing-179 >> User-Agent: Apache-HttpClient/4.5.3 (Java/1.8.0_151)
02-06-2018 18:07:50 LoggingManagedHttpClientConnection.java DEBUG [Forwarding clickElement on session 5dbd82ad703f7e58e34eecf1f98eabb3 to remote] http.headers 136 - http-outgoing-179 >> Accept-Encoding: gzip,deflate
02-06-2018 18:07:50 Wire.java DEBUG [Forwarding clickElement on session 5dbd82ad703f7e58e34eecf1f98eabb3 to remote] http.wire 73 - http-outgoing-179 >> "POST /session/5dbd82ad703f7e58e34eecf1f98eabb3/element/0.1353079470869718-1/click HTTP/1.1[\r][\n]"
02-06-2018 18:07:50 Wire.java DEBUG [Forwarding clickElement on session 5dbd82ad703f7e58e34eecf1f98eabb3 to remote] http.wire 73 - http-outgoing-179 >> "Content-Type: application/json; charset=utf-8[\r][\n]"
02-06-2018 18:07:50 Wire.java DEBUG [Forwarding clickElement on session 5dbd82ad703f7e58e34eecf1f98eabb3 to remote] http.wire 73 - http-outgoing-179 >> "Content-Length: 29[\r][\n]"
02-06-2018 18:07:50 Wire.java DEBUG [Forwarding clickElement on session 5dbd82ad703f7e58e34eecf1f98eabb3 to remote] http.wire 73 - http-outgoing-179 >> "Host: localhost:36586[\r][\n]"
02-06-2018 18:07:50 Wire.java DEBUG [Forwarding clickElement on session 5dbd82ad703f7e58e34eecf1f98eabb3 to remote] http.wire 73 - http-outgoing-179 >> "Connection: Keep-Alive[\r][\n]"
02-06-2018 18:07:50 Wire.java DEBUG [Forwarding clickElement on session 5dbd82ad703f7e58e34eecf1f98eabb3 to remote] http.wire 73 - http-outgoing-179 >> "User-Agent: Apache-HttpClient/4.5.3 (Java/1.8.0_151)[\r][\n]"
02-06-2018 18:07:50 Wire.java DEBUG [Forwarding clickElement on session 5dbd82ad703f7e58e34eecf1f98eabb3 to remote] http.wire 73 - http-outgoing-179 >> "Accept-Encoding: gzip,deflate[\r][\n]"
02-06-2018 18:07:50 Wire.java DEBUG [Forwarding clickElement on session 5dbd82ad703f7e58e34eecf1f98eabb3 to remote] http.wire 73 - http-outgoing-179 >> "[\r][\n]"
02-06-2018 18:07:50 Wire.java DEBUG [Forwarding clickElement on session 5dbd82ad703f7e58e34eecf1f98eabb3 to remote] http.wire 87 - http-outgoing-179 >> "{"id":"0.1353079470869718-1"}"
02-06-2018 18:07:53 Wire.java DEBUG [Forwarding clickElement on session 5dbd82ad703f7e58e34eecf1f98eabb3 to remote] http.wire 73 - http-outgoing-179 << "HTTP/1.1 200 OK[\r][\n]"
02-06-2018 18:07:53 Wire.java DEBUG [Forwarding clickElement on session 5dbd82ad703f7e58e34eecf1f98eabb3 to remote] http.wire 73 - http-outgoing-179 << "Content-Length:72[\r][\n]"
02-06-2018 18:07:53 Wire.java DEBUG [Forwarding clickElement on session 5dbd82ad703f7e58e34eecf1f98eabb3 to remote] http.wire 73 - http-outgoing-179 << "Content-Type:application/json; charset=utf-8[\r][\n]"
02-06-2018 18:07:53 Wire.java DEBUG [Forwarding clickElement on session 5dbd82ad703f7e58e34eecf1f98eabb3 to remote] http.wire 73 - http-outgoing-179 << "Connection:close[\r][\n]"
02-06-2018 18:07:53 Wire.java DEBUG [Forwarding clickElement on session 5dbd82ad703f7e58e34eecf1f98eabb3 to remote] http.wire 73 - http-outgoing-179 << "[\r][\n]"
02-06-2018 18:07:53 Wire.java DEBUG [Forwarding clickElement on session 5dbd82ad703f7e58e34eecf1f98eabb3 to remote] http.wire 87 - http-outgoing-179 << "{"sessionId":"5dbd82ad703f7e58e34eecf1f98eabb3","status":0,"value":null}"
02-06-2018 18:07:53 LoggingManagedHttpClientConnection.java DEBUG [Forwarding clickElement on session 5dbd82ad703f7e58e34eecf1f98eabb3 to remote] http.headers 122 - http-outgoing-179 << HTTP/1.1 200 OK
02-06-2018 18:07:53 LoggingManagedHttpClientConnection.java DEBUG [Forwarding clickElement on session 5dbd82ad703f7e58e34eecf1f98eabb3 to remote] http.headers 125 - http-outgoing-179 << Content-Length:72
02-06-2018 18:07:53 LoggingManagedHttpClientConnection.java DEBUG [Forwarding clickElement on session 5dbd82ad703f7e58e34eecf1f98eabb3 to remote] http.headers 125 - http-outgoing-179 << Content-Type:application/json; charset=utf-8
02-06-2018 18:07:53 LoggingManagedHttpClientConnection.java DEBUG [Forwarding clickElement on session 5dbd82ad703f7e58e34eecf1f98eabb3 to remote] http.headers 125 - http-outgoing-179 << Connection:close
02-06-2018 18:07:53 LoggingManagedHttpClientConnection.java DEBUG [Forwarding clickElement on session 5dbd82ad703f7e58e34eecf1f98eabb3 to remote] conn.DefaultManagedHttpClientConnection 79 - http-outgoing-179: Close connection
02-06-2018 18:07:53 ConnectionHolder.java DEBUG [Forwarding clickElement on session 5dbd82ad703f7e58e34eecf1f98eabb3 to remote] execchain.MainClientExec 104 - Connection discarded
02-06-2018 18:07:53 PoolingHttpClientConnectionManager.java DEBUG [Forwarding clickElement on session 5dbd82ad703f7e58e34eecf1f98eabb3 to remote] conn.PoolingHttpClientConnectionManager 326 - Connection released: [id: 179][route: {}->http://localhost:36586][total kept alive: 0; route allocated: 0 of 2000; total allocated: 0 of 2000]
02-06-2018 18:07:53 RequestAddCookies.java DEBUG [Forwarding findElement on session 5dbd82ad703f7e58e34eecf1f98eabb3 to remote] protocol.RequestAddCookies 123 - CookieSpec selected: default
02-06-2018 18:07:53 RequestAuthCache.java DEBUG [Forwarding findElement on session 5dbd82ad703f7e58e34eecf1f98eabb3 to remote] protocol.RequestAuthCache 77 - Auth cache not set in the context
02-06-2018 18:07:53 PoolingHttpClientConnectionManager.java DEBUG [Forwarding findElement on session 5dbd82ad703f7e58e34eecf1f98eabb3 to remote] conn.PoolingHttpClientConnectionManager 255 - Connection request: [route: {}->http://localhost:36586][total kept alive: 0; route allocated: 0 of 2000; total allocated: 0 of 2000]
02-06-2018 18:07:53 PoolingHttpClientConnectionManager.java DEBUG [Forwarding findElement on session 5dbd82ad703f7e58e34eecf1f98eabb3 to remote] conn.PoolingHttpClientConnectionManager 288 - Connection leased: [id: 180][route: {}->http://localhost:36586][total kept alive: 0; route allocated: 1 of 2000; total allocated: 1 of 2000]
02-06-2018 18:07:53 MainClientExec.java DEBUG [Forwarding findElement on session 5dbd82ad703f7e58e34eecf1f98eabb3 to remote] execchain.MainClientExec 235 - Opening connection {}->http://localhost:36586
02-06-2018 18:07:53 DefaultHttpClientConnectionOperator.java DEBUG [Forwarding findElement on session 5dbd82ad703f7e58e34eecf1f98eabb3 to remote] conn.DefaultHttpClientConnectionOperator 139 - Connecting to localhost/127.0.0.1:36586
02-06-2018 18:07:53 DefaultHttpClientConnectionOperator.java DEBUG [Forwarding findElement on session 5dbd82ad703f7e58e34eecf1f98eabb3 to remote] conn.DefaultHttpClientConnectionOperator 146 - Connection established 127.0.0.1:50668<->127.0.0.1:36586
02-06-2018 18:07:53 LoggingManagedHttpClientConnection.java DEBUG [Forwarding findElement on session 5dbd82ad703f7e58e34eecf1f98eabb3 to remote] conn.DefaultManagedHttpClientConnection 88 - http-outgoing-180: set socket timeout to 10800000
02-06-2018 18:07:53 MainClientExec.java DEBUG [Forwarding findElement on session 5dbd82ad703f7e58e34eecf1f98eabb3 to remote] execchain.MainClientExec 256 - Executing request POST /session/5dbd82ad703f7e58e34eecf1f98eabb3/element HTTP/1.1
02-06-2018 18:07:53 MainClientExec.java DEBUG [Forwarding findElement on session 5dbd82ad703f7e58e34eecf1f98eabb3 to remote] execchain.MainClientExec 261 - Target auth state: UNCHALLENGED
02-06-2018 18:07:53 MainClientExec.java DEBUG [Forwarding findElement on session 5dbd82ad703f7e58e34eecf1f98eabb3 to remote] execchain.MainClientExec 267 - Proxy auth state: UNCHALLENGED
02-06-2018 18:07:53 LoggingManagedHttpClientConnection.java DEBUG [Forwarding findElement on session 5dbd82ad703f7e58e34eecf1f98eabb3 to remote] http.headers 133 - http-outgoing-180 >> POST /session/5dbd82ad703f7e58e34eecf1f98eabb3/element HTTP/1.1
02-06-2018 18:07:53 LoggingManagedHttpClientConnection.java DEBUG [Forwarding findElement on session 5dbd82ad703f7e58e34eecf1f98eabb3 to remote] http.headers 136 - http-outgoing-180 >> Content-Type: application/json; charset=utf-8
02-06-2018 18:07:53 LoggingManagedHttpClientConnection.java DEBUG [Forwarding findElement on session 5dbd82ad703f7e58e34eecf1f98eabb3 to remote] http.headers 136 - http-outgoing-180 >> Content-Length: 29
02-06-2018 18:07:53 LoggingManagedHttpClientConnection.java DEBUG [Forwarding findElement on session 5dbd82ad703f7e58e34eecf1f98eabb3 to remote] http.headers 136 - http-outgoing-180 >> Host: localhost:36586
02-06-2018 18:07:53 LoggingManagedHttpClientConnection.java DEBUG [Forwarding findElement on session 5dbd82ad703f7e58e34eecf1f98eabb3 to remote] http.headers 136 - http-outgoing-180 >> Connection: Keep-Alive
02-06-2018 18:07:53 LoggingManagedHttpClientConnection.java DEBUG [Forwarding findElement on session 5dbd82ad703f7e58e34eecf1f98eabb3 to remote] http.headers 136 - http-outgoing-180 >> User-Agent: Apache-HttpClient/4.5.3 (Java/1.8.0_151)
02-06-2018 18:07:53 LoggingManagedHttpClientConnection.java DEBUG [Forwarding findElement on session 5dbd82ad703f7e58e34eecf1f98eabb3 to remote] http.headers 136 - http-outgoing-180 >> Accept-Encoding: gzip,deflate
02-06-2018 18:07:53 Wire.java DEBUG [Forwarding findElement on session 5dbd82ad703f7e58e34eecf1f98eabb3 to remote] http.wire 73 - http-outgoing-180 >> "POST /session/5dbd82ad703f7e58e34eecf1f98eabb3/element HTTP/1.1[\r][\n]"
02-06-2018 18:07:53 Wire.java DEBUG [Forwarding findElement on session 5dbd82ad703f7e58e34eecf1f98eabb3 to remote] http.wire 73 - http-outgoing-180 >> "Content-Type: application/json; charset=utf-8[\r][\n]"
02-06-2018 18:07:53 Wire.java DEBUG [Forwarding findElement on session 5dbd82ad703f7e58e34eecf1f98eabb3 to remote] http.wire 73 - http-outgoing-180 >> "Content-Length: 29[\r][\n]"
02-06-2018 18:07:53 Wire.java DEBUG [Forwarding findElement on session 5dbd82ad703f7e58e34eecf1f98eabb3 to remote] http.wire 73 - http-outgoing-180 >> "Host: localhost:36586[\r][\n]"
02-06-2018 18:07:53 Wire.java DEBUG [Forwarding findElement on session 5dbd82ad703f7e58e34eecf1f98eabb3 to remote] http.wire 73 - http-outgoing-180 >> "Connection: Keep-Alive[\r][\n]"
02-06-2018 18:07:53 Wire.java DEBUG [Forwarding findElement on session 5dbd82ad703f7e58e34eecf1f98eabb3 to remote] http.wire 73 - http-outgoing-180 >> "User-Agent: Apache-HttpClient/4.5.3 (Java/1.8.0_151)[\r][\n]"
02-06-2018 18:07:53 Wire.java DEBUG [Forwarding findElement on session 5dbd82ad703f7e58e34eecf1f98eabb3 to remote] http.wire 73 - http-outgoing-180 >> "Accept-Encoding: gzip,deflate[\r][\n]"
02-06-2018 18:07:53 Wire.java DEBUG [Forwarding findElement on session 5dbd82ad703f7e58e34eecf1f98eabb3 to remote] http.wire 73 - http-outgoing-180 >> "[\r][\n]"
02-06-2018 18:07:53 Wire.java DEBUG [Forwarding findElement on session 5dbd82ad703f7e58e34eecf1f98eabb3 to remote] http.wire 87 - http-outgoing-180 >> "{"using":"id","value":"name"}"
02-06-2018 18:07:54 Wire.java DEBUG [Forwarding findElement on session 5dbd82ad703f7e58e34eecf1f98eabb3 to remote] http.wire 73 - http-outgoing-180 << "HTTP/1.1 200 OK[\r][\n]"
02-06-2018 18:07:54 Wire.java DEBUG [Forwarding findElement on session 5dbd82ad703f7e58e34eecf1f98eabb3 to remote] http.wire 73 - http-outgoing-180 << "Content-Length:102[\r][\n]"
02-06-2018 18:07:54 Wire.java DEBUG [Forwarding findElement on session 5dbd82ad703f7e58e34eecf1f98eabb3 to remote] http.wire 73 - http-outgoing-180 << "Content-Type:application/json; charset=utf-8[\r][\n]"
02-06-2018 18:07:54 Wire.java DEBUG [Forwarding findElement on session 5dbd82ad703f7e58e34eecf1f98eabb3 to remote] http.wire 73 - http-outgoing-180 << "Connection:close[\r][\n]"
02-06-2018 18:07:54 Wire.java DEBUG [Forwarding findElement on session 5dbd82ad703f7e58e34eecf1f98eabb3 to remote] http.wire 73 - http-outgoing-180 << "[\r][\n]"
02-06-2018 18:07:54 Wire.java DEBUG [Forwarding findElement on session 5dbd82ad703f7e58e34eecf1f98eabb3 to remote] http.wire 87 - http-outgoing-180 << "{"sessionId":"5dbd82ad703f7e58e34eecf1f98eabb3","status":0,"value":{"ELEMENT":"0.3168487501185526-1"}}"
02-06-2018 18:07:54 LoggingManagedHttpClientConnection.java DEBUG [Forwarding findElement on session 5dbd82ad703f7e58e34eecf1f98eabb3 to remote] http.headers 122 - http-outgoing-180 << HTTP/1.1 200 OK
02-06-2018 18:07:54 LoggingManagedHttpClientConnection.java DEBUG [Forwarding findElement on session 5dbd82ad703f7e58e34eecf1f98eabb3 to remote] http.headers 125 - http-outgoing-180 << Content-Length:102
02-06-2018 18:07:54 LoggingManagedHttpClientConnection.java DEBUG [Forwarding findElement on session 5dbd82ad703f7e58e34eecf1f98eabb3 to remote] http.headers 125 - http-outgoing-180 << Content-Type:application/json; charset=utf-8
02-06-2018 18:07:54 LoggingManagedHttpClientConnection.java DEBUG [Forwarding findElement on session 5dbd82ad703f7e58e34eecf1f98eabb3 to remote] http.headers 125 - http-outgoing-180 << Connection:close
02-06-2018 18:07:54 LoggingManagedHttpClientConnection.java DEBUG [Forwarding findElement on session 5dbd82ad703f7e58e34eecf1f98eabb3 to remote] conn.DefaultManagedHttpClientConnection 79 - http-outgoing-180: Close connection
02-06-2018 18:07:54 ConnectionHolder.java DEBUG [Forwarding findElement on session 5dbd82ad703f7e58e34eecf1f98eabb3 to remote] execchain.MainClientExec 104 - Connection discarded
02-06-2018 18:07:54 PoolingHttpClientConnectionManager.java DEBUG [Forwarding findElement on session 5dbd82ad703f7e58e34eecf1f98eabb3 to remote] conn.PoolingHttpClientConnectionManager 326 - Connection released: [id: 180][route: {}->http://localhost:36586][total kept alive: 0; route allocated: 0 of 2000; total allocated: 0 of 2000]
02-06-2018 18:07:54 RequestAddCookies.java DEBUG [Forwarding executeScript on session 5dbd82ad703f7e58e34eecf1f98eabb3 to remote] protocol.RequestAddCookies 123 - CookieSpec selected: default
02-06-2018 18:07:54 RequestAuthCache.java DEBUG [Forwarding executeScript on session 5dbd82ad703f7e58e34eecf1f98eabb3 to remote] protocol.RequestAuthCache 77 - Auth cache not set in the context
02-06-2018 18:07:54 PoolingHttpClientConnectionManager.java DEBUG [Forwarding executeScript on session 5dbd82ad703f7e58e34eecf1f98eabb3 to remote] conn.PoolingHttpClientConnectionManager 255 - Connection request: [route: {}->http://localhost:36586][total kept alive: 0; route allocated: 0 of 2000; total allocated: 0 of 2000]
02-06-2018 18:07:54 PoolingHttpClientConnectionManager.java DEBUG [Forwarding executeScript on session 5dbd82ad703f7e58e34eecf1f98eabb3 to remote] conn.PoolingHttpClientConnectionManager 288 - Connection leased: [id: 181][route: {}->http://localhost:36586][total kept alive: 0; route allocated: 1 of 2000; total allocated: 1 of 2000]
02-06-2018 18:07:54 MainClientExec.java DEBUG [Forwarding executeScript on session 5dbd82ad703f7e58e34eecf1f98eabb3 to remote] execchain.MainClientExec 235 - Opening connection {}->http://localhost:36586
02-06-2018 18:07:54 DefaultHttpClientConnectionOperator.java DEBUG [Forwarding executeScript on session 5dbd82ad703f7e58e34eecf1f98eabb3 to remote] conn.DefaultHttpClientConnectionOperator 139 - Connecting to localhost/127.0.0.1:36586
02-06-2018 18:07:54 DefaultHttpClientConnectionOperator.java DEBUG [Forwarding executeScript on session 5dbd82ad703f7e58e34eecf1f98eabb3 to remote] conn.DefaultHttpClientConnectionOperator 146 - Connection established 127.0.0.1:50669<->127.0.0.1:36586
02-06-2018 18:07:54 LoggingManagedHttpClientConnection.java DEBUG [Forwarding executeScript on session 5dbd82ad703f7e58e34eecf1f98eabb3 to remote] conn.DefaultManagedHttpClientConnection 88 - http-outgoing-181: set socket timeout to 10800000
02-06-2018 18:07:54 MainClientExec.java DEBUG [Forwarding executeScript on session 5dbd82ad703f7e58e34eecf1f98eabb3 to remote] execchain.MainClientExec 256 - Executing request POST /session/5dbd82ad703f7e58e34eecf1f98eabb3/execute HTTP/1.1
02-06-2018 18:07:54 MainClientExec.java DEBUG [Forwarding executeScript on session 5dbd82ad703f7e58e34eecf1f98eabb3 to remote] execchain.MainClientExec 261 - Target auth state: UNCHALLENGED
02-06-2018 18:07:54 MainClientExec.java DEBUG [Forwarding executeScript on session 5dbd82ad703f7e58e34eecf1f98eabb3 to remote] execchain.MainClientExec 267 - Proxy auth state: UNCHALLENGED
02-06-2018 18:07:54 LoggingManagedHttpClientConnection.java DEBUG [Forwarding executeScript on session 5dbd82ad703f7e58e34eecf1f98eabb3 to remote] http.headers 133 - http-outgoing-181 >> POST /session/5dbd82ad703f7e58e34eecf1f98eabb3/execute HTTP/1.1
02-06-2018 18:07:54 LoggingManagedHttpClientConnection.java DEBUG [Forwarding executeScript on session 5dbd82ad703f7e58e34eecf1f98eabb3 to remote] http.headers 136 - http-outgoing-181 >> Content-Type: application/json; charset=utf-8
02-06-2018 18:07:54 LoggingManagedHttpClientConnection.java DEBUG [Forwarding executeScript on session 5dbd82ad703f7e58e34eecf1f98eabb3 to remote] http.headers 136 - http-outgoing-181 >> Content-Length: 139
02-06-2018 18:07:54 LoggingManagedHttpClientConnection.java DEBUG [Forwarding executeScript on session 5dbd82ad703f7e58e34eecf1f98eabb3 to remote] http.headers 136 - http-outgoing-181 >> Host: localhost:36586
02-06-2018 18:07:54 LoggingManagedHttpClientConnection.java DEBUG [Forwarding executeScript on session 5dbd82ad703f7e58e34eecf1f98eabb3 to remote] http.headers 136 - http-outgoing-181 >> Connection: Keep-Alive
02-06-2018 18:07:54 LoggingManagedHttpClientConnection.java DEBUG [Forwarding executeScript on session 5dbd82ad703f7e58e34eecf1f98eabb3 to remote] http.headers 136 - http-outgoing-181 >> User-Agent: Apache-HttpClient/4.5.3 (Java/1.8.0_151)
02-06-2018 18:07:54 LoggingManagedHttpClientConnection.java DEBUG [Forwarding executeScript on session 5dbd82ad703f7e58e34eecf1f98eabb3 to remote] http.headers 136 - http-outgoing-181 >> Accept-Encoding: gzip,deflate
02-06-2018 18:07:54 Wire.java DEBUG [Forwarding executeScript on session 5dbd82ad703f7e58e34eecf1f98eabb3 to remote] http.wire 73 - http-outgoing-181 >> "POST /session/5dbd82ad703f7e58e34eecf1f98eabb3/execute HTTP/1.1[\r][\n]"
02-06-2018 18:07:54 Wire.java DEBUG [Forwarding executeScript on session 5dbd82ad703f7e58e34eecf1f98eabb3 to remote] http.wire 73 - http-outgoing-181 >> "Content-Type: application/json; charset=utf-8[\r][\n]"
02-06-2018 18:07:54 Wire.java DEBUG [Forwarding executeScript on session 5dbd82ad703f7e58e34eecf1f98eabb3 to remote] http.wire 73 - http-outgoing-181 >> "Content-Length: 139[\r][\n]"
02-06-2018 18:07:54 Wire.java DEBUG [Forwarding executeScript on session 5dbd82ad703f7e58e34eecf1f98eabb3 to remote] http.wire 73 - http-outgoing-181 >> "Host: localhost:36586[\r][\n]"
02-06-2018 18:07:54 Wire.java DEBUG [Forwarding executeScript on session 5dbd82ad703f7e58e34eecf1f98eabb3 to remote] http.wire 73 - http-outgoing-181 >> "Connection: Keep-Alive[\r][\n]"
02-06-2018 18:07:54 Wire.java DEBUG [Forwarding executeScript on session 5dbd82ad703f7e58e34eecf1f98eabb3 to remote] http.wire 73 - http-outgoing-181 >> "User-Agent: Apache-HttpClient/4.5.3 (Java/1.8.0_151)[\r][\n]"
02-06-2018 18:07:54 Wire.java DEBUG [Forwarding executeScript on session 5dbd82ad703f7e58e34eecf1f98eabb3 to remote] http.wire 73 - http-outgoing-181 >> "Accept-Encoding: gzip,deflate[\r][\n]"
02-06-2018 18:07:54 Wire.java DEBUG [Forwarding executeScript on session 5dbd82ad703f7e58e34eecf1f98eabb3 to remote] http.wire 73 - http-outgoing-181 >> "[\r][\n]"
02-06-2018 18:07:54 Wire.java DEBUG [Forwarding executeScript on session 5dbd82ad703f7e58e34eecf1f98eabb3 to remote] http.wire 87 - http-outgoing-181 >> "{"script":"arguments[0].click();","args":[{"ELEMENT":"0.3168487501185526-1","element-6066-11e4-a52e-4f735466cecf":"0.3168487501185526-1"}]}"
02-06-2018 18:07:54 Wire.java DEBUG [Forwarding executeScript on session 5dbd82ad703f7e58e34eecf1f98eabb3 to remote] http.wire 73 - http-outgoing-181 << "HTTP/1.1 200 OK[\r][\n]"
02-06-2018 18:07:54 Wire.java DEBUG [Forwarding executeScript on session 5dbd82ad703f7e58e34eecf1f98eabb3 to remote] http.wire 73 - http-outgoing-181 << "Content-Length:72[\r][\n]"
02-06-2018 18:07:54 Wire.java DEBUG [Forwarding executeScript on session 5dbd82ad703f7e58e34eecf1f98eabb3 to remote] http.wire 73 - http-outgoing-181 << "Content-Type:application/json; charset=utf-8[\r][\n]"
02-06-2018 18:07:54 Wire.java DEBUG [Forwarding executeScript on session 5dbd82ad703f7e58e34eecf1f98eabb3 to remote] http.wire 73 - http-outgoing-181 << "Connection:close[\r][\n]"
02-06-2018 18:07:54 Wire.java DEBUG [Forwarding executeScript on session 5dbd82ad703f7e58e34eecf1f98eabb3 to remote] http.wire 73 - http-outgoing-181 << "[\r][\n]"
02-06-2018 18:07:54 Wire.java DEBUG [Forwarding executeScript on session 5dbd82ad703f7e58e34eecf1f98eabb3 to remote] http.wire 87 - http-outgoing-181 << "{"sessionId":"5dbd82ad703f7e58e34eecf1f98eabb3","status":0,"value":null}"
02-06-2018 18:07:54 LoggingManagedHttpClientConnection.java DEBUG [Forwarding executeScript on session 5dbd82ad703f7e58e34eecf1f98eabb3 to remote] http.headers 122 - http-outgoing-181 << HTTP/1.1 200 OK
02-06-2018 18:07:54 LoggingManagedHttpClientConnection.java DEBUG [Forwarding executeScript on session 5dbd82ad703f7e58e34eecf1f98eabb3 to remote] http.headers 125 - http-outgoing-181 << Content-Length:72
02-06-2018 18:07:54 LoggingManagedHttpClientConnection.java DEBUG [Forwarding executeScript on session 5dbd82ad703f7e58e34eecf1f98eabb3 to remote] http.headers 125 - http-outgoing-181 << Content-Type:application/json; charset=utf-8
02-06-2018 18:07:54 LoggingManagedHttpClientConnection.java DEBUG [Forwarding executeScript on session 5dbd82ad703f7e58e34eecf1f98eabb3 to remote] http.headers 125 - http-outgoing-181 << Connection:close
02-06-2018 18:07:54 LoggingManagedHttpClientConnection.java DEBUG [Forwarding executeScript on session 5dbd82ad703f7e58e34eecf1f98eabb3 to remote] conn.DefaultManagedHttpClientConnection 79 - http-outgoing-181: Close connection
02-06-2018 18:07:54 ConnectionHolder.java DEBUG [Forwarding executeScript on session 5dbd82ad703f7e58e34eecf1f98eabb3 to remote] execchain.MainClientExec 104 - Connection discarded
02-06-2018 18:07:54 PoolingHttpClientConnectionManager.java DEBUG [Forwarding executeScript on session 5dbd82ad703f7e58e34eecf1f98eabb3 to remote] conn.PoolingHttpClientConnectionManager 326 - Connection released: [id: 181][route: {}->http://localhost:36586][total kept alive: 0; route allocated: 0 of 2000; total allocated: 0 of 2000]
02-06-2018 18:07:54 RequestAddCookies.java DEBUG [Forwarding findElement on session 5dbd82ad703f7e58e34eecf1f98eabb3 to remote] protocol.RequestAddCookies 123 - CookieSpec selected: default
02-06-2018 18:07:54 RequestAuthCache.java DEBUG [Forwarding findElement on session 5dbd82ad703f7e58e34eecf1f98eabb3 to remote] protocol.RequestAuthCache 77 - Auth cache not set in the context
02-06-2018 18:07:54 PoolingHttpClientConnectionManager.java DEBUG [Forwarding findElement on session 5dbd82ad703f7e58e34eecf1f98eabb3 to remote] conn.PoolingHttpClientConnectionManager 255 - Connection request: [route: {}->http://localhost:36586][total kept alive: 0; route allocated: 0 of 2000; total allocated: 0 of 2000]
02-06-2018 18:07:54 PoolingHttpClientConnectionManager.java DEBUG [Forwarding findElement on session 5dbd82ad703f7e58e34eecf1f98eabb3 to remote] conn.PoolingHttpClientConnectionManager 288 - Connection leased: [id: 182][route: {}->http://localhost:36586][total kept alive: 0; route allocated: 1 of 2000; total allocated: 1 of 2000]
02-06-2018 18:07:54 MainClientExec.java DEBUG [Forwarding findElement on session 5dbd82ad703f7e58e34eecf1f98eabb3 to remote] execchain.MainClientExec 235 - Opening connection {}->http://localhost:36586
02-06-2018 18:07:54 DefaultHttpClientConnectionOperator.java DEBUG [Forwarding findElement on session 5dbd82ad703f7e58e34eecf1f98eabb3 to remote] conn.DefaultHttpClientConnectionOperator 139 - Connecting to localhost/127.0.0.1:36586
02-06-2018 18:07:54 DefaultHttpClientConnectionOperator.java DEBUG [Forwarding findElement on session 5dbd82ad703f7e58e34eecf1f98eabb3 to remote] conn.DefaultHttpClientConnectionOperator 146 - Connection established 127.0.0.1:50670<->127.0.0.1:36586
02-06-2018 18:07:54 LoggingManagedHttpClientConnection.java DEBUG [Forwarding findElement on session 5dbd82ad703f7e58e34eecf1f98eabb3 to remote] conn.DefaultManagedHttpClientConnection 88 - http-outgoing-182: set socket timeout to 10800000
02-06-2018 18:07:54 MainClientExec.java DEBUG [Forwarding findElement on session 5dbd82ad703f7e58e34eecf1f98eabb3 to remote] execchain.MainClientExec 256 - Executing request POST /session/5dbd82ad703f7e58e34eecf1f98eabb3/element HTTP/1.1
02-06-2018 18:07:54 MainClientExec.java DEBUG [Forwarding findElement on session 5dbd82ad703f7e58e34eecf1f98eabb3 to remote] execchain.MainClientExec 261 - Target auth state: UNCHALLENGED
02-06-2018 18:07:54 MainClientExec.java DEBUG [Forwarding findElement on session 5dbd82ad703f7e58e34eecf1f98eabb3 to remote] execchain.MainClientExec 267 - Proxy auth state: UNCHALLENGED
02-06-2018 18:07:54 LoggingManagedHttpClientConnection.java DEBUG [Forwarding findElement on session 5dbd82ad703f7e58e34eecf1f98eabb3 to remote] http.headers 133 - http-outgoing-182 >> POST /session/5dbd82ad703f7e58e34eecf1f98eabb3/element HTTP/1.1
02-06-2018 18:07:54 LoggingManagedHttpClientConnection.java DEBUG [Forwarding findElement on session 5dbd82ad703f7e58e34eecf1f98eabb3 to remote] http.headers 136 - http-outgoing-182 >> Content-Type: application/json; charset=utf-8
02-06-2018 18:07:54 LoggingManagedHttpClientConnection.java DEBUG [Forwarding findElement on session 5dbd82ad703f7e58e34eecf1f98eabb3 to remote] http.headers 136 - http-outgoing-182 >> Content-Length: 29
02-06-2018 18:07:54 LoggingManagedHttpClientConnection.java DEBUG [Forwarding findElement on session 5dbd82ad703f7e58e34eecf1f98eabb3 to remote] http.headers 136 - http-outgoing-182 >> Host: localhost:36586
02-06-2018 18:07:54 LoggingManagedHttpClientConnection.java DEBUG [Forwarding findElement on session 5dbd82ad703f7e58e34eecf1f98eabb3 to remote] http.headers 136 - http-outgoing-182 >> Connection: Keep-Alive
02-06-2018 18:07:54 LoggingManagedHttpClientConnection.java DEBUG [Forwarding findElement on session 5dbd82ad703f7e58e34eecf1f98eabb3 to remote] http.headers 136 - http-outgoing-182 >> User-Agent: Apache-HttpClient/4.5.3 (Java/1.8.0_151)
02-06-2018 18:07:54 LoggingManagedHttpClientConnection.java DEBUG [Forwarding findElement on session 5dbd82ad703f7e58e34eecf1f98eabb3 to remote] http.headers 136 - http-outgoing-182 >> Accept-Encoding: gzip,deflate
02-06-2018 18:07:54 Wire.java DEBUG [Forwarding findElement on session 5dbd82ad703f7e58e34eecf1f98eabb3 to remote] http.wire 73 - http-outgoing-182 >> "POST /session/5dbd82ad703f7e58e34eecf1f98eabb3/element HTTP/1.1[\r][\n]"
02-06-2018 18:07:54 Wire.java DEBUG [Forwarding findElement on session 5dbd82ad703f7e58e34eecf1f98eabb3 to remote] http.wire 73 - http-outgoing-182 >> "Content-Type: application/json; charset=utf-8[\r][\n]"
02-06-2018 18:07:54 Wire.java DEBUG [Forwarding findElement on session 5dbd82ad703f7e58e34eecf1f98eabb3 to remote] http.wire 73 - http-outgoing-182 >> "Content-Length: 29[\r][\n]"
02-06-2018 18:07:54 Wire.java DEBUG [Forwarding findElement on session 5dbd82ad703f7e58e34eecf1f98eabb3 to remote] http.wire 73 - http-outgoing-182 >> "Host: localhost:36586[\r][\n]"
02-06-2018 18:07:54 Wire.java DEBUG [Forwarding findElement on session 5dbd82ad703f7e58e34eecf1f98eabb3 to remote] http.wire 73 - http-outgoing-182 >> "Connection: Keep-Alive[\r][\n]"
02-06-2018 18:07:54 Wire.java DEBUG [Forwarding findElement on session 5dbd82ad703f7e58e34eecf1f98eabb3 to remote] http.wire 73 - http-outgoing-182 >> "User-Agent: Apache-HttpClient/4.5.3 (Java/1.8.0_151)[\r][\n]"
02-06-2018 18:07:54 Wire.java DEBUG [Forwarding findElement on session 5dbd82ad703f7e58e34eecf1f98eabb3 to remote] http.wire 73 - http-outgoing-182 >> "Accept-Encoding: gzip,deflate[\r][\n]"
02-06-2018 18:07:54 Wire.java DEBUG [Forwarding findElement on session 5dbd82ad703f7e58e34eecf1f98eabb3 to remote] http.wire 73 - http-outgoing-182 >> "[\r][\n]"
02-06-2018 18:07:54 Wire.java DEBUG [Forwarding findElement on session 5dbd82ad703f7e58e34eecf1f98eabb3 to remote] http.wire 87 - http-outgoing-182 >> "{"using":"id","value":"name"}"
02-06-2018 18:07:54 Wire.java DEBUG [Forwarding findElement on session 5dbd82ad703f7e58e34eecf1f98eabb3 to remote] http.wire 73 - http-outgoing-182 << "HTTP/1.1 200 OK[\r][\n]"
02-06-2018 18:07:54 Wire.java DEBUG [Forwarding findElement on session 5dbd82ad703f7e58e34eecf1f98eabb3 to remote] http.wire 73 - http-outgoing-182 << "Content-Length:102[\r][\n]"
02-06-2018 18:07:54 Wire.java DEBUG [Forwarding findElement on session 5dbd82ad703f7e58e34eecf1f98eabb3 to remote] http.wire 73 - http-outgoing-182 << "Content-Type:application/json; charset=utf-8[\r][\n]"
02-06-2018 18:07:54 Wire.java DEBUG [Forwarding findElement on session 5dbd82ad703f7e58e34eecf1f98eabb3 to remote] http.wire 73 - http-outgoing-182 << "Connection:close[\r][\n]"
02-06-2018 18:07:54 Wire.java DEBUG [Forwarding findElement on session 5dbd82ad703f7e58e34eecf1f98eabb3 to remote] http.wire 73 - http-outgoing-182 << "[\r][\n]"
02-06-2018 18:07:54 Wire.java DEBUG [Forwarding findElement on session 5dbd82ad703f7e58e34eecf1f98eabb3 to remote] http.wire 87 - http-outgoing-182 << "{"sessionId":"5dbd82ad703f7e58e34eecf1f98eabb3","status":0,"value":{"ELEMENT":"0.3168487501185526-1"}}"
02-06-2018 18:07:54 LoggingManagedHttpClientConnection.java DEBUG [Forwarding findElement on session 5dbd82ad703f7e58e34eecf1f98eabb3 to remote] http.headers 122 - http-outgoing-182 << HTTP/1.1 200 OK
02-06-2018 18:07:54 LoggingManagedHttpClientConnection.java DEBUG [Forwarding findElement on session 5dbd82ad703f7e58e34eecf1f98eabb3 to remote] http.headers 125 - http-outgoing-182 << Content-Length:102
02-06-2018 18:07:54 LoggingManagedHttpClientConnection.java DEBUG [Forwarding findElement on session 5dbd82ad703f7e58e34eecf1f98eabb3 to remote] http.headers 125 - http-outgoing-182 << Content-Type:application/json; charset=utf-8
02-06-2018 18:07:54 LoggingManagedHttpClientConnection.java DEBUG [Forwarding findElement on session 5dbd82ad703f7e58e34eecf1f98eabb3 to remote] http.headers 125 - http-outgoing-182 << Connection:close
02-06-2018 18:07:54 LoggingManagedHttpClientConnection.java DEBUG [Forwarding findElement on session 5dbd82ad703f7e58e34eecf1f98eabb3 to remote] conn.DefaultManagedHttpClientConnection 79 - http-outgoing-182: Close connection
02-06-2018 18:07:54 ConnectionHolder.java DEBUG [Forwarding findElement on session 5dbd82ad703f7e58e34eecf1f98eabb3 to remote] execchain.MainClientExec 104 - Connection discarded
02-06-2018 18:07:54 PoolingHttpClientConnectionManager.java DEBUG [Forwarding findElement on session 5dbd82ad703f7e58e34eecf1f98eabb3 to remote] conn.PoolingHttpClientConnectionManager 326 - Connection released: [id: 182][route: {}->http://localhost:36586][total kept alive: 0; route allocated: 0 of 2000; total allocated: 0 of 2000]
02-06-2018 18:07:54 RequestAddCookies.java DEBUG [Forwarding sendKeysToElement on session 5dbd82ad703f7e58e34eecf1f98eabb3 to remote] protocol.RequestAddCookies 123 - CookieSpec selected: default
02-06-2018 18:07:54 RequestAuthCache.java DEBUG [Forwarding sendKeysToElement on session 5dbd82ad703f7e58e34eecf1f98eabb3 to remote] protocol.RequestAuthCache 77 - Auth cache not set in the context
02-06-2018 18:07:54 PoolingHttpClientConnectionManager.java DEBUG [Forwarding sendKeysToElement on session 5dbd82ad703f7e58e34eecf1f98eabb3 to remote] conn.PoolingHttpClientConnectionManager 255 - Connection request: [route: {}->http://localhost:36586][total kept alive: 0; route allocated: 0 of 2000; total allocated: 0 of 2000]
02-06-2018 18:07:54 PoolingHttpClientConnectionManager.java DEBUG [Forwarding sendKeysToElement on session 5dbd82ad703f7e58e34eecf1f98eabb3 to remote] conn.PoolingHttpClientConnectionManager 288 - Connection leased: [id: 183][route: {}->http://localhost:36586][total kept alive: 0; route allocated: 1 of 2000; total allocated: 1 of 2000]
02-06-2018 18:07:54 MainClientExec.java DEBUG [Forwarding sendKeysToElement on session 5dbd82ad703f7e58e34eecf1f98eabb3 to remote] execchain.MainClientExec 235 - Opening connection {}->http://localhost:36586
02-06-2018 18:07:54 DefaultHttpClientConnectionOperator.java DEBUG [Forwarding sendKeysToElement on session 5dbd82ad703f7e58e34eecf1f98eabb3 to remote] conn.DefaultHttpClientConnectionOperator 139 - Connecting to localhost/127.0.0.1:36586
02-06-2018 18:07:54 DefaultHttpClientConnectionOperator.java DEBUG [Forwarding sendKeysToElement on session 5dbd82ad703f7e58e34eecf1f98eabb3 to remote] conn.DefaultHttpClientConnectionOperator 146 - Connection established 127.0.0.1:50671<->127.0.0.1:36586
02-06-2018 18:07:54 LoggingManagedHttpClientConnection.java DEBUG [Forwarding sendKeysToElement on session 5dbd82ad703f7e58e34eecf1f98eabb3 to remote] conn.DefaultManagedHttpClientConnection 88 - http-outgoing-183: set socket timeout to 10800000
02-06-2018 18:07:54 MainClientExec.java DEBUG [Forwarding sendKeysToElement on session 5dbd82ad703f7e58e34eecf1f98eabb3 to remote] execchain.MainClientExec 256 - Executing request POST /session/5dbd82ad703f7e58e34eecf1f98eabb3/element/0.3168487501185526-1/value HTTP/1.1
02-06-2018 18:07:54 MainClientExec.java DEBUG [Forwarding sendKeysToElement on session 5dbd82ad703f7e58e34eecf1f98eabb3 to remote] execchain.MainClientExec 261 - Target auth state: UNCHALLENGED
02-06-2018 18:07:54 MainClientExec.java DEBUG [Forwarding sendKeysToElement on session 5dbd82ad703f7e58e34eecf1f98eabb3 to remote] execchain.MainClientExec 267 - Proxy auth state: UNCHALLENGED
02-06-2018 18:07:54 LoggingManagedHttpClientConnection.java DEBUG [Forwarding sendKeysToElement on session 5dbd82ad703f7e58e34eecf1f98eabb3 to remote] http.headers 133 - http-outgoing-183 >> POST /session/5dbd82ad703f7e58e34eecf1f98eabb3/element/0.3168487501185526-1/value HTTP/1.1
02-06-2018 18:07:54 LoggingManagedHttpClientConnection.java DEBUG [Forwarding sendKeysToElement on session 5dbd82ad703f7e58e34eecf1f98eabb3 to remote] http.headers 136 - http-outgoing-183 >> Content-Type: application/json; charset=utf-8
02-06-2018 18:07:54 LoggingManagedHttpClientConnection.java DEBUG [Forwarding sendKeysToElement on session 5dbd82ad703f7e58e34eecf1f98eabb3 to remote] http.headers 136 - http-outgoing-183 >> Content-Length: 47
02-06-2018 18:07:54 LoggingManagedHttpClientConnection.java DEBUG [Forwarding sendKeysToElement on session 5dbd82ad703f7e58e34eecf1f98eabb3 to remote] http.headers 136 - http-outgoing-183 >> Host: localhost:36586
02-06-2018 18:07:54 LoggingManagedHttpClientConnection.java DEBUG [Forwarding sendKeysToElement on session 5dbd82ad703f7e58e34eecf1f98eabb3 to remote] http.headers 136 - http-outgoing-183 >> Connection: Keep-Alive
02-06-2018 18:07:54 LoggingManagedHttpClientConnection.java DEBUG [Forwarding sendKeysToElement on session 5dbd82ad703f7e58e34eecf1f98eabb3 to remote] http.headers 136 - http-outgoing-183 >> User-Agent: Apache-HttpClient/4.5.3 (Java/1.8.0_151)
02-06-2018 18:07:54 LoggingManagedHttpClientConnection.java DEBUG [Forwarding sendKeysToElement on session 5dbd82ad703f7e58e34eecf1f98eabb3 to remote] http.headers 136 - http-outgoing-183 >> Accept-Encoding: gzip,deflate
02-06-2018 18:07:54 Wire.java DEBUG [Forwarding sendKeysToElement on session 5dbd82ad703f7e58e34eecf1f98eabb3 to remote] http.wire 73 - http-outgoing-183 >> "POST /session/5dbd82ad703f7e58e34eecf1f98eabb3/element/0.3168487501185526-1/value HTTP/1.1[\r][\n]"
02-06-2018 18:07:54 Wire.java DEBUG [Forwarding sendKeysToElement on session 5dbd82ad703f7e58e34eecf1f98eabb3 to remote] http.wire 73 - http-outgoing-183 >> "Content-Type: application/json; charset=utf-8[\r][\n]"
02-06-2018 18:07:54 Wire.java DEBUG [Forwarding sendKeysToElement on session 5dbd82ad703f7e58e34eecf1f98eabb3 to remote] http.wire 73 - http-outgoing-183 >> "Content-Length: 47[\r][\n]"
02-06-2018 18:07:54 Wire.java DEBUG [Forwarding sendKeysToElement on session 5dbd82ad703f7e58e34eecf1f98eabb3 to remote] http.wire 73 - http-outgoing-183 >> "Host: localhost:36586[\r][\n]"
02-06-2018 18:07:54 Wire.java DEBUG [Forwarding sendKeysToElement on session 5dbd82ad703f7e58e34eecf1f98eabb3 to remote] http.wire 73 - http-outgoing-183 >> "Connection: Keep-Alive[\r][\n]"
02-06-2018 18:07:54 Wire.java DEBUG [Forwarding sendKeysToElement on session 5dbd82ad703f7e58e34eecf1f98eabb3 to remote] http.wire 73 - http-outgoing-183 >> "User-Agent: Apache-HttpClient/4.5.3 (Java/1.8.0_151)[\r][\n]"
02-06-2018 18:07:54 Wire.java DEBUG [Forwarding sendKeysToElement on session 5dbd82ad703f7e58e34eecf1f98eabb3 to remote] http.wire 73 - http-outgoing-183 >> "Accept-Encoding: gzip,deflate[\r][\n]"
02-06-2018 18:07:54 Wire.java DEBUG [Forwarding sendKeysToElement on session 5dbd82ad703f7e58e34eecf1f98eabb3 to remote] http.wire 73 - http-outgoing-183 >> "[\r][\n]"
02-06-2018 18:07:54 Wire.java DEBUG [Forwarding sendKeysToElement on session 5dbd82ad703f7e58e34eecf1f98eabb3 to remote] http.wire 87 - http-outgoing-183 >> "{"id":"0.3168487501185526-1","value":["Teja2"]}"
02-06-2018 18:07:55 Wire.java DEBUG [Forwarding sendKeysToElement on session 5dbd82ad703f7e58e34eecf1f98eabb3 to remote] http.wire 73 - http-outgoing-183 << "HTTP/1.1 200 OK[\r][\n]"
02-06-2018 18:07:55 Wire.java DEBUG [Forwarding sendKeysToElement on session 5dbd82ad703f7e58e34eecf1f98eabb3 to remote] http.wire 73 - http-outgoing-183 << "Content-Length:72[\r][\n]"
02-06-2018 18:07:55 Wire.java DEBUG [Forwarding sendKeysToElement on session 5dbd82ad703f7e58e34eecf1f98eabb3 to remote] http.wire 73 - http-outgoing-183 << "Content-Type:application/json; charset=utf-8[\r][\n]"
02-06-2018 18:07:55 Wire.java DEBUG [Forwarding sendKeysToElement on session 5dbd82ad703f7e58e34eecf1f98eabb3 to remote] http.wire 73 - http-outgoing-183 << "Connection:close[\r][\n]"
02-06-2018 18:07:55 Wire.java DEBUG [Forwarding sendKeysToElement on session 5dbd82ad703f7e58e34eecf1f98eabb3 to remote] http.wire 73 - http-outgoing-183 << "[\r][\n]"
02-06-2018 18:07:55 Wire.java DEBUG [Forwarding sendKeysToElement on session 5dbd82ad703f7e58e34eecf1f98eabb3 to remote] http.wire 87 - http-outgoing-183 << "{"sessionId":"5dbd82ad703f7e58e34eecf1f98eabb3","status":0,"value":null}"
02-06-2018 18:07:55 LoggingManagedHttpClientConnection.java DEBUG [Forwarding sendKeysToElement on session 5dbd82ad703f7e58e34eecf1f98eabb3 to remote] http.headers 122 - http-outgoing-183 << HTTP/1.1 200 OK
02-06-2018 18:07:55 LoggingManagedHttpClientConnection.java DEBUG [Forwarding sendKeysToElement on session 5dbd82ad703f7e58e34eecf1f98eabb3 to remote] http.headers 125 - http-outgoing-183 << Content-Length:72
02-06-2018 18:07:55 LoggingManagedHttpClientConnection.java DEBUG [Forwarding sendKeysToElement on session 5dbd82ad703f7e58e34eecf1f98eabb3 to remote] http.headers 125 - http-outgoing-183 << Content-Type:application/json; charset=utf-8
02-06-2018 18:07:55 LoggingManagedHttpClientConnection.java DEBUG [Forwarding sendKeysToElement on session 5dbd82ad703f7e58e34eecf1f98eabb3 to remote] http.headers 125 - http-outgoing-183 << Connection:close
02-06-2018 18:07:55 LoggingManagedHttpClientConnection.java DEBUG [Forwarding sendKeysToElement on session 5dbd82ad703f7e58e34eecf1f98eabb3 to remote] conn.DefaultManagedHttpClientConnection 79 - http-outgoing-183: Close connection
02-06-2018 18:07:55 ConnectionHolder.java DEBUG [Forwarding sendKeysToElement on session 5dbd82ad703f7e58e34eecf1f98eabb3 to remote] execchain.MainClientExec 104 - Connection discarded
02-06-2018 18:07:55 PoolingHttpClientConnectionManager.java DEBUG [Forwarding sendKeysToElement on session 5dbd82ad703f7e58e34eecf1f98eabb3 to remote] conn.PoolingHttpClientConnectionManager 326 - Connection released: [id: 183][route: {}->http://localhost:36586][total kept alive: 0; route allocated: 0 of 2000; total allocated: 0 of 2000]
02-06-2018 18:07:55 RequestAddCookies.java DEBUG [Forwarding findElement on session 5dbd82ad703f7e58e34eecf1f98eabb3 to remote] protocol.RequestAddCookies 123 - CookieSpec selected: default
02-06-2018 18:07:55 RequestAuthCache.java DEBUG [Forwarding findElement on session 5dbd82ad703f7e58e34eecf1f98eabb3 to remote] protocol.RequestAuthCache 77 - Auth cache not set in the context
02-06-2018 18:07:55 PoolingHttpClientConnectionManager.java DEBUG [Forwarding findElement on session 5dbd82ad703f7e58e34eecf1f98eabb3 to remote] conn.PoolingHttpClientConnectionManager 255 - Connection request: [route: {}->http://localhost:36586][total kept alive: 0; route allocated: 0 of 2000; total allocated: 0 of 2000]
02-06-2018 18:07:55 PoolingHttpClientConnectionManager.java DEBUG [Forwarding findElement on session 5dbd82ad703f7e58e34eecf1f98eabb3 to remote] conn.PoolingHttpClientConnectionManager 288 - Connection leased: [id: 184][route: {}->http://localhost:36586][total kept alive: 0; route allocated: 1 of 2000; total allocated: 1 of 2000]
02-06-2018 18:07:55 MainClientExec.java DEBUG [Forwarding findElement on session 5dbd82ad703f7e58e34eecf1f98eabb3 to remote] execchain.MainClientExec 235 - Opening connection {}->http://localhost:36586
02-06-2018 18:07:55 DefaultHttpClientConnectionOperator.java DEBUG [Forwarding findElement on session 5dbd82ad703f7e58e34eecf1f98eabb3 to remote] conn.DefaultHttpClientConnectionOperator 139 - Connecting to localhost/127.0.0.1:36586
02-06-2018 18:07:55 DefaultHttpClientConnectionOperator.java DEBUG [Forwarding findElement on session 5dbd82ad703f7e58e34eecf1f98eabb3 to remote] conn.DefaultHttpClientConnectionOperator 146 - Connection established 127.0.0.1:50672<->127.0.0.1:36586
02-06-2018 18:07:55 LoggingManagedHttpClientConnection.java DEBUG [Forwarding findElement on session 5dbd82ad703f7e58e34eecf1f98eabb3 to remote] conn.DefaultManagedHttpClientConnection 88 - http-outgoing-184: set socket timeout to 10800000
02-06-2018 18:07:55 MainClientExec.java DEBUG [Forwarding findElement on session 5dbd82ad703f7e58e34eecf1f98eabb3 to remote] execchain.MainClientExec 256 - Executing request POST /session/5dbd82ad703f7e58e34eecf1f98eabb3/element HTTP/1.1
02-06-2018 18:07:55 MainClientExec.java DEBUG [Forwarding findElement on session 5dbd82ad703f7e58e34eecf1f98eabb3 to remote] execchain.MainClientExec 261 - Target auth state: UNCHALLENGED
02-06-2018 18:07:55 MainClientExec.java DEBUG [Forwarding findElement on session 5dbd82ad703f7e58e34eecf1f98eabb3 to remote] execchain.MainClientExec 267 - Proxy auth state: UNCHALLENGED
02-06-2018 18:07:55 LoggingManagedHttpClientConnection.java DEBUG [Forwarding findElement on session 5dbd82ad703f7e58e34eecf1f98eabb3 to remote] http.headers 133 - http-outgoing-184 >> POST /session/5dbd82ad703f7e58e34eecf1f98eabb3/element HTTP/1.1
02-06-2018 18:07:55 LoggingManagedHttpClientConnection.java DEBUG [Forwarding findElement on session 5dbd82ad703f7e58e34eecf1f98eabb3 to remote] http.headers 136 - http-outgoing-184 >> Content-Type: application/json; charset=utf-8
02-06-2018 18:07:55 LoggingManagedHttpClientConnection.java DEBUG [Forwarding findElement on session 5dbd82ad703f7e58e34eecf1f98eabb3 to remote] http.headers 136 - http-outgoing-184 >> Content-Length: 44
02-06-2018 18:07:55 LoggingManagedHttpClientConnection.java DEBUG [Forwarding findElement on session 5dbd82ad703f7e58e34eecf1f98eabb3 to remote] http.headers 136 - http-outgoing-184 >> Host: localhost:36586
02-06-2018 18:07:55 LoggingManagedHttpClientConnection.java DEBUG [Forwarding findElement on session 5dbd82ad703f7e58e34eecf1f98eabb3 to remote] http.headers 136 - http-outgoing-184 >> Connection: Keep-Alive
02-06-2018 18:07:55 LoggingManagedHttpClientConnection.java DEBUG [Forwarding findElement on session 5dbd82ad703f7e58e34eecf1f98eabb3 to remote] http.headers 136 - http-outgoing-184 >> User-Agent: Apache-HttpClient/4.5.3 (Java/1.8.0_151)
02-06-2018 18:07:55 LoggingManagedHttpClientConnection.java DEBUG [Forwarding findElement on session 5dbd82ad703f7e58e34eecf1f98eabb3 to remote] http.headers 136 - http-outgoing-184 >> Accept-Encoding: gzip,deflate
02-06-2018 18:07:55 Wire.java DEBUG [Forwarding findElement on session 5dbd82ad703f7e58e34eecf1f98eabb3 to remote] http.wire 73 - http-outgoing-184 >> "POST /session/5dbd82ad703f7e58e34eecf1f98eabb3/element HTTP/1.1[\r][\n]"
02-06-2018 18:07:55 Wire.java DEBUG [Forwarding findElement on session 5dbd82ad703f7e58e34eecf1f98eabb3 to remote] http.wire 73 - http-outgoing-184 >> "Content-Type: application/json; charset=utf-8[\r][\n]"
02-06-2018 18:07:55 Wire.java DEBUG [Forwarding findElement on session 5dbd82ad703f7e58e34eecf1f98eabb3 to remote] http.wire 73 - http-outgoing-184 >> "Content-Length: 44[\r][\n]"
02-06-2018 18:07:55 Wire.java DEBUG [Forwarding findElement on session 5dbd82ad703f7e58e34eecf1f98eabb3 to remote] http.wire 73 - http-outgoing-184 >> "Host: localhost:36586[\r][\n]"
02-06-2018 18:07:55 Wire.java DEBUG [Forwarding findElement on session 5dbd82ad703f7e58e34eecf1f98eabb3 to remote] http.wire 73 - http-outgoing-184 >> "Connection: Keep-Alive[\r][\n]"
02-06-2018 18:07:55 Wire.java DEBUG [Forwarding findElement on session 5dbd82ad703f7e58e34eecf1f98eabb3 to remote] http.wire 73 - http-outgoing-184 >> "User-Agent: Apache-HttpClient/4.5.3 (Java/1.8.0_151)[\r][\n]"
02-06-2018 18:07:55 Wire.java DEBUG [Forwarding findElement on session 5dbd82ad703f7e58e34eecf1f98eabb3 to remote] http.wire 73 - http-outgoing-184 >> "Accept-Encoding: gzip,deflate[\r][\n]"
02-06-2018 18:07:55 Wire.java DEBUG [Forwarding findElement on session 5dbd82ad703f7e58e34eecf1f98eabb3 to remote] http.wire 73 - http-outgoing-184 >> "[\r][\n]"
02-06-2018 18:07:55 Wire.java DEBUG [Forwarding findElement on session 5dbd82ad703f7e58e34eecf1f98eabb3 to remote] http.wire 87 - http-outgoing-184 >> "{"using":"xpath","value":"//*[@id='email']"}"
02-06-2018 18:07:55 Wire.java DEBUG [Forwarding findElement on session 5dbd82ad703f7e58e34eecf1f98eabb3 to remote] http.wire 73 - http-outgoing-184 << "HTTP/1.1 200 OK[\r][\n]"
02-06-2018 18:07:55 Wire.java DEBUG [Forwarding findElement on session 5dbd82ad703f7e58e34eecf1f98eabb3 to remote] http.wire 73 - http-outgoing-184 << "Content-Length:102[\r][\n]"
02-06-2018 18:07:55 Wire.java DEBUG [Forwarding findElement on session 5dbd82ad703f7e58e34eecf1f98eabb3 to remote] http.wire 73 - http-outgoing-184 << "Content-Type:application/json; charset=utf-8[\r][\n]"
02-06-2018 18:07:55 Wire.java DEBUG [Forwarding findElement on session 5dbd82ad703f7e58e34eecf1f98eabb3 to remote] http.wire 73 - http-outgoing-184 << "Connection:close[\r][\n]"
02-06-2018 18:07:55 Wire.java DEBUG [Forwarding findElement on session 5dbd82ad703f7e58e34eecf1f98eabb3 to remote] http.wire 73 - http-outgoing-184 << "[\r][\n]"
02-06-2018 18:07:55 Wire.java DEBUG [Forwarding findElement on session 5dbd82ad703f7e58e34eecf1f98eabb3 to remote] http.wire 87 - http-outgoing-184 << "{"sessionId":"5dbd82ad703f7e58e34eecf1f98eabb3","status":0,"value":{"ELEMENT":"0.3168487501185526-2"}}"
02-06-2018 18:07:55 LoggingManagedHttpClientConnection.java DEBUG [Forwarding findElement on session 5dbd82ad703f7e58e34eecf1f98eabb3 to remote] http.headers 122 - http-outgoing-184 << HTTP/1.1 200 OK
02-06-2018 18:07:55 LoggingManagedHttpClientConnection.java DEBUG [Forwarding findElement on session 5dbd82ad703f7e58e34eecf1f98eabb3 to remote] http.headers 125 - http-outgoing-184 << Content-Length:102
02-06-2018 18:07:55 LoggingManagedHttpClientConnection.java DEBUG [Forwarding findElement on session 5dbd82ad703f7e58e34eecf1f98eabb3 to remote] http.headers 125 - http-outgoing-184 << Content-Type:application/json; charset=utf-8
02-06-2018 18:07:55 LoggingManagedHttpClientConnection.java DEBUG [Forwarding findElement on session 5dbd82ad703f7e58e34eecf1f98eabb3 to remote] http.headers 125 - http-outgoing-184 << Connection:close
02-06-2018 18:07:55 LoggingManagedHttpClientConnection.java DEBUG [Forwarding findElement on session 5dbd82ad703f7e58e34eecf1f98eabb3 to remote] conn.DefaultManagedHttpClientConnection 79 - http-outgoing-184: Close connection
02-06-2018 18:07:55 ConnectionHolder.java DEBUG [Forwarding findElement on session 5dbd82ad703f7e58e34eecf1f98eabb3 to remote] execchain.MainClientExec 104 - Connection discarded
02-06-2018 18:07:55 PoolingHttpClientConnectionManager.java DEBUG [Forwarding findElement on session 5dbd82ad703f7e58e34eecf1f98eabb3 to remote] conn.PoolingHttpClientConnectionManager 326 - Connection released: [id: 184][route: {}->http://localhost:36586][total kept alive: 0; route allocated: 0 of 2000; total allocated: 0 of 2000]
02-06-2018 18:07:55 RequestAddCookies.java DEBUG [Forwarding executeScript on session 5dbd82ad703f7e58e34eecf1f98eabb3 to remote] protocol.RequestAddCookies 123 - CookieSpec selected: default
02-06-2018 18:07:55 RequestAuthCache.java DEBUG [Forwarding executeScript on session 5dbd82ad703f7e58e34eecf1f98eabb3 to remote] protocol.RequestAuthCache 77 - Auth cache not set in the context
02-06-2018 18:07:55 PoolingHttpClientConnectionManager.java DEBUG [Forwarding executeScript on session 5dbd82ad703f7e58e34eecf1f98eabb3 to remote] conn.PoolingHttpClientConnectionManager 255 - Connection request: [route: {}->http://localhost:36586][total kept alive: 0; route allocated: 0 of 2000; total allocated: 0 of 2000]
02-06-2018 18:07:55 PoolingHttpClientConnectionManager.java DEBUG [Forwarding executeScript on session 5dbd82ad703f7e58e34eecf1f98eabb3 to remote] conn.PoolingHttpClientConnectionManager 288 - Connection leased: [id: 185][route: {}->http://localhost:36586][total kept alive: 0; route allocated: 1 of 2000; total allocated: 1 of 2000]
02-06-2018 18:07:55 MainClientExec.java DEBUG [Forwarding executeScript on session 5dbd82ad703f7e58e34eecf1f98eabb3 to remote] execchain.MainClientExec 235 - Opening connection {}->http://localhost:36586
02-06-2018 18:07:55 DefaultHttpClientConnectionOperator.java DEBUG [Forwarding executeScript on session 5dbd82ad703f7e58e34eecf1f98eabb3 to remote] conn.DefaultHttpClientConnectionOperator 139 - Connecting to localhost/127.0.0.1:36586
02-06-2018 18:07:55 DefaultHttpClientConnectionOperator.java DEBUG [Forwarding executeScript on session 5dbd82ad703f7e58e34eecf1f98eabb3 to remote] conn.DefaultHttpClientConnectionOperator 146 - Connection established 127.0.0.1:50673<->127.0.0.1:36586
02-06-2018 18:07:55 LoggingManagedHttpClientConnection.java DEBUG [Forwarding executeScript on session 5dbd82ad703f7e58e34eecf1f98eabb3 to remote] conn.DefaultManagedHttpClientConnection 88 - http-outgoing-185: set socket timeout to 10800000
02-06-2018 18:07:55 MainClientExec.java DEBUG [Forwarding executeScript on session 5dbd82ad703f7e58e34eecf1f98eabb3 to remote] execchain.MainClientExec 256 - Executing request POST /session/5dbd82ad703f7e58e34eecf1f98eabb3/execute HTTP/1.1
02-06-2018 18:07:55 MainClientExec.java DEBUG [Forwarding executeScript on session 5dbd82ad703f7e58e34eecf1f98eabb3 to remote] execchain.MainClientExec 261 - Target auth state: UNCHALLENGED
02-06-2018 18:07:55 MainClientExec.java DEBUG [Forwarding executeScript on session 5dbd82ad703f7e58e34eecf1f98eabb3 to remote] execchain.MainClientExec 267 - Proxy auth state: UNCHALLENGED
02-06-2018 18:07:55 LoggingManagedHttpClientConnection.java DEBUG [Forwarding executeScript on session 5dbd82ad703f7e58e34eecf1f98eabb3 to remote] http.headers 133 - http-outgoing-185 >> POST /session/5dbd82ad703f7e58e34eecf1f98eabb3/execute HTTP/1.1
02-06-2018 18:07:55 LoggingManagedHttpClientConnection.java DEBUG [Forwarding executeScript on session 5dbd82ad703f7e58e34eecf1f98eabb3 to remote] http.headers 136 - http-outgoing-185 >> Content-Type: application/json; charset=utf-8
02-06-2018 18:07:55 LoggingManagedHttpClientConnection.java DEBUG [Forwarding executeScript on session 5dbd82ad703f7e58e34eecf1f98eabb3 to remote] http.headers 136 - http-outgoing-185 >> Content-Length: 139
02-06-2018 18:07:55 LoggingManagedHttpClientConnection.java DEBUG [Forwarding executeScript on session 5dbd82ad703f7e58e34eecf1f98eabb3 to remote] http.headers 136 - http-outgoing-185 >> Host: localhost:36586
02-06-2018 18:07:55 LoggingManagedHttpClientConnection.java DEBUG [Forwarding executeScript on session 5dbd82ad703f7e58e34eecf1f98eabb3 to remote] http.headers 136 - http-outgoing-185 >> Connection: Keep-Alive
02-06-2018 18:07:55 LoggingManagedHttpClientConnection.java DEBUG [Forwarding executeScript on session 5dbd82ad703f7e58e34eecf1f98eabb3 to remote] http.headers 136 - http-outgoing-185 >> User-Agent: Apache-HttpClient/4.5.3 (Java/1.8.0_151)
02-06-2018 18:07:55 LoggingManagedHttpClientConnection.java DEBUG [Forwarding executeScript on session 5dbd82ad703f7e58e34eecf1f98eabb3 to remote] http.headers 136 - http-outgoing-185 >> Accept-Encoding: gzip,deflate
02-06-2018 18:07:55 Wire.java DEBUG [Forwarding executeScript on session 5dbd82ad703f7e58e34eecf1f98eabb3 to remote] http.wire 73 - http-outgoing-185 >> "POST /session/5dbd82ad703f7e58e34eecf1f98eabb3/execute HTTP/1.1[\r][\n]"
02-06-2018 18:07:55 Wire.java DEBUG [Forwarding executeScript on session 5dbd82ad703f7e58e34eecf1f98eabb3 to remote] http.wire 73 - http-outgoing-185 >> "Content-Type: application/json; charset=utf-8[\r][\n]"
02-06-2018 18:07:55 Wire.java DEBUG [Forwarding executeScript on session 5dbd82ad703f7e58e34eecf1f98eabb3 to remote] http.wire 73 - http-outgoing-185 >> "Content-Length: 139[\r][\n]"
02-06-2018 18:07:55 Wire.java DEBUG [Forwarding executeScript on session 5dbd82ad703f7e58e34eecf1f98eabb3 to remote] http.wire 73 - http-outgoing-185 >> "Host: localhost:36586[\r][\n]"
02-06-2018 18:07:55 Wire.java DEBUG [Forwarding executeScript on session 5dbd82ad703f7e58e34eecf1f98eabb3 to remote] http.wire 73 - http-outgoing-185 >> "Connection: Keep-Alive[\r][\n]"
02-06-2018 18:07:55 Wire.java DEBUG [Forwarding executeScript on session 5dbd82ad703f7e58e34eecf1f98eabb3 to remote] http.wire 73 - http-outgoing-185 >> "User-Agent: Apache-HttpClient/4.5.3 (Java/1.8.0_151)[\r][\n]"
02-06-2018 18:07:55 Wire.java DEBUG [Forwarding executeScript on session 5dbd82ad703f7e58e34eecf1f98eabb3 to remote] http.wire 73 - http-outgoing-185 >> "Accept-Encoding: gzip,deflate[\r][\n]"
02-06-2018 18:07:55 Wire.java DEBUG [Forwarding executeScript on session 5dbd82ad703f7e58e34eecf1f98eabb3 to remote] http.wire 73 - http-outgoing-185 >> "[\r][\n]"
02-06-2018 18:07:55 Wire.java DEBUG [Forwarding executeScript on session 5dbd82ad703f7e58e34eecf1f98eabb3 to remote] http.wire 87 - http-outgoing-185 >> "{"script":"arguments[0].click();","args":[{"ELEMENT":"0.3168487501185526-2","element-6066-11e4-a52e-4f735466cecf":"0.3168487501185526-2"}]}"
02-06-2018 18:07:55 Wire.java DEBUG [Forwarding executeScript on session 5dbd82ad703f7e58e34eecf1f98eabb3 to remote] http.wire 73 - http-outgoing-185 << "HTTP/1.1 200 OK[\r][\n]"
02-06-2018 18:07:55 Wire.java DEBUG [Forwarding executeScript on session 5dbd82ad703f7e58e34eecf1f98eabb3 to remote] http.wire 73 - http-outgoing-185 << "Content-Length:72[\r][\n]"
02-06-2018 18:07:55 Wire.java DEBUG [Forwarding executeScript on session 5dbd82ad703f7e58e34eecf1f98eabb3 to remote] http.wire 73 - http-outgoing-185 << "Content-Type:application/json; charset=utf-8[\r][\n]"
02-06-2018 18:07:55 Wire.java DEBUG [Forwarding executeScript on session 5dbd82ad703f7e58e34eecf1f98eabb3 to remote] http.wire 73 - http-outgoing-185 << "Connection:close[\r][\n]"
02-06-2018 18:07:55 Wire.java DEBUG [Forwarding executeScript on session 5dbd82ad703f7e58e34eecf1f98eabb3 to remote] http.wire 73 - http-outgoing-185 << "[\r][\n]"
02-06-2018 18:07:55 Wire.java DEBUG [Forwarding executeScript on session 5dbd82ad703f7e58e34eecf1f98eabb3 to remote] http.wire 87 - http-outgoing-185 << "{"sessionId":"5dbd82ad703f7e58e34eecf1f98eabb3","status":0,"value":null}"
02-06-2018 18:07:55 LoggingManagedHttpClientConnection.java DEBUG [Forwarding executeScript on session 5dbd82ad703f7e58e34eecf1f98eabb3 to remote] http.headers 122 - http-outgoing-185 << HTTP/1.1 200 OK
02-06-2018 18:07:55 LoggingManagedHttpClientConnection.java DEBUG [Forwarding executeScript on session 5dbd82ad703f7e58e34eecf1f98eabb3 to remote] http.headers 125 - http-outgoing-185 << Content-Length:72
02-06-2018 18:07:55 LoggingManagedHttpClientConnection.java DEBUG [Forwarding executeScript on session 5dbd82ad703f7e58e34eecf1f98eabb3 to remote] http.headers 125 - http-outgoing-185 << Content-Type:application/json; charset=utf-8
02-06-2018 18:07:55 LoggingManagedHttpClientConnection.java DEBUG [Forwarding executeScript on session 5dbd82ad703f7e58e34eecf1f98eabb3 to remote] http.headers 125 - http-outgoing-185 << Connection:close
02-06-2018 18:07:55 LoggingManagedHttpClientConnection.java DEBUG [Forwarding executeScript on session 5dbd82ad703f7e58e34eecf1f98eabb3 to remote] conn.DefaultManagedHttpClientConnection 79 - http-outgoing-185: Close connection
02-06-2018 18:07:55 ConnectionHolder.java DEBUG [Forwarding executeScript on session 5dbd82ad703f7e58e34eecf1f98eabb3 to remote] execchain.MainClientExec 104 - Connection discarded
02-06-2018 18:07:55 PoolingHttpClientConnectionManager.java DEBUG [Forwarding executeScript on session 5dbd82ad703f7e58e34eecf1f98eabb3 to remote] conn.PoolingHttpClientConnectionManager 326 - Connection released: [id: 185][route: {}->http://localhost:36586][total kept alive: 0; route allocated: 0 of 2000; total allocated: 0 of 2000]
02-06-2018 18:07:55 RequestAddCookies.java DEBUG [Forwarding findElement on session 5dbd82ad703f7e58e34eecf1f98eabb3 to remote] protocol.RequestAddCookies 123 - CookieSpec selected: default
02-06-2018 18:07:55 RequestAuthCache.java DEBUG [Forwarding findElement on session 5dbd82ad703f7e58e34eecf1f98eabb3 to remote] protocol.RequestAuthCache 77 - Auth cache not set in the context
02-06-2018 18:07:55 PoolingHttpClientConnectionManager.java DEBUG [Forwarding findElement on session 5dbd82ad703f7e58e34eecf1f98eabb3 to remote] conn.PoolingHttpClientConnectionManager 255 - Connection request: [route: {}->http://localhost:36586][total kept alive: 0; route allocated: 0 of 2000; total allocated: 0 of 2000]
02-06-2018 18:07:55 PoolingHttpClientConnectionManager.java DEBUG [Forwarding findElement on session 5dbd82ad703f7e58e34eecf1f98eabb3 to remote] conn.PoolingHttpClientConnectionManager 288 - Connection leased: [id: 186][route: {}->http://localhost:36586][total kept alive: 0; route allocated: 1 of 2000; total allocated: 1 of 2000]
02-06-2018 18:07:55 MainClientExec.java DEBUG [Forwarding findElement on session 5dbd82ad703f7e58e34eecf1f98eabb3 to remote] execchain.MainClientExec 235 - Opening connection {}->http://localhost:36586
02-06-2018 18:07:55 DefaultHttpClientConnectionOperator.java DEBUG [Forwarding findElement on session 5dbd82ad703f7e58e34eecf1f98eabb3 to remote] conn.DefaultHttpClientConnectionOperator 139 - Connecting to localhost/127.0.0.1:36586
02-06-2018 18:07:55 DefaultHttpClientConnectionOperator.java DEBUG [Forwarding findElement on session 5dbd82ad703f7e58e34eecf1f98eabb3 to remote] conn.DefaultHttpClientConnectionOperator 146 - Connection established 127.0.0.1:50674<->127.0.0.1:36586
02-06-2018 18:07:55 LoggingManagedHttpClientConnection.java DEBUG [Forwarding findElement on session 5dbd82ad703f7e58e34eecf1f98eabb3 to remote] conn.DefaultManagedHttpClientConnection 88 - http-outgoing-186: set socket timeout to 10800000
02-06-2018 18:07:55 MainClientExec.java DEBUG [Forwarding findElement on session 5dbd82ad703f7e58e34eecf1f98eabb3 to remote] execchain.MainClientExec 256 - Executing request POST /session/5dbd82ad703f7e58e34eecf1f98eabb3/element HTTP/1.1
02-06-2018 18:07:55 MainClientExec.java DEBUG [Forwarding findElement on session 5dbd82ad703f7e58e34eecf1f98eabb3 to remote] execchain.MainClientExec 261 - Target auth state: UNCHALLENGED
02-06-2018 18:07:55 MainClientExec.java DEBUG [Forwarding findElement on session 5dbd82ad703f7e58e34eecf1f98eabb3 to remote] execchain.MainClientExec 267 - Proxy auth state: UNCHALLENGED
02-06-2018 18:07:55 LoggingManagedHttpClientConnection.java DEBUG [Forwarding findElement on session 5dbd82ad703f7e58e34eecf1f98eabb3 to remote] http.headers 133 - http-outgoing-186 >> POST /session/5dbd82ad703f7e58e34eecf1f98eabb3/element HTTP/1.1
02-06-2018 18:07:55 LoggingManagedHttpClientConnection.java DEBUG [Forwarding findElement on session 5dbd82ad703f7e58e34eecf1f98eabb3 to remote] http.headers 136 - http-outgoing-186 >> Content-Type: application/json; charset=utf-8
02-06-2018 18:07:55 LoggingManagedHttpClientConnection.java DEBUG [Forwarding findElement on session 5dbd82ad703f7e58e34eecf1f98eabb3 to remote] http.headers 136 - http-outgoing-186 >> Content-Length: 44
02-06-2018 18:07:55 LoggingManagedHttpClientConnection.java DEBUG [Forwarding findElement on session 5dbd82ad703f7e58e34eecf1f98eabb3 to remote] http.headers 136 - http-outgoing-186 >> Host: localhost:36586
02-06-2018 18:07:55 LoggingManagedHttpClientConnection.java DEBUG [Forwarding findElement on session 5dbd82ad703f7e58e34eecf1f98eabb3 to remote] http.headers 136 - http-outgoing-186 >> Connection: Keep-Alive
02-06-2018 18:07:55 LoggingManagedHttpClientConnection.java DEBUG [Forwarding findElement on session 5dbd82ad703f7e58e34eecf1f98eabb3 to remote] http.headers 136 - http-outgoing-186 >> User-Agent: Apache-HttpClient/4.5.3 (Java/1.8.0_151)
02-06-2018 18:07:55 LoggingManagedHttpClientConnection.java DEBUG [Forwarding findElement on session 5dbd82ad703f7e58e34eecf1f98eabb3 to remote] http.headers 136 - http-outgoing-186 >> Accept-Encoding: gzip,deflate
02-06-2018 18:07:55 Wire.java DEBUG [Forwarding findElement on session 5dbd82ad703f7e58e34eecf1f98eabb3 to remote] http.wire 73 - http-outgoing-186 >> "POST /session/5dbd82ad703f7e58e34eecf1f98eabb3/element HTTP/1.1[\r][\n]"
02-06-2018 18:07:55 Wire.java DEBUG [Forwarding findElement on session 5dbd82ad703f7e58e34eecf1f98eabb3 to remote] http.wire 73 - http-outgoing-186 >> "Content-Type: application/json; charset=utf-8[\r][\n]"
02-06-2018 18:07:55 Wire.java DEBUG [Forwarding findElement on session 5dbd82ad703f7e58e34eecf1f98eabb3 to remote] http.wire 73 - http-outgoing-186 >> "Content-Length: 44[\r][\n]"
02-06-2018 18:07:55 Wire.java DEBUG [Forwarding findElement on session 5dbd82ad703f7e58e34eecf1f98eabb3 to remote] http.wire 73 - http-outgoing-186 >> "Host: localhost:36586[\r][\n]"
02-06-2018 18:07:55 Wire.java DEBUG [Forwarding findElement on session 5dbd82ad703f7e58e34eecf1f98eabb3 to remote] http.wire 73 - http-outgoing-186 >> "Connection: Keep-Alive[\r][\n]"
02-06-2018 18:07:55 Wire.java DEBUG [Forwarding findElement on session 5dbd82ad703f7e58e34eecf1f98eabb3 to remote] http.wire 73 - http-outgoing-186 >> "User-Agent: Apache-HttpClient/4.5.3 (Java/1.8.0_151)[\r][\n]"
02-06-2018 18:07:55 Wire.java DEBUG [Forwarding findElement on session 5dbd82ad703f7e58e34eecf1f98eabb3 to remote] http.wire 73 - http-outgoing-186 >> "Accept-Encoding: gzip,deflate[\r][\n]"
02-06-2018 18:07:55 Wire.java DEBUG [Forwarding findElement on session 5dbd82ad703f7e58e34eecf1f98eabb3 to remote] http.wire 73 - http-outgoing-186 >> "[\r][\n]"
02-06-2018 18:07:55 Wire.java DEBUG [Forwarding findElement on session 5dbd82ad703f7e58e34eecf1f98eabb3 to remote] http.wire 87 - http-outgoing-186 >> "{"using":"xpath","value":"//*[@id='email']"}"
02-06-2018 18:07:55 Wire.java DEBUG [Forwarding findElement on session 5dbd82ad703f7e58e34eecf1f98eabb3 to remote] http.wire 73 - http-outgoing-186 << "HTTP/1.1 200 OK[\r][\n]"
02-06-2018 18:07:55 Wire.java DEBUG [Forwarding findElement on session 5dbd82ad703f7e58e34eecf1f98eabb3 to remote] http.wire 73 - http-outgoing-186 << "Content-Length:102[\r][\n]"
02-06-2018 18:07:55 Wire.java DEBUG [Forwarding findElement on session 5dbd82ad703f7e58e34eecf1f98eabb3 to remote] http.wire 73 - http-outgoing-186 << "Content-Type:application/json; charset=utf-8[\r][\n]"
02-06-2018 18:07:55 Wire.java DEBUG [Forwarding findElement on session 5dbd82ad703f7e58e34eecf1f98eabb3 to remote] http.wire 73 - http-outgoing-186 << "Connection:close[\r][\n]"
02-06-2018 18:07:55 Wire.java DEBUG [Forwarding findElement on session 5dbd82ad703f7e58e34eecf1f98eabb3 to remote] http.wire 73 - http-outgoing-186 << "[\r][\n]"
02-06-2018 18:07:55 Wire.java DEBUG [Forwarding findElement on session 5dbd82ad703f7e58e34eecf1f98eabb3 to remote] http.wire 87 - http-outgoing-186 << "{"sessionId":"5dbd82ad703f7e58e34eecf1f98eabb3","status":0,"value":{"ELEMENT":"0.3168487501185526-2"}}"
02-06-2018 18:07:55 LoggingManagedHttpClientConnection.java DEBUG [Forwarding findElement on session 5dbd82ad703f7e58e34eecf1f98eabb3 to remote] http.headers 122 - http-outgoing-186 << HTTP/1.1 200 OK
02-06-2018 18:07:55 LoggingManagedHttpClientConnection.java DEBUG [Forwarding findElement on session 5dbd82ad703f7e58e34eecf1f98eabb3 to remote] http.headers 125 - http-outgoing-186 << Content-Length:102
02-06-2018 18:07:55 LoggingManagedHttpClientConnection.java DEBUG [Forwarding findElement on session 5dbd82ad703f7e58e34eecf1f98eabb3 to remote] http.headers 125 - http-outgoing-186 << Content-Type:application/json; charset=utf-8
02-06-2018 18:07:55 LoggingManagedHttpClientConnection.java DEBUG [Forwarding findElement on session 5dbd82ad703f7e58e34eecf1f98eabb3 to remote] http.headers 125 - http-outgoing-186 << Connection:close
02-06-2018 18:07:55 LoggingManagedHttpClientConnection.java DEBUG [Forwarding findElement on session 5dbd82ad703f7e58e34eecf1f98eabb3 to remote] conn.DefaultManagedHttpClientConnection 79 - http-outgoing-186: Close connection
02-06-2018 18:07:55 ConnectionHolder.java DEBUG [Forwarding findElement on session 5dbd82ad703f7e58e34eecf1f98eabb3 to remote] execchain.MainClientExec 104 - Connection discarded
02-06-2018 18:07:55 PoolingHttpClientConnectionManager.java DEBUG [Forwarding findElement on session 5dbd82ad703f7e58e34eecf1f98eabb3 to remote] conn.PoolingHttpClientConnectionManager 326 - Connection released: [id: 186][route: {}->http://localhost:36586][total kept alive: 0; route allocated: 0 of 2000; total allocated: 0 of 2000]
02-06-2018 18:07:55 RequestAddCookies.java DEBUG [Forwarding sendKeysToElement on session 5dbd82ad703f7e58e34eecf1f98eabb3 to remote] protocol.RequestAddCookies 123 - CookieSpec selected: default
02-06-2018 18:07:55 RequestAuthCache.java DEBUG [Forwarding sendKeysToElement on session 5dbd82ad703f7e58e34eecf1f98eabb3 to remote] protocol.RequestAuthCache 77 - Auth cache not set in the context
02-06-2018 18:07:55 PoolingHttpClientConnectionManager.java DEBUG [Forwarding sendKeysToElement on session 5dbd82ad703f7e58e34eecf1f98eabb3 to remote] conn.PoolingHttpClientConnectionManager 255 - Connection request: [route: {}->http://localhost:36586][total kept alive: 0; route allocated: 0 of 2000; total allocated: 0 of 2000]
02-06-2018 18:07:55 PoolingHttpClientConnectionManager.java DEBUG [Forwarding sendKeysToElement on session 5dbd82ad703f7e58e34eecf1f98eabb3 to remote] conn.PoolingHttpClientConnectionManager 288 - Connection leased: [id: 187][route: {}->http://localhost:36586][total kept alive: 0; route allocated: 1 of 2000; total allocated: 1 of 2000]
02-06-2018 18:07:55 MainClientExec.java DEBUG [Forwarding sendKeysToElement on session 5dbd82ad703f7e58e34eecf1f98eabb3 to remote] execchain.MainClientExec 235 - Opening connection {}->http://localhost:36586
02-06-2018 18:07:55 DefaultHttpClientConnectionOperator.java DEBUG [Forwarding sendKeysToElement on session 5dbd82ad703f7e58e34eecf1f98eabb3 to remote] conn.DefaultHttpClientConnectionOperator 139 - Connecting to localhost/127.0.0.1:36586
02-06-2018 18:07:55 DefaultHttpClientConnectionOperator.java DEBUG [Forwarding sendKeysToElement on session 5dbd82ad703f7e58e34eecf1f98eabb3 to remote] conn.DefaultHttpClientConnectionOperator 146 - Connection established 127.0.0.1:50675<->127.0.0.1:36586
02-06-2018 18:07:55 LoggingManagedHttpClientConnection.java DEBUG [Forwarding sendKeysToElement on session 5dbd82ad703f7e58e34eecf1f98eabb3 to remote] conn.DefaultManagedHttpClientConnection 88 - http-outgoing-187: set socket timeout to 10800000
02-06-2018 18:07:55 MainClientExec.java DEBUG [Forwarding sendKeysToElement on session 5dbd82ad703f7e58e34eecf1f98eabb3 to remote] execchain.MainClientExec 256 - Executing request POST /session/5dbd82ad703f7e58e34eecf1f98eabb3/element/0.3168487501185526-2/value HTTP/1.1
02-06-2018 18:07:55 MainClientExec.java DEBUG [Forwarding sendKeysToElement on session 5dbd82ad703f7e58e34eecf1f98eabb3 to remote] execchain.MainClientExec 261 - Target auth state: UNCHALLENGED
02-06-2018 18:07:55 MainClientExec.java DEBUG [Forwarding sendKeysToElement on session 5dbd82ad703f7e58e34eecf1f98eabb3 to remote] execchain.MainClientExec 267 - Proxy auth state: UNCHALLENGED
02-06-2018 18:07:55 LoggingManagedHttpClientConnection.java DEBUG [Forwarding sendKeysToElement on session 5dbd82ad703f7e58e34eecf1f98eabb3 to remote] http.headers 133 - http-outgoing-187 >> POST /session/5dbd82ad703f7e58e34eecf1f98eabb3/element/0.3168487501185526-2/value HTTP/1.1
02-06-2018 18:07:55 LoggingManagedHttpClientConnection.java DEBUG [Forwarding sendKeysToElement on session 5dbd82ad703f7e58e34eecf1f98eabb3 to remote] http.headers 136 - http-outgoing-187 >> Content-Type: application/json; charset=utf-8
02-06-2018 18:07:55 LoggingManagedHttpClientConnection.java DEBUG [Forwarding sendKeysToElement on session 5dbd82ad703f7e58e34eecf1f98eabb3 to remote] http.headers 136 - http-outgoing-187 >> Content-Length: 58
02-06-2018 18:07:55 LoggingManagedHttpClientConnection.java DEBUG [Forwarding sendKeysToElement on session 5dbd82ad703f7e58e34eecf1f98eabb3 to remote] http.headers 136 - http-outgoing-187 >> Host: localhost:36586
02-06-2018 18:07:55 LoggingManagedHttpClientConnection.java DEBUG [Forwarding sendKeysToElement on session 5dbd82ad703f7e58e34eecf1f98eabb3 to remote] http.headers 136 - http-outgoing-187 >> Connection: Keep-Alive
02-06-2018 18:07:55 LoggingManagedHttpClientConnection.java DEBUG [Forwarding sendKeysToElement on session 5dbd82ad703f7e58e34eecf1f98eabb3 to remote] http.headers 136 - http-outgoing-187 >> User-Agent: Apache-HttpClient/4.5.3 (Java/1.8.0_151)
02-06-2018 18:07:55 LoggingManagedHttpClientConnection.java DEBUG [Forwarding sendKeysToElement on session 5dbd82ad703f7e58e34eecf1f98eabb3 to remote] http.headers 136 - http-outgoing-187 >> Accept-Encoding: gzip,deflate
02-06-2018 18:07:55 Wire.java DEBUG [Forwarding sendKeysToElement on session 5dbd82ad703f7e58e34eecf1f98eabb3 to remote] http.wire 73 - http-outgoing-187 >> "POST /session/5dbd82ad703f7e58e34eecf1f98eabb3/element/0.3168487501185526-2/value HTTP/1.1[\r][\n]"
02-06-2018 18:07:55 Wire.java DEBUG [Forwarding sendKeysToElement on session 5dbd82ad703f7e58e34eecf1f98eabb3 to remote] http.wire 73 - http-outgoing-187 >> "Content-Type: application/json; charset=utf-8[\r][\n]"
02-06-2018 18:07:55 Wire.java DEBUG [Forwarding sendKeysToElement on session 5dbd82ad703f7e58e34eecf1f98eabb3 to remote] http.wire 73 - http-outgoing-187 >> "Content-Length: 58[\r][\n]"
02-06-2018 18:07:55 Wire.java DEBUG [Forwarding sendKeysToElement on session 5dbd82ad703f7e58e34eecf1f98eabb3 to remote] http.wire 73 - http-outgoing-187 >> "Host: localhost:36586[\r][\n]"
02-06-2018 18:07:55 Wire.java DEBUG [Forwarding sendKeysToElement on session 5dbd82ad703f7e58e34eecf1f98eabb3 to remote] http.wire 73 - http-outgoing-187 >> "Connection: Keep-Alive[\r][\n]"
02-06-2018 18:07:55 Wire.java DEBUG [Forwarding sendKeysToElement on session 5dbd82ad703f7e58e34eecf1f98eabb3 to remote] http.wire 73 - http-outgoing-187 >> "User-Agent: Apache-HttpClient/4.5.3 (Java/1.8.0_151)[\r][\n]"
02-06-2018 18:07:55 Wire.java DEBUG [Forwarding sendKeysToElement on session 5dbd82ad703f7e58e34eecf1f98eabb3 to remote] http.wire 73 - http-outgoing-187 >> "Accept-Encoding: gzip,deflate[\r][\n]"
02-06-2018 18:07:55 Wire.java DEBUG [Forwarding sendKeysToElement on session 5dbd82ad703f7e58e34eecf1f98eabb3 to remote] http.wire 73 - http-outgoing-187 >> "[\r][\n]"
02-06-2018 18:07:55 Wire.java DEBUG [Forwarding sendKeysToElement on session 5dbd82ad703f7e58e34eecf1f98eabb3 to remote] http.wire 87 - http-outgoing-187 >> "{"id":"0.3168487501185526-2","value":["Teja23@yahoo.com"]}"
02-06-2018 18:07:55 Wire.java DEBUG [Forwarding sendKeysToElement on session 5dbd82ad703f7e58e34eecf1f98eabb3 to remote] http.wire 73 - http-outgoing-187 << "HTTP/1.1 200 OK[\r][\n]"
02-06-2018 18:07:55 Wire.java DEBUG [Forwarding sendKeysToElement on session 5dbd82ad703f7e58e34eecf1f98eabb3 to remote] http.wire 73 - http-outgoing-187 << "Content-Length:72[\r][\n]"
02-06-2018 18:07:55 Wire.java DEBUG [Forwarding sendKeysToElement on session 5dbd82ad703f7e58e34eecf1f98eabb3 to remote] http.wire 73 - http-outgoing-187 << "Content-Type:application/json; charset=utf-8[\r][\n]"
02-06-2018 18:07:55 Wire.java DEBUG [Forwarding sendKeysToElement on session 5dbd82ad703f7e58e34eecf1f98eabb3 to remote] http.wire 73 - http-outgoing-187 << "Connection:close[\r][\n]"
02-06-2018 18:07:55 Wire.java DEBUG [Forwarding sendKeysToElement on session 5dbd82ad703f7e58e34eecf1f98eabb3 to remote] http.wire 73 - http-outgoing-187 << "[\r][\n]"
02-06-2018 18:07:55 Wire.java DEBUG [Forwarding sendKeysToElement on session 5dbd82ad703f7e58e34eecf1f98eabb3 to remote] http.wire 87 - http-outgoing-187 << "{"sessionId":"5dbd82ad703f7e58e34eecf1f98eabb3","status":0,"value":null}"
02-06-2018 18:07:55 LoggingManagedHttpClientConnection.java DEBUG [Forwarding sendKeysToElement on session 5dbd82ad703f7e58e34eecf1f98eabb3 to remote] http.headers 122 - http-outgoing-187 << HTTP/1.1 200 OK
02-06-2018 18:07:55 LoggingManagedHttpClientConnection.java DEBUG [Forwarding sendKeysToElement on session 5dbd82ad703f7e58e34eecf1f98eabb3 to remote] http.headers 125 - http-outgoing-187 << Content-Length:72
02-06-2018 18:07:55 LoggingManagedHttpClientConnection.java DEBUG [Forwarding sendKeysToElement on session 5dbd82ad703f7e58e34eecf1f98eabb3 to remote] http.headers 125 - http-outgoing-187 << Content-Type:application/json; charset=utf-8
02-06-2018 18:07:55 LoggingManagedHttpClientConnection.java DEBUG [Forwarding sendKeysToElement on session 5dbd82ad703f7e58e34eecf1f98eabb3 to remote] http.headers 125 - http-outgoing-187 << Connection:close
02-06-2018 18:07:55 LoggingManagedHttpClientConnection.java DEBUG [Forwarding sendKeysToElement on session 5dbd82ad703f7e58e34eecf1f98eabb3 to remote] conn.DefaultManagedHttpClientConnection 79 - http-outgoing-187: Close connection
02-06-2018 18:07:55 ConnectionHolder.java DEBUG [Forwarding sendKeysToElement on session 5dbd82ad703f7e58e34eecf1f98eabb3 to remote] execchain.MainClientExec 104 - Connection discarded
02-06-2018 18:07:55 PoolingHttpClientConnectionManager.java DEBUG [Forwarding sendKeysToElement on session 5dbd82ad703f7e58e34eecf1f98eabb3 to remote] conn.PoolingHttpClientConnectionManager 326 - Connection released: [id: 187][route: {}->http://localhost:36586][total kept alive: 0; route allocated: 0 of 2000; total allocated: 0 of 2000]
02-06-2018 18:07:55 RequestAddCookies.java DEBUG [Forwarding findElement on session 5dbd82ad703f7e58e34eecf1f98eabb3 to remote] protocol.RequestAddCookies 123 - CookieSpec selected: default
02-06-2018 18:07:55 RequestAuthCache.java DEBUG [Forwarding findElement on session 5dbd82ad703f7e58e34eecf1f98eabb3 to remote] protocol.RequestAuthCache 77 - Auth cache not set in the context
02-06-2018 18:07:55 PoolingHttpClientConnectionManager.java DEBUG [Forwarding findElement on session 5dbd82ad703f7e58e34eecf1f98eabb3 to remote] conn.PoolingHttpClientConnectionManager 255 - Connection request: [route: {}->http://localhost:36586][total kept alive: 0; route allocated: 0 of 2000; total allocated: 0 of 2000]
02-06-2018 18:07:55 PoolingHttpClientConnectionManager.java DEBUG [Forwarding findElement on session 5dbd82ad703f7e58e34eecf1f98eabb3 to remote] conn.PoolingHttpClientConnectionManager 288 - Connection leased: [id: 188][route: {}->http://localhost:36586][total kept alive: 0; route allocated: 1 of 2000; total allocated: 1 of 2000]
02-06-2018 18:07:55 MainClientExec.java DEBUG [Forwarding findElement on session 5dbd82ad703f7e58e34eecf1f98eabb3 to remote] execchain.MainClientExec 235 - Opening connection {}->http://localhost:36586
02-06-2018 18:07:55 DefaultHttpClientConnectionOperator.java DEBUG [Forwarding findElement on session 5dbd82ad703f7e58e34eecf1f98eabb3 to remote] conn.DefaultHttpClientConnectionOperator 139 - Connecting to localhost/127.0.0.1:36586
02-06-2018 18:07:55 DefaultHttpClientConnectionOperator.java DEBUG [Forwarding findElement on session 5dbd82ad703f7e58e34eecf1f98eabb3 to remote] conn.DefaultHttpClientConnectionOperator 146 - Connection established 127.0.0.1:50677<->127.0.0.1:36586
02-06-2018 18:07:55 LoggingManagedHttpClientConnection.java DEBUG [Forwarding findElement on session 5dbd82ad703f7e58e34eecf1f98eabb3 to remote] conn.DefaultManagedHttpClientConnection 88 - http-outgoing-188: set socket timeout to 10800000
02-06-2018 18:07:55 MainClientExec.java DEBUG [Forwarding findElement on session 5dbd82ad703f7e58e34eecf1f98eabb3 to remote] execchain.MainClientExec 256 - Executing request POST /session/5dbd82ad703f7e58e34eecf1f98eabb3/element HTTP/1.1
02-06-2018 18:07:55 MainClientExec.java DEBUG [Forwarding findElement on session 5dbd82ad703f7e58e34eecf1f98eabb3 to remote] execchain.MainClientExec 261 - Target auth state: UNCHALLENGED
02-06-2018 18:07:55 MainClientExec.java DEBUG [Forwarding findElement on session 5dbd82ad703f7e58e34eecf1f98eabb3 to remote] execchain.MainClientExec 267 - Proxy auth state: UNCHALLENGED
02-06-2018 18:07:55 LoggingManagedHttpClientConnection.java DEBUG [Forwarding findElement on session 5dbd82ad703f7e58e34eecf1f98eabb3 to remote] http.headers 133 - http-outgoing-188 >> POST /session/5dbd82ad703f7e58e34eecf1f98eabb3/element HTTP/1.1
02-06-2018 18:07:55 LoggingManagedHttpClientConnection.java DEBUG [Forwarding findElement on session 5dbd82ad703f7e58e34eecf1f98eabb3 to remote] http.headers 136 - http-outgoing-188 >> Content-Type: application/json; charset=utf-8
02-06-2018 18:07:55 LoggingManagedHttpClientConnection.java DEBUG [Forwarding findElement on session 5dbd82ad703f7e58e34eecf1f98eabb3 to remote] http.headers 136 - http-outgoing-188 >> Content-Length: 47
02-06-2018 18:07:55 LoggingManagedHttpClientConnection.java DEBUG [Forwarding findElement on session 5dbd82ad703f7e58e34eecf1f98eabb3 to remote] http.headers 136 - http-outgoing-188 >> Host: localhost:36586
02-06-2018 18:07:55 LoggingManagedHttpClientConnection.java DEBUG [Forwarding findElement on session 5dbd82ad703f7e58e34eecf1f98eabb3 to remote] http.headers 136 - http-outgoing-188 >> Connection: Keep-Alive
02-06-2018 18:07:55 LoggingManagedHttpClientConnection.java DEBUG [Forwarding findElement on session 5dbd82ad703f7e58e34eecf1f98eabb3 to remote] http.headers 136 - http-outgoing-188 >> User-Agent: Apache-HttpClient/4.5.3 (Java/1.8.0_151)
02-06-2018 18:07:55 LoggingManagedHttpClientConnection.java DEBUG [Forwarding findElement on session 5dbd82ad703f7e58e34eecf1f98eabb3 to remote] http.headers 136 - http-outgoing-188 >> Accept-Encoding: gzip,deflate
02-06-2018 18:07:55 Wire.java DEBUG [Forwarding findElement on session 5dbd82ad703f7e58e34eecf1f98eabb3 to remote] http.wire 73 - http-outgoing-188 >> "POST /session/5dbd82ad703f7e58e34eecf1f98eabb3/element HTTP/1.1[\r][\n]"
02-06-2018 18:07:55 Wire.java DEBUG [Forwarding findElement on session 5dbd82ad703f7e58e34eecf1f98eabb3 to remote] http.wire 73 - http-outgoing-188 >> "Content-Type: application/json; charset=utf-8[\r][\n]"
02-06-2018 18:07:55 Wire.java DEBUG [Forwarding findElement on session 5dbd82ad703f7e58e34eecf1f98eabb3 to remote] http.wire 73 - http-outgoing-188 >> "Content-Length: 47[\r][\n]"
02-06-2018 18:07:55 Wire.java DEBUG [Forwarding findElement on session 5dbd82ad703f7e58e34eecf1f98eabb3 to remote] http.wire 73 - http-outgoing-188 >> "Host: localhost:36586[\r][\n]"
02-06-2018 18:07:55 Wire.java DEBUG [Forwarding findElement on session 5dbd82ad703f7e58e34eecf1f98eabb3 to remote] http.wire 73 - http-outgoing-188 >> "Connection: Keep-Alive[\r][\n]"
02-06-2018 18:07:55 Wire.java DEBUG [Forwarding findElement on session 5dbd82ad703f7e58e34eecf1f98eabb3 to remote] http.wire 73 - http-outgoing-188 >> "User-Agent: Apache-HttpClient/4.5.3 (Java/1.8.0_151)[\r][\n]"
02-06-2018 18:07:55 Wire.java DEBUG [Forwarding findElement on session 5dbd82ad703f7e58e34eecf1f98eabb3 to remote] http.wire 73 - http-outgoing-188 >> "Accept-Encoding: gzip,deflate[\r][\n]"
02-06-2018 18:07:55 Wire.java DEBUG [Forwarding findElement on session 5dbd82ad703f7e58e34eecf1f98eabb3 to remote] http.wire 73 - http-outgoing-188 >> "[\r][\n]"
02-06-2018 18:07:55 Wire.java DEBUG [Forwarding findElement on session 5dbd82ad703f7e58e34eecf1f98eabb3 to remote] http.wire 87 - http-outgoing-188 >> "{"using":"xpath","value":"//*[@id='password']"}"
02-06-2018 18:07:55 Wire.java DEBUG [Forwarding findElement on session 5dbd82ad703f7e58e34eecf1f98eabb3 to remote] http.wire 73 - http-outgoing-188 << "HTTP/1.1 200 OK[\r][\n]"
02-06-2018 18:07:55 Wire.java DEBUG [Forwarding findElement on session 5dbd82ad703f7e58e34eecf1f98eabb3 to remote] http.wire 73 - http-outgoing-188 << "Content-Length:102[\r][\n]"
02-06-2018 18:07:55 Wire.java DEBUG [Forwarding findElement on session 5dbd82ad703f7e58e34eecf1f98eabb3 to remote] http.wire 73 - http-outgoing-188 << "Content-Type:application/json; charset=utf-8[\r][\n]"
02-06-2018 18:07:55 Wire.java DEBUG [Forwarding findElement on session 5dbd82ad703f7e58e34eecf1f98eabb3 to remote] http.wire 73 - http-outgoing-188 << "Connection:close[\r][\n]"
02-06-2018 18:07:55 Wire.java DEBUG [Forwarding findElement on session 5dbd82ad703f7e58e34eecf1f98eabb3 to remote] http.wire 73 - http-outgoing-188 << "[\r][\n]"
02-06-2018 18:07:55 Wire.java DEBUG [Forwarding findElement on session 5dbd82ad703f7e58e34eecf1f98eabb3 to remote] http.wire 87 - http-outgoing-188 << "{"sessionId":"5dbd82ad703f7e58e34eecf1f98eabb3","status":0,"value":{"ELEMENT":"0.3168487501185526-3"}}"
02-06-2018 18:07:55 LoggingManagedHttpClientConnection.java DEBUG [Forwarding findElement on session 5dbd82ad703f7e58e34eecf1f98eabb3 to remote] http.headers 122 - http-outgoing-188 << HTTP/1.1 200 OK
02-06-2018 18:07:55 LoggingManagedHttpClientConnection.java DEBUG [Forwarding findElement on session 5dbd82ad703f7e58e34eecf1f98eabb3 to remote] http.headers 125 - http-outgoing-188 << Content-Length:102
02-06-2018 18:07:55 LoggingManagedHttpClientConnection.java DEBUG [Forwarding findElement on session 5dbd82ad703f7e58e34eecf1f98eabb3 to remote] http.headers 125 - http-outgoing-188 << Content-Type:application/json; charset=utf-8
02-06-2018 18:07:55 LoggingManagedHttpClientConnection.java DEBUG [Forwarding findElement on session 5dbd82ad703f7e58e34eecf1f98eabb3 to remote] http.headers 125 - http-outgoing-188 << Connection:close
02-06-2018 18:07:55 LoggingManagedHttpClientConnection.java DEBUG [Forwarding findElement on session 5dbd82ad703f7e58e34eecf1f98eabb3 to remote] conn.DefaultManagedHttpClientConnection 79 - http-outgoing-188: Close connection
02-06-2018 18:07:55 ConnectionHolder.java DEBUG [Forwarding findElement on session 5dbd82ad703f7e58e34eecf1f98eabb3 to remote] execchain.MainClientExec 104 - Connection discarded
02-06-2018 18:07:55 PoolingHttpClientConnectionManager.java DEBUG [Forwarding findElement on session 5dbd82ad703f7e58e34eecf1f98eabb3 to remote] conn.PoolingHttpClientConnectionManager 326 - Connection released: [id: 188][route: {}->http://localhost:36586][total kept alive: 0; route allocated: 0 of 2000; total allocated: 0 of 2000]
02-06-2018 18:07:55 RequestAddCookies.java DEBUG [Forwarding executeScript on session 5dbd82ad703f7e58e34eecf1f98eabb3 to remote] protocol.RequestAddCookies 123 - CookieSpec selected: default
02-06-2018 18:07:55 RequestAuthCache.java DEBUG [Forwarding executeScript on session 5dbd82ad703f7e58e34eecf1f98eabb3 to remote] protocol.RequestAuthCache 77 - Auth cache not set in the context
02-06-2018 18:07:55 PoolingHttpClientConnectionManager.java DEBUG [Forwarding executeScript on session 5dbd82ad703f7e58e34eecf1f98eabb3 to remote] conn.PoolingHttpClientConnectionManager 255 - Connection request: [route: {}->http://localhost:36586][total kept alive: 0; route allocated: 0 of 2000; total allocated: 0 of 2000]
02-06-2018 18:07:55 PoolingHttpClientConnectionManager.java DEBUG [Forwarding executeScript on session 5dbd82ad703f7e58e34eecf1f98eabb3 to remote] conn.PoolingHttpClientConnectionManager 288 - Connection leased: [id: 189][route: {}->http://localhost:36586][total kept alive: 0; route allocated: 1 of 2000; total allocated: 1 of 2000]
02-06-2018 18:07:55 MainClientExec.java DEBUG [Forwarding executeScript on session 5dbd82ad703f7e58e34eecf1f98eabb3 to remote] execchain.MainClientExec 235 - Opening connection {}->http://localhost:36586
02-06-2018 18:07:55 DefaultHttpClientConnectionOperator.java DEBUG [Forwarding executeScript on session 5dbd82ad703f7e58e34eecf1f98eabb3 to remote] conn.DefaultHttpClientConnectionOperator 139 - Connecting to localhost/127.0.0.1:36586
02-06-2018 18:07:55 DefaultHttpClientConnectionOperator.java DEBUG [Forwarding executeScript on session 5dbd82ad703f7e58e34eecf1f98eabb3 to remote] conn.DefaultHttpClientConnectionOperator 146 - Connection established 127.0.0.1:50679<->127.0.0.1:36586
02-06-2018 18:07:55 LoggingManagedHttpClientConnection.java DEBUG [Forwarding executeScript on session 5dbd82ad703f7e58e34eecf1f98eabb3 to remote] conn.DefaultManagedHttpClientConnection 88 - http-outgoing-189: set socket timeout to 10800000
02-06-2018 18:07:55 MainClientExec.java DEBUG [Forwarding executeScript on session 5dbd82ad703f7e58e34eecf1f98eabb3 to remote] execchain.MainClientExec 256 - Executing request POST /session/5dbd82ad703f7e58e34eecf1f98eabb3/execute HTTP/1.1
02-06-2018 18:07:55 MainClientExec.java DEBUG [Forwarding executeScript on session 5dbd82ad703f7e58e34eecf1f98eabb3 to remote] execchain.MainClientExec 261 - Target auth state: UNCHALLENGED
02-06-2018 18:07:55 MainClientExec.java DEBUG [Forwarding executeScript on session 5dbd82ad703f7e58e34eecf1f98eabb3 to remote] execchain.MainClientExec 267 - Proxy auth state: UNCHALLENGED
02-06-2018 18:07:55 LoggingManagedHttpClientConnection.java DEBUG [Forwarding executeScript on session 5dbd82ad703f7e58e34eecf1f98eabb3 to remote] http.headers 133 - http-outgoing-189 >> POST /session/5dbd82ad703f7e58e34eecf1f98eabb3/execute HTTP/1.1
02-06-2018 18:07:55 LoggingManagedHttpClientConnection.java DEBUG [Forwarding executeScript on session 5dbd82ad703f7e58e34eecf1f98eabb3 to remote] http.headers 136 - http-outgoing-189 >> Content-Type: application/json; charset=utf-8
02-06-2018 18:07:55 LoggingManagedHttpClientConnection.java DEBUG [Forwarding executeScript on session 5dbd82ad703f7e58e34eecf1f98eabb3 to remote] http.headers 136 - http-outgoing-189 >> Content-Length: 139
02-06-2018 18:07:55 LoggingManagedHttpClientConnection.java DEBUG [Forwarding executeScript on session 5dbd82ad703f7e58e34eecf1f98eabb3 to remote] http.headers 136 - http-outgoing-189 >> Host: localhost:36586
02-06-2018 18:07:55 LoggingManagedHttpClientConnection.java DEBUG [Forwarding executeScript on session 5dbd82ad703f7e58e34eecf1f98eabb3 to remote] http.headers 136 - http-outgoing-189 >> Connection: Keep-Alive
02-06-2018 18:07:55 LoggingManagedHttpClientConnection.java DEBUG [Forwarding executeScript on session 5dbd82ad703f7e58e34eecf1f98eabb3 to remote] http.headers 136 - http-outgoing-189 >> User-Agent: Apache-HttpClient/4.5.3 (Java/1.8.0_151)
02-06-2018 18:07:55 LoggingManagedHttpClientConnection.java DEBUG [Forwarding executeScript on session 5dbd82ad703f7e58e34eecf1f98eabb3 to remote] http.headers 136 - http-outgoing-189 >> Accept-Encoding: gzip,deflate
02-06-2018 18:07:55 Wire.java DEBUG [Forwarding executeScript on session 5dbd82ad703f7e58e34eecf1f98eabb3 to remote] http.wire 73 - http-outgoing-189 >> "POST /session/5dbd82ad703f7e58e34eecf1f98eabb3/execute HTTP/1.1[\r][\n]"
02-06-2018 18:07:55 Wire.java DEBUG [Forwarding executeScript on session 5dbd82ad703f7e58e34eecf1f98eabb3 to remote] http.wire 73 - http-outgoing-189 >> "Content-Type: application/json; charset=utf-8[\r][\n]"
02-06-2018 18:07:55 Wire.java DEBUG [Forwarding executeScript on session 5dbd82ad703f7e58e34eecf1f98eabb3 to remote] http.wire 73 - http-outgoing-189 >> "Content-Length: 139[\r][\n]"
02-06-2018 18:07:55 Wire.java DEBUG [Forwarding executeScript on session 5dbd82ad703f7e58e34eecf1f98eabb3 to remote] http.wire 73 - http-outgoing-189 >> "Host: localhost:36586[\r][\n]"
02-06-2018 18:07:55 Wire.java DEBUG [Forwarding executeScript on session 5dbd82ad703f7e58e34eecf1f98eabb3 to remote] http.wire 73 - http-outgoing-189 >> "Connection: Keep-Alive[\r][\n]"
02-06-2018 18:07:55 Wire.java DEBUG [Forwarding executeScript on session 5dbd82ad703f7e58e34eecf1f98eabb3 to remote] http.wire 73 - http-outgoing-189 >> "User-Agent: Apache-HttpClient/4.5.3 (Java/1.8.0_151)[\r][\n]"
02-06-2018 18:07:55 Wire.java DEBUG [Forwarding executeScript on session 5dbd82ad703f7e58e34eecf1f98eabb3 to remote] http.wire 73 - http-outgoing-189 >> "Accept-Encoding: gzip,deflate[\r][\n]"
02-06-2018 18:07:55 Wire.java DEBUG [Forwarding executeScript on session 5dbd82ad703f7e58e34eecf1f98eabb3 to remote] http.wire 73 - http-outgoing-189 >> "[\r][\n]"
02-06-2018 18:07:55 Wire.java DEBUG [Forwarding executeScript on session 5dbd82ad703f7e58e34eecf1f98eabb3 to remote] http.wire 87 - http-outgoing-189 >> "{"script":"arguments[0].click();","args":[{"ELEMENT":"0.3168487501185526-3","element-6066-11e4-a52e-4f735466cecf":"0.3168487501185526-3"}]}"
02-06-2018 18:07:55 Wire.java DEBUG [Forwarding executeScript on session 5dbd82ad703f7e58e34eecf1f98eabb3 to remote] http.wire 73 - http-outgoing-189 << "HTTP/1.1 200 OK[\r][\n]"
02-06-2018 18:07:55 Wire.java DEBUG [Forwarding executeScript on session 5dbd82ad703f7e58e34eecf1f98eabb3 to remote] http.wire 73 - http-outgoing-189 << "Content-Length:72[\r][\n]"
02-06-2018 18:07:55 Wire.java DEBUG [Forwarding executeScript on session 5dbd82ad703f7e58e34eecf1f98eabb3 to remote] http.wire 73 - http-outgoing-189 << "Content-Type:application/json; charset=utf-8[\r][\n]"
02-06-2018 18:07:55 Wire.java DEBUG [Forwarding executeScript on session 5dbd82ad703f7e58e34eecf1f98eabb3 to remote] http.wire 73 - http-outgoing-189 << "Connection:close[\r][\n]"
02-06-2018 18:07:55 Wire.java DEBUG [Forwarding executeScript on session 5dbd82ad703f7e58e34eecf1f98eabb3 to remote] http.wire 73 - http-outgoing-189 << "[\r][\n]"
02-06-2018 18:07:55 Wire.java DEBUG [Forwarding executeScript on session 5dbd82ad703f7e58e34eecf1f98eabb3 to remote] http.wire 87 - http-outgoing-189 << "{"sessionId":"5dbd82ad703f7e58e34eecf1f98eabb3","status":0,"value":null}"
02-06-2018 18:07:55 LoggingManagedHttpClientConnection.java DEBUG [Forwarding executeScript on session 5dbd82ad703f7e58e34eecf1f98eabb3 to remote] http.headers 122 - http-outgoing-189 << HTTP/1.1 200 OK
02-06-2018 18:07:55 LoggingManagedHttpClientConnection.java DEBUG [Forwarding executeScript on session 5dbd82ad703f7e58e34eecf1f98eabb3 to remote] http.headers 125 - http-outgoing-189 << Content-Length:72
02-06-2018 18:07:55 LoggingManagedHttpClientConnection.java DEBUG [Forwarding executeScript on session 5dbd82ad703f7e58e34eecf1f98eabb3 to remote] http.headers 125 - http-outgoing-189 << Content-Type:application/json; charset=utf-8
02-06-2018 18:07:55 LoggingManagedHttpClientConnection.java DEBUG [Forwarding executeScript on session 5dbd82ad703f7e58e34eecf1f98eabb3 to remote] http.headers 125 - http-outgoing-189 << Connection:close
02-06-2018 18:07:55 LoggingManagedHttpClientConnection.java DEBUG [Forwarding executeScript on session 5dbd82ad703f7e58e34eecf1f98eabb3 to remote] conn.DefaultManagedHttpClientConnection 79 - http-outgoing-189: Close connection
02-06-2018 18:07:55 ConnectionHolder.java DEBUG [Forwarding executeScript on session 5dbd82ad703f7e58e34eecf1f98eabb3 to remote] execchain.MainClientExec 104 - Connection discarded
02-06-2018 18:07:55 PoolingHttpClientConnectionManager.java DEBUG [Forwarding executeScript on session 5dbd82ad703f7e58e34eecf1f98eabb3 to remote] conn.PoolingHttpClientConnectionManager 326 - Connection released: [id: 189][route: {}->http://localhost:36586][total kept alive: 0; route allocated: 0 of 2000; total allocated: 0 of 2000]
02-06-2018 18:07:55 RequestAddCookies.java DEBUG [Forwarding findElement on session 5dbd82ad703f7e58e34eecf1f98eabb3 to remote] protocol.RequestAddCookies 123 - CookieSpec selected: default
02-06-2018 18:07:55 RequestAuthCache.java DEBUG [Forwarding findElement on session 5dbd82ad703f7e58e34eecf1f98eabb3 to remote] protocol.RequestAuthCache 77 - Auth cache not set in the context
02-06-2018 18:07:55 PoolingHttpClientConnectionManager.java DEBUG [Forwarding findElement on session 5dbd82ad703f7e58e34eecf1f98eabb3 to remote] conn.PoolingHttpClientConnectionManager 255 - Connection request: [route: {}->http://localhost:36586][total kept alive: 0; route allocated: 0 of 2000; total allocated: 0 of 2000]
02-06-2018 18:07:55 PoolingHttpClientConnectionManager.java DEBUG [Forwarding findElement on session 5dbd82ad703f7e58e34eecf1f98eabb3 to remote] conn.PoolingHttpClientConnectionManager 288 - Connection leased: [id: 190][route: {}->http://localhost:36586][total kept alive: 0; route allocated: 1 of 2000; total allocated: 1 of 2000]
02-06-2018 18:07:55 MainClientExec.java DEBUG [Forwarding findElement on session 5dbd82ad703f7e58e34eecf1f98eabb3 to remote] execchain.MainClientExec 235 - Opening connection {}->http://localhost:36586
02-06-2018 18:07:55 DefaultHttpClientConnectionOperator.java DEBUG [Forwarding findElement on session 5dbd82ad703f7e58e34eecf1f98eabb3 to remote] conn.DefaultHttpClientConnectionOperator 139 - Connecting to localhost/127.0.0.1:36586
02-06-2018 18:07:55 DefaultHttpClientConnectionOperator.java DEBUG [Forwarding findElement on session 5dbd82ad703f7e58e34eecf1f98eabb3 to remote] conn.DefaultHttpClientConnectionOperator 146 - Connection established 127.0.0.1:50680<->127.0.0.1:36586
02-06-2018 18:07:55 LoggingManagedHttpClientConnection.java DEBUG [Forwarding findElement on session 5dbd82ad703f7e58e34eecf1f98eabb3 to remote] conn.DefaultManagedHttpClientConnection 88 - http-outgoing-190: set socket timeout to 10800000
02-06-2018 18:07:55 MainClientExec.java DEBUG [Forwarding findElement on session 5dbd82ad703f7e58e34eecf1f98eabb3 to remote] execchain.MainClientExec 256 - Executing request POST /session/5dbd82ad703f7e58e34eecf1f98eabb3/element HTTP/1.1
02-06-2018 18:07:55 MainClientExec.java DEBUG [Forwarding findElement on session 5dbd82ad703f7e58e34eecf1f98eabb3 to remote] execchain.MainClientExec 261 - Target auth state: UNCHALLENGED
02-06-2018 18:07:55 MainClientExec.java DEBUG [Forwarding findElement on session 5dbd82ad703f7e58e34eecf1f98eabb3 to remote] execchain.MainClientExec 267 - Proxy auth state: UNCHALLENGED
02-06-2018 18:07:55 LoggingManagedHttpClientConnection.java DEBUG [Forwarding findElement on session 5dbd82ad703f7e58e34eecf1f98eabb3 to remote] http.headers 133 - http-outgoing-190 >> POST /session/5dbd82ad703f7e58e34eecf1f98eabb3/element HTTP/1.1
02-06-2018 18:07:55 LoggingManagedHttpClientConnection.java DEBUG [Forwarding findElement on session 5dbd82ad703f7e58e34eecf1f98eabb3 to remote] http.headers 136 - http-outgoing-190 >> Content-Type: application/json; charset=utf-8
02-06-2018 18:07:55 LoggingManagedHttpClientConnection.java DEBUG [Forwarding findElement on session 5dbd82ad703f7e58e34eecf1f98eabb3 to remote] http.headers 136 - http-outgoing-190 >> Content-Length: 47
02-06-2018 18:07:55 LoggingManagedHttpClientConnection.java DEBUG [Forwarding findElement on session 5dbd82ad703f7e58e34eecf1f98eabb3 to remote] http.headers 136 - http-outgoing-190 >> Host: localhost:36586
02-06-2018 18:07:55 LoggingManagedHttpClientConnection.java DEBUG [Forwarding findElement on session 5dbd82ad703f7e58e34eecf1f98eabb3 to remote] http.headers 136 - http-outgoing-190 >> Connection: Keep-Alive
02-06-2018 18:07:55 LoggingManagedHttpClientConnection.java DEBUG [Forwarding findElement on session 5dbd82ad703f7e58e34eecf1f98eabb3 to remote] http.headers 136 - http-outgoing-190 >> User-Agent: Apache-HttpClient/4.5.3 (Java/1.8.0_151)
02-06-2018 18:07:55 LoggingManagedHttpClientConnection.java DEBUG [Forwarding findElement on session 5dbd82ad703f7e58e34eecf1f98eabb3 to remote] http.headers 136 - http-outgoing-190 >> Accept-Encoding: gzip,deflate
02-06-2018 18:07:55 Wire.java DEBUG [Forwarding findElement on session 5dbd82ad703f7e58e34eecf1f98eabb3 to remote] http.wire 73 - http-outgoing-190 >> "POST /session/5dbd82ad703f7e58e34eecf1f98eabb3/element HTTP/1.1[\r][\n]"
02-06-2018 18:07:55 Wire.java DEBUG [Forwarding findElement on session 5dbd82ad703f7e58e34eecf1f98eabb3 to remote] http.wire 73 - http-outgoing-190 >> "Content-Type: application/json; charset=utf-8[\r][\n]"
02-06-2018 18:07:55 Wire.java DEBUG [Forwarding findElement on session 5dbd82ad703f7e58e34eecf1f98eabb3 to remote] http.wire 73 - http-outgoing-190 >> "Content-Length: 47[\r][\n]"
02-06-2018 18:07:55 Wire.java DEBUG [Forwarding findElement on session 5dbd82ad703f7e58e34eecf1f98eabb3 to remote] http.wire 73 - http-outgoing-190 >> "Host: localhost:36586[\r][\n]"
02-06-2018 18:07:55 Wire.java DEBUG [Forwarding findElement on session 5dbd82ad703f7e58e34eecf1f98eabb3 to remote] http.wire 73 - http-outgoing-190 >> "Connection: Keep-Alive[\r][\n]"
02-06-2018 18:07:55 Wire.java DEBUG [Forwarding findElement on session 5dbd82ad703f7e58e34eecf1f98eabb3 to remote] http.wire 73 - http-outgoing-190 >> "User-Agent: Apache-HttpClient/4.5.3 (Java/1.8.0_151)[\r][\n]"
02-06-2018 18:07:55 Wire.java DEBUG [Forwarding findElement on session 5dbd82ad703f7e58e34eecf1f98eabb3 to remote] http.wire 73 - http-outgoing-190 >> "Accept-Encoding: gzip,deflate[\r][\n]"
02-06-2018 18:07:55 Wire.java DEBUG [Forwarding findElement on session 5dbd82ad703f7e58e34eecf1f98eabb3 to remote] http.wire 73 - http-outgoing-190 >> "[\r][\n]"
02-06-2018 18:07:55 Wire.java DEBUG [Forwarding findElement on session 5dbd82ad703f7e58e34eecf1f98eabb3 to remote] http.wire 87 - http-outgoing-190 >> "{"using":"xpath","value":"//*[@id='password']"}"
02-06-2018 18:07:55 Wire.java DEBUG [Forwarding findElement on session 5dbd82ad703f7e58e34eecf1f98eabb3 to remote] http.wire 73 - http-outgoing-190 << "HTTP/1.1 200 OK[\r][\n]"
02-06-2018 18:07:55 Wire.java DEBUG [Forwarding findElement on session 5dbd82ad703f7e58e34eecf1f98eabb3 to remote] http.wire 73 - http-outgoing-190 << "Content-Length:102[\r][\n]"
02-06-2018 18:07:55 Wire.java DEBUG [Forwarding findElement on session 5dbd82ad703f7e58e34eecf1f98eabb3 to remote] http.wire 73 - http-outgoing-190 << "Content-Type:application/json; charset=utf-8[\r][\n]"
02-06-2018 18:07:55 Wire.java DEBUG [Forwarding findElement on session 5dbd82ad703f7e58e34eecf1f98eabb3 to remote] http.wire 73 - http-outgoing-190 << "Connection:close[\r][\n]"
02-06-2018 18:07:55 Wire.java DEBUG [Forwarding findElement on session 5dbd82ad703f7e58e34eecf1f98eabb3 to remote] http.wire 73 - http-outgoing-190 << "[\r][\n]"
02-06-2018 18:07:55 Wire.java DEBUG [Forwarding findElement on session 5dbd82ad703f7e58e34eecf1f98eabb3 to remote] http.wire 87 - http-outgoing-190 << "{"sessionId":"5dbd82ad703f7e58e34eecf1f98eabb3","status":0,"value":{"ELEMENT":"0.3168487501185526-3"}}"
02-06-2018 18:07:55 LoggingManagedHttpClientConnection.java DEBUG [Forwarding findElement on session 5dbd82ad703f7e58e34eecf1f98eabb3 to remote] http.headers 122 - http-outgoing-190 << HTTP/1.1 200 OK
02-06-2018 18:07:55 LoggingManagedHttpClientConnection.java DEBUG [Forwarding findElement on session 5dbd82ad703f7e58e34eecf1f98eabb3 to remote] http.headers 125 - http-outgoing-190 << Content-Length:102
02-06-2018 18:07:55 LoggingManagedHttpClientConnection.java DEBUG [Forwarding findElement on session 5dbd82ad703f7e58e34eecf1f98eabb3 to remote] http.headers 125 - http-outgoing-190 << Content-Type:application/json; charset=utf-8
02-06-2018 18:07:55 LoggingManagedHttpClientConnection.java DEBUG [Forwarding findElement on session 5dbd82ad703f7e58e34eecf1f98eabb3 to remote] http.headers 125 - http-outgoing-190 << Connection:close
02-06-2018 18:07:55 LoggingManagedHttpClientConnection.java DEBUG [Forwarding findElement on session 5dbd82ad703f7e58e34eecf1f98eabb3 to remote] conn.DefaultManagedHttpClientConnection 79 - http-outgoing-190: Close connection
02-06-2018 18:07:55 ConnectionHolder.java DEBUG [Forwarding findElement on session 5dbd82ad703f7e58e34eecf1f98eabb3 to remote] execchain.MainClientExec 104 - Connection discarded
02-06-2018 18:07:55 PoolingHttpClientConnectionManager.java DEBUG [Forwarding findElement on session 5dbd82ad703f7e58e34eecf1f98eabb3 to remote] conn.PoolingHttpClientConnectionManager 326 - Connection released: [id: 190][route: {}->http://localhost:36586][total kept alive: 0; route allocated: 0 of 2000; total allocated: 0 of 2000]
02-06-2018 18:07:55 RequestAddCookies.java DEBUG [Forwarding sendKeysToElement on session 5dbd82ad703f7e58e34eecf1f98eabb3 to remote] protocol.RequestAddCookies 123 - CookieSpec selected: default
02-06-2018 18:07:55 RequestAuthCache.java DEBUG [Forwarding sendKeysToElement on session 5dbd82ad703f7e58e34eecf1f98eabb3 to remote] protocol.RequestAuthCache 77 - Auth cache not set in the context
02-06-2018 18:07:55 PoolingHttpClientConnectionManager.java DEBUG [Forwarding sendKeysToElement on session 5dbd82ad703f7e58e34eecf1f98eabb3 to remote] conn.PoolingHttpClientConnectionManager 255 - Connection request: [route: {}->http://localhost:36586][total kept alive: 0; route allocated: 0 of 2000; total allocated: 0 of 2000]
02-06-2018 18:07:55 PoolingHttpClientConnectionManager.java DEBUG [Forwarding sendKeysToElement on session 5dbd82ad703f7e58e34eecf1f98eabb3 to remote] conn.PoolingHttpClientConnectionManager 288 - Connection leased: [id: 191][route: {}->http://localhost:36586][total kept alive: 0; route allocated: 1 of 2000; total allocated: 1 of 2000]
02-06-2018 18:07:55 MainClientExec.java DEBUG [Forwarding sendKeysToElement on session 5dbd82ad703f7e58e34eecf1f98eabb3 to remote] execchain.MainClientExec 235 - Opening connection {}->http://localhost:36586
02-06-2018 18:07:55 DefaultHttpClientConnectionOperator.java DEBUG [Forwarding sendKeysToElement on session 5dbd82ad703f7e58e34eecf1f98eabb3 to remote] conn.DefaultHttpClientConnectionOperator 139 - Connecting to localhost/127.0.0.1:36586
02-06-2018 18:07:55 DefaultHttpClientConnectionOperator.java DEBUG [Forwarding sendKeysToElement on session 5dbd82ad703f7e58e34eecf1f98eabb3 to remote] conn.DefaultHttpClientConnectionOperator 146 - Connection established 127.0.0.1:50681<->127.0.0.1:36586
02-06-2018 18:07:55 LoggingManagedHttpClientConnection.java DEBUG [Forwarding sendKeysToElement on session 5dbd82ad703f7e58e34eecf1f98eabb3 to remote] conn.DefaultManagedHttpClientConnection 88 - http-outgoing-191: set socket timeout to 10800000
02-06-2018 18:07:55 MainClientExec.java DEBUG [Forwarding sendKeysToElement on session 5dbd82ad703f7e58e34eecf1f98eabb3 to remote] execchain.MainClientExec 256 - Executing request POST /session/5dbd82ad703f7e58e34eecf1f98eabb3/element/0.3168487501185526-3/value HTTP/1.1
02-06-2018 18:07:55 MainClientExec.java DEBUG [Forwarding sendKeysToElement on session 5dbd82ad703f7e58e34eecf1f98eabb3 to remote] execchain.MainClientExec 261 - Target auth state: UNCHALLENGED
02-06-2018 18:07:55 MainClientExec.java DEBUG [Forwarding sendKeysToElement on session 5dbd82ad703f7e58e34eecf1f98eabb3 to remote] execchain.MainClientExec 267 - Proxy auth state: UNCHALLENGED
02-06-2018 18:07:55 LoggingManagedHttpClientConnection.java DEBUG [Forwarding sendKeysToElement on session 5dbd82ad703f7e58e34eecf1f98eabb3 to remote] http.headers 133 - http-outgoing-191 >> POST /session/5dbd82ad703f7e58e34eecf1f98eabb3/element/0.3168487501185526-3/value HTTP/1.1
02-06-2018 18:07:55 LoggingManagedHttpClientConnection.java DEBUG [Forwarding sendKeysToElement on session 5dbd82ad703f7e58e34eecf1f98eabb3 to remote] http.headers 136 - http-outgoing-191 >> Content-Type: application/json; charset=utf-8
02-06-2018 18:07:55 LoggingManagedHttpClientConnection.java DEBUG [Forwarding sendKeysToElement on session 5dbd82ad703f7e58e34eecf1f98eabb3 to remote] http.headers 136 - http-outgoing-191 >> Content-Length: 49
02-06-2018 18:07:55 LoggingManagedHttpClientConnection.java DEBUG [Forwarding sendKeysToElement on session 5dbd82ad703f7e58e34eecf1f98eabb3 to remote] http.headers 136 - http-outgoing-191 >> Host: localhost:36586
02-06-2018 18:07:55 LoggingManagedHttpClientConnection.java DEBUG [Forwarding sendKeysToElement on session 5dbd82ad703f7e58e34eecf1f98eabb3 to remote] http.headers 136 - http-outgoing-191 >> Connection: Keep-Alive
02-06-2018 18:07:55 LoggingManagedHttpClientConnection.java DEBUG [Forwarding sendKeysToElement on session 5dbd82ad703f7e58e34eecf1f98eabb3 to remote] http.headers 136 - http-outgoing-191 >> User-Agent: Apache-HttpClient/4.5.3 (Java/1.8.0_151)
02-06-2018 18:07:55 LoggingManagedHttpClientConnection.java DEBUG [Forwarding sendKeysToElement on session 5dbd82ad703f7e58e34eecf1f98eabb3 to remote] http.headers 136 - http-outgoing-191 >> Accept-Encoding: gzip,deflate
02-06-2018 18:07:55 Wire.java DEBUG [Forwarding sendKeysToElement on session 5dbd82ad703f7e58e34eecf1f98eabb3 to remote] http.wire 73 - http-outgoing-191 >> "POST /session/5dbd82ad703f7e58e34eecf1f98eabb3/element/0.3168487501185526-3/value HTTP/1.1[\r][\n]"
02-06-2018 18:07:55 Wire.java DEBUG [Forwarding sendKeysToElement on session 5dbd82ad703f7e58e34eecf1f98eabb3 to remote] http.wire 73 - http-outgoing-191 >> "Content-Type: application/json; charset=utf-8[\r][\n]"
02-06-2018 18:07:55 Wire.java DEBUG [Forwarding sendKeysToElement on session 5dbd82ad703f7e58e34eecf1f98eabb3 to remote] http.wire 73 - http-outgoing-191 >> "Content-Length: 49[\r][\n]"
02-06-2018 18:07:55 Wire.java DEBUG [Forwarding sendKeysToElement on session 5dbd82ad703f7e58e34eecf1f98eabb3 to remote] http.wire 73 - http-outgoing-191 >> "Host: localhost:36586[\r][\n]"
02-06-2018 18:07:55 Wire.java DEBUG [Forwarding sendKeysToElement on session 5dbd82ad703f7e58e34eecf1f98eabb3 to remote] http.wire 73 - http-outgoing-191 >> "Connection: Keep-Alive[\r][\n]"
02-06-2018 18:07:55 Wire.java DEBUG [Forwarding sendKeysToElement on session 5dbd82ad703f7e58e34eecf1f98eabb3 to remote] http.wire 73 - http-outgoing-191 >> "User-Agent: Apache-HttpClient/4.5.3 (Java/1.8.0_151)[\r][\n]"
02-06-2018 18:07:55 Wire.java DEBUG [Forwarding sendKeysToElement on session 5dbd82ad703f7e58e34eecf1f98eabb3 to remote] http.wire 73 - http-outgoing-191 >> "Accept-Encoding: gzip,deflate[\r][\n]"
02-06-2018 18:07:55 Wire.java DEBUG [Forwarding sendKeysToElement on session 5dbd82ad703f7e58e34eecf1f98eabb3 to remote] http.wire 73 - http-outgoing-191 >> "[\r][\n]"
02-06-2018 18:07:55 Wire.java DEBUG [Forwarding sendKeysToElement on session 5dbd82ad703f7e58e34eecf1f98eabb3 to remote] http.wire 87 - http-outgoing-191 >> "{"id":"0.3168487501185526-3","value":["Teja123"]}"
02-06-2018 18:07:56 Wire.java DEBUG [Forwarding sendKeysToElement on session 5dbd82ad703f7e58e34eecf1f98eabb3 to remote] http.wire 73 - http-outgoing-191 << "HTTP/1.1 200 OK[\r][\n]"
02-06-2018 18:07:56 Wire.java DEBUG [Forwarding sendKeysToElement on session 5dbd82ad703f7e58e34eecf1f98eabb3 to remote] http.wire 73 - http-outgoing-191 << "Content-Length:72[\r][\n]"
02-06-2018 18:07:56 Wire.java DEBUG [Forwarding sendKeysToElement on session 5dbd82ad703f7e58e34eecf1f98eabb3 to remote] http.wire 73 - http-outgoing-191 << "Content-Type:application/json; charset=utf-8[\r][\n]"
02-06-2018 18:07:56 Wire.java DEBUG [Forwarding sendKeysToElement on session 5dbd82ad703f7e58e34eecf1f98eabb3 to remote] http.wire 73 - http-outgoing-191 << "Connection:close[\r][\n]"
02-06-2018 18:07:56 Wire.java DEBUG [Forwarding sendKeysToElement on session 5dbd82ad703f7e58e34eecf1f98eabb3 to remote] http.wire 73 - http-outgoing-191 << "[\r][\n]"
02-06-2018 18:07:56 Wire.java DEBUG [Forwarding sendKeysToElement on session 5dbd82ad703f7e58e34eecf1f98eabb3 to remote] http.wire 87 - http-outgoing-191 << "{"sessionId":"5dbd82ad703f7e58e34eecf1f98eabb3","status":0,"value":null}"
02-06-2018 18:07:56 LoggingManagedHttpClientConnection.java DEBUG [Forwarding sendKeysToElement on session 5dbd82ad703f7e58e34eecf1f98eabb3 to remote] http.headers 122 - http-outgoing-191 << HTTP/1.1 200 OK
02-06-2018 18:07:56 LoggingManagedHttpClientConnection.java DEBUG [Forwarding sendKeysToElement on session 5dbd82ad703f7e58e34eecf1f98eabb3 to remote] http.headers 125 - http-outgoing-191 << Content-Length:72
02-06-2018 18:07:56 LoggingManagedHttpClientConnection.java DEBUG [Forwarding sendKeysToElement on session 5dbd82ad703f7e58e34eecf1f98eabb3 to remote] http.headers 125 - http-outgoing-191 << Content-Type:application/json; charset=utf-8
02-06-2018 18:07:56 LoggingManagedHttpClientConnection.java DEBUG [Forwarding sendKeysToElement on session 5dbd82ad703f7e58e34eecf1f98eabb3 to remote] http.headers 125 - http-outgoing-191 << Connection:close
02-06-2018 18:07:56 LoggingManagedHttpClientConnection.java DEBUG [Forwarding sendKeysToElement on session 5dbd82ad703f7e58e34eecf1f98eabb3 to remote] conn.DefaultManagedHttpClientConnection 79 - http-outgoing-191: Close connection
02-06-2018 18:07:56 ConnectionHolder.java DEBUG [Forwarding sendKeysToElement on session 5dbd82ad703f7e58e34eecf1f98eabb3 to remote] execchain.MainClientExec 104 - Connection discarded
02-06-2018 18:07:56 PoolingHttpClientConnectionManager.java DEBUG [Forwarding sendKeysToElement on session 5dbd82ad703f7e58e34eecf1f98eabb3 to remote] conn.PoolingHttpClientConnectionManager 326 - Connection released: [id: 191][route: {}->http://localhost:36586][total kept alive: 0; route allocated: 0 of 2000; total allocated: 0 of 2000]
02-06-2018 18:07:56 RequestAddCookies.java DEBUG [Forwarding findElement on session 5dbd82ad703f7e58e34eecf1f98eabb3 to remote] protocol.RequestAddCookies 123 - CookieSpec selected: default
02-06-2018 18:07:56 RequestAuthCache.java DEBUG [Forwarding findElement on session 5dbd82ad703f7e58e34eecf1f98eabb3 to remote] protocol.RequestAuthCache 77 - Auth cache not set in the context
02-06-2018 18:07:56 PoolingHttpClientConnectionManager.java DEBUG [Forwarding findElement on session 5dbd82ad703f7e58e34eecf1f98eabb3 to remote] conn.PoolingHttpClientConnectionManager 255 - Connection request: [route: {}->http://localhost:36586][total kept alive: 0; route allocated: 0 of 2000; total allocated: 0 of 2000]
02-06-2018 18:07:56 PoolingHttpClientConnectionManager.java DEBUG [Forwarding findElement on session 5dbd82ad703f7e58e34eecf1f98eabb3 to remote] conn.PoolingHttpClientConnectionManager 288 - Connection leased: [id: 192][route: {}->http://localhost:36586][total kept alive: 0; route allocated: 1 of 2000; total allocated: 1 of 2000]
02-06-2018 18:07:56 MainClientExec.java DEBUG [Forwarding findElement on session 5dbd82ad703f7e58e34eecf1f98eabb3 to remote] execchain.MainClientExec 235 - Opening connection {}->http://localhost:36586
02-06-2018 18:07:56 DefaultHttpClientConnectionOperator.java DEBUG [Forwarding findElement on session 5dbd82ad703f7e58e34eecf1f98eabb3 to remote] conn.DefaultHttpClientConnectionOperator 139 - Connecting to localhost/127.0.0.1:36586
02-06-2018 18:07:56 DefaultHttpClientConnectionOperator.java DEBUG [Forwarding findElement on session 5dbd82ad703f7e58e34eecf1f98eabb3 to remote] conn.DefaultHttpClientConnectionOperator 146 - Connection established 127.0.0.1:50682<->127.0.0.1:36586
02-06-2018 18:07:56 LoggingManagedHttpClientConnection.java DEBUG [Forwarding findElement on session 5dbd82ad703f7e58e34eecf1f98eabb3 to remote] conn.DefaultManagedHttpClientConnection 88 - http-outgoing-192: set socket timeout to 10800000
02-06-2018 18:07:56 MainClientExec.java DEBUG [Forwarding findElement on session 5dbd82ad703f7e58e34eecf1f98eabb3 to remote] execchain.MainClientExec 256 - Executing request POST /session/5dbd82ad703f7e58e34eecf1f98eabb3/element HTTP/1.1
02-06-2018 18:07:56 MainClientExec.java DEBUG [Forwarding findElement on session 5dbd82ad703f7e58e34eecf1f98eabb3 to remote] execchain.MainClientExec 261 - Target auth state: UNCHALLENGED
02-06-2018 18:07:56 MainClientExec.java DEBUG [Forwarding findElement on session 5dbd82ad703f7e58e34eecf1f98eabb3 to remote] execchain.MainClientExec 267 - Proxy auth state: UNCHALLENGED
02-06-2018 18:07:56 LoggingManagedHttpClientConnection.java DEBUG [Forwarding findElement on session 5dbd82ad703f7e58e34eecf1f98eabb3 to remote] http.headers 133 - http-outgoing-192 >> POST /session/5dbd82ad703f7e58e34eecf1f98eabb3/element HTTP/1.1
02-06-2018 18:07:56 LoggingManagedHttpClientConnection.java DEBUG [Forwarding findElement on session 5dbd82ad703f7e58e34eecf1f98eabb3 to remote] http.headers 136 - http-outgoing-192 >> Content-Type: application/json; charset=utf-8
02-06-2018 18:07:56 LoggingManagedHttpClientConnection.java DEBUG [Forwarding findElement on session 5dbd82ad703f7e58e34eecf1f98eabb3 to remote] http.headers 136 - http-outgoing-192 >> Content-Length: 55
02-06-2018 18:07:56 LoggingManagedHttpClientConnection.java DEBUG [Forwarding findElement on session 5dbd82ad703f7e58e34eecf1f98eabb3 to remote] http.headers 136 - http-outgoing-192 >> Host: localhost:36586
02-06-2018 18:07:56 LoggingManagedHttpClientConnection.java DEBUG [Forwarding findElement on session 5dbd82ad703f7e58e34eecf1f98eabb3 to remote] http.headers 136 - http-outgoing-192 >> Connection: Keep-Alive
02-06-2018 18:07:56 LoggingManagedHttpClientConnection.java DEBUG [Forwarding findElement on session 5dbd82ad703f7e58e34eecf1f98eabb3 to remote] http.headers 136 - http-outgoing-192 >> User-Agent: Apache-HttpClient/4.5.3 (Java/1.8.0_151)
02-06-2018 18:07:56 LoggingManagedHttpClientConnection.java DEBUG [Forwarding findElement on session 5dbd82ad703f7e58e34eecf1f98eabb3 to remote] http.headers 136 - http-outgoing-192 >> Accept-Encoding: gzip,deflate
02-06-2018 18:07:56 Wire.java DEBUG [Forwarding findElement on session 5dbd82ad703f7e58e34eecf1f98eabb3 to remote] http.wire 73 - http-outgoing-192 >> "POST /session/5dbd82ad703f7e58e34eecf1f98eabb3/element HTTP/1.1[\r][\n]"
02-06-2018 18:07:56 Wire.java DEBUG [Forwarding findElement on session 5dbd82ad703f7e58e34eecf1f98eabb3 to remote] http.wire 73 - http-outgoing-192 >> "Content-Type: application/json; charset=utf-8[\r][\n]"
02-06-2018 18:07:56 Wire.java DEBUG [Forwarding findElement on session 5dbd82ad703f7e58e34eecf1f98eabb3 to remote] http.wire 73 - http-outgoing-192 >> "Content-Length: 55[\r][\n]"
02-06-2018 18:07:56 Wire.java DEBUG [Forwarding findElement on session 5dbd82ad703f7e58e34eecf1f98eabb3 to remote] http.wire 73 - http-outgoing-192 >> "Host: localhost:36586[\r][\n]"
02-06-2018 18:07:56 Wire.java DEBUG [Forwarding findElement on session 5dbd82ad703f7e58e34eecf1f98eabb3 to remote] http.wire 73 - http-outgoing-192 >> "Connection: Keep-Alive[\r][\n]"
02-06-2018 18:07:56 Wire.java DEBUG [Forwarding findElement on session 5dbd82ad703f7e58e34eecf1f98eabb3 to remote] http.wire 73 - http-outgoing-192 >> "User-Agent: Apache-HttpClient/4.5.3 (Java/1.8.0_151)[\r][\n]"
02-06-2018 18:07:56 Wire.java DEBUG [Forwarding findElement on session 5dbd82ad703f7e58e34eecf1f98eabb3 to remote] http.wire 73 - http-outgoing-192 >> "Accept-Encoding: gzip,deflate[\r][\n]"
02-06-2018 18:07:56 Wire.java DEBUG [Forwarding findElement on session 5dbd82ad703f7e58e34eecf1f98eabb3 to remote] http.wire 73 - http-outgoing-192 >> "[\r][\n]"
02-06-2018 18:07:56 Wire.java DEBUG [Forwarding findElement on session 5dbd82ad703f7e58e34eecf1f98eabb3 to remote] http.wire 87 - http-outgoing-192 >> "{"using":"xpath","value":"//*[@id='password-confirm']"}"
02-06-2018 18:07:56 Wire.java DEBUG [Forwarding findElement on session 5dbd82ad703f7e58e34eecf1f98eabb3 to remote] http.wire 73 - http-outgoing-192 << "HTTP/1.1 200 OK[\r][\n]"
02-06-2018 18:07:56 Wire.java DEBUG [Forwarding findElement on session 5dbd82ad703f7e58e34eecf1f98eabb3 to remote] http.wire 73 - http-outgoing-192 << "Content-Length:102[\r][\n]"
02-06-2018 18:07:56 Wire.java DEBUG [Forwarding findElement on session 5dbd82ad703f7e58e34eecf1f98eabb3 to remote] http.wire 73 - http-outgoing-192 << "Content-Type:application/json; charset=utf-8[\r][\n]"
02-06-2018 18:07:56 Wire.java DEBUG [Forwarding findElement on session 5dbd82ad703f7e58e34eecf1f98eabb3 to remote] http.wire 73 - http-outgoing-192 << "Connection:close[\r][\n]"
02-06-2018 18:07:56 Wire.java DEBUG [Forwarding findElement on session 5dbd82ad703f7e58e34eecf1f98eabb3 to remote] http.wire 73 - http-outgoing-192 << "[\r][\n]"
02-06-2018 18:07:56 Wire.java DEBUG [Forwarding findElement on session 5dbd82ad703f7e58e34eecf1f98eabb3 to remote] http.wire 87 - http-outgoing-192 << "{"sessionId":"5dbd82ad703f7e58e34eecf1f98eabb3","status":0,"value":{"ELEMENT":"0.3168487501185526-4"}}"
02-06-2018 18:07:56 LoggingManagedHttpClientConnection.java DEBUG [Forwarding findElement on session 5dbd82ad703f7e58e34eecf1f98eabb3 to remote] http.headers 122 - http-outgoing-192 << HTTP/1.1 200 OK
02-06-2018 18:07:56 LoggingManagedHttpClientConnection.java DEBUG [Forwarding findElement on session 5dbd82ad703f7e58e34eecf1f98eabb3 to remote] http.headers 125 - http-outgoing-192 << Content-Length:102
02-06-2018 18:07:56 LoggingManagedHttpClientConnection.java DEBUG [Forwarding findElement on session 5dbd82ad703f7e58e34eecf1f98eabb3 to remote] http.headers 125 - http-outgoing-192 << Content-Type:application/json; charset=utf-8
02-06-2018 18:07:56 LoggingManagedHttpClientConnection.java DEBUG [Forwarding findElement on session 5dbd82ad703f7e58e34eecf1f98eabb3 to remote] http.headers 125 - http-outgoing-192 << Connection:close
02-06-2018 18:07:56 LoggingManagedHttpClientConnection.java DEBUG [Forwarding findElement on session 5dbd82ad703f7e58e34eecf1f98eabb3 to remote] conn.DefaultManagedHttpClientConnection 79 - http-outgoing-192: Close connection
02-06-2018 18:07:56 ConnectionHolder.java DEBUG [Forwarding findElement on session 5dbd82ad703f7e58e34eecf1f98eabb3 to remote] execchain.MainClientExec 104 - Connection discarded
02-06-2018 18:07:56 PoolingHttpClientConnectionManager.java DEBUG [Forwarding findElement on session 5dbd82ad703f7e58e34eecf1f98eabb3 to remote] conn.PoolingHttpClientConnectionManager 326 - Connection released: [id: 192][route: {}->http://localhost:36586][total kept alive: 0; route allocated: 0 of 2000; total allocated: 0 of 2000]
02-06-2018 18:07:56 RequestAddCookies.java DEBUG [Forwarding executeScript on session 5dbd82ad703f7e58e34eecf1f98eabb3 to remote] protocol.RequestAddCookies 123 - CookieSpec selected: default
02-06-2018 18:07:56 RequestAuthCache.java DEBUG [Forwarding executeScript on session 5dbd82ad703f7e58e34eecf1f98eabb3 to remote] protocol.RequestAuthCache 77 - Auth cache not set in the context
02-06-2018 18:07:56 PoolingHttpClientConnectionManager.java DEBUG [Forwarding executeScript on session 5dbd82ad703f7e58e34eecf1f98eabb3 to remote] conn.PoolingHttpClientConnectionManager 255 - Connection request: [route: {}->http://localhost:36586][total kept alive: 0; route allocated: 0 of 2000; total allocated: 0 of 2000]
02-06-2018 18:07:56 PoolingHttpClientConnectionManager.java DEBUG [Forwarding executeScript on session 5dbd82ad703f7e58e34eecf1f98eabb3 to remote] conn.PoolingHttpClientConnectionManager 288 - Connection leased: [id: 193][route: {}->http://localhost:36586][total kept alive: 0; route allocated: 1 of 2000; total allocated: 1 of 2000]
02-06-2018 18:07:56 MainClientExec.java DEBUG [Forwarding executeScript on session 5dbd82ad703f7e58e34eecf1f98eabb3 to remote] execchain.MainClientExec 235 - Opening connection {}->http://localhost:36586
02-06-2018 18:07:56 DefaultHttpClientConnectionOperator.java DEBUG [Forwarding executeScript on session 5dbd82ad703f7e58e34eecf1f98eabb3 to remote] conn.DefaultHttpClientConnectionOperator 139 - Connecting to localhost/127.0.0.1:36586
02-06-2018 18:07:56 DefaultHttpClientConnectionOperator.java DEBUG [Forwarding executeScript on session 5dbd82ad703f7e58e34eecf1f98eabb3 to remote] conn.DefaultHttpClientConnectionOperator 146 - Connection established 127.0.0.1:50683<->127.0.0.1:36586
02-06-2018 18:07:56 LoggingManagedHttpClientConnection.java DEBUG [Forwarding executeScript on session 5dbd82ad703f7e58e34eecf1f98eabb3 to remote] conn.DefaultManagedHttpClientConnection 88 - http-outgoing-193: set socket timeout to 10800000
02-06-2018 18:07:56 MainClientExec.java DEBUG [Forwarding executeScript on session 5dbd82ad703f7e58e34eecf1f98eabb3 to remote] execchain.MainClientExec 256 - Executing request POST /session/5dbd82ad703f7e58e34eecf1f98eabb3/execute HTTP/1.1
02-06-2018 18:07:56 MainClientExec.java DEBUG [Forwarding executeScript on session 5dbd82ad703f7e58e34eecf1f98eabb3 to remote] execchain.MainClientExec 261 - Target auth state: UNCHALLENGED
02-06-2018 18:07:56 MainClientExec.java DEBUG [Forwarding executeScript on session 5dbd82ad703f7e58e34eecf1f98eabb3 to remote] execchain.MainClientExec 267 - Proxy auth state: UNCHALLENGED
02-06-2018 18:07:56 LoggingManagedHttpClientConnection.java DEBUG [Forwarding executeScript on session 5dbd82ad703f7e58e34eecf1f98eabb3 to remote] http.headers 133 - http-outgoing-193 >> POST /session/5dbd82ad703f7e58e34eecf1f98eabb3/execute HTTP/1.1
02-06-2018 18:07:56 LoggingManagedHttpClientConnection.java DEBUG [Forwarding executeScript on session 5dbd82ad703f7e58e34eecf1f98eabb3 to remote] http.headers 136 - http-outgoing-193 >> Content-Type: application/json; charset=utf-8
02-06-2018 18:07:56 LoggingManagedHttpClientConnection.java DEBUG [Forwarding executeScript on session 5dbd82ad703f7e58e34eecf1f98eabb3 to remote] http.headers 136 - http-outgoing-193 >> Content-Length: 139
02-06-2018 18:07:56 LoggingManagedHttpClientConnection.java DEBUG [Forwarding executeScript on session 5dbd82ad703f7e58e34eecf1f98eabb3 to remote] http.headers 136 - http-outgoing-193 >> Host: localhost:36586
02-06-2018 18:07:56 LoggingManagedHttpClientConnection.java DEBUG [Forwarding executeScript on session 5dbd82ad703f7e58e34eecf1f98eabb3 to remote] http.headers 136 - http-outgoing-193 >> Connection: Keep-Alive
02-06-2018 18:07:56 LoggingManagedHttpClientConnection.java DEBUG [Forwarding executeScript on session 5dbd82ad703f7e58e34eecf1f98eabb3 to remote] http.headers 136 - http-outgoing-193 >> User-Agent: Apache-HttpClient/4.5.3 (Java/1.8.0_151)
02-06-2018 18:07:56 LoggingManagedHttpClientConnection.java DEBUG [Forwarding executeScript on session 5dbd82ad703f7e58e34eecf1f98eabb3 to remote] http.headers 136 - http-outgoing-193 >> Accept-Encoding: gzip,deflate
02-06-2018 18:07:56 Wire.java DEBUG [Forwarding executeScript on session 5dbd82ad703f7e58e34eecf1f98eabb3 to remote] http.wire 73 - http-outgoing-193 >> "POST /session/5dbd82ad703f7e58e34eecf1f98eabb3/execute HTTP/1.1[\r][\n]"
02-06-2018 18:07:56 Wire.java DEBUG [Forwarding executeScript on session 5dbd82ad703f7e58e34eecf1f98eabb3 to remote] http.wire 73 - http-outgoing-193 >> "Content-Type: application/json; charset=utf-8[\r][\n]"
02-06-2018 18:07:56 Wire.java DEBUG [Forwarding executeScript on session 5dbd82ad703f7e58e34eecf1f98eabb3 to remote] http.wire 73 - http-outgoing-193 >> "Content-Length: 139[\r][\n]"
02-06-2018 18:07:56 Wire.java DEBUG [Forwarding executeScript on session 5dbd82ad703f7e58e34eecf1f98eabb3 to remote] http.wire 73 - http-outgoing-193 >> "Host: localhost:36586[\r][\n]"
02-06-2018 18:07:56 Wire.java DEBUG [Forwarding executeScript on session 5dbd82ad703f7e58e34eecf1f98eabb3 to remote] http.wire 73 - http-outgoing-193 >> "Connection: Keep-Alive[\r][\n]"
02-06-2018 18:07:56 Wire.java DEBUG [Forwarding executeScript on session 5dbd82ad703f7e58e34eecf1f98eabb3 to remote] http.wire 73 - http-outgoing-193 >> "User-Agent: Apache-HttpClient/4.5.3 (Java/1.8.0_151)[\r][\n]"
02-06-2018 18:07:56 Wire.java DEBUG [Forwarding executeScript on session 5dbd82ad703f7e58e34eecf1f98eabb3 to remote] http.wire 73 - http-outgoing-193 >> "Accept-Encoding: gzip,deflate[\r][\n]"
02-06-2018 18:07:56 Wire.java DEBUG [Forwarding executeScript on session 5dbd82ad703f7e58e34eecf1f98eabb3 to remote] http.wire 73 - http-outgoing-193 >> "[\r][\n]"
02-06-2018 18:07:56 Wire.java DEBUG [Forwarding executeScript on session 5dbd82ad703f7e58e34eecf1f98eabb3 to remote] http.wire 87 - http-outgoing-193 >> "{"script":"arguments[0].click();","args":[{"ELEMENT":"0.3168487501185526-4","element-6066-11e4-a52e-4f735466cecf":"0.3168487501185526-4"}]}"
02-06-2018 18:07:56 Wire.java DEBUG [Forwarding executeScript on session 5dbd82ad703f7e58e34eecf1f98eabb3 to remote] http.wire 73 - http-outgoing-193 << "HTTP/1.1 200 OK[\r][\n]"
02-06-2018 18:07:56 Wire.java DEBUG [Forwarding executeScript on session 5dbd82ad703f7e58e34eecf1f98eabb3 to remote] http.wire 73 - http-outgoing-193 << "Content-Length:72[\r][\n]"
02-06-2018 18:07:56 Wire.java DEBUG [Forwarding executeScript on session 5dbd82ad703f7e58e34eecf1f98eabb3 to remote] http.wire 73 - http-outgoing-193 << "Content-Type:application/json; charset=utf-8[\r][\n]"
02-06-2018 18:07:56 Wire.java DEBUG [Forwarding executeScript on session 5dbd82ad703f7e58e34eecf1f98eabb3 to remote] http.wire 73 - http-outgoing-193 << "Connection:close[\r][\n]"
02-06-2018 18:07:56 Wire.java DEBUG [Forwarding executeScript on session 5dbd82ad703f7e58e34eecf1f98eabb3 to remote] http.wire 73 - http-outgoing-193 << "[\r][\n]"
02-06-2018 18:07:56 Wire.java DEBUG [Forwarding executeScript on session 5dbd82ad703f7e58e34eecf1f98eabb3 to remote] http.wire 87 - http-outgoing-193 << "{"sessionId":"5dbd82ad703f7e58e34eecf1f98eabb3","status":0,"value":null}"
02-06-2018 18:07:56 LoggingManagedHttpClientConnection.java DEBUG [Forwarding executeScript on session 5dbd82ad703f7e58e34eecf1f98eabb3 to remote] http.headers 122 - http-outgoing-193 << HTTP/1.1 200 OK
02-06-2018 18:07:56 LoggingManagedHttpClientConnection.java DEBUG [Forwarding executeScript on session 5dbd82ad703f7e58e34eecf1f98eabb3 to remote] http.headers 125 - http-outgoing-193 << Content-Length:72
02-06-2018 18:07:56 LoggingManagedHttpClientConnection.java DEBUG [Forwarding executeScript on session 5dbd82ad703f7e58e34eecf1f98eabb3 to remote] http.headers 125 - http-outgoing-193 << Content-Type:application/json; charset=utf-8
02-06-2018 18:07:56 LoggingManagedHttpClientConnection.java DEBUG [Forwarding executeScript on session 5dbd82ad703f7e58e34eecf1f98eabb3 to remote] http.headers 125 - http-outgoing-193 << Connection:close
02-06-2018 18:07:56 LoggingManagedHttpClientConnection.java DEBUG [Forwarding executeScript on session 5dbd82ad703f7e58e34eecf1f98eabb3 to remote] conn.DefaultManagedHttpClientConnection 79 - http-outgoing-193: Close connection
02-06-2018 18:07:56 ConnectionHolder.java DEBUG [Forwarding executeScript on session 5dbd82ad703f7e58e34eecf1f98eabb3 to remote] execchain.MainClientExec 104 - Connection discarded
02-06-2018 18:07:56 PoolingHttpClientConnectionManager.java DEBUG [Forwarding executeScript on session 5dbd82ad703f7e58e34eecf1f98eabb3 to remote] conn.PoolingHttpClientConnectionManager 326 - Connection released: [id: 193][route: {}->http://localhost:36586][total kept alive: 0; route allocated: 0 of 2000; total allocated: 0 of 2000]
02-06-2018 18:07:56 RequestAddCookies.java DEBUG [Forwarding findElement on session 5dbd82ad703f7e58e34eecf1f98eabb3 to remote] protocol.RequestAddCookies 123 - CookieSpec selected: default
02-06-2018 18:07:56 RequestAuthCache.java DEBUG [Forwarding findElement on session 5dbd82ad703f7e58e34eecf1f98eabb3 to remote] protocol.RequestAuthCache 77 - Auth cache not set in the context
02-06-2018 18:07:56 PoolingHttpClientConnectionManager.java DEBUG [Forwarding findElement on session 5dbd82ad703f7e58e34eecf1f98eabb3 to remote] conn.PoolingHttpClientConnectionManager 255 - Connection request: [route: {}->http://localhost:36586][total kept alive: 0; route allocated: 0 of 2000; total allocated: 0 of 2000]
02-06-2018 18:07:56 PoolingHttpClientConnectionManager.java DEBUG [Forwarding findElement on session 5dbd82ad703f7e58e34eecf1f98eabb3 to remote] conn.PoolingHttpClientConnectionManager 288 - Connection leased: [id: 194][route: {}->http://localhost:36586][total kept alive: 0; route allocated: 1 of 2000; total allocated: 1 of 2000]
02-06-2018 18:07:56 MainClientExec.java DEBUG [Forwarding findElement on session 5dbd82ad703f7e58e34eecf1f98eabb3 to remote] execchain.MainClientExec 235 - Opening connection {}->http://localhost:36586
02-06-2018 18:07:56 DefaultHttpClientConnectionOperator.java DEBUG [Forwarding findElement on session 5dbd82ad703f7e58e34eecf1f98eabb3 to remote] conn.DefaultHttpClientConnectionOperator 139 - Connecting to localhost/127.0.0.1:36586
02-06-2018 18:07:56 DefaultHttpClientConnectionOperator.java DEBUG [Forwarding findElement on session 5dbd82ad703f7e58e34eecf1f98eabb3 to remote] conn.DefaultHttpClientConnectionOperator 146 - Connection established 127.0.0.1:50684<->127.0.0.1:36586
02-06-2018 18:07:56 LoggingManagedHttpClientConnection.java DEBUG [Forwarding findElement on session 5dbd82ad703f7e58e34eecf1f98eabb3 to remote] conn.DefaultManagedHttpClientConnection 88 - http-outgoing-194: set socket timeout to 10800000
02-06-2018 18:07:56 MainClientExec.java DEBUG [Forwarding findElement on session 5dbd82ad703f7e58e34eecf1f98eabb3 to remote] execchain.MainClientExec 256 - Executing request POST /session/5dbd82ad703f7e58e34eecf1f98eabb3/element HTTP/1.1
02-06-2018 18:07:56 MainClientExec.java DEBUG [Forwarding findElement on session 5dbd82ad703f7e58e34eecf1f98eabb3 to remote] execchain.MainClientExec 261 - Target auth state: UNCHALLENGED
02-06-2018 18:07:56 MainClientExec.java DEBUG [Forwarding findElement on session 5dbd82ad703f7e58e34eecf1f98eabb3 to remote] execchain.MainClientExec 267 - Proxy auth state: UNCHALLENGED
02-06-2018 18:07:56 LoggingManagedHttpClientConnection.java DEBUG [Forwarding findElement on session 5dbd82ad703f7e58e34eecf1f98eabb3 to remote] http.headers 133 - http-outgoing-194 >> POST /session/5dbd82ad703f7e58e34eecf1f98eabb3/element HTTP/1.1
02-06-2018 18:07:56 LoggingManagedHttpClientConnection.java DEBUG [Forwarding findElement on session 5dbd82ad703f7e58e34eecf1f98eabb3 to remote] http.headers 136 - http-outgoing-194 >> Content-Type: application/json; charset=utf-8
02-06-2018 18:07:56 LoggingManagedHttpClientConnection.java DEBUG [Forwarding findElement on session 5dbd82ad703f7e58e34eecf1f98eabb3 to remote] http.headers 136 - http-outgoing-194 >> Content-Length: 55
02-06-2018 18:07:56 LoggingManagedHttpClientConnection.java DEBUG [Forwarding findElement on session 5dbd82ad703f7e58e34eecf1f98eabb3 to remote] http.headers 136 - http-outgoing-194 >> Host: localhost:36586
02-06-2018 18:07:56 LoggingManagedHttpClientConnection.java DEBUG [Forwarding findElement on session 5dbd82ad703f7e58e34eecf1f98eabb3 to remote] http.headers 136 - http-outgoing-194 >> Connection: Keep-Alive
02-06-2018 18:07:56 LoggingManagedHttpClientConnection.java DEBUG [Forwarding findElement on session 5dbd82ad703f7e58e34eecf1f98eabb3 to remote] http.headers 136 - http-outgoing-194 >> User-Agent: Apache-HttpClient/4.5.3 (Java/1.8.0_151)
02-06-2018 18:07:56 LoggingManagedHttpClientConnection.java DEBUG [Forwarding findElement on session 5dbd82ad703f7e58e34eecf1f98eabb3 to remote] http.headers 136 - http-outgoing-194 >> Accept-Encoding: gzip,deflate
02-06-2018 18:07:56 Wire.java DEBUG [Forwarding findElement on session 5dbd82ad703f7e58e34eecf1f98eabb3 to remote] http.wire 73 - http-outgoing-194 >> "POST /session/5dbd82ad703f7e58e34eecf1f98eabb3/element HTTP/1.1[\r][\n]"
02-06-2018 18:07:56 Wire.java DEBUG [Forwarding findElement on session 5dbd82ad703f7e58e34eecf1f98eabb3 to remote] http.wire 73 - http-outgoing-194 >> "Content-Type: application/json; charset=utf-8[\r][\n]"
02-06-2018 18:07:56 Wire.java DEBUG [Forwarding findElement on session 5dbd82ad703f7e58e34eecf1f98eabb3 to remote] http.wire 73 - http-outgoing-194 >> "Content-Length: 55[\r][\n]"
02-06-2018 18:07:56 Wire.java DEBUG [Forwarding findElement on session 5dbd82ad703f7e58e34eecf1f98eabb3 to remote] http.wire 73 - http-outgoing-194 >> "Host: localhost:36586[\r][\n]"
02-06-2018 18:07:56 Wire.java DEBUG [Forwarding findElement on session 5dbd82ad703f7e58e34eecf1f98eabb3 to remote] http.wire 73 - http-outgoing-194 >> "Connection: Keep-Alive[\r][\n]"
02-06-2018 18:07:56 Wire.java DEBUG [Forwarding findElement on session 5dbd82ad703f7e58e34eecf1f98eabb3 to remote] http.wire 73 - http-outgoing-194 >> "User-Agent: Apache-HttpClient/4.5.3 (Java/1.8.0_151)[\r][\n]"
02-06-2018 18:07:56 Wire.java DEBUG [Forwarding findElement on session 5dbd82ad703f7e58e34eecf1f98eabb3 to remote] http.wire 73 - http-outgoing-194 >> "Accept-Encoding: gzip,deflate[\r][\n]"
02-06-2018 18:07:56 Wire.java DEBUG [Forwarding findElement on session 5dbd82ad703f7e58e34eecf1f98eabb3 to remote] http.wire 73 - http-outgoing-194 >> "[\r][\n]"
02-06-2018 18:07:56 Wire.java DEBUG [Forwarding findElement on session 5dbd82ad703f7e58e34eecf1f98eabb3 to remote] http.wire 87 - http-outgoing-194 >> "{"using":"xpath","value":"//*[@id='password-confirm']"}"
02-06-2018 18:07:56 Wire.java DEBUG [Forwarding findElement on session 5dbd82ad703f7e58e34eecf1f98eabb3 to remote] http.wire 73 - http-outgoing-194 << "HTTP/1.1 200 OK[\r][\n]"
02-06-2018 18:07:56 Wire.java DEBUG [Forwarding findElement on session 5dbd82ad703f7e58e34eecf1f98eabb3 to remote] http.wire 73 - http-outgoing-194 << "Content-Length:102[\r][\n]"
02-06-2018 18:07:56 Wire.java DEBUG [Forwarding findElement on session 5dbd82ad703f7e58e34eecf1f98eabb3 to remote] http.wire 73 - http-outgoing-194 << "Content-Type:application/json; charset=utf-8[\r][\n]"
02-06-2018 18:07:56 Wire.java DEBUG [Forwarding findElement on session 5dbd82ad703f7e58e34eecf1f98eabb3 to remote] http.wire 73 - http-outgoing-194 << "Connection:close[\r][\n]"
02-06-2018 18:07:56 Wire.java DEBUG [Forwarding findElement on session 5dbd82ad703f7e58e34eecf1f98eabb3 to remote] http.wire 73 - http-outgoing-194 << "[\r][\n]"
02-06-2018 18:07:56 Wire.java DEBUG [Forwarding findElement on session 5dbd82ad703f7e58e34eecf1f98eabb3 to remote] http.wire 87 - http-outgoing-194 << "{"sessionId":"5dbd82ad703f7e58e34eecf1f98eabb3","status":0,"value":{"ELEMENT":"0.3168487501185526-4"}}"
02-06-2018 18:07:56 LoggingManagedHttpClientConnection.java DEBUG [Forwarding findElement on session 5dbd82ad703f7e58e34eecf1f98eabb3 to remote] http.headers 122 - http-outgoing-194 << HTTP/1.1 200 OK
02-06-2018 18:07:56 LoggingManagedHttpClientConnection.java DEBUG [Forwarding findElement on session 5dbd82ad703f7e58e34eecf1f98eabb3 to remote] http.headers 125 - http-outgoing-194 << Content-Length:102
02-06-2018 18:07:56 LoggingManagedHttpClientConnection.java DEBUG [Forwarding findElement on session 5dbd82ad703f7e58e34eecf1f98eabb3 to remote] http.headers 125 - http-outgoing-194 << Content-Type:application/json; charset=utf-8
02-06-2018 18:07:56 LoggingManagedHttpClientConnection.java DEBUG [Forwarding findElement on session 5dbd82ad703f7e58e34eecf1f98eabb3 to remote] http.headers 125 - http-outgoing-194 << Connection:close
02-06-2018 18:07:56 LoggingManagedHttpClientConnection.java DEBUG [Forwarding findElement on session 5dbd82ad703f7e58e34eecf1f98eabb3 to remote] conn.DefaultManagedHttpClientConnection 79 - http-outgoing-194: Close connection
02-06-2018 18:07:56 ConnectionHolder.java DEBUG [Forwarding findElement on session 5dbd82ad703f7e58e34eecf1f98eabb3 to remote] execchain.MainClientExec 104 - Connection discarded
02-06-2018 18:07:56 PoolingHttpClientConnectionManager.java DEBUG [Forwarding findElement on session 5dbd82ad703f7e58e34eecf1f98eabb3 to remote] conn.PoolingHttpClientConnectionManager 326 - Connection released: [id: 194][route: {}->http://localhost:36586][total kept alive: 0; route allocated: 0 of 2000; total allocated: 0 of 2000]
02-06-2018 18:07:56 RequestAddCookies.java DEBUG [Forwarding sendKeysToElement on session 5dbd82ad703f7e58e34eecf1f98eabb3 to remote] protocol.RequestAddCookies 123 - CookieSpec selected: default
02-06-2018 18:07:56 RequestAuthCache.java DEBUG [Forwarding sendKeysToElement on session 5dbd82ad703f7e58e34eecf1f98eabb3 to remote] protocol.RequestAuthCache 77 - Auth cache not set in the context
02-06-2018 18:07:56 PoolingHttpClientConnectionManager.java DEBUG [Forwarding sendKeysToElement on session 5dbd82ad703f7e58e34eecf1f98eabb3 to remote] conn.PoolingHttpClientConnectionManager 255 - Connection request: [route: {}->http://localhost:36586][total kept alive: 0; route allocated: 0 of 2000; total allocated: 0 of 2000]
02-06-2018 18:07:56 PoolingHttpClientConnectionManager.java DEBUG [Forwarding sendKeysToElement on session 5dbd82ad703f7e58e34eecf1f98eabb3 to remote] conn.PoolingHttpClientConnectionManager 288 - Connection leased: [id: 195][route: {}->http://localhost:36586][total kept alive: 0; route allocated: 1 of 2000; total allocated: 1 of 2000]
02-06-2018 18:07:56 MainClientExec.java DEBUG [Forwarding sendKeysToElement on session 5dbd82ad703f7e58e34eecf1f98eabb3 to remote] execchain.MainClientExec 235 - Opening connection {}->http://localhost:36586
02-06-2018 18:07:56 DefaultHttpClientConnectionOperator.java DEBUG [Forwarding sendKeysToElement on session 5dbd82ad703f7e58e34eecf1f98eabb3 to remote] conn.DefaultHttpClientConnectionOperator 139 - Connecting to localhost/127.0.0.1:36586
02-06-2018 18:07:56 DefaultHttpClientConnectionOperator.java DEBUG [Forwarding sendKeysToElement on session 5dbd82ad703f7e58e34eecf1f98eabb3 to remote] conn.DefaultHttpClientConnectionOperator 146 - Connection established 127.0.0.1:50685<->127.0.0.1:36586
02-06-2018 18:07:56 LoggingManagedHttpClientConnection.java DEBUG [Forwarding sendKeysToElement on session 5dbd82ad703f7e58e34eecf1f98eabb3 to remote] conn.DefaultManagedHttpClientConnection 88 - http-outgoing-195: set socket timeout to 10800000
02-06-2018 18:07:56 MainClientExec.java DEBUG [Forwarding sendKeysToElement on session 5dbd82ad703f7e58e34eecf1f98eabb3 to remote] execchain.MainClientExec 256 - Executing request POST /session/5dbd82ad703f7e58e34eecf1f98eabb3/element/0.3168487501185526-4/value HTTP/1.1
02-06-2018 18:07:56 MainClientExec.java DEBUG [Forwarding sendKeysToElement on session 5dbd82ad703f7e58e34eecf1f98eabb3 to remote] execchain.MainClientExec 261 - Target auth state: UNCHALLENGED
02-06-2018 18:07:56 MainClientExec.java DEBUG [Forwarding sendKeysToElement on session 5dbd82ad703f7e58e34eecf1f98eabb3 to remote] execchain.MainClientExec 267 - Proxy auth state: UNCHALLENGED
02-06-2018 18:07:56 LoggingManagedHttpClientConnection.java DEBUG [Forwarding sendKeysToElement on session 5dbd82ad703f7e58e34eecf1f98eabb3 to remote] http.headers 133 - http-outgoing-195 >> POST /session/5dbd82ad703f7e58e34eecf1f98eabb3/element/0.3168487501185526-4/value HTTP/1.1
02-06-2018 18:07:56 LoggingManagedHttpClientConnection.java DEBUG [Forwarding sendKeysToElement on session 5dbd82ad703f7e58e34eecf1f98eabb3 to remote] http.headers 136 - http-outgoing-195 >> Content-Type: application/json; charset=utf-8
02-06-2018 18:07:56 LoggingManagedHttpClientConnection.java DEBUG [Forwarding sendKeysToElement on session 5dbd82ad703f7e58e34eecf1f98eabb3 to remote] http.headers 136 - http-outgoing-195 >> Content-Length: 49
02-06-2018 18:07:56 LoggingManagedHttpClientConnection.java DEBUG [Forwarding sendKeysToElement on session 5dbd82ad703f7e58e34eecf1f98eabb3 to remote] http.headers 136 - http-outgoing-195 >> Host: localhost:36586
02-06-2018 18:07:56 LoggingManagedHttpClientConnection.java DEBUG [Forwarding sendKeysToElement on session 5dbd82ad703f7e58e34eecf1f98eabb3 to remote] http.headers 136 - http-outgoing-195 >> Connection: Keep-Alive
02-06-2018 18:07:56 LoggingManagedHttpClientConnection.java DEBUG [Forwarding sendKeysToElement on session 5dbd82ad703f7e58e34eecf1f98eabb3 to remote] http.headers 136 - http-outgoing-195 >> User-Agent: Apache-HttpClient/4.5.3 (Java/1.8.0_151)
02-06-2018 18:07:56 LoggingManagedHttpClientConnection.java DEBUG [Forwarding sendKeysToElement on session 5dbd82ad703f7e58e34eecf1f98eabb3 to remote] http.headers 136 - http-outgoing-195 >> Accept-Encoding: gzip,deflate
02-06-2018 18:07:56 Wire.java DEBUG [Forwarding sendKeysToElement on session 5dbd82ad703f7e58e34eecf1f98eabb3 to remote] http.wire 73 - http-outgoing-195 >> "POST /session/5dbd82ad703f7e58e34eecf1f98eabb3/element/0.3168487501185526-4/value HTTP/1.1[\r][\n]"
02-06-2018 18:07:56 Wire.java DEBUG [Forwarding sendKeysToElement on session 5dbd82ad703f7e58e34eecf1f98eabb3 to remote] http.wire 73 - http-outgoing-195 >> "Content-Type: application/json; charset=utf-8[\r][\n]"
02-06-2018 18:07:56 Wire.java DEBUG [Forwarding sendKeysToElement on session 5dbd82ad703f7e58e34eecf1f98eabb3 to remote] http.wire 73 - http-outgoing-195 >> "Content-Length: 49[\r][\n]"
02-06-2018 18:07:56 Wire.java DEBUG [Forwarding sendKeysToElement on session 5dbd82ad703f7e58e34eecf1f98eabb3 to remote] http.wire 73 - http-outgoing-195 >> "Host: localhost:36586[\r][\n]"
02-06-2018 18:07:56 Wire.java DEBUG [Forwarding sendKeysToElement on session 5dbd82ad703f7e58e34eecf1f98eabb3 to remote] http.wire 73 - http-outgoing-195 >> "Connection: Keep-Alive[\r][\n]"
02-06-2018 18:07:56 Wire.java DEBUG [Forwarding sendKeysToElement on session 5dbd82ad703f7e58e34eecf1f98eabb3 to remote] http.wire 73 - http-outgoing-195 >> "User-Agent: Apache-HttpClient/4.5.3 (Java/1.8.0_151)[\r][\n]"
02-06-2018 18:07:56 Wire.java DEBUG [Forwarding sendKeysToElement on session 5dbd82ad703f7e58e34eecf1f98eabb3 to remote] http.wire 73 - http-outgoing-195 >> "Accept-Encoding: gzip,deflate[\r][\n]"
02-06-2018 18:07:56 Wire.java DEBUG [Forwarding sendKeysToElement on session 5dbd82ad703f7e58e34eecf1f98eabb3 to remote] http.wire 73 - http-outgoing-195 >> "[\r][\n]"
02-06-2018 18:07:56 Wire.java DEBUG [Forwarding sendKeysToElement on session 5dbd82ad703f7e58e34eecf1f98eabb3 to remote] http.wire 87 - http-outgoing-195 >> "{"id":"0.3168487501185526-4","value":["Teja123"]}"
02-06-2018 18:07:56 Wire.java DEBUG [Forwarding sendKeysToElement on session 5dbd82ad703f7e58e34eecf1f98eabb3 to remote] http.wire 73 - http-outgoing-195 << "HTTP/1.1 200 OK[\r][\n]"
02-06-2018 18:07:56 Wire.java DEBUG [Forwarding sendKeysToElement on session 5dbd82ad703f7e58e34eecf1f98eabb3 to remote] http.wire 73 - http-outgoing-195 << "Content-Length:72[\r][\n]"
02-06-2018 18:07:56 Wire.java DEBUG [Forwarding sendKeysToElement on session 5dbd82ad703f7e58e34eecf1f98eabb3 to remote] http.wire 73 - http-outgoing-195 << "Content-Type:application/json; charset=utf-8[\r][\n]"
02-06-2018 18:07:56 Wire.java DEBUG [Forwarding sendKeysToElement on session 5dbd82ad703f7e58e34eecf1f98eabb3 to remote] http.wire 73 - http-outgoing-195 << "Connection:close[\r][\n]"
02-06-2018 18:07:56 Wire.java DEBUG [Forwarding sendKeysToElement on session 5dbd82ad703f7e58e34eecf1f98eabb3 to remote] http.wire 73 - http-outgoing-195 << "[\r][\n]"
02-06-2018 18:07:56 Wire.java DEBUG [Forwarding sendKeysToElement on session 5dbd82ad703f7e58e34eecf1f98eabb3 to remote] http.wire 87 - http-outgoing-195 << "{"sessionId":"5dbd82ad703f7e58e34eecf1f98eabb3","status":0,"value":null}"
02-06-2018 18:07:56 LoggingManagedHttpClientConnection.java DEBUG [Forwarding sendKeysToElement on session 5dbd82ad703f7e58e34eecf1f98eabb3 to remote] http.headers 122 - http-outgoing-195 << HTTP/1.1 200 OK
02-06-2018 18:07:56 LoggingManagedHttpClientConnection.java DEBUG [Forwarding sendKeysToElement on session 5dbd82ad703f7e58e34eecf1f98eabb3 to remote] http.headers 125 - http-outgoing-195 << Content-Length:72
02-06-2018 18:07:56 LoggingManagedHttpClientConnection.java DEBUG [Forwarding sendKeysToElement on session 5dbd82ad703f7e58e34eecf1f98eabb3 to remote] http.headers 125 - http-outgoing-195 << Content-Type:application/json; charset=utf-8
02-06-2018 18:07:56 LoggingManagedHttpClientConnection.java DEBUG [Forwarding sendKeysToElement on session 5dbd82ad703f7e58e34eecf1f98eabb3 to remote] http.headers 125 - http-outgoing-195 << Connection:close
02-06-2018 18:07:56 LoggingManagedHttpClientConnection.java DEBUG [Forwarding sendKeysToElement on session 5dbd82ad703f7e58e34eecf1f98eabb3 to remote] conn.DefaultManagedHttpClientConnection 79 - http-outgoing-195: Close connection
02-06-2018 18:07:56 ConnectionHolder.java DEBUG [Forwarding sendKeysToElement on session 5dbd82ad703f7e58e34eecf1f98eabb3 to remote] execchain.MainClientExec 104 - Connection discarded
02-06-2018 18:07:56 PoolingHttpClientConnectionManager.java DEBUG [Forwarding sendKeysToElement on session 5dbd82ad703f7e58e34eecf1f98eabb3 to remote] conn.PoolingHttpClientConnectionManager 326 - Connection released: [id: 195][route: {}->http://localhost:36586][total kept alive: 0; route allocated: 0 of 2000; total allocated: 0 of 2000]
02-06-2018 18:07:56 RequestAddCookies.java DEBUG [Forwarding findElement on session 5dbd82ad703f7e58e34eecf1f98eabb3 to remote] protocol.RequestAddCookies 123 - CookieSpec selected: default
02-06-2018 18:07:56 RequestAuthCache.java DEBUG [Forwarding findElement on session 5dbd82ad703f7e58e34eecf1f98eabb3 to remote] protocol.RequestAuthCache 77 - Auth cache not set in the context
02-06-2018 18:07:56 PoolingHttpClientConnectionManager.java DEBUG [Forwarding findElement on session 5dbd82ad703f7e58e34eecf1f98eabb3 to remote] conn.PoolingHttpClientConnectionManager 255 - Connection request: [route: {}->http://localhost:36586][total kept alive: 0; route allocated: 0 of 2000; total allocated: 0 of 2000]
02-06-2018 18:07:56 PoolingHttpClientConnectionManager.java DEBUG [Forwarding findElement on session 5dbd82ad703f7e58e34eecf1f98eabb3 to remote] conn.PoolingHttpClientConnectionManager 288 - Connection leased: [id: 196][route: {}->http://localhost:36586][total kept alive: 0; route allocated: 1 of 2000; total allocated: 1 of 2000]
02-06-2018 18:07:56 MainClientExec.java DEBUG [Forwarding findElement on session 5dbd82ad703f7e58e34eecf1f98eabb3 to remote] execchain.MainClientExec 235 - Opening connection {}->http://localhost:36586
02-06-2018 18:07:56 DefaultHttpClientConnectionOperator.java DEBUG [Forwarding findElement on session 5dbd82ad703f7e58e34eecf1f98eabb3 to remote] conn.DefaultHttpClientConnectionOperator 139 - Connecting to localhost/127.0.0.1:36586
02-06-2018 18:07:56 DefaultHttpClientConnectionOperator.java DEBUG [Forwarding findElement on session 5dbd82ad703f7e58e34eecf1f98eabb3 to remote] conn.DefaultHttpClientConnectionOperator 146 - Connection established 127.0.0.1:50686<->127.0.0.1:36586
02-06-2018 18:07:56 LoggingManagedHttpClientConnection.java DEBUG [Forwarding findElement on session 5dbd82ad703f7e58e34eecf1f98eabb3 to remote] conn.DefaultManagedHttpClientConnection 88 - http-outgoing-196: set socket timeout to 10800000
02-06-2018 18:07:56 MainClientExec.java DEBUG [Forwarding findElement on session 5dbd82ad703f7e58e34eecf1f98eabb3 to remote] execchain.MainClientExec 256 - Executing request POST /session/5dbd82ad703f7e58e34eecf1f98eabb3/element HTTP/1.1
02-06-2018 18:07:56 MainClientExec.java DEBUG [Forwarding findElement on session 5dbd82ad703f7e58e34eecf1f98eabb3 to remote] execchain.MainClientExec 261 - Target auth state: UNCHALLENGED
02-06-2018 18:07:56 MainClientExec.java DEBUG [Forwarding findElement on session 5dbd82ad703f7e58e34eecf1f98eabb3 to remote] execchain.MainClientExec 267 - Proxy auth state: UNCHALLENGED
02-06-2018 18:07:56 LoggingManagedHttpClientConnection.java DEBUG [Forwarding findElement on session 5dbd82ad703f7e58e34eecf1f98eabb3 to remote] http.headers 133 - http-outgoing-196 >> POST /session/5dbd82ad703f7e58e34eecf1f98eabb3/element HTTP/1.1
02-06-2018 18:07:56 LoggingManagedHttpClientConnection.java DEBUG [Forwarding findElement on session 5dbd82ad703f7e58e34eecf1f98eabb3 to remote] http.headers 136 - http-outgoing-196 >> Content-Type: application/json; charset=utf-8
02-06-2018 18:07:56 LoggingManagedHttpClientConnection.java DEBUG [Forwarding findElement on session 5dbd82ad703f7e58e34eecf1f98eabb3 to remote] http.headers 136 - http-outgoing-196 >> Content-Length: 52
02-06-2018 18:07:56 LoggingManagedHttpClientConnection.java DEBUG [Forwarding findElement on session 5dbd82ad703f7e58e34eecf1f98eabb3 to remote] http.headers 136 - http-outgoing-196 >> Host: localhost:36586
02-06-2018 18:07:56 LoggingManagedHttpClientConnection.java DEBUG [Forwarding findElement on session 5dbd82ad703f7e58e34eecf1f98eabb3 to remote] http.headers 136 - http-outgoing-196 >> Connection: Keep-Alive
02-06-2018 18:07:56 LoggingManagedHttpClientConnection.java DEBUG [Forwarding findElement on session 5dbd82ad703f7e58e34eecf1f98eabb3 to remote] http.headers 136 - http-outgoing-196 >> User-Agent: Apache-HttpClient/4.5.3 (Java/1.8.0_151)
02-06-2018 18:07:56 LoggingManagedHttpClientConnection.java DEBUG [Forwarding findElement on session 5dbd82ad703f7e58e34eecf1f98eabb3 to remote] http.headers 136 - http-outgoing-196 >> Accept-Encoding: gzip,deflate
02-06-2018 18:07:56 Wire.java DEBUG [Forwarding findElement on session 5dbd82ad703f7e58e34eecf1f98eabb3 to remote] http.wire 73 - http-outgoing-196 >> "POST /session/5dbd82ad703f7e58e34eecf1f98eabb3/element HTTP/1.1[\r][\n]"
02-06-2018 18:07:56 Wire.java DEBUG [Forwarding findElement on session 5dbd82ad703f7e58e34eecf1f98eabb3 to remote] http.wire 73 - http-outgoing-196 >> "Content-Type: application/json; charset=utf-8[\r][\n]"
02-06-2018 18:07:56 Wire.java DEBUG [Forwarding findElement on session 5dbd82ad703f7e58e34eecf1f98eabb3 to remote] http.wire 73 - http-outgoing-196 >> "Content-Length: 52[\r][\n]"
02-06-2018 18:07:56 Wire.java DEBUG [Forwarding findElement on session 5dbd82ad703f7e58e34eecf1f98eabb3 to remote] http.wire 73 - http-outgoing-196 >> "Host: localhost:36586[\r][\n]"
02-06-2018 18:07:56 Wire.java DEBUG [Forwarding findElement on session 5dbd82ad703f7e58e34eecf1f98eabb3 to remote] http.wire 73 - http-outgoing-196 >> "Connection: Keep-Alive[\r][\n]"
02-06-2018 18:07:56 Wire.java DEBUG [Forwarding findElement on session 5dbd82ad703f7e58e34eecf1f98eabb3 to remote] http.wire 73 - http-outgoing-196 >> "User-Agent: Apache-HttpClient/4.5.3 (Java/1.8.0_151)[\r][\n]"
02-06-2018 18:07:56 Wire.java DEBUG [Forwarding findElement on session 5dbd82ad703f7e58e34eecf1f98eabb3 to remote] http.wire 73 - http-outgoing-196 >> "Accept-Encoding: gzip,deflate[\r][\n]"
02-06-2018 18:07:56 Wire.java DEBUG [Forwarding findElement on session 5dbd82ad703f7e58e34eecf1f98eabb3 to remote] http.wire 73 - http-outgoing-196 >> "[\r][\n]"
02-06-2018 18:07:56 Wire.java DEBUG [Forwarding findElement on session 5dbd82ad703f7e58e34eecf1f98eabb3 to remote] http.wire 87 - http-outgoing-196 >> "{"using":"xpath","value":"//button[@type='submit']"}"
02-06-2018 18:07:56 Wire.java DEBUG [Forwarding findElement on session 5dbd82ad703f7e58e34eecf1f98eabb3 to remote] http.wire 73 - http-outgoing-196 << "HTTP/1.1 200 OK[\r][\n]"
02-06-2018 18:07:56 Wire.java DEBUG [Forwarding findElement on session 5dbd82ad703f7e58e34eecf1f98eabb3 to remote] http.wire 73 - http-outgoing-196 << "Content-Length:102[\r][\n]"
02-06-2018 18:07:56 Wire.java DEBUG [Forwarding findElement on session 5dbd82ad703f7e58e34eecf1f98eabb3 to remote] http.wire 73 - http-outgoing-196 << "Content-Type:application/json; charset=utf-8[\r][\n]"
02-06-2018 18:07:56 Wire.java DEBUG [Forwarding findElement on session 5dbd82ad703f7e58e34eecf1f98eabb3 to remote] http.wire 73 - http-outgoing-196 << "Connection:close[\r][\n]"
02-06-2018 18:07:56 Wire.java DEBUG [Forwarding findElement on session 5dbd82ad703f7e58e34eecf1f98eabb3 to remote] http.wire 73 - http-outgoing-196 << "[\r][\n]"
02-06-2018 18:07:56 Wire.java DEBUG [Forwarding findElement on session 5dbd82ad703f7e58e34eecf1f98eabb3 to remote] http.wire 87 - http-outgoing-196 << "{"sessionId":"5dbd82ad703f7e58e34eecf1f98eabb3","status":0,"value":{"ELEMENT":"0.3168487501185526-5"}}"
02-06-2018 18:07:56 LoggingManagedHttpClientConnection.java DEBUG [Forwarding findElement on session 5dbd82ad703f7e58e34eecf1f98eabb3 to remote] http.headers 122 - http-outgoing-196 << HTTP/1.1 200 OK
02-06-2018 18:07:56 LoggingManagedHttpClientConnection.java DEBUG [Forwarding findElement on session 5dbd82ad703f7e58e34eecf1f98eabb3 to remote] http.headers 125 - http-outgoing-196 << Content-Length:102
02-06-2018 18:07:56 LoggingManagedHttpClientConnection.java DEBUG [Forwarding findElement on session 5dbd82ad703f7e58e34eecf1f98eabb3 to remote] http.headers 125 - http-outgoing-196 << Content-Type:application/json; charset=utf-8
02-06-2018 18:07:56 LoggingManagedHttpClientConnection.java DEBUG [Forwarding findElement on session 5dbd82ad703f7e58e34eecf1f98eabb3 to remote] http.headers 125 - http-outgoing-196 << Connection:close
02-06-2018 18:07:56 LoggingManagedHttpClientConnection.java DEBUG [Forwarding findElement on session 5dbd82ad703f7e58e34eecf1f98eabb3 to remote] conn.DefaultManagedHttpClientConnection 79 - http-outgoing-196: Close connection
02-06-2018 18:07:56 ConnectionHolder.java DEBUG [Forwarding findElement on session 5dbd82ad703f7e58e34eecf1f98eabb3 to remote] execchain.MainClientExec 104 - Connection discarded
02-06-2018 18:07:56 PoolingHttpClientConnectionManager.java DEBUG [Forwarding findElement on session 5dbd82ad703f7e58e34eecf1f98eabb3 to remote] conn.PoolingHttpClientConnectionManager 326 - Connection released: [id: 196][route: {}->http://localhost:36586][total kept alive: 0; route allocated: 0 of 2000; total allocated: 0 of 2000]
02-06-2018 18:07:56 RequestAddCookies.java DEBUG [Forwarding clickElement on session 5dbd82ad703f7e58e34eecf1f98eabb3 to remote] protocol.RequestAddCookies 123 - CookieSpec selected: default
02-06-2018 18:07:56 RequestAuthCache.java DEBUG [Forwarding clickElement on session 5dbd82ad703f7e58e34eecf1f98eabb3 to remote] protocol.RequestAuthCache 77 - Auth cache not set in the context
02-06-2018 18:07:56 PoolingHttpClientConnectionManager.java DEBUG [Forwarding clickElement on session 5dbd82ad703f7e58e34eecf1f98eabb3 to remote] conn.PoolingHttpClientConnectionManager 255 - Connection request: [route: {}->http://localhost:36586][total kept alive: 0; route allocated: 0 of 2000; total allocated: 0 of 2000]
02-06-2018 18:07:56 PoolingHttpClientConnectionManager.java DEBUG [Forwarding clickElement on session 5dbd82ad703f7e58e34eecf1f98eabb3 to remote] conn.PoolingHttpClientConnectionManager 288 - Connection leased: [id: 197][route: {}->http://localhost:36586][total kept alive: 0; route allocated: 1 of 2000; total allocated: 1 of 2000]
02-06-2018 18:07:56 MainClientExec.java DEBUG [Forwarding clickElement on session 5dbd82ad703f7e58e34eecf1f98eabb3 to remote] execchain.MainClientExec 235 - Opening connection {}->http://localhost:36586
02-06-2018 18:07:56 DefaultHttpClientConnectionOperator.java DEBUG [Forwarding clickElement on session 5dbd82ad703f7e58e34eecf1f98eabb3 to remote] conn.DefaultHttpClientConnectionOperator 139 - Connecting to localhost/127.0.0.1:36586
02-06-2018 18:07:56 DefaultHttpClientConnectionOperator.java DEBUG [Forwarding clickElement on session 5dbd82ad703f7e58e34eecf1f98eabb3 to remote] conn.DefaultHttpClientConnectionOperator 146 - Connection established 127.0.0.1:50687<->127.0.0.1:36586
02-06-2018 18:07:56 LoggingManagedHttpClientConnection.java DEBUG [Forwarding clickElement on session 5dbd82ad703f7e58e34eecf1f98eabb3 to remote] conn.DefaultManagedHttpClientConnection 88 - http-outgoing-197: set socket timeout to 10800000
02-06-2018 18:07:56 MainClientExec.java DEBUG [Forwarding clickElement on session 5dbd82ad703f7e58e34eecf1f98eabb3 to remote] execchain.MainClientExec 256 - Executing request POST /session/5dbd82ad703f7e58e34eecf1f98eabb3/element/0.3168487501185526-5/click HTTP/1.1
02-06-2018 18:07:56 MainClientExec.java DEBUG [Forwarding clickElement on session 5dbd82ad703f7e58e34eecf1f98eabb3 to remote] execchain.MainClientExec 261 - Target auth state: UNCHALLENGED
02-06-2018 18:07:56 MainClientExec.java DEBUG [Forwarding clickElement on session 5dbd82ad703f7e58e34eecf1f98eabb3 to remote] execchain.MainClientExec 267 - Proxy auth state: UNCHALLENGED
02-06-2018 18:07:56 LoggingManagedHttpClientConnection.java DEBUG [Forwarding clickElement on session 5dbd82ad703f7e58e34eecf1f98eabb3 to remote] http.headers 133 - http-outgoing-197 >> POST /session/5dbd82ad703f7e58e34eecf1f98eabb3/element/0.3168487501185526-5/click HTTP/1.1
02-06-2018 18:07:56 LoggingManagedHttpClientConnection.java DEBUG [Forwarding clickElement on session 5dbd82ad703f7e58e34eecf1f98eabb3 to remote] http.headers 136 - http-outgoing-197 >> Content-Type: application/json; charset=utf-8
02-06-2018 18:07:56 LoggingManagedHttpClientConnection.java DEBUG [Forwarding clickElement on session 5dbd82ad703f7e58e34eecf1f98eabb3 to remote] http.headers 136 - http-outgoing-197 >> Content-Length: 29
02-06-2018 18:07:56 LoggingManagedHttpClientConnection.java DEBUG [Forwarding clickElement on session 5dbd82ad703f7e58e34eecf1f98eabb3 to remote] http.headers 136 - http-outgoing-197 >> Host: localhost:36586
02-06-2018 18:07:56 LoggingManagedHttpClientConnection.java DEBUG [Forwarding clickElement on session 5dbd82ad703f7e58e34eecf1f98eabb3 to remote] http.headers 136 - http-outgoing-197 >> Connection: Keep-Alive
02-06-2018 18:07:56 LoggingManagedHttpClientConnection.java DEBUG [Forwarding clickElement on session 5dbd82ad703f7e58e34eecf1f98eabb3 to remote] http.headers 136 - http-outgoing-197 >> User-Agent: Apache-HttpClient/4.5.3 (Java/1.8.0_151)
02-06-2018 18:07:56 LoggingManagedHttpClientConnection.java DEBUG [Forwarding clickElement on session 5dbd82ad703f7e58e34eecf1f98eabb3 to remote] http.headers 136 - http-outgoing-197 >> Accept-Encoding: gzip,deflate
02-06-2018 18:07:56 Wire.java DEBUG [Forwarding clickElement on session 5dbd82ad703f7e58e34eecf1f98eabb3 to remote] http.wire 73 - http-outgoing-197 >> "POST /session/5dbd82ad703f7e58e34eecf1f98eabb3/element/0.3168487501185526-5/click HTTP/1.1[\r][\n]"
02-06-2018 18:07:56 Wire.java DEBUG [Forwarding clickElement on session 5dbd82ad703f7e58e34eecf1f98eabb3 to remote] http.wire 73 - http-outgoing-197 >> "Content-Type: application/json; charset=utf-8[\r][\n]"
02-06-2018 18:07:56 Wire.java DEBUG [Forwarding clickElement on session 5dbd82ad703f7e58e34eecf1f98eabb3 to remote] http.wire 73 - http-outgoing-197 >> "Content-Length: 29[\r][\n]"
02-06-2018 18:07:56 Wire.java DEBUG [Forwarding clickElement on session 5dbd82ad703f7e58e34eecf1f98eabb3 to remote] http.wire 73 - http-outgoing-197 >> "Host: localhost:36586[\r][\n]"
02-06-2018 18:07:56 Wire.java DEBUG [Forwarding clickElement on session 5dbd82ad703f7e58e34eecf1f98eabb3 to remote] http.wire 73 - http-outgoing-197 >> "Connection: Keep-Alive[\r][\n]"
02-06-2018 18:07:56 Wire.java DEBUG [Forwarding clickElement on session 5dbd82ad703f7e58e34eecf1f98eabb3 to remote] http.wire 73 - http-outgoing-197 >> "User-Agent: Apache-HttpClient/4.5.3 (Java/1.8.0_151)[\r][\n]"
02-06-2018 18:07:56 Wire.java DEBUG [Forwarding clickElement on session 5dbd82ad703f7e58e34eecf1f98eabb3 to remote] http.wire 73 - http-outgoing-197 >> "Accept-Encoding: gzip,deflate[\r][\n]"
02-06-2018 18:07:56 Wire.java DEBUG [Forwarding clickElement on session 5dbd82ad703f7e58e34eecf1f98eabb3 to remote] http.wire 73 - http-outgoing-197 >> "[\r][\n]"
02-06-2018 18:07:56 Wire.java DEBUG [Forwarding clickElement on session 5dbd82ad703f7e58e34eecf1f98eabb3 to remote] http.wire 87 - http-outgoing-197 >> "{"id":"0.3168487501185526-5"}"
02-06-2018 18:07:58 Wire.java DEBUG [Forwarding clickElement on session 5dbd82ad703f7e58e34eecf1f98eabb3 to remote] http.wire 73 - http-outgoing-197 << "HTTP/1.1 200 OK[\r][\n]"
02-06-2018 18:07:58 Wire.java DEBUG [Forwarding clickElement on session 5dbd82ad703f7e58e34eecf1f98eabb3 to remote] http.wire 73 - http-outgoing-197 << "Content-Length:72[\r][\n]"
02-06-2018 18:07:58 Wire.java DEBUG [Forwarding clickElement on session 5dbd82ad703f7e58e34eecf1f98eabb3 to remote] http.wire 73 - http-outgoing-197 << "Content-Type:application/json; charset=utf-8[\r][\n]"
02-06-2018 18:07:58 Wire.java DEBUG [Forwarding clickElement on session 5dbd82ad703f7e58e34eecf1f98eabb3 to remote] http.wire 73 - http-outgoing-197 << "Connection:close[\r][\n]"
02-06-2018 18:07:58 Wire.java DEBUG [Forwarding clickElement on session 5dbd82ad703f7e58e34eecf1f98eabb3 to remote] http.wire 73 - http-outgoing-197 << "[\r][\n]"
02-06-2018 18:07:58 Wire.java DEBUG [Forwarding clickElement on session 5dbd82ad703f7e58e34eecf1f98eabb3 to remote] http.wire 87 - http-outgoing-197 << "{"sessionId":"5dbd82ad703f7e58e34eecf1f98eabb3","status":0,"value":null}"
02-06-2018 18:07:58 LoggingManagedHttpClientConnection.java DEBUG [Forwarding clickElement on session 5dbd82ad703f7e58e34eecf1f98eabb3 to remote] http.headers 122 - http-outgoing-197 << HTTP/1.1 200 OK
02-06-2018 18:07:58 LoggingManagedHttpClientConnection.java DEBUG [Forwarding clickElement on session 5dbd82ad703f7e58e34eecf1f98eabb3 to remote] http.headers 125 - http-outgoing-197 << Content-Length:72
02-06-2018 18:07:58 LoggingManagedHttpClientConnection.java DEBUG [Forwarding clickElement on session 5dbd82ad703f7e58e34eecf1f98eabb3 to remote] http.headers 125 - http-outgoing-197 << Content-Type:application/json; charset=utf-8
02-06-2018 18:07:58 LoggingManagedHttpClientConnection.java DEBUG [Forwarding clickElement on session 5dbd82ad703f7e58e34eecf1f98eabb3 to remote] http.headers 125 - http-outgoing-197 << Connection:close
02-06-2018 18:07:58 LoggingManagedHttpClientConnection.java DEBUG [Forwarding clickElement on session 5dbd82ad703f7e58e34eecf1f98eabb3 to remote] conn.DefaultManagedHttpClientConnection 79 - http-outgoing-197: Close connection
02-06-2018 18:07:58 ConnectionHolder.java DEBUG [Forwarding clickElement on session 5dbd82ad703f7e58e34eecf1f98eabb3 to remote] execchain.MainClientExec 104 - Connection discarded
02-06-2018 18:07:58 PoolingHttpClientConnectionManager.java DEBUG [Forwarding clickElement on session 5dbd82ad703f7e58e34eecf1f98eabb3 to remote] conn.PoolingHttpClientConnectionManager 326 - Connection released: [id: 197][route: {}->http://localhost:36586][total kept alive: 0; route allocated: 0 of 2000; total allocated: 0 of 2000]
02-06-2018 18:07:58 RequestAddCookies.java DEBUG [Forwarding findElement on session 5dbd82ad703f7e58e34eecf1f98eabb3 to remote] protocol.RequestAddCookies 123 - CookieSpec selected: default
02-06-2018 18:07:58 RequestAuthCache.java DEBUG [Forwarding findElement on session 5dbd82ad703f7e58e34eecf1f98eabb3 to remote] protocol.RequestAuthCache 77 - Auth cache not set in the context
02-06-2018 18:07:58 PoolingHttpClientConnectionManager.java DEBUG [Forwarding findElement on session 5dbd82ad703f7e58e34eecf1f98eabb3 to remote] conn.PoolingHttpClientConnectionManager 255 - Connection request: [route: {}->http://localhost:36586][total kept alive: 0; route allocated: 0 of 2000; total allocated: 0 of 2000]
02-06-2018 18:07:58 PoolingHttpClientConnectionManager.java DEBUG [Forwarding findElement on session 5dbd82ad703f7e58e34eecf1f98eabb3 to remote] conn.PoolingHttpClientConnectionManager 288 - Connection leased: [id: 198][route: {}->http://localhost:36586][total kept alive: 0; route allocated: 1 of 2000; total allocated: 1 of 2000]
02-06-2018 18:07:58 MainClientExec.java DEBUG [Forwarding findElement on session 5dbd82ad703f7e58e34eecf1f98eabb3 to remote] execchain.MainClientExec 235 - Opening connection {}->http://localhost:36586
02-06-2018 18:07:58 DefaultHttpClientConnectionOperator.java DEBUG [Forwarding findElement on session 5dbd82ad703f7e58e34eecf1f98eabb3 to remote] conn.DefaultHttpClientConnectionOperator 139 - Connecting to localhost/127.0.0.1:36586
02-06-2018 18:07:58 DefaultHttpClientConnectionOperator.java DEBUG [Forwarding findElement on session 5dbd82ad703f7e58e34eecf1f98eabb3 to remote] conn.DefaultHttpClientConnectionOperator 146 - Connection established 127.0.0.1:50690<->127.0.0.1:36586
02-06-2018 18:07:58 LoggingManagedHttpClientConnection.java DEBUG [Forwarding findElement on session 5dbd82ad703f7e58e34eecf1f98eabb3 to remote] conn.DefaultManagedHttpClientConnection 88 - http-outgoing-198: set socket timeout to 10800000
02-06-2018 18:07:58 MainClientExec.java DEBUG [Forwarding findElement on session 5dbd82ad703f7e58e34eecf1f98eabb3 to remote] execchain.MainClientExec 256 - Executing request POST /session/5dbd82ad703f7e58e34eecf1f98eabb3/element HTTP/1.1
02-06-2018 18:07:58 MainClientExec.java DEBUG [Forwarding findElement on session 5dbd82ad703f7e58e34eecf1f98eabb3 to remote] execchain.MainClientExec 261 - Target auth state: UNCHALLENGED
02-06-2018 18:07:58 MainClientExec.java DEBUG [Forwarding findElement on session 5dbd82ad703f7e58e34eecf1f98eabb3 to remote] execchain.MainClientExec 267 - Proxy auth state: UNCHALLENGED
02-06-2018 18:07:58 LoggingManagedHttpClientConnection.java DEBUG [Forwarding findElement on session 5dbd82ad703f7e58e34eecf1f98eabb3 to remote] http.headers 133 - http-outgoing-198 >> POST /session/5dbd82ad703f7e58e34eecf1f98eabb3/element HTTP/1.1
02-06-2018 18:07:58 LoggingManagedHttpClientConnection.java DEBUG [Forwarding findElement on session 5dbd82ad703f7e58e34eecf1f98eabb3 to remote] http.headers 136 - http-outgoing-198 >> Content-Type: application/json; charset=utf-8
02-06-2018 18:07:58 LoggingManagedHttpClientConnection.java DEBUG [Forwarding findElement on session 5dbd82ad703f7e58e34eecf1f98eabb3 to remote] http.headers 136 - http-outgoing-198 >> Content-Length: 55
02-06-2018 18:07:58 LoggingManagedHttpClientConnection.java DEBUG [Forwarding findElement on session 5dbd82ad703f7e58e34eecf1f98eabb3 to remote] http.headers 136 - http-outgoing-198 >> Host: localhost:36586
02-06-2018 18:07:58 LoggingManagedHttpClientConnection.java DEBUG [Forwarding findElement on session 5dbd82ad703f7e58e34eecf1f98eabb3 to remote] http.headers 136 - http-outgoing-198 >> Connection: Keep-Alive
02-06-2018 18:07:58 LoggingManagedHttpClientConnection.java DEBUG [Forwarding findElement on session 5dbd82ad703f7e58e34eecf1f98eabb3 to remote] http.headers 136 - http-outgoing-198 >> User-Agent: Apache-HttpClient/4.5.3 (Java/1.8.0_151)
02-06-2018 18:07:58 LoggingManagedHttpClientConnection.java DEBUG [Forwarding findElement on session 5dbd82ad703f7e58e34eecf1f98eabb3 to remote] http.headers 136 - http-outgoing-198 >> Accept-Encoding: gzip,deflate
02-06-2018 18:07:58 Wire.java DEBUG [Forwarding findElement on session 5dbd82ad703f7e58e34eecf1f98eabb3 to remote] http.wire 73 - http-outgoing-198 >> "POST /session/5dbd82ad703f7e58e34eecf1f98eabb3/element HTTP/1.1[\r][\n]"
02-06-2018 18:07:58 Wire.java DEBUG [Forwarding findElement on session 5dbd82ad703f7e58e34eecf1f98eabb3 to remote] http.wire 73 - http-outgoing-198 >> "Content-Type: application/json; charset=utf-8[\r][\n]"
02-06-2018 18:07:58 Wire.java DEBUG [Forwarding findElement on session 5dbd82ad703f7e58e34eecf1f98eabb3 to remote] http.wire 73 - http-outgoing-198 >> "Content-Length: 55[\r][\n]"
02-06-2018 18:07:58 Wire.java DEBUG [Forwarding findElement on session 5dbd82ad703f7e58e34eecf1f98eabb3 to remote] http.wire 73 - http-outgoing-198 >> "Host: localhost:36586[\r][\n]"
02-06-2018 18:07:58 Wire.java DEBUG [Forwarding findElement on session 5dbd82ad703f7e58e34eecf1f98eabb3 to remote] http.wire 73 - http-outgoing-198 >> "Connection: Keep-Alive[\r][\n]"
02-06-2018 18:07:58 Wire.java DEBUG [Forwarding findElement on session 5dbd82ad703f7e58e34eecf1f98eabb3 to remote] http.wire 73 - http-outgoing-198 >> "User-Agent: Apache-HttpClient/4.5.3 (Java/1.8.0_151)[\r][\n]"
02-06-2018 18:07:58 Wire.java DEBUG [Forwarding findElement on session 5dbd82ad703f7e58e34eecf1f98eabb3 to remote] http.wire 73 - http-outgoing-198 >> "Accept-Encoding: gzip,deflate[\r][\n]"
02-06-2018 18:07:58 Wire.java DEBUG [Forwarding findElement on session 5dbd82ad703f7e58e34eecf1f98eabb3 to remote] http.wire 73 - http-outgoing-198 >> "[\r][\n]"
02-06-2018 18:07:58 Wire.java DEBUG [Forwarding findElement on session 5dbd82ad703f7e58e34eecf1f98eabb3 to remote] http.wire 87 - http-outgoing-198 >> "{"using":"xpath","value":"//*[@id='sidebar']/div/p[1]"}"
02-06-2018 18:08:18 Wire.java DEBUG [Forwarding findElement on session 5dbd82ad703f7e58e34eecf1f98eabb3 to remote] http.wire 73 - http-outgoing-198 << "HTTP/1.1 200 OK[\r][\n]"
02-06-2018 18:08:18 Wire.java DEBUG [Forwarding findElement on session 5dbd82ad703f7e58e34eecf1f98eabb3 to remote] http.wire 73 - http-outgoing-198 << "Content-Length:356[\r][\n]"
02-06-2018 18:08:18 Wire.java DEBUG [Forwarding findElement on session 5dbd82ad703f7e58e34eecf1f98eabb3 to remote] http.wire 73 - http-outgoing-198 << "Content-Type:application/json; charset=utf-8[\r][\n]"
02-06-2018 18:08:18 Wire.java DEBUG [Forwarding findElement on session 5dbd82ad703f7e58e34eecf1f98eabb3 to remote] http.wire 73 - http-outgoing-198 << "Connection:close[\r][\n]"
02-06-2018 18:08:18 Wire.java DEBUG [Forwarding findElement on session 5dbd82ad703f7e58e34eecf1f98eabb3 to remote] http.wire 73 - http-outgoing-198 << "[\r][\n]"
02-06-2018 18:08:18 Wire.java DEBUG [Forwarding findElement on session 5dbd82ad703f7e58e34eecf1f98eabb3 to remote] http.wire 87 - http-outgoing-198 << "{"sessionId":"5dbd82ad703f7e58e34eecf1f98eabb3","status":7,"value":{"message":"no such element: Unable to locate element: {\"method\":\"xpath\",\"selector\":\"//*[@id='sidebar']/div/p[1]\"}\n  (Session info: chrome=63.0.3239.132)\n  (Driver info: chromedriver=2.33.506120 (e3e53437346286c0bc2d2dc9aa4915ba81d9023f),platform=Windows NT 10.0.16299 x86_64)"}}"
02-06-2018 18:08:18 LoggingManagedHttpClientConnection.java DEBUG [Forwarding findElement on session 5dbd82ad703f7e58e34eecf1f98eabb3 to remote] http.headers 122 - http-outgoing-198 << HTTP/1.1 200 OK
02-06-2018 18:08:18 LoggingManagedHttpClientConnection.java DEBUG [Forwarding findElement on session 5dbd82ad703f7e58e34eecf1f98eabb3 to remote] http.headers 125 - http-outgoing-198 << Content-Length:356
02-06-2018 18:08:18 LoggingManagedHttpClientConnection.java DEBUG [Forwarding findElement on session 5dbd82ad703f7e58e34eecf1f98eabb3 to remote] http.headers 125 - http-outgoing-198 << Content-Type:application/json; charset=utf-8
02-06-2018 18:08:18 LoggingManagedHttpClientConnection.java DEBUG [Forwarding findElement on session 5dbd82ad703f7e58e34eecf1f98eabb3 to remote] http.headers 125 - http-outgoing-198 << Connection:close
02-06-2018 18:08:18 LoggingManagedHttpClientConnection.java DEBUG [Forwarding findElement on session 5dbd82ad703f7e58e34eecf1f98eabb3 to remote] conn.DefaultManagedHttpClientConnection 79 - http-outgoing-198: Close connection
02-06-2018 18:08:18 ConnectionHolder.java DEBUG [Forwarding findElement on session 5dbd82ad703f7e58e34eecf1f98eabb3 to remote] execchain.MainClientExec 104 - Connection discarded
02-06-2018 18:08:18 PoolingHttpClientConnectionManager.java DEBUG [Forwarding findElement on session 5dbd82ad703f7e58e34eecf1f98eabb3 to remote] conn.PoolingHttpClientConnectionManager 326 - Connection released: [id: 198][route: {}->http://localhost:36586][total kept alive: 0; route allocated: 0 of 2000; total allocated: 0 of 2000]
]]></system-out>
    <system-err><![CDATA[Starting ChromeDriver 2.33.506120 (e3e53437346286c0bc2d2dc9aa4915ba81d9023f) on port 36586
Only local connections are allowed.
Feb 06, 2018 6:07:46 PM org.openqa.selenium.remote.ProtocolHandshake createSession
INFO: Detected dialect: OSS
]]></system-err>
  </testcase>
  <testcase name="verifySettingsLinkTest" classname="com.jusdone.qa.testcases.TaskPageTest" time="0.134"/>
  <testcase name="verifyDashBoardTab" classname="com.jusdone.qa.testcases.DashBoardTest" time="0.126"/>
  <testcase name="AboutusLogoTest" classname="com.jusdone.qa.testcases.LandingPageTest" time="0.186"/>
  <testcase name="verifyCtrAnAcctTest" classname="com.jusdone.qa.testcases.LoginPageTest" time="0.178"/>
  <testcase name="ExistingUser" classname="com.jusdone.qa.testcases.RegistrationPageTest" time="5.076"/>
  <testcase name="ClickCreateNewTaskLinkTest" classname="com.jusdone.qa.testcases.TaskPageTest" time="4.188"/>
  <testcase name="verifyTaskTabTest" classname="com.jusdone.qa.testcases.DashBoardTest" time="0.148"/>
  <testcase name="ContactusLogoTest" classname="com.jusdone.qa.testcases.LandingPageTest" time="0.164"/>
  <testcase name="verifyRememberMeTest" classname="com.jusdone.qa.testcases.LoginPageTest" time="0.218">
    <failure message="expected [true] but found [false]" type="java.lang.AssertionError">java.lang.AssertionError: expected [true] but found [false]
	at com.jusdone.qa.testcases.LoginPageTest.verifyRememberMeTest(LoginPageTest.java:66)
</failure>
    <system-out><![CDATA[02-06-2018 18:10:12 RequestAddCookies.java DEBUG [Forwarding quit on session 1775e50f8e557370d9d81c2560f1de4c to remote] protocol.RequestAddCookies 123 - CookieSpec selected: default
02-06-2018 18:10:12 RequestAuthCache.java DEBUG [Forwarding quit on session 1775e50f8e557370d9d81c2560f1de4c to remote] protocol.RequestAuthCache 77 - Auth cache not set in the context
02-06-2018 18:10:12 PoolingHttpClientConnectionManager.java DEBUG [Forwarding quit on session 1775e50f8e557370d9d81c2560f1de4c to remote] conn.PoolingHttpClientConnectionManager 255 - Connection request: [route: {}->http://localhost:48079][total kept alive: 0; route allocated: 0 of 2000; total allocated: 0 of 2000]
02-06-2018 18:10:12 PoolingHttpClientConnectionManager.java DEBUG [Forwarding quit on session 1775e50f8e557370d9d81c2560f1de4c to remote] conn.PoolingHttpClientConnectionManager 288 - Connection leased: [id: 332][route: {}->http://localhost:48079][total kept alive: 0; route allocated: 1 of 2000; total allocated: 1 of 2000]
02-06-2018 18:10:12 MainClientExec.java DEBUG [Forwarding quit on session 1775e50f8e557370d9d81c2560f1de4c to remote] execchain.MainClientExec 235 - Opening connection {}->http://localhost:48079
02-06-2018 18:10:12 DefaultHttpClientConnectionOperator.java DEBUG [Forwarding quit on session 1775e50f8e557370d9d81c2560f1de4c to remote] conn.DefaultHttpClientConnectionOperator 139 - Connecting to localhost/127.0.0.1:48079
02-06-2018 18:10:12 DefaultHttpClientConnectionOperator.java DEBUG [Forwarding quit on session 1775e50f8e557370d9d81c2560f1de4c to remote] conn.DefaultHttpClientConnectionOperator 146 - Connection established 127.0.0.1:51028<->127.0.0.1:48079
02-06-2018 18:10:12 LoggingManagedHttpClientConnection.java DEBUG [Forwarding quit on session 1775e50f8e557370d9d81c2560f1de4c to remote] conn.DefaultManagedHttpClientConnection 88 - http-outgoing-332: set socket timeout to 10800000
02-06-2018 18:10:12 MainClientExec.java DEBUG [Forwarding quit on session 1775e50f8e557370d9d81c2560f1de4c to remote] execchain.MainClientExec 256 - Executing request DELETE /session/1775e50f8e557370d9d81c2560f1de4c HTTP/1.1
02-06-2018 18:10:12 MainClientExec.java DEBUG [Forwarding quit on session 1775e50f8e557370d9d81c2560f1de4c to remote] execchain.MainClientExec 261 - Target auth state: UNCHALLENGED
02-06-2018 18:10:12 MainClientExec.java DEBUG [Forwarding quit on session 1775e50f8e557370d9d81c2560f1de4c to remote] execchain.MainClientExec 267 - Proxy auth state: UNCHALLENGED
02-06-2018 18:10:12 LoggingManagedHttpClientConnection.java DEBUG [Forwarding quit on session 1775e50f8e557370d9d81c2560f1de4c to remote] http.headers 133 - http-outgoing-332 >> DELETE /session/1775e50f8e557370d9d81c2560f1de4c HTTP/1.1
02-06-2018 18:10:12 LoggingManagedHttpClientConnection.java DEBUG [Forwarding quit on session 1775e50f8e557370d9d81c2560f1de4c to remote] http.headers 136 - http-outgoing-332 >> Host: localhost:48079
02-06-2018 18:10:12 LoggingManagedHttpClientConnection.java DEBUG [Forwarding quit on session 1775e50f8e557370d9d81c2560f1de4c to remote] http.headers 136 - http-outgoing-332 >> Connection: Keep-Alive
02-06-2018 18:10:12 LoggingManagedHttpClientConnection.java DEBUG [Forwarding quit on session 1775e50f8e557370d9d81c2560f1de4c to remote] http.headers 136 - http-outgoing-332 >> User-Agent: Apache-HttpClient/4.5.3 (Java/1.8.0_151)
02-06-2018 18:10:12 LoggingManagedHttpClientConnection.java DEBUG [Forwarding quit on session 1775e50f8e557370d9d81c2560f1de4c to remote] http.headers 136 - http-outgoing-332 >> Accept-Encoding: gzip,deflate
02-06-2018 18:10:12 Wire.java DEBUG [Forwarding quit on session 1775e50f8e557370d9d81c2560f1de4c to remote] http.wire 73 - http-outgoing-332 >> "DELETE /session/1775e50f8e557370d9d81c2560f1de4c HTTP/1.1[\r][\n]"
02-06-2018 18:10:12 Wire.java DEBUG [Forwarding quit on session 1775e50f8e557370d9d81c2560f1de4c to remote] http.wire 73 - http-outgoing-332 >> "Host: localhost:48079[\r][\n]"
02-06-2018 18:10:12 Wire.java DEBUG [Forwarding quit on session 1775e50f8e557370d9d81c2560f1de4c to remote] http.wire 73 - http-outgoing-332 >> "Connection: Keep-Alive[\r][\n]"
02-06-2018 18:10:12 Wire.java DEBUG [Forwarding quit on session 1775e50f8e557370d9d81c2560f1de4c to remote] http.wire 73 - http-outgoing-332 >> "User-Agent: Apache-HttpClient/4.5.3 (Java/1.8.0_151)[\r][\n]"
02-06-2018 18:10:12 Wire.java DEBUG [Forwarding quit on session 1775e50f8e557370d9d81c2560f1de4c to remote] http.wire 73 - http-outgoing-332 >> "Accept-Encoding: gzip,deflate[\r][\n]"
02-06-2018 18:10:12 Wire.java DEBUG [Forwarding quit on session 1775e50f8e557370d9d81c2560f1de4c to remote] http.wire 73 - http-outgoing-332 >> "[\r][\n]"
02-06-2018 18:10:13 Wire.java DEBUG [Forwarding quit on session 1775e50f8e557370d9d81c2560f1de4c to remote] http.wire 73 - http-outgoing-332 << "HTTP/1.1 200 OK[\r][\n]"
02-06-2018 18:10:13 Wire.java DEBUG [Forwarding quit on session 1775e50f8e557370d9d81c2560f1de4c to remote] http.wire 73 - http-outgoing-332 << "Content-Length:72[\r][\n]"
02-06-2018 18:10:13 Wire.java DEBUG [Forwarding quit on session 1775e50f8e557370d9d81c2560f1de4c to remote] http.wire 73 - http-outgoing-332 << "Content-Type:application/json; charset=utf-8[\r][\n]"
02-06-2018 18:10:13 Wire.java DEBUG [Forwarding quit on session 1775e50f8e557370d9d81c2560f1de4c to remote] http.wire 73 - http-outgoing-332 << "Connection:close[\r][\n]"
02-06-2018 18:10:13 Wire.java DEBUG [Forwarding quit on session 1775e50f8e557370d9d81c2560f1de4c to remote] http.wire 73 - http-outgoing-332 << "[\r][\n]"
02-06-2018 18:10:13 Wire.java DEBUG [Forwarding quit on session 1775e50f8e557370d9d81c2560f1de4c to remote] http.wire 87 - http-outgoing-332 << "{"sessionId":"1775e50f8e557370d9d81c2560f1de4c","status":0,"value":null}"
02-06-2018 18:10:13 LoggingManagedHttpClientConnection.java DEBUG [Forwarding quit on session 1775e50f8e557370d9d81c2560f1de4c to remote] http.headers 122 - http-outgoing-332 << HTTP/1.1 200 OK
02-06-2018 18:10:13 LoggingManagedHttpClientConnection.java DEBUG [Forwarding quit on session 1775e50f8e557370d9d81c2560f1de4c to remote] http.headers 125 - http-outgoing-332 << Content-Length:72
02-06-2018 18:10:13 LoggingManagedHttpClientConnection.java DEBUG [Forwarding quit on session 1775e50f8e557370d9d81c2560f1de4c to remote] http.headers 125 - http-outgoing-332 << Content-Type:application/json; charset=utf-8
02-06-2018 18:10:13 LoggingManagedHttpClientConnection.java DEBUG [Forwarding quit on session 1775e50f8e557370d9d81c2560f1de4c to remote] http.headers 125 - http-outgoing-332 << Connection:close
02-06-2018 18:10:13 LoggingManagedHttpClientConnection.java DEBUG [Forwarding quit on session 1775e50f8e557370d9d81c2560f1de4c to remote] conn.DefaultManagedHttpClientConnection 79 - http-outgoing-332: Close connection
02-06-2018 18:10:13 ConnectionHolder.java DEBUG [Forwarding quit on session 1775e50f8e557370d9d81c2560f1de4c to remote] execchain.MainClientExec 104 - Connection discarded
02-06-2018 18:10:13 PoolingHttpClientConnectionManager.java DEBUG [Forwarding quit on session 1775e50f8e557370d9d81c2560f1de4c to remote] conn.PoolingHttpClientConnectionManager 326 - Connection released: [id: 332][route: {}->http://localhost:48079][total kept alive: 0; route allocated: 0 of 2000; total allocated: 0 of 2000]
02-06-2018 18:10:13 PoolingHttpClientConnectionManager.java DEBUG [Forwarding quit on session 1775e50f8e557370d9d81c2560f1de4c to remote] conn.PoolingHttpClientConnectionManager 407 - Closing connections idle longer than 0 SECONDS
02-06-2018 18:10:13 LandingPageTest.java INFO  [main] testcases.LandingPageTest 179 - ****************************** Browser is closed *****************************************
02-06-2018 18:10:14 RequestAddCookies.java DEBUG [Forwarding newSession on session null to remote] protocol.RequestAddCookies 123 - CookieSpec selected: default
02-06-2018 18:10:14 RequestAuthCache.java DEBUG [Forwarding newSession on session null to remote] protocol.RequestAuthCache 77 - Auth cache not set in the context
02-06-2018 18:10:14 PoolingHttpClientConnectionManager.java DEBUG [Forwarding newSession on session null to remote] conn.PoolingHttpClientConnectionManager 255 - Connection request: [route: {}->http://localhost:3727][total kept alive: 0; route allocated: 0 of 2000; total allocated: 0 of 2000]
02-06-2018 18:10:14 PoolingHttpClientConnectionManager.java DEBUG [Forwarding newSession on session null to remote] conn.PoolingHttpClientConnectionManager 288 - Connection leased: [id: 333][route: {}->http://localhost:3727][total kept alive: 0; route allocated: 1 of 2000; total allocated: 1 of 2000]
02-06-2018 18:10:14 MainClientExec.java DEBUG [Forwarding newSession on session null to remote] execchain.MainClientExec 235 - Opening connection {}->http://localhost:3727
02-06-2018 18:10:14 DefaultHttpClientConnectionOperator.java DEBUG [Forwarding newSession on session null to remote] conn.DefaultHttpClientConnectionOperator 139 - Connecting to localhost/127.0.0.1:3727
02-06-2018 18:10:14 DefaultHttpClientConnectionOperator.java DEBUG [Forwarding newSession on session null to remote] conn.DefaultHttpClientConnectionOperator 146 - Connection established 127.0.0.1:51034<->127.0.0.1:3727
02-06-2018 18:10:14 LoggingManagedHttpClientConnection.java DEBUG [Forwarding newSession on session null to remote] conn.DefaultManagedHttpClientConnection 88 - http-outgoing-333: set socket timeout to 10800000
02-06-2018 18:10:14 MainClientExec.java DEBUG [Forwarding newSession on session null to remote] execchain.MainClientExec 256 - Executing request POST /session HTTP/1.1
02-06-2018 18:10:14 MainClientExec.java DEBUG [Forwarding newSession on session null to remote] execchain.MainClientExec 261 - Target auth state: UNCHALLENGED
02-06-2018 18:10:14 MainClientExec.java DEBUG [Forwarding newSession on session null to remote] execchain.MainClientExec 267 - Proxy auth state: UNCHALLENGED
02-06-2018 18:10:14 LoggingManagedHttpClientConnection.java DEBUG [Forwarding newSession on session null to remote] http.headers 133 - http-outgoing-333 >> POST /session HTTP/1.1
02-06-2018 18:10:14 LoggingManagedHttpClientConnection.java DEBUG [Forwarding newSession on session null to remote] http.headers 136 - http-outgoing-333 >> Content-Type: application/json; charset=utf-8
02-06-2018 18:10:14 LoggingManagedHttpClientConnection.java DEBUG [Forwarding newSession on session null to remote] http.headers 136 - http-outgoing-333 >> Content-Length: 560
02-06-2018 18:10:14 LoggingManagedHttpClientConnection.java DEBUG [Forwarding newSession on session null to remote] http.headers 136 - http-outgoing-333 >> Host: localhost:3727
02-06-2018 18:10:14 LoggingManagedHttpClientConnection.java DEBUG [Forwarding newSession on session null to remote] http.headers 136 - http-outgoing-333 >> Connection: Keep-Alive
02-06-2018 18:10:14 LoggingManagedHttpClientConnection.java DEBUG [Forwarding newSession on session null to remote] http.headers 136 - http-outgoing-333 >> User-Agent: Apache-HttpClient/4.5.3 (Java/1.8.0_151)
02-06-2018 18:10:14 LoggingManagedHttpClientConnection.java DEBUG [Forwarding newSession on session null to remote] http.headers 136 - http-outgoing-333 >> Accept-Encoding: gzip,deflate
02-06-2018 18:10:14 Wire.java DEBUG [Forwarding newSession on session null to remote] http.wire 73 - http-outgoing-333 >> "POST /session HTTP/1.1[\r][\n]"
02-06-2018 18:10:14 Wire.java DEBUG [Forwarding newSession on session null to remote] http.wire 73 - http-outgoing-333 >> "Content-Type: application/json; charset=utf-8[\r][\n]"
02-06-2018 18:10:14 Wire.java DEBUG [Forwarding newSession on session null to remote] http.wire 73 - http-outgoing-333 >> "Content-Length: 560[\r][\n]"
02-06-2018 18:10:14 Wire.java DEBUG [Forwarding newSession on session null to remote] http.wire 73 - http-outgoing-333 >> "Host: localhost:3727[\r][\n]"
02-06-2018 18:10:14 Wire.java DEBUG [Forwarding newSession on session null to remote] http.wire 73 - http-outgoing-333 >> "Connection: Keep-Alive[\r][\n]"
02-06-2018 18:10:14 Wire.java DEBUG [Forwarding newSession on session null to remote] http.wire 73 - http-outgoing-333 >> "User-Agent: Apache-HttpClient/4.5.3 (Java/1.8.0_151)[\r][\n]"
02-06-2018 18:10:14 Wire.java DEBUG [Forwarding newSession on session null to remote] http.wire 73 - http-outgoing-333 >> "Accept-Encoding: gzip,deflate[\r][\n]"
02-06-2018 18:10:14 Wire.java DEBUG [Forwarding newSession on session null to remote] http.wire 73 - http-outgoing-333 >> "[\r][\n]"
02-06-2018 18:10:14 Wire.java DEBUG [Forwarding newSession on session null to remote] http.wire 73 - http-outgoing-333 >> "{[\n]"
02-06-2018 18:10:14 Wire.java DEBUG [Forwarding newSession on session null to remote] http.wire 73 - http-outgoing-333 >> "  "desiredCapabilities": {[\n]"
02-06-2018 18:10:14 Wire.java DEBUG [Forwarding newSession on session null to remote] http.wire 73 - http-outgoing-333 >> "    "browserName": "chrome",[\n]"
02-06-2018 18:10:14 Wire.java DEBUG [Forwarding newSession on session null to remote] http.wire 73 - http-outgoing-333 >> "    "goog:chromeOptions": {[\n]"
02-06-2018 18:10:14 Wire.java DEBUG [Forwarding newSession on session null to remote] http.wire 73 - http-outgoing-333 >> "      "args": [],[\n]"
02-06-2018 18:10:14 Wire.java DEBUG [Forwarding newSession on session null to remote] http.wire 73 - http-outgoing-333 >> "      "extensions": [][\n]"
02-06-2018 18:10:14 Wire.java DEBUG [Forwarding newSession on session null to remote] http.wire 73 - http-outgoing-333 >> "    }[\n]"
02-06-2018 18:10:14 Wire.java DEBUG [Forwarding newSession on session null to remote] http.wire 73 - http-outgoing-333 >> "  },[\n]"
02-06-2018 18:10:14 Wire.java DEBUG [Forwarding newSession on session null to remote] http.wire 73 - http-outgoing-333 >> "  "requiredCapabilities": {},[\n]"
02-06-2018 18:10:14 Wire.java DEBUG [Forwarding newSession on session null to remote] http.wire 73 - http-outgoing-333 >> "  "capabilities": {[\n]"
02-06-2018 18:10:14 Wire.java DEBUG [Forwarding newSession on session null to remote] http.wire 73 - http-outgoing-333 >> "    "desiredCapabilities": {[\n]"
02-06-2018 18:10:14 Wire.java DEBUG [Forwarding newSession on session null to remote] http.wire 73 - http-outgoing-333 >> "      "browserName": "chrome",[\n]"
02-06-2018 18:10:14 Wire.java DEBUG [Forwarding newSession on session null to remote] http.wire 73 - http-outgoing-333 >> "      "goog:chromeOptions": {[\n]"
02-06-2018 18:10:14 Wire.java DEBUG [Forwarding newSession on session null to remote] http.wire 73 - http-outgoing-333 >> "        "args": [],[\n]"
02-06-2018 18:10:14 Wire.java DEBUG [Forwarding newSession on session null to remote] http.wire 73 - http-outgoing-333 >> "        "extensions": [][\n]"
02-06-2018 18:10:14 Wire.java DEBUG [Forwarding newSession on session null to remote] http.wire 73 - http-outgoing-333 >> "      }[\n]"
02-06-2018 18:10:14 Wire.java DEBUG [Forwarding newSession on session null to remote] http.wire 73 - http-outgoing-333 >> "    },[\n]"
02-06-2018 18:10:14 Wire.java DEBUG [Forwarding newSession on session null to remote] http.wire 73 - http-outgoing-333 >> "    "requiredCapabilities": {},[\n]"
02-06-2018 18:10:14 Wire.java DEBUG [Forwarding newSession on session null to remote] http.wire 73 - http-outgoing-333 >> "    "alwaysMatch": {[\n]"
02-06-2018 18:10:14 Wire.java DEBUG [Forwarding newSession on session null to remote] http.wire 73 - http-outgoing-333 >> "      "goog:chromeOptions": {[\n]"
02-06-2018 18:10:14 Wire.java DEBUG [Forwarding newSession on session null to remote] http.wire 73 - http-outgoing-333 >> "        "args": [],[\n]"
02-06-2018 18:10:14 Wire.java DEBUG [Forwarding newSession on session null to remote] http.wire 73 - http-outgoing-333 >> "        "extensions": [][\n]"
02-06-2018 18:10:14 Wire.java DEBUG [Forwarding newSession on session null to remote] http.wire 73 - http-outgoing-333 >> "      }[\n]"
02-06-2018 18:10:14 Wire.java DEBUG [Forwarding newSession on session null to remote] http.wire 73 - http-outgoing-333 >> "    },[\n]"
02-06-2018 18:10:14 Wire.java DEBUG [Forwarding newSession on session null to remote] http.wire 73 - http-outgoing-333 >> "    "firstMatch": [[\n]"
02-06-2018 18:10:14 Wire.java DEBUG [Forwarding newSession on session null to remote] http.wire 73 - http-outgoing-333 >> "      {[\n]"
02-06-2018 18:10:14 Wire.java DEBUG [Forwarding newSession on session null to remote] http.wire 73 - http-outgoing-333 >> "        "browserName": "chrome"[\n]"
02-06-2018 18:10:14 Wire.java DEBUG [Forwarding newSession on session null to remote] http.wire 73 - http-outgoing-333 >> "      }[\n]"
02-06-2018 18:10:14 Wire.java DEBUG [Forwarding newSession on session null to remote] http.wire 73 - http-outgoing-333 >> "    ][\n]"
02-06-2018 18:10:14 Wire.java DEBUG [Forwarding newSession on session null to remote] http.wire 73 - http-outgoing-333 >> "  }[\n]"
02-06-2018 18:10:14 Wire.java DEBUG [Forwarding newSession on session null to remote] http.wire 87 - http-outgoing-333 >> "}"
02-06-2018 18:10:16 Wire.java DEBUG [Forwarding newSession on session null to remote] http.wire 73 - http-outgoing-333 << "HTTP/1.1 200 OK[\r][\n]"
02-06-2018 18:10:16 Wire.java DEBUG [Forwarding newSession on session null to remote] http.wire 73 - http-outgoing-333 << "Content-Length:800[\r][\n]"
02-06-2018 18:10:16 Wire.java DEBUG [Forwarding newSession on session null to remote] http.wire 73 - http-outgoing-333 << "Content-Type:application/json; charset=utf-8[\r][\n]"
02-06-2018 18:10:16 Wire.java DEBUG [Forwarding newSession on session null to remote] http.wire 73 - http-outgoing-333 << "Connection:close[\r][\n]"
02-06-2018 18:10:16 Wire.java DEBUG [Forwarding newSession on session null to remote] http.wire 73 - http-outgoing-333 << "[\r][\n]"
02-06-2018 18:10:16 Wire.java DEBUG [Forwarding newSession on session null to remote] http.wire 87 - http-outgoing-333 << "{"sessionId":"190588b6297880575febed573f5bb54d","status":0,"value":{"acceptSslCerts":true,"applicationCacheEnabled":false,"browserConnectionEnabled":false,"browserName":"chrome","chrome":{"chromedriverVersion":"2.33.506120 (e3e53437346286c0bc2d2dc9aa4915ba81d9023f)","userDataDir":"C:\\Users\\Murali\\AppData\\Local\\Temp\\scoped_dir4904_6576"},"cssSelectorsEnabled":true,"databaseEnabled":false,"handlesAlerts":true,"hasTouchScreen":false,"javascriptEnabled":true,"locationContextEnabled":true,"mobileEmulationEnabled":false,"nativeEvents":true,"networkConnectionEnabled":false,"pageLoadStrategy":"normal","platform":"Windows NT","rotatable":false,"setWindowRect":true,"takesHeapSnapshot":true,"takesScreenshot":true,"unexpectedAlertBehaviour":"","version":"63.0.3239.132","webStorageEnabled":true}}"
02-06-2018 18:10:16 LoggingManagedHttpClientConnection.java DEBUG [Forwarding newSession on session null to remote] http.headers 122 - http-outgoing-333 << HTTP/1.1 200 OK
02-06-2018 18:10:16 LoggingManagedHttpClientConnection.java DEBUG [Forwarding newSession on session null to remote] http.headers 125 - http-outgoing-333 << Content-Length:800
02-06-2018 18:10:16 LoggingManagedHttpClientConnection.java DEBUG [Forwarding newSession on session null to remote] http.headers 125 - http-outgoing-333 << Content-Type:application/json; charset=utf-8
02-06-2018 18:10:16 LoggingManagedHttpClientConnection.java DEBUG [Forwarding newSession on session null to remote] http.headers 125 - http-outgoing-333 << Connection:close
02-06-2018 18:10:16 LoggingManagedHttpClientConnection.java DEBUG [Forwarding newSession on session null to remote] conn.DefaultManagedHttpClientConnection 79 - http-outgoing-333: Close connection
02-06-2018 18:10:16 ConnectionHolder.java DEBUG [Forwarding newSession on session null to remote] execchain.MainClientExec 104 - Connection discarded
02-06-2018 18:10:16 PoolingHttpClientConnectionManager.java DEBUG [Forwarding newSession on session null to remote] conn.PoolingHttpClientConnectionManager 326 - Connection released: [id: 333][route: {}->http://localhost:3727][total kept alive: 0; route allocated: 0 of 2000; total allocated: 0 of 2000]
02-06-2018 18:10:16 RequestAddCookies.java DEBUG [Forwarding maximizeCurrentWindow on session 190588b6297880575febed573f5bb54d to remote] protocol.RequestAddCookies 123 - CookieSpec selected: default
02-06-2018 18:10:16 RequestAuthCache.java DEBUG [Forwarding maximizeCurrentWindow on session 190588b6297880575febed573f5bb54d to remote] protocol.RequestAuthCache 77 - Auth cache not set in the context
02-06-2018 18:10:16 PoolingHttpClientConnectionManager.java DEBUG [Forwarding maximizeCurrentWindow on session 190588b6297880575febed573f5bb54d to remote] conn.PoolingHttpClientConnectionManager 255 - Connection request: [route: {}->http://localhost:3727][total kept alive: 0; route allocated: 0 of 2000; total allocated: 0 of 2000]
02-06-2018 18:10:16 PoolingHttpClientConnectionManager.java DEBUG [Forwarding maximizeCurrentWindow on session 190588b6297880575febed573f5bb54d to remote] conn.PoolingHttpClientConnectionManager 288 - Connection leased: [id: 334][route: {}->http://localhost:3727][total kept alive: 0; route allocated: 1 of 2000; total allocated: 1 of 2000]
02-06-2018 18:10:16 MainClientExec.java DEBUG [Forwarding maximizeCurrentWindow on session 190588b6297880575febed573f5bb54d to remote] execchain.MainClientExec 235 - Opening connection {}->http://localhost:3727
02-06-2018 18:10:16 DefaultHttpClientConnectionOperator.java DEBUG [Forwarding maximizeCurrentWindow on session 190588b6297880575febed573f5bb54d to remote] conn.DefaultHttpClientConnectionOperator 139 - Connecting to localhost/127.0.0.1:3727
02-06-2018 18:10:16 DefaultHttpClientConnectionOperator.java DEBUG [Forwarding maximizeCurrentWindow on session 190588b6297880575febed573f5bb54d to remote] conn.DefaultHttpClientConnectionOperator 146 - Connection established 127.0.0.1:51041<->127.0.0.1:3727
02-06-2018 18:10:16 LoggingManagedHttpClientConnection.java DEBUG [Forwarding maximizeCurrentWindow on session 190588b6297880575febed573f5bb54d to remote] conn.DefaultManagedHttpClientConnection 88 - http-outgoing-334: set socket timeout to 10800000
02-06-2018 18:10:16 MainClientExec.java DEBUG [Forwarding maximizeCurrentWindow on session 190588b6297880575febed573f5bb54d to remote] execchain.MainClientExec 256 - Executing request POST /session/190588b6297880575febed573f5bb54d/window/current/maximize HTTP/1.1
02-06-2018 18:10:16 MainClientExec.java DEBUG [Forwarding maximizeCurrentWindow on session 190588b6297880575febed573f5bb54d to remote] execchain.MainClientExec 261 - Target auth state: UNCHALLENGED
02-06-2018 18:10:16 MainClientExec.java DEBUG [Forwarding maximizeCurrentWindow on session 190588b6297880575febed573f5bb54d to remote] execchain.MainClientExec 267 - Proxy auth state: UNCHALLENGED
02-06-2018 18:10:16 LoggingManagedHttpClientConnection.java DEBUG [Forwarding maximizeCurrentWindow on session 190588b6297880575febed573f5bb54d to remote] http.headers 133 - http-outgoing-334 >> POST /session/190588b6297880575febed573f5bb54d/window/current/maximize HTTP/1.1
02-06-2018 18:10:16 LoggingManagedHttpClientConnection.java DEBUG [Forwarding maximizeCurrentWindow on session 190588b6297880575febed573f5bb54d to remote] http.headers 136 - http-outgoing-334 >> Content-Type: application/json; charset=utf-8
02-06-2018 18:10:16 LoggingManagedHttpClientConnection.java DEBUG [Forwarding maximizeCurrentWindow on session 190588b6297880575febed573f5bb54d to remote] http.headers 136 - http-outgoing-334 >> Content-Length: 45
02-06-2018 18:10:16 LoggingManagedHttpClientConnection.java DEBUG [Forwarding maximizeCurrentWindow on session 190588b6297880575febed573f5bb54d to remote] http.headers 136 - http-outgoing-334 >> Host: localhost:3727
02-06-2018 18:10:16 LoggingManagedHttpClientConnection.java DEBUG [Forwarding maximizeCurrentWindow on session 190588b6297880575febed573f5bb54d to remote] http.headers 136 - http-outgoing-334 >> Connection: Keep-Alive
02-06-2018 18:10:16 LoggingManagedHttpClientConnection.java DEBUG [Forwarding maximizeCurrentWindow on session 190588b6297880575febed573f5bb54d to remote] http.headers 136 - http-outgoing-334 >> User-Agent: Apache-HttpClient/4.5.3 (Java/1.8.0_151)
02-06-2018 18:10:16 LoggingManagedHttpClientConnection.java DEBUG [Forwarding maximizeCurrentWindow on session 190588b6297880575febed573f5bb54d to remote] http.headers 136 - http-outgoing-334 >> Accept-Encoding: gzip,deflate
02-06-2018 18:10:16 Wire.java DEBUG [Forwarding maximizeCurrentWindow on session 190588b6297880575febed573f5bb54d to remote] http.wire 73 - http-outgoing-334 >> "POST /session/190588b6297880575febed573f5bb54d/window/current/maximize HTTP/1.1[\r][\n]"
02-06-2018 18:10:16 Wire.java DEBUG [Forwarding maximizeCurrentWindow on session 190588b6297880575febed573f5bb54d to remote] http.wire 73 - http-outgoing-334 >> "Content-Type: application/json; charset=utf-8[\r][\n]"
02-06-2018 18:10:16 Wire.java DEBUG [Forwarding maximizeCurrentWindow on session 190588b6297880575febed573f5bb54d to remote] http.wire 73 - http-outgoing-334 >> "Content-Length: 45[\r][\n]"
02-06-2018 18:10:16 Wire.java DEBUG [Forwarding maximizeCurrentWindow on session 190588b6297880575febed573f5bb54d to remote] http.wire 73 - http-outgoing-334 >> "Host: localhost:3727[\r][\n]"
02-06-2018 18:10:16 Wire.java DEBUG [Forwarding maximizeCurrentWindow on session 190588b6297880575febed573f5bb54d to remote] http.wire 73 - http-outgoing-334 >> "Connection: Keep-Alive[\r][\n]"
02-06-2018 18:10:16 Wire.java DEBUG [Forwarding maximizeCurrentWindow on session 190588b6297880575febed573f5bb54d to remote] http.wire 73 - http-outgoing-334 >> "User-Agent: Apache-HttpClient/4.5.3 (Java/1.8.0_151)[\r][\n]"
02-06-2018 18:10:16 Wire.java DEBUG [Forwarding maximizeCurrentWindow on session 190588b6297880575febed573f5bb54d to remote] http.wire 73 - http-outgoing-334 >> "Accept-Encoding: gzip,deflate[\r][\n]"
02-06-2018 18:10:16 Wire.java DEBUG [Forwarding maximizeCurrentWindow on session 190588b6297880575febed573f5bb54d to remote] http.wire 73 - http-outgoing-334 >> "[\r][\n]"
02-06-2018 18:10:16 Wire.java DEBUG [Forwarding maximizeCurrentWindow on session 190588b6297880575febed573f5bb54d to remote] http.wire 87 - http-outgoing-334 >> "{"windowHandle":"current","handle":"current"}"
02-06-2018 18:10:17 Wire.java DEBUG [Forwarding maximizeCurrentWindow on session 190588b6297880575febed573f5bb54d to remote] http.wire 73 - http-outgoing-334 << "HTTP/1.1 200 OK[\r][\n]"
02-06-2018 18:10:17 Wire.java DEBUG [Forwarding maximizeCurrentWindow on session 190588b6297880575febed573f5bb54d to remote] http.wire 73 - http-outgoing-334 << "Content-Length:72[\r][\n]"
02-06-2018 18:10:17 Wire.java DEBUG [Forwarding maximizeCurrentWindow on session 190588b6297880575febed573f5bb54d to remote] http.wire 73 - http-outgoing-334 << "Content-Type:application/json; charset=utf-8[\r][\n]"
02-06-2018 18:10:17 Wire.java DEBUG [Forwarding maximizeCurrentWindow on session 190588b6297880575febed573f5bb54d to remote] http.wire 73 - http-outgoing-334 << "Connection:close[\r][\n]"
02-06-2018 18:10:17 Wire.java DEBUG [Forwarding maximizeCurrentWindow on session 190588b6297880575febed573f5bb54d to remote] http.wire 73 - http-outgoing-334 << "[\r][\n]"
02-06-2018 18:10:17 Wire.java DEBUG [Forwarding maximizeCurrentWindow on session 190588b6297880575febed573f5bb54d to remote] http.wire 87 - http-outgoing-334 << "{"sessionId":"190588b6297880575febed573f5bb54d","status":0,"value":null}"
02-06-2018 18:10:17 LoggingManagedHttpClientConnection.java DEBUG [Forwarding maximizeCurrentWindow on session 190588b6297880575febed573f5bb54d to remote] http.headers 122 - http-outgoing-334 << HTTP/1.1 200 OK
02-06-2018 18:10:17 LoggingManagedHttpClientConnection.java DEBUG [Forwarding maximizeCurrentWindow on session 190588b6297880575febed573f5bb54d to remote] http.headers 125 - http-outgoing-334 << Content-Length:72
02-06-2018 18:10:17 LoggingManagedHttpClientConnection.java DEBUG [Forwarding maximizeCurrentWindow on session 190588b6297880575febed573f5bb54d to remote] http.headers 125 - http-outgoing-334 << Content-Type:application/json; charset=utf-8
02-06-2018 18:10:17 LoggingManagedHttpClientConnection.java DEBUG [Forwarding maximizeCurrentWindow on session 190588b6297880575febed573f5bb54d to remote] http.headers 125 - http-outgoing-334 << Connection:close
02-06-2018 18:10:17 LoggingManagedHttpClientConnection.java DEBUG [Forwarding maximizeCurrentWindow on session 190588b6297880575febed573f5bb54d to remote] conn.DefaultManagedHttpClientConnection 79 - http-outgoing-334: Close connection
02-06-2018 18:10:17 ConnectionHolder.java DEBUG [Forwarding maximizeCurrentWindow on session 190588b6297880575febed573f5bb54d to remote] execchain.MainClientExec 104 - Connection discarded
02-06-2018 18:10:17 PoolingHttpClientConnectionManager.java DEBUG [Forwarding maximizeCurrentWindow on session 190588b6297880575febed573f5bb54d to remote] conn.PoolingHttpClientConnectionManager 326 - Connection released: [id: 334][route: {}->http://localhost:3727][total kept alive: 0; route allocated: 0 of 2000; total allocated: 0 of 2000]
02-06-2018 18:10:17 RequestAddCookies.java DEBUG [Forwarding deleteAllCookies on session 190588b6297880575febed573f5bb54d to remote] protocol.RequestAddCookies 123 - CookieSpec selected: default
02-06-2018 18:10:17 RequestAuthCache.java DEBUG [Forwarding deleteAllCookies on session 190588b6297880575febed573f5bb54d to remote] protocol.RequestAuthCache 77 - Auth cache not set in the context
02-06-2018 18:10:17 PoolingHttpClientConnectionManager.java DEBUG [Forwarding deleteAllCookies on session 190588b6297880575febed573f5bb54d to remote] conn.PoolingHttpClientConnectionManager 255 - Connection request: [route: {}->http://localhost:3727][total kept alive: 0; route allocated: 0 of 2000; total allocated: 0 of 2000]
02-06-2018 18:10:17 PoolingHttpClientConnectionManager.java DEBUG [Forwarding deleteAllCookies on session 190588b6297880575febed573f5bb54d to remote] conn.PoolingHttpClientConnectionManager 288 - Connection leased: [id: 335][route: {}->http://localhost:3727][total kept alive: 0; route allocated: 1 of 2000; total allocated: 1 of 2000]
02-06-2018 18:10:17 MainClientExec.java DEBUG [Forwarding deleteAllCookies on session 190588b6297880575febed573f5bb54d to remote] execchain.MainClientExec 235 - Opening connection {}->http://localhost:3727
02-06-2018 18:10:17 DefaultHttpClientConnectionOperator.java DEBUG [Forwarding deleteAllCookies on session 190588b6297880575febed573f5bb54d to remote] conn.DefaultHttpClientConnectionOperator 139 - Connecting to localhost/127.0.0.1:3727
02-06-2018 18:10:17 DefaultHttpClientConnectionOperator.java DEBUG [Forwarding deleteAllCookies on session 190588b6297880575febed573f5bb54d to remote] conn.DefaultHttpClientConnectionOperator 146 - Connection established 127.0.0.1:51045<->127.0.0.1:3727
02-06-2018 18:10:17 LoggingManagedHttpClientConnection.java DEBUG [Forwarding deleteAllCookies on session 190588b6297880575febed573f5bb54d to remote] conn.DefaultManagedHttpClientConnection 88 - http-outgoing-335: set socket timeout to 10800000
02-06-2018 18:10:17 MainClientExec.java DEBUG [Forwarding deleteAllCookies on session 190588b6297880575febed573f5bb54d to remote] execchain.MainClientExec 256 - Executing request DELETE /session/190588b6297880575febed573f5bb54d/cookie HTTP/1.1
02-06-2018 18:10:17 MainClientExec.java DEBUG [Forwarding deleteAllCookies on session 190588b6297880575febed573f5bb54d to remote] execchain.MainClientExec 261 - Target auth state: UNCHALLENGED
02-06-2018 18:10:17 MainClientExec.java DEBUG [Forwarding deleteAllCookies on session 190588b6297880575febed573f5bb54d to remote] execchain.MainClientExec 267 - Proxy auth state: UNCHALLENGED
02-06-2018 18:10:17 LoggingManagedHttpClientConnection.java DEBUG [Forwarding deleteAllCookies on session 190588b6297880575febed573f5bb54d to remote] http.headers 133 - http-outgoing-335 >> DELETE /session/190588b6297880575febed573f5bb54d/cookie HTTP/1.1
02-06-2018 18:10:17 LoggingManagedHttpClientConnection.java DEBUG [Forwarding deleteAllCookies on session 190588b6297880575febed573f5bb54d to remote] http.headers 136 - http-outgoing-335 >> Host: localhost:3727
02-06-2018 18:10:17 LoggingManagedHttpClientConnection.java DEBUG [Forwarding deleteAllCookies on session 190588b6297880575febed573f5bb54d to remote] http.headers 136 - http-outgoing-335 >> Connection: Keep-Alive
02-06-2018 18:10:17 LoggingManagedHttpClientConnection.java DEBUG [Forwarding deleteAllCookies on session 190588b6297880575febed573f5bb54d to remote] http.headers 136 - http-outgoing-335 >> User-Agent: Apache-HttpClient/4.5.3 (Java/1.8.0_151)
02-06-2018 18:10:17 LoggingManagedHttpClientConnection.java DEBUG [Forwarding deleteAllCookies on session 190588b6297880575febed573f5bb54d to remote] http.headers 136 - http-outgoing-335 >> Accept-Encoding: gzip,deflate
02-06-2018 18:10:17 Wire.java DEBUG [Forwarding deleteAllCookies on session 190588b6297880575febed573f5bb54d to remote] http.wire 73 - http-outgoing-335 >> "DELETE /session/190588b6297880575febed573f5bb54d/cookie HTTP/1.1[\r][\n]"
02-06-2018 18:10:17 Wire.java DEBUG [Forwarding deleteAllCookies on session 190588b6297880575febed573f5bb54d to remote] http.wire 73 - http-outgoing-335 >> "Host: localhost:3727[\r][\n]"
02-06-2018 18:10:17 Wire.java DEBUG [Forwarding deleteAllCookies on session 190588b6297880575febed573f5bb54d to remote] http.wire 73 - http-outgoing-335 >> "Connection: Keep-Alive[\r][\n]"
02-06-2018 18:10:17 Wire.java DEBUG [Forwarding deleteAllCookies on session 190588b6297880575febed573f5bb54d to remote] http.wire 73 - http-outgoing-335 >> "User-Agent: Apache-HttpClient/4.5.3 (Java/1.8.0_151)[\r][\n]"
02-06-2018 18:10:17 Wire.java DEBUG [Forwarding deleteAllCookies on session 190588b6297880575febed573f5bb54d to remote] http.wire 73 - http-outgoing-335 >> "Accept-Encoding: gzip,deflate[\r][\n]"
02-06-2018 18:10:17 Wire.java DEBUG [Forwarding deleteAllCookies on session 190588b6297880575febed573f5bb54d to remote] http.wire 73 - http-outgoing-335 >> "[\r][\n]"
02-06-2018 18:10:17 Wire.java DEBUG [Forwarding deleteAllCookies on session 190588b6297880575febed573f5bb54d to remote] http.wire 73 - http-outgoing-335 << "HTTP/1.1 200 OK[\r][\n]"
02-06-2018 18:10:17 Wire.java DEBUG [Forwarding deleteAllCookies on session 190588b6297880575febed573f5bb54d to remote] http.wire 73 - http-outgoing-335 << "Content-Length:72[\r][\n]"
02-06-2018 18:10:17 Wire.java DEBUG [Forwarding deleteAllCookies on session 190588b6297880575febed573f5bb54d to remote] http.wire 73 - http-outgoing-335 << "Content-Type:application/json; charset=utf-8[\r][\n]"
02-06-2018 18:10:17 Wire.java DEBUG [Forwarding deleteAllCookies on session 190588b6297880575febed573f5bb54d to remote] http.wire 73 - http-outgoing-335 << "Connection:close[\r][\n]"
02-06-2018 18:10:17 Wire.java DEBUG [Forwarding deleteAllCookies on session 190588b6297880575febed573f5bb54d to remote] http.wire 73 - http-outgoing-335 << "[\r][\n]"
02-06-2018 18:10:17 Wire.java DEBUG [Forwarding deleteAllCookies on session 190588b6297880575febed573f5bb54d to remote] http.wire 87 - http-outgoing-335 << "{"sessionId":"190588b6297880575febed573f5bb54d","status":0,"value":null}"
02-06-2018 18:10:17 LoggingManagedHttpClientConnection.java DEBUG [Forwarding deleteAllCookies on session 190588b6297880575febed573f5bb54d to remote] http.headers 122 - http-outgoing-335 << HTTP/1.1 200 OK
02-06-2018 18:10:17 LoggingManagedHttpClientConnection.java DEBUG [Forwarding deleteAllCookies on session 190588b6297880575febed573f5bb54d to remote] http.headers 125 - http-outgoing-335 << Content-Length:72
02-06-2018 18:10:17 LoggingManagedHttpClientConnection.java DEBUG [Forwarding deleteAllCookies on session 190588b6297880575febed573f5bb54d to remote] http.headers 125 - http-outgoing-335 << Content-Type:application/json; charset=utf-8
02-06-2018 18:10:17 LoggingManagedHttpClientConnection.java DEBUG [Forwarding deleteAllCookies on session 190588b6297880575febed573f5bb54d to remote] http.headers 125 - http-outgoing-335 << Connection:close
02-06-2018 18:10:17 LoggingManagedHttpClientConnection.java DEBUG [Forwarding deleteAllCookies on session 190588b6297880575febed573f5bb54d to remote] conn.DefaultManagedHttpClientConnection 79 - http-outgoing-335: Close connection
02-06-2018 18:10:17 ConnectionHolder.java DEBUG [Forwarding deleteAllCookies on session 190588b6297880575febed573f5bb54d to remote] execchain.MainClientExec 104 - Connection discarded
02-06-2018 18:10:17 PoolingHttpClientConnectionManager.java DEBUG [Forwarding deleteAllCookies on session 190588b6297880575febed573f5bb54d to remote] conn.PoolingHttpClientConnectionManager 326 - Connection released: [id: 335][route: {}->http://localhost:3727][total kept alive: 0; route allocated: 0 of 2000; total allocated: 0 of 2000]
02-06-2018 18:10:17 RequestAddCookies.java DEBUG [Forwarding setTimeout on session 190588b6297880575febed573f5bb54d to remote] protocol.RequestAddCookies 123 - CookieSpec selected: default
02-06-2018 18:10:17 RequestAuthCache.java DEBUG [Forwarding setTimeout on session 190588b6297880575febed573f5bb54d to remote] protocol.RequestAuthCache 77 - Auth cache not set in the context
02-06-2018 18:10:17 PoolingHttpClientConnectionManager.java DEBUG [Forwarding setTimeout on session 190588b6297880575febed573f5bb54d to remote] conn.PoolingHttpClientConnectionManager 255 - Connection request: [route: {}->http://localhost:3727][total kept alive: 0; route allocated: 0 of 2000; total allocated: 0 of 2000]
02-06-2018 18:10:17 PoolingHttpClientConnectionManager.java DEBUG [Forwarding setTimeout on session 190588b6297880575febed573f5bb54d to remote] conn.PoolingHttpClientConnectionManager 288 - Connection leased: [id: 336][route: {}->http://localhost:3727][total kept alive: 0; route allocated: 1 of 2000; total allocated: 1 of 2000]
02-06-2018 18:10:17 MainClientExec.java DEBUG [Forwarding setTimeout on session 190588b6297880575febed573f5bb54d to remote] execchain.MainClientExec 235 - Opening connection {}->http://localhost:3727
02-06-2018 18:10:17 DefaultHttpClientConnectionOperator.java DEBUG [Forwarding setTimeout on session 190588b6297880575febed573f5bb54d to remote] conn.DefaultHttpClientConnectionOperator 139 - Connecting to localhost/127.0.0.1:3727
02-06-2018 18:10:17 DefaultHttpClientConnectionOperator.java DEBUG [Forwarding setTimeout on session 190588b6297880575febed573f5bb54d to remote] conn.DefaultHttpClientConnectionOperator 146 - Connection established 127.0.0.1:51046<->127.0.0.1:3727
02-06-2018 18:10:17 LoggingManagedHttpClientConnection.java DEBUG [Forwarding setTimeout on session 190588b6297880575febed573f5bb54d to remote] conn.DefaultManagedHttpClientConnection 88 - http-outgoing-336: set socket timeout to 10800000
02-06-2018 18:10:17 MainClientExec.java DEBUG [Forwarding setTimeout on session 190588b6297880575febed573f5bb54d to remote] execchain.MainClientExec 256 - Executing request POST /session/190588b6297880575febed573f5bb54d/timeouts HTTP/1.1
02-06-2018 18:10:17 MainClientExec.java DEBUG [Forwarding setTimeout on session 190588b6297880575febed573f5bb54d to remote] execchain.MainClientExec 261 - Target auth state: UNCHALLENGED
02-06-2018 18:10:17 MainClientExec.java DEBUG [Forwarding setTimeout on session 190588b6297880575febed573f5bb54d to remote] execchain.MainClientExec 267 - Proxy auth state: UNCHALLENGED
02-06-2018 18:10:17 LoggingManagedHttpClientConnection.java DEBUG [Forwarding setTimeout on session 190588b6297880575febed573f5bb54d to remote] http.headers 133 - http-outgoing-336 >> POST /session/190588b6297880575febed573f5bb54d/timeouts HTTP/1.1
02-06-2018 18:10:17 LoggingManagedHttpClientConnection.java DEBUG [Forwarding setTimeout on session 190588b6297880575febed573f5bb54d to remote] http.headers 136 - http-outgoing-336 >> Content-Type: application/json; charset=utf-8
02-06-2018 18:10:17 LoggingManagedHttpClientConnection.java DEBUG [Forwarding setTimeout on session 190588b6297880575febed573f5bb54d to remote] http.headers 136 - http-outgoing-336 >> Content-Length: 31
02-06-2018 18:10:17 LoggingManagedHttpClientConnection.java DEBUG [Forwarding setTimeout on session 190588b6297880575febed573f5bb54d to remote] http.headers 136 - http-outgoing-336 >> Host: localhost:3727
02-06-2018 18:10:17 LoggingManagedHttpClientConnection.java DEBUG [Forwarding setTimeout on session 190588b6297880575febed573f5bb54d to remote] http.headers 136 - http-outgoing-336 >> Connection: Keep-Alive
02-06-2018 18:10:17 LoggingManagedHttpClientConnection.java DEBUG [Forwarding setTimeout on session 190588b6297880575febed573f5bb54d to remote] http.headers 136 - http-outgoing-336 >> User-Agent: Apache-HttpClient/4.5.3 (Java/1.8.0_151)
02-06-2018 18:10:17 LoggingManagedHttpClientConnection.java DEBUG [Forwarding setTimeout on session 190588b6297880575febed573f5bb54d to remote] http.headers 136 - http-outgoing-336 >> Accept-Encoding: gzip,deflate
02-06-2018 18:10:17 Wire.java DEBUG [Forwarding setTimeout on session 190588b6297880575febed573f5bb54d to remote] http.wire 73 - http-outgoing-336 >> "POST /session/190588b6297880575febed573f5bb54d/timeouts HTTP/1.1[\r][\n]"
02-06-2018 18:10:17 Wire.java DEBUG [Forwarding setTimeout on session 190588b6297880575febed573f5bb54d to remote] http.wire 73 - http-outgoing-336 >> "Content-Type: application/json; charset=utf-8[\r][\n]"
02-06-2018 18:10:17 Wire.java DEBUG [Forwarding setTimeout on session 190588b6297880575febed573f5bb54d to remote] http.wire 73 - http-outgoing-336 >> "Content-Length: 31[\r][\n]"
02-06-2018 18:10:17 Wire.java DEBUG [Forwarding setTimeout on session 190588b6297880575febed573f5bb54d to remote] http.wire 73 - http-outgoing-336 >> "Host: localhost:3727[\r][\n]"
02-06-2018 18:10:17 Wire.java DEBUG [Forwarding setTimeout on session 190588b6297880575febed573f5bb54d to remote] http.wire 73 - http-outgoing-336 >> "Connection: Keep-Alive[\r][\n]"
02-06-2018 18:10:17 Wire.java DEBUG [Forwarding setTimeout on session 190588b6297880575febed573f5bb54d to remote] http.wire 73 - http-outgoing-336 >> "User-Agent: Apache-HttpClient/4.5.3 (Java/1.8.0_151)[\r][\n]"
02-06-2018 18:10:17 Wire.java DEBUG [Forwarding setTimeout on session 190588b6297880575febed573f5bb54d to remote] http.wire 73 - http-outgoing-336 >> "Accept-Encoding: gzip,deflate[\r][\n]"
02-06-2018 18:10:17 Wire.java DEBUG [Forwarding setTimeout on session 190588b6297880575febed573f5bb54d to remote] http.wire 73 - http-outgoing-336 >> "[\r][\n]"
02-06-2018 18:10:17 Wire.java DEBUG [Forwarding setTimeout on session 190588b6297880575febed573f5bb54d to remote] http.wire 87 - http-outgoing-336 >> "{"type":"page load","ms":20000}"
02-06-2018 18:10:17 Wire.java DEBUG [Forwarding setTimeout on session 190588b6297880575febed573f5bb54d to remote] http.wire 73 - http-outgoing-336 << "HTTP/1.1 200 OK[\r][\n]"
02-06-2018 18:10:17 Wire.java DEBUG [Forwarding setTimeout on session 190588b6297880575febed573f5bb54d to remote] http.wire 73 - http-outgoing-336 << "Content-Length:72[\r][\n]"
02-06-2018 18:10:17 Wire.java DEBUG [Forwarding setTimeout on session 190588b6297880575febed573f5bb54d to remote] http.wire 73 - http-outgoing-336 << "Content-Type:application/json; charset=utf-8[\r][\n]"
02-06-2018 18:10:17 Wire.java DEBUG [Forwarding setTimeout on session 190588b6297880575febed573f5bb54d to remote] http.wire 73 - http-outgoing-336 << "Connection:close[\r][\n]"
02-06-2018 18:10:17 Wire.java DEBUG [Forwarding setTimeout on session 190588b6297880575febed573f5bb54d to remote] http.wire 73 - http-outgoing-336 << "[\r][\n]"
02-06-2018 18:10:17 Wire.java DEBUG [Forwarding setTimeout on session 190588b6297880575febed573f5bb54d to remote] http.wire 87 - http-outgoing-336 << "{"sessionId":"190588b6297880575febed573f5bb54d","status":0,"value":null}"
02-06-2018 18:10:17 LoggingManagedHttpClientConnection.java DEBUG [Forwarding setTimeout on session 190588b6297880575febed573f5bb54d to remote] http.headers 122 - http-outgoing-336 << HTTP/1.1 200 OK
02-06-2018 18:10:17 LoggingManagedHttpClientConnection.java DEBUG [Forwarding setTimeout on session 190588b6297880575febed573f5bb54d to remote] http.headers 125 - http-outgoing-336 << Content-Length:72
02-06-2018 18:10:17 LoggingManagedHttpClientConnection.java DEBUG [Forwarding setTimeout on session 190588b6297880575febed573f5bb54d to remote] http.headers 125 - http-outgoing-336 << Content-Type:application/json; charset=utf-8
02-06-2018 18:10:17 LoggingManagedHttpClientConnection.java DEBUG [Forwarding setTimeout on session 190588b6297880575febed573f5bb54d to remote] http.headers 125 - http-outgoing-336 << Connection:close
02-06-2018 18:10:17 LoggingManagedHttpClientConnection.java DEBUG [Forwarding setTimeout on session 190588b6297880575febed573f5bb54d to remote] conn.DefaultManagedHttpClientConnection 79 - http-outgoing-336: Close connection
02-06-2018 18:10:17 ConnectionHolder.java DEBUG [Forwarding setTimeout on session 190588b6297880575febed573f5bb54d to remote] execchain.MainClientExec 104 - Connection discarded
02-06-2018 18:10:17 PoolingHttpClientConnectionManager.java DEBUG [Forwarding setTimeout on session 190588b6297880575febed573f5bb54d to remote] conn.PoolingHttpClientConnectionManager 326 - Connection released: [id: 336][route: {}->http://localhost:3727][total kept alive: 0; route allocated: 0 of 2000; total allocated: 0 of 2000]
02-06-2018 18:10:17 RequestAddCookies.java DEBUG [Forwarding setTimeout on session 190588b6297880575febed573f5bb54d to remote] protocol.RequestAddCookies 123 - CookieSpec selected: default
02-06-2018 18:10:17 RequestAuthCache.java DEBUG [Forwarding setTimeout on session 190588b6297880575febed573f5bb54d to remote] protocol.RequestAuthCache 77 - Auth cache not set in the context
02-06-2018 18:10:17 PoolingHttpClientConnectionManager.java DEBUG [Forwarding setTimeout on session 190588b6297880575febed573f5bb54d to remote] conn.PoolingHttpClientConnectionManager 255 - Connection request: [route: {}->http://localhost:3727][total kept alive: 0; route allocated: 0 of 2000; total allocated: 0 of 2000]
02-06-2018 18:10:17 PoolingHttpClientConnectionManager.java DEBUG [Forwarding setTimeout on session 190588b6297880575febed573f5bb54d to remote] conn.PoolingHttpClientConnectionManager 288 - Connection leased: [id: 337][route: {}->http://localhost:3727][total kept alive: 0; route allocated: 1 of 2000; total allocated: 1 of 2000]
02-06-2018 18:10:17 MainClientExec.java DEBUG [Forwarding setTimeout on session 190588b6297880575febed573f5bb54d to remote] execchain.MainClientExec 235 - Opening connection {}->http://localhost:3727
02-06-2018 18:10:17 DefaultHttpClientConnectionOperator.java DEBUG [Forwarding setTimeout on session 190588b6297880575febed573f5bb54d to remote] conn.DefaultHttpClientConnectionOperator 139 - Connecting to localhost/127.0.0.1:3727
02-06-2018 18:10:17 DefaultHttpClientConnectionOperator.java DEBUG [Forwarding setTimeout on session 190588b6297880575febed573f5bb54d to remote] conn.DefaultHttpClientConnectionOperator 146 - Connection established 127.0.0.1:51047<->127.0.0.1:3727
02-06-2018 18:10:17 LoggingManagedHttpClientConnection.java DEBUG [Forwarding setTimeout on session 190588b6297880575febed573f5bb54d to remote] conn.DefaultManagedHttpClientConnection 88 - http-outgoing-337: set socket timeout to 10800000
02-06-2018 18:10:17 MainClientExec.java DEBUG [Forwarding setTimeout on session 190588b6297880575febed573f5bb54d to remote] execchain.MainClientExec 256 - Executing request POST /session/190588b6297880575febed573f5bb54d/timeouts HTTP/1.1
02-06-2018 18:10:17 MainClientExec.java DEBUG [Forwarding setTimeout on session 190588b6297880575febed573f5bb54d to remote] execchain.MainClientExec 261 - Target auth state: UNCHALLENGED
02-06-2018 18:10:17 MainClientExec.java DEBUG [Forwarding setTimeout on session 190588b6297880575febed573f5bb54d to remote] execchain.MainClientExec 267 - Proxy auth state: UNCHALLENGED
02-06-2018 18:10:17 LoggingManagedHttpClientConnection.java DEBUG [Forwarding setTimeout on session 190588b6297880575febed573f5bb54d to remote] http.headers 133 - http-outgoing-337 >> POST /session/190588b6297880575febed573f5bb54d/timeouts HTTP/1.1
02-06-2018 18:10:17 LoggingManagedHttpClientConnection.java DEBUG [Forwarding setTimeout on session 190588b6297880575febed573f5bb54d to remote] http.headers 136 - http-outgoing-337 >> Content-Type: application/json; charset=utf-8
02-06-2018 18:10:17 LoggingManagedHttpClientConnection.java DEBUG [Forwarding setTimeout on session 190588b6297880575febed573f5bb54d to remote] http.headers 136 - http-outgoing-337 >> Content-Length: 30
02-06-2018 18:10:17 LoggingManagedHttpClientConnection.java DEBUG [Forwarding setTimeout on session 190588b6297880575febed573f5bb54d to remote] http.headers 136 - http-outgoing-337 >> Host: localhost:3727
02-06-2018 18:10:17 LoggingManagedHttpClientConnection.java DEBUG [Forwarding setTimeout on session 190588b6297880575febed573f5bb54d to remote] http.headers 136 - http-outgoing-337 >> Connection: Keep-Alive
02-06-2018 18:10:17 LoggingManagedHttpClientConnection.java DEBUG [Forwarding setTimeout on session 190588b6297880575febed573f5bb54d to remote] http.headers 136 - http-outgoing-337 >> User-Agent: Apache-HttpClient/4.5.3 (Java/1.8.0_151)
02-06-2018 18:10:17 LoggingManagedHttpClientConnection.java DEBUG [Forwarding setTimeout on session 190588b6297880575febed573f5bb54d to remote] http.headers 136 - http-outgoing-337 >> Accept-Encoding: gzip,deflate
02-06-2018 18:10:17 Wire.java DEBUG [Forwarding setTimeout on session 190588b6297880575febed573f5bb54d to remote] http.wire 73 - http-outgoing-337 >> "POST /session/190588b6297880575febed573f5bb54d/timeouts HTTP/1.1[\r][\n]"
02-06-2018 18:10:17 Wire.java DEBUG [Forwarding setTimeout on session 190588b6297880575febed573f5bb54d to remote] http.wire 73 - http-outgoing-337 >> "Content-Type: application/json; charset=utf-8[\r][\n]"
02-06-2018 18:10:17 Wire.java DEBUG [Forwarding setTimeout on session 190588b6297880575febed573f5bb54d to remote] http.wire 73 - http-outgoing-337 >> "Content-Length: 30[\r][\n]"
02-06-2018 18:10:17 Wire.java DEBUG [Forwarding setTimeout on session 190588b6297880575febed573f5bb54d to remote] http.wire 73 - http-outgoing-337 >> "Host: localhost:3727[\r][\n]"
02-06-2018 18:10:17 Wire.java DEBUG [Forwarding setTimeout on session 190588b6297880575febed573f5bb54d to remote] http.wire 73 - http-outgoing-337 >> "Connection: Keep-Alive[\r][\n]"
02-06-2018 18:10:17 Wire.java DEBUG [Forwarding setTimeout on session 190588b6297880575febed573f5bb54d to remote] http.wire 73 - http-outgoing-337 >> "User-Agent: Apache-HttpClient/4.5.3 (Java/1.8.0_151)[\r][\n]"
02-06-2018 18:10:17 Wire.java DEBUG [Forwarding setTimeout on session 190588b6297880575febed573f5bb54d to remote] http.wire 73 - http-outgoing-337 >> "Accept-Encoding: gzip,deflate[\r][\n]"
02-06-2018 18:10:17 Wire.java DEBUG [Forwarding setTimeout on session 190588b6297880575febed573f5bb54d to remote] http.wire 73 - http-outgoing-337 >> "[\r][\n]"
02-06-2018 18:10:17 Wire.java DEBUG [Forwarding setTimeout on session 190588b6297880575febed573f5bb54d to remote] http.wire 87 - http-outgoing-337 >> "{"type":"implicit","ms":20000}"
02-06-2018 18:10:17 Wire.java DEBUG [Forwarding setTimeout on session 190588b6297880575febed573f5bb54d to remote] http.wire 73 - http-outgoing-337 << "HTTP/1.1 200 OK[\r][\n]"
02-06-2018 18:10:17 Wire.java DEBUG [Forwarding setTimeout on session 190588b6297880575febed573f5bb54d to remote] http.wire 73 - http-outgoing-337 << "Content-Length:72[\r][\n]"
02-06-2018 18:10:17 Wire.java DEBUG [Forwarding setTimeout on session 190588b6297880575febed573f5bb54d to remote] http.wire 73 - http-outgoing-337 << "Content-Type:application/json; charset=utf-8[\r][\n]"
02-06-2018 18:10:17 Wire.java DEBUG [Forwarding setTimeout on session 190588b6297880575febed573f5bb54d to remote] http.wire 73 - http-outgoing-337 << "Connection:close[\r][\n]"
02-06-2018 18:10:17 Wire.java DEBUG [Forwarding setTimeout on session 190588b6297880575febed573f5bb54d to remote] http.wire 73 - http-outgoing-337 << "[\r][\n]"
02-06-2018 18:10:17 Wire.java DEBUG [Forwarding setTimeout on session 190588b6297880575febed573f5bb54d to remote] http.wire 87 - http-outgoing-337 << "{"sessionId":"190588b6297880575febed573f5bb54d","status":0,"value":null}"
02-06-2018 18:10:17 LoggingManagedHttpClientConnection.java DEBUG [Forwarding setTimeout on session 190588b6297880575febed573f5bb54d to remote] http.headers 122 - http-outgoing-337 << HTTP/1.1 200 OK
02-06-2018 18:10:17 LoggingManagedHttpClientConnection.java DEBUG [Forwarding setTimeout on session 190588b6297880575febed573f5bb54d to remote] http.headers 125 - http-outgoing-337 << Content-Length:72
02-06-2018 18:10:17 LoggingManagedHttpClientConnection.java DEBUG [Forwarding setTimeout on session 190588b6297880575febed573f5bb54d to remote] http.headers 125 - http-outgoing-337 << Content-Type:application/json; charset=utf-8
02-06-2018 18:10:17 LoggingManagedHttpClientConnection.java DEBUG [Forwarding setTimeout on session 190588b6297880575febed573f5bb54d to remote] http.headers 125 - http-outgoing-337 << Connection:close
02-06-2018 18:10:17 LoggingManagedHttpClientConnection.java DEBUG [Forwarding setTimeout on session 190588b6297880575febed573f5bb54d to remote] conn.DefaultManagedHttpClientConnection 79 - http-outgoing-337: Close connection
02-06-2018 18:10:17 ConnectionHolder.java DEBUG [Forwarding setTimeout on session 190588b6297880575febed573f5bb54d to remote] execchain.MainClientExec 104 - Connection discarded
02-06-2018 18:10:17 PoolingHttpClientConnectionManager.java DEBUG [Forwarding setTimeout on session 190588b6297880575febed573f5bb54d to remote] conn.PoolingHttpClientConnectionManager 326 - Connection released: [id: 337][route: {}->http://localhost:3727][total kept alive: 0; route allocated: 0 of 2000; total allocated: 0 of 2000]
02-06-2018 18:10:17 RequestAddCookies.java DEBUG [Forwarding get on session 190588b6297880575febed573f5bb54d to remote] protocol.RequestAddCookies 123 - CookieSpec selected: default
02-06-2018 18:10:17 RequestAuthCache.java DEBUG [Forwarding get on session 190588b6297880575febed573f5bb54d to remote] protocol.RequestAuthCache 77 - Auth cache not set in the context
02-06-2018 18:10:17 PoolingHttpClientConnectionManager.java DEBUG [Forwarding get on session 190588b6297880575febed573f5bb54d to remote] conn.PoolingHttpClientConnectionManager 255 - Connection request: [route: {}->http://localhost:3727][total kept alive: 0; route allocated: 0 of 2000; total allocated: 0 of 2000]
02-06-2018 18:10:17 PoolingHttpClientConnectionManager.java DEBUG [Forwarding get on session 190588b6297880575febed573f5bb54d to remote] conn.PoolingHttpClientConnectionManager 288 - Connection leased: [id: 338][route: {}->http://localhost:3727][total kept alive: 0; route allocated: 1 of 2000; total allocated: 1 of 2000]
02-06-2018 18:10:17 MainClientExec.java DEBUG [Forwarding get on session 190588b6297880575febed573f5bb54d to remote] execchain.MainClientExec 235 - Opening connection {}->http://localhost:3727
02-06-2018 18:10:17 DefaultHttpClientConnectionOperator.java DEBUG [Forwarding get on session 190588b6297880575febed573f5bb54d to remote] conn.DefaultHttpClientConnectionOperator 139 - Connecting to localhost/127.0.0.1:3727
02-06-2018 18:10:17 DefaultHttpClientConnectionOperator.java DEBUG [Forwarding get on session 190588b6297880575febed573f5bb54d to remote] conn.DefaultHttpClientConnectionOperator 146 - Connection established 127.0.0.1:51048<->127.0.0.1:3727
02-06-2018 18:10:17 LoggingManagedHttpClientConnection.java DEBUG [Forwarding get on session 190588b6297880575febed573f5bb54d to remote] conn.DefaultManagedHttpClientConnection 88 - http-outgoing-338: set socket timeout to 10800000
02-06-2018 18:10:17 MainClientExec.java DEBUG [Forwarding get on session 190588b6297880575febed573f5bb54d to remote] execchain.MainClientExec 256 - Executing request POST /session/190588b6297880575febed573f5bb54d/url HTTP/1.1
02-06-2018 18:10:17 MainClientExec.java DEBUG [Forwarding get on session 190588b6297880575febed573f5bb54d to remote] execchain.MainClientExec 261 - Target auth state: UNCHALLENGED
02-06-2018 18:10:17 MainClientExec.java DEBUG [Forwarding get on session 190588b6297880575febed573f5bb54d to remote] execchain.MainClientExec 267 - Proxy auth state: UNCHALLENGED
02-06-2018 18:10:17 LoggingManagedHttpClientConnection.java DEBUG [Forwarding get on session 190588b6297880575febed573f5bb54d to remote] http.headers 133 - http-outgoing-338 >> POST /session/190588b6297880575febed573f5bb54d/url HTTP/1.1
02-06-2018 18:10:17 LoggingManagedHttpClientConnection.java DEBUG [Forwarding get on session 190588b6297880575febed573f5bb54d to remote] http.headers 136 - http-outgoing-338 >> Content-Type: application/json; charset=utf-8
02-06-2018 18:10:17 LoggingManagedHttpClientConnection.java DEBUG [Forwarding get on session 190588b6297880575febed573f5bb54d to remote] http.headers 136 - http-outgoing-338 >> Content-Length: 36
02-06-2018 18:10:17 LoggingManagedHttpClientConnection.java DEBUG [Forwarding get on session 190588b6297880575febed573f5bb54d to remote] http.headers 136 - http-outgoing-338 >> Host: localhost:3727
02-06-2018 18:10:17 LoggingManagedHttpClientConnection.java DEBUG [Forwarding get on session 190588b6297880575febed573f5bb54d to remote] http.headers 136 - http-outgoing-338 >> Connection: Keep-Alive
02-06-2018 18:10:17 LoggingManagedHttpClientConnection.java DEBUG [Forwarding get on session 190588b6297880575febed573f5bb54d to remote] http.headers 136 - http-outgoing-338 >> User-Agent: Apache-HttpClient/4.5.3 (Java/1.8.0_151)
02-06-2018 18:10:17 LoggingManagedHttpClientConnection.java DEBUG [Forwarding get on session 190588b6297880575febed573f5bb54d to remote] http.headers 136 - http-outgoing-338 >> Accept-Encoding: gzip,deflate
02-06-2018 18:10:17 Wire.java DEBUG [Forwarding get on session 190588b6297880575febed573f5bb54d to remote] http.wire 73 - http-outgoing-338 >> "POST /session/190588b6297880575febed573f5bb54d/url HTTP/1.1[\r][\n]"
02-06-2018 18:10:17 Wire.java DEBUG [Forwarding get on session 190588b6297880575febed573f5bb54d to remote] http.wire 73 - http-outgoing-338 >> "Content-Type: application/json; charset=utf-8[\r][\n]"
02-06-2018 18:10:17 Wire.java DEBUG [Forwarding get on session 190588b6297880575febed573f5bb54d to remote] http.wire 73 - http-outgoing-338 >> "Content-Length: 36[\r][\n]"
02-06-2018 18:10:17 Wire.java DEBUG [Forwarding get on session 190588b6297880575febed573f5bb54d to remote] http.wire 73 - http-outgoing-338 >> "Host: localhost:3727[\r][\n]"
02-06-2018 18:10:17 Wire.java DEBUG [Forwarding get on session 190588b6297880575febed573f5bb54d to remote] http.wire 73 - http-outgoing-338 >> "Connection: Keep-Alive[\r][\n]"
02-06-2018 18:10:17 Wire.java DEBUG [Forwarding get on session 190588b6297880575febed573f5bb54d to remote] http.wire 73 - http-outgoing-338 >> "User-Agent: Apache-HttpClient/4.5.3 (Java/1.8.0_151)[\r][\n]"
02-06-2018 18:10:17 Wire.java DEBUG [Forwarding get on session 190588b6297880575febed573f5bb54d to remote] http.wire 73 - http-outgoing-338 >> "Accept-Encoding: gzip,deflate[\r][\n]"
02-06-2018 18:10:17 Wire.java DEBUG [Forwarding get on session 190588b6297880575febed573f5bb54d to remote] http.wire 73 - http-outgoing-338 >> "[\r][\n]"
02-06-2018 18:10:17 Wire.java DEBUG [Forwarding get on session 190588b6297880575febed573f5bb54d to remote] http.wire 87 - http-outgoing-338 >> "{"url":"http://jusdone.atomic77.in"}"
02-06-2018 18:10:20 Wire.java DEBUG [Forwarding get on session 190588b6297880575febed573f5bb54d to remote] http.wire 73 - http-outgoing-338 << "HTTP/1.1 200 OK[\r][\n]"
02-06-2018 18:10:20 Wire.java DEBUG [Forwarding get on session 190588b6297880575febed573f5bb54d to remote] http.wire 73 - http-outgoing-338 << "Content-Length:72[\r][\n]"
02-06-2018 18:10:20 Wire.java DEBUG [Forwarding get on session 190588b6297880575febed573f5bb54d to remote] http.wire 73 - http-outgoing-338 << "Content-Type:application/json; charset=utf-8[\r][\n]"
02-06-2018 18:10:20 Wire.java DEBUG [Forwarding get on session 190588b6297880575febed573f5bb54d to remote] http.wire 73 - http-outgoing-338 << "Connection:close[\r][\n]"
02-06-2018 18:10:20 Wire.java DEBUG [Forwarding get on session 190588b6297880575febed573f5bb54d to remote] http.wire 73 - http-outgoing-338 << "[\r][\n]"
02-06-2018 18:10:20 Wire.java DEBUG [Forwarding get on session 190588b6297880575febed573f5bb54d to remote] http.wire 87 - http-outgoing-338 << "{"sessionId":"190588b6297880575febed573f5bb54d","status":0,"value":null}"
02-06-2018 18:10:20 LoggingManagedHttpClientConnection.java DEBUG [Forwarding get on session 190588b6297880575febed573f5bb54d to remote] http.headers 122 - http-outgoing-338 << HTTP/1.1 200 OK
02-06-2018 18:10:20 LoggingManagedHttpClientConnection.java DEBUG [Forwarding get on session 190588b6297880575febed573f5bb54d to remote] http.headers 125 - http-outgoing-338 << Content-Length:72
02-06-2018 18:10:20 LoggingManagedHttpClientConnection.java DEBUG [Forwarding get on session 190588b6297880575febed573f5bb54d to remote] http.headers 125 - http-outgoing-338 << Content-Type:application/json; charset=utf-8
02-06-2018 18:10:20 LoggingManagedHttpClientConnection.java DEBUG [Forwarding get on session 190588b6297880575febed573f5bb54d to remote] http.headers 125 - http-outgoing-338 << Connection:close
02-06-2018 18:10:20 LoggingManagedHttpClientConnection.java DEBUG [Forwarding get on session 190588b6297880575febed573f5bb54d to remote] conn.DefaultManagedHttpClientConnection 79 - http-outgoing-338: Close connection
02-06-2018 18:10:20 ConnectionHolder.java DEBUG [Forwarding get on session 190588b6297880575febed573f5bb54d to remote] execchain.MainClientExec 104 - Connection discarded
02-06-2018 18:10:20 PoolingHttpClientConnectionManager.java DEBUG [Forwarding get on session 190588b6297880575febed573f5bb54d to remote] conn.PoolingHttpClientConnectionManager 326 - Connection released: [id: 338][route: {}->http://localhost:3727][total kept alive: 0; route allocated: 0 of 2000; total allocated: 0 of 2000]
02-06-2018 18:10:20 RequestAddCookies.java DEBUG [Forwarding findElement on session 190588b6297880575febed573f5bb54d to remote] protocol.RequestAddCookies 123 - CookieSpec selected: default
02-06-2018 18:10:20 RequestAuthCache.java DEBUG [Forwarding findElement on session 190588b6297880575febed573f5bb54d to remote] protocol.RequestAuthCache 77 - Auth cache not set in the context
02-06-2018 18:10:20 PoolingHttpClientConnectionManager.java DEBUG [Forwarding findElement on session 190588b6297880575febed573f5bb54d to remote] conn.PoolingHttpClientConnectionManager 255 - Connection request: [route: {}->http://localhost:3727][total kept alive: 0; route allocated: 0 of 2000; total allocated: 0 of 2000]
02-06-2018 18:10:20 PoolingHttpClientConnectionManager.java DEBUG [Forwarding findElement on session 190588b6297880575febed573f5bb54d to remote] conn.PoolingHttpClientConnectionManager 288 - Connection leased: [id: 339][route: {}->http://localhost:3727][total kept alive: 0; route allocated: 1 of 2000; total allocated: 1 of 2000]
02-06-2018 18:10:20 MainClientExec.java DEBUG [Forwarding findElement on session 190588b6297880575febed573f5bb54d to remote] execchain.MainClientExec 235 - Opening connection {}->http://localhost:3727
02-06-2018 18:10:20 DefaultHttpClientConnectionOperator.java DEBUG [Forwarding findElement on session 190588b6297880575febed573f5bb54d to remote] conn.DefaultHttpClientConnectionOperator 139 - Connecting to localhost/127.0.0.1:3727
02-06-2018 18:10:20 DefaultHttpClientConnectionOperator.java DEBUG [Forwarding findElement on session 190588b6297880575febed573f5bb54d to remote] conn.DefaultHttpClientConnectionOperator 146 - Connection established 127.0.0.1:51054<->127.0.0.1:3727
02-06-2018 18:10:20 LoggingManagedHttpClientConnection.java DEBUG [Forwarding findElement on session 190588b6297880575febed573f5bb54d to remote] conn.DefaultManagedHttpClientConnection 88 - http-outgoing-339: set socket timeout to 10800000
02-06-2018 18:10:20 MainClientExec.java DEBUG [Forwarding findElement on session 190588b6297880575febed573f5bb54d to remote] execchain.MainClientExec 256 - Executing request POST /session/190588b6297880575febed573f5bb54d/element HTTP/1.1
02-06-2018 18:10:20 MainClientExec.java DEBUG [Forwarding findElement on session 190588b6297880575febed573f5bb54d to remote] execchain.MainClientExec 261 - Target auth state: UNCHALLENGED
02-06-2018 18:10:20 MainClientExec.java DEBUG [Forwarding findElement on session 190588b6297880575febed573f5bb54d to remote] execchain.MainClientExec 267 - Proxy auth state: UNCHALLENGED
02-06-2018 18:10:20 LoggingManagedHttpClientConnection.java DEBUG [Forwarding findElement on session 190588b6297880575febed573f5bb54d to remote] http.headers 133 - http-outgoing-339 >> POST /session/190588b6297880575febed573f5bb54d/element HTTP/1.1
02-06-2018 18:10:20 LoggingManagedHttpClientConnection.java DEBUG [Forwarding findElement on session 190588b6297880575febed573f5bb54d to remote] http.headers 136 - http-outgoing-339 >> Content-Type: application/json; charset=utf-8
02-06-2018 18:10:20 LoggingManagedHttpClientConnection.java DEBUG [Forwarding findElement on session 190588b6297880575febed573f5bb54d to remote] http.headers 136 - http-outgoing-339 >> Content-Length: 64
02-06-2018 18:10:20 LoggingManagedHttpClientConnection.java DEBUG [Forwarding findElement on session 190588b6297880575febed573f5bb54d to remote] http.headers 136 - http-outgoing-339 >> Host: localhost:3727
02-06-2018 18:10:20 LoggingManagedHttpClientConnection.java DEBUG [Forwarding findElement on session 190588b6297880575febed573f5bb54d to remote] http.headers 136 - http-outgoing-339 >> Connection: Keep-Alive
02-06-2018 18:10:20 LoggingManagedHttpClientConnection.java DEBUG [Forwarding findElement on session 190588b6297880575febed573f5bb54d to remote] http.headers 136 - http-outgoing-339 >> User-Agent: Apache-HttpClient/4.5.3 (Java/1.8.0_151)
02-06-2018 18:10:20 LoggingManagedHttpClientConnection.java DEBUG [Forwarding findElement on session 190588b6297880575febed573f5bb54d to remote] http.headers 136 - http-outgoing-339 >> Accept-Encoding: gzip,deflate
02-06-2018 18:10:20 Wire.java DEBUG [Forwarding findElement on session 190588b6297880575febed573f5bb54d to remote] http.wire 73 - http-outgoing-339 >> "POST /session/190588b6297880575febed573f5bb54d/element HTTP/1.1[\r][\n]"
02-06-2018 18:10:20 Wire.java DEBUG [Forwarding findElement on session 190588b6297880575febed573f5bb54d to remote] http.wire 73 - http-outgoing-339 >> "Content-Type: application/json; charset=utf-8[\r][\n]"
02-06-2018 18:10:20 Wire.java DEBUG [Forwarding findElement on session 190588b6297880575febed573f5bb54d to remote] http.wire 73 - http-outgoing-339 >> "Content-Length: 64[\r][\n]"
02-06-2018 18:10:20 Wire.java DEBUG [Forwarding findElement on session 190588b6297880575febed573f5bb54d to remote] http.wire 73 - http-outgoing-339 >> "Host: localhost:3727[\r][\n]"
02-06-2018 18:10:20 Wire.java DEBUG [Forwarding findElement on session 190588b6297880575febed573f5bb54d to remote] http.wire 73 - http-outgoing-339 >> "Connection: Keep-Alive[\r][\n]"
02-06-2018 18:10:20 Wire.java DEBUG [Forwarding findElement on session 190588b6297880575febed573f5bb54d to remote] http.wire 73 - http-outgoing-339 >> "User-Agent: Apache-HttpClient/4.5.3 (Java/1.8.0_151)[\r][\n]"
02-06-2018 18:10:20 Wire.java DEBUG [Forwarding findElement on session 190588b6297880575febed573f5bb54d to remote] http.wire 73 - http-outgoing-339 >> "Accept-Encoding: gzip,deflate[\r][\n]"
02-06-2018 18:10:20 Wire.java DEBUG [Forwarding findElement on session 190588b6297880575febed573f5bb54d to remote] http.wire 73 - http-outgoing-339 >> "[\r][\n]"
02-06-2018 18:10:20 Wire.java DEBUG [Forwarding findElement on session 190588b6297880575febed573f5bb54d to remote] http.wire 87 - http-outgoing-339 >> "{"using":"xpath","value":"/html/body/div[1]/div/ul/li[1]/label"}"
02-06-2018 18:10:20 Wire.java DEBUG [Forwarding findElement on session 190588b6297880575febed573f5bb54d to remote] http.wire 73 - http-outgoing-339 << "HTTP/1.1 200 OK[\r][\n]"
02-06-2018 18:10:20 Wire.java DEBUG [Forwarding findElement on session 190588b6297880575febed573f5bb54d to remote] http.wire 73 - http-outgoing-339 << "Content-Length:102[\r][\n]"
02-06-2018 18:10:20 Wire.java DEBUG [Forwarding findElement on session 190588b6297880575febed573f5bb54d to remote] http.wire 73 - http-outgoing-339 << "Content-Type:application/json; charset=utf-8[\r][\n]"
02-06-2018 18:10:20 Wire.java DEBUG [Forwarding findElement on session 190588b6297880575febed573f5bb54d to remote] http.wire 73 - http-outgoing-339 << "Connection:close[\r][\n]"
02-06-2018 18:10:20 Wire.java DEBUG [Forwarding findElement on session 190588b6297880575febed573f5bb54d to remote] http.wire 73 - http-outgoing-339 << "[\r][\n]"
02-06-2018 18:10:20 Wire.java DEBUG [Forwarding findElement on session 190588b6297880575febed573f5bb54d to remote] http.wire 87 - http-outgoing-339 << "{"sessionId":"190588b6297880575febed573f5bb54d","status":0,"value":{"ELEMENT":"0.4758019786411638-1"}}"
02-06-2018 18:10:20 LoggingManagedHttpClientConnection.java DEBUG [Forwarding findElement on session 190588b6297880575febed573f5bb54d to remote] http.headers 122 - http-outgoing-339 << HTTP/1.1 200 OK
02-06-2018 18:10:20 LoggingManagedHttpClientConnection.java DEBUG [Forwarding findElement on session 190588b6297880575febed573f5bb54d to remote] http.headers 125 - http-outgoing-339 << Content-Length:102
02-06-2018 18:10:20 LoggingManagedHttpClientConnection.java DEBUG [Forwarding findElement on session 190588b6297880575febed573f5bb54d to remote] http.headers 125 - http-outgoing-339 << Content-Type:application/json; charset=utf-8
02-06-2018 18:10:20 LoggingManagedHttpClientConnection.java DEBUG [Forwarding findElement on session 190588b6297880575febed573f5bb54d to remote] http.headers 125 - http-outgoing-339 << Connection:close
02-06-2018 18:10:20 LoggingManagedHttpClientConnection.java DEBUG [Forwarding findElement on session 190588b6297880575febed573f5bb54d to remote] conn.DefaultManagedHttpClientConnection 79 - http-outgoing-339: Close connection
02-06-2018 18:10:20 ConnectionHolder.java DEBUG [Forwarding findElement on session 190588b6297880575febed573f5bb54d to remote] execchain.MainClientExec 104 - Connection discarded
02-06-2018 18:10:20 PoolingHttpClientConnectionManager.java DEBUG [Forwarding findElement on session 190588b6297880575febed573f5bb54d to remote] conn.PoolingHttpClientConnectionManager 326 - Connection released: [id: 339][route: {}->http://localhost:3727][total kept alive: 0; route allocated: 0 of 2000; total allocated: 0 of 2000]
02-06-2018 18:10:20 RequestAddCookies.java DEBUG [Forwarding executeScript on session 190588b6297880575febed573f5bb54d to remote] protocol.RequestAddCookies 123 - CookieSpec selected: default
02-06-2018 18:10:20 RequestAuthCache.java DEBUG [Forwarding executeScript on session 190588b6297880575febed573f5bb54d to remote] protocol.RequestAuthCache 77 - Auth cache not set in the context
02-06-2018 18:10:20 PoolingHttpClientConnectionManager.java DEBUG [Forwarding executeScript on session 190588b6297880575febed573f5bb54d to remote] conn.PoolingHttpClientConnectionManager 255 - Connection request: [route: {}->http://localhost:3727][total kept alive: 0; route allocated: 0 of 2000; total allocated: 0 of 2000]
02-06-2018 18:10:20 PoolingHttpClientConnectionManager.java DEBUG [Forwarding executeScript on session 190588b6297880575febed573f5bb54d to remote] conn.PoolingHttpClientConnectionManager 288 - Connection leased: [id: 340][route: {}->http://localhost:3727][total kept alive: 0; route allocated: 1 of 2000; total allocated: 1 of 2000]
02-06-2018 18:10:20 MainClientExec.java DEBUG [Forwarding executeScript on session 190588b6297880575febed573f5bb54d to remote] execchain.MainClientExec 235 - Opening connection {}->http://localhost:3727
02-06-2018 18:10:20 DefaultHttpClientConnectionOperator.java DEBUG [Forwarding executeScript on session 190588b6297880575febed573f5bb54d to remote] conn.DefaultHttpClientConnectionOperator 139 - Connecting to localhost/127.0.0.1:3727
02-06-2018 18:10:20 DefaultHttpClientConnectionOperator.java DEBUG [Forwarding executeScript on session 190588b6297880575febed573f5bb54d to remote] conn.DefaultHttpClientConnectionOperator 146 - Connection established 127.0.0.1:51055<->127.0.0.1:3727
02-06-2018 18:10:20 LoggingManagedHttpClientConnection.java DEBUG [Forwarding executeScript on session 190588b6297880575febed573f5bb54d to remote] conn.DefaultManagedHttpClientConnection 88 - http-outgoing-340: set socket timeout to 10800000
02-06-2018 18:10:20 MainClientExec.java DEBUG [Forwarding executeScript on session 190588b6297880575febed573f5bb54d to remote] execchain.MainClientExec 256 - Executing request POST /session/190588b6297880575febed573f5bb54d/execute HTTP/1.1
02-06-2018 18:10:20 MainClientExec.java DEBUG [Forwarding executeScript on session 190588b6297880575febed573f5bb54d to remote] execchain.MainClientExec 261 - Target auth state: UNCHALLENGED
02-06-2018 18:10:20 MainClientExec.java DEBUG [Forwarding executeScript on session 190588b6297880575febed573f5bb54d to remote] execchain.MainClientExec 267 - Proxy auth state: UNCHALLENGED
02-06-2018 18:10:20 LoggingManagedHttpClientConnection.java DEBUG [Forwarding executeScript on session 190588b6297880575febed573f5bb54d to remote] http.headers 133 - http-outgoing-340 >> POST /session/190588b6297880575febed573f5bb54d/execute HTTP/1.1
02-06-2018 18:10:20 LoggingManagedHttpClientConnection.java DEBUG [Forwarding executeScript on session 190588b6297880575febed573f5bb54d to remote] http.headers 136 - http-outgoing-340 >> Content-Type: application/json; charset=utf-8
02-06-2018 18:10:20 LoggingManagedHttpClientConnection.java DEBUG [Forwarding executeScript on session 190588b6297880575febed573f5bb54d to remote] http.headers 136 - http-outgoing-340 >> Content-Length: 139
02-06-2018 18:10:20 LoggingManagedHttpClientConnection.java DEBUG [Forwarding executeScript on session 190588b6297880575febed573f5bb54d to remote] http.headers 136 - http-outgoing-340 >> Host: localhost:3727
02-06-2018 18:10:20 LoggingManagedHttpClientConnection.java DEBUG [Forwarding executeScript on session 190588b6297880575febed573f5bb54d to remote] http.headers 136 - http-outgoing-340 >> Connection: Keep-Alive
02-06-2018 18:10:20 LoggingManagedHttpClientConnection.java DEBUG [Forwarding executeScript on session 190588b6297880575febed573f5bb54d to remote] http.headers 136 - http-outgoing-340 >> User-Agent: Apache-HttpClient/4.5.3 (Java/1.8.0_151)
02-06-2018 18:10:20 LoggingManagedHttpClientConnection.java DEBUG [Forwarding executeScript on session 190588b6297880575febed573f5bb54d to remote] http.headers 136 - http-outgoing-340 >> Accept-Encoding: gzip,deflate
02-06-2018 18:10:20 Wire.java DEBUG [Forwarding executeScript on session 190588b6297880575febed573f5bb54d to remote] http.wire 73 - http-outgoing-340 >> "POST /session/190588b6297880575febed573f5bb54d/execute HTTP/1.1[\r][\n]"
02-06-2018 18:10:20 Wire.java DEBUG [Forwarding executeScript on session 190588b6297880575febed573f5bb54d to remote] http.wire 73 - http-outgoing-340 >> "Content-Type: application/json; charset=utf-8[\r][\n]"
02-06-2018 18:10:20 Wire.java DEBUG [Forwarding executeScript on session 190588b6297880575febed573f5bb54d to remote] http.wire 73 - http-outgoing-340 >> "Content-Length: 139[\r][\n]"
02-06-2018 18:10:20 Wire.java DEBUG [Forwarding executeScript on session 190588b6297880575febed573f5bb54d to remote] http.wire 73 - http-outgoing-340 >> "Host: localhost:3727[\r][\n]"
02-06-2018 18:10:20 Wire.java DEBUG [Forwarding executeScript on session 190588b6297880575febed573f5bb54d to remote] http.wire 73 - http-outgoing-340 >> "Connection: Keep-Alive[\r][\n]"
02-06-2018 18:10:20 Wire.java DEBUG [Forwarding executeScript on session 190588b6297880575febed573f5bb54d to remote] http.wire 73 - http-outgoing-340 >> "User-Agent: Apache-HttpClient/4.5.3 (Java/1.8.0_151)[\r][\n]"
02-06-2018 18:10:20 Wire.java DEBUG [Forwarding executeScript on session 190588b6297880575febed573f5bb54d to remote] http.wire 73 - http-outgoing-340 >> "Accept-Encoding: gzip,deflate[\r][\n]"
02-06-2018 18:10:20 Wire.java DEBUG [Forwarding executeScript on session 190588b6297880575febed573f5bb54d to remote] http.wire 73 - http-outgoing-340 >> "[\r][\n]"
02-06-2018 18:10:20 Wire.java DEBUG [Forwarding executeScript on session 190588b6297880575febed573f5bb54d to remote] http.wire 87 - http-outgoing-340 >> "{"script":"arguments[0].click();","args":[{"ELEMENT":"0.4758019786411638-1","element-6066-11e4-a52e-4f735466cecf":"0.4758019786411638-1"}]}"
02-06-2018 18:10:22 Wire.java DEBUG [Forwarding executeScript on session 190588b6297880575febed573f5bb54d to remote] http.wire 73 - http-outgoing-340 << "HTTP/1.1 200 OK[\r][\n]"
02-06-2018 18:10:22 Wire.java DEBUG [Forwarding executeScript on session 190588b6297880575febed573f5bb54d to remote] http.wire 73 - http-outgoing-340 << "Content-Length:72[\r][\n]"
02-06-2018 18:10:22 Wire.java DEBUG [Forwarding executeScript on session 190588b6297880575febed573f5bb54d to remote] http.wire 73 - http-outgoing-340 << "Content-Type:application/json; charset=utf-8[\r][\n]"
02-06-2018 18:10:22 Wire.java DEBUG [Forwarding executeScript on session 190588b6297880575febed573f5bb54d to remote] http.wire 73 - http-outgoing-340 << "Connection:close[\r][\n]"
02-06-2018 18:10:22 Wire.java DEBUG [Forwarding executeScript on session 190588b6297880575febed573f5bb54d to remote] http.wire 73 - http-outgoing-340 << "[\r][\n]"
02-06-2018 18:10:22 Wire.java DEBUG [Forwarding executeScript on session 190588b6297880575febed573f5bb54d to remote] http.wire 87 - http-outgoing-340 << "{"sessionId":"190588b6297880575febed573f5bb54d","status":0,"value":null}"
02-06-2018 18:10:22 LoggingManagedHttpClientConnection.java DEBUG [Forwarding executeScript on session 190588b6297880575febed573f5bb54d to remote] http.headers 122 - http-outgoing-340 << HTTP/1.1 200 OK
02-06-2018 18:10:22 LoggingManagedHttpClientConnection.java DEBUG [Forwarding executeScript on session 190588b6297880575febed573f5bb54d to remote] http.headers 125 - http-outgoing-340 << Content-Length:72
02-06-2018 18:10:22 LoggingManagedHttpClientConnection.java DEBUG [Forwarding executeScript on session 190588b6297880575febed573f5bb54d to remote] http.headers 125 - http-outgoing-340 << Content-Type:application/json; charset=utf-8
02-06-2018 18:10:22 LoggingManagedHttpClientConnection.java DEBUG [Forwarding executeScript on session 190588b6297880575febed573f5bb54d to remote] http.headers 125 - http-outgoing-340 << Connection:close
02-06-2018 18:10:22 LoggingManagedHttpClientConnection.java DEBUG [Forwarding executeScript on session 190588b6297880575febed573f5bb54d to remote] conn.DefaultManagedHttpClientConnection 79 - http-outgoing-340: Close connection
02-06-2018 18:10:22 ConnectionHolder.java DEBUG [Forwarding executeScript on session 190588b6297880575febed573f5bb54d to remote] execchain.MainClientExec 104 - Connection discarded
02-06-2018 18:10:22 PoolingHttpClientConnectionManager.java DEBUG [Forwarding executeScript on session 190588b6297880575febed573f5bb54d to remote] conn.PoolingHttpClientConnectionManager 326 - Connection released: [id: 340][route: {}->http://localhost:3727][total kept alive: 0; route allocated: 0 of 2000; total allocated: 0 of 2000]
02-06-2018 18:10:22 RequestAddCookies.java DEBUG [Forwarding findElement on session 190588b6297880575febed573f5bb54d to remote] protocol.RequestAddCookies 123 - CookieSpec selected: default
02-06-2018 18:10:22 RequestAuthCache.java DEBUG [Forwarding findElement on session 190588b6297880575febed573f5bb54d to remote] protocol.RequestAuthCache 77 - Auth cache not set in the context
02-06-2018 18:10:22 PoolingHttpClientConnectionManager.java DEBUG [Forwarding findElement on session 190588b6297880575febed573f5bb54d to remote] conn.PoolingHttpClientConnectionManager 255 - Connection request: [route: {}->http://localhost:3727][total kept alive: 0; route allocated: 0 of 2000; total allocated: 0 of 2000]
02-06-2018 18:10:22 PoolingHttpClientConnectionManager.java DEBUG [Forwarding findElement on session 190588b6297880575febed573f5bb54d to remote] conn.PoolingHttpClientConnectionManager 288 - Connection leased: [id: 341][route: {}->http://localhost:3727][total kept alive: 0; route allocated: 1 of 2000; total allocated: 1 of 2000]
02-06-2018 18:10:22 MainClientExec.java DEBUG [Forwarding findElement on session 190588b6297880575febed573f5bb54d to remote] execchain.MainClientExec 235 - Opening connection {}->http://localhost:3727
02-06-2018 18:10:22 DefaultHttpClientConnectionOperator.java DEBUG [Forwarding findElement on session 190588b6297880575febed573f5bb54d to remote] conn.DefaultHttpClientConnectionOperator 139 - Connecting to localhost/127.0.0.1:3727
02-06-2018 18:10:22 DefaultHttpClientConnectionOperator.java DEBUG [Forwarding findElement on session 190588b6297880575febed573f5bb54d to remote] conn.DefaultHttpClientConnectionOperator 146 - Connection established 127.0.0.1:51060<->127.0.0.1:3727
02-06-2018 18:10:22 LoggingManagedHttpClientConnection.java DEBUG [Forwarding findElement on session 190588b6297880575febed573f5bb54d to remote] conn.DefaultManagedHttpClientConnection 88 - http-outgoing-341: set socket timeout to 10800000
02-06-2018 18:10:22 MainClientExec.java DEBUG [Forwarding findElement on session 190588b6297880575febed573f5bb54d to remote] execchain.MainClientExec 256 - Executing request POST /session/190588b6297880575febed573f5bb54d/element HTTP/1.1
02-06-2018 18:10:22 MainClientExec.java DEBUG [Forwarding findElement on session 190588b6297880575febed573f5bb54d to remote] execchain.MainClientExec 261 - Target auth state: UNCHALLENGED
02-06-2018 18:10:22 MainClientExec.java DEBUG [Forwarding findElement on session 190588b6297880575febed573f5bb54d to remote] execchain.MainClientExec 267 - Proxy auth state: UNCHALLENGED
02-06-2018 18:10:22 LoggingManagedHttpClientConnection.java DEBUG [Forwarding findElement on session 190588b6297880575febed573f5bb54d to remote] http.headers 133 - http-outgoing-341 >> POST /session/190588b6297880575febed573f5bb54d/element HTTP/1.1
02-06-2018 18:10:22 LoggingManagedHttpClientConnection.java DEBUG [Forwarding findElement on session 190588b6297880575febed573f5bb54d to remote] http.headers 136 - http-outgoing-341 >> Content-Type: application/json; charset=utf-8
02-06-2018 18:10:22 LoggingManagedHttpClientConnection.java DEBUG [Forwarding findElement on session 190588b6297880575febed573f5bb54d to remote] http.headers 136 - http-outgoing-341 >> Content-Length: 78
02-06-2018 18:10:22 LoggingManagedHttpClientConnection.java DEBUG [Forwarding findElement on session 190588b6297880575febed573f5bb54d to remote] http.headers 136 - http-outgoing-341 >> Host: localhost:3727
02-06-2018 18:10:22 LoggingManagedHttpClientConnection.java DEBUG [Forwarding findElement on session 190588b6297880575febed573f5bb54d to remote] http.headers 136 - http-outgoing-341 >> Connection: Keep-Alive
02-06-2018 18:10:22 LoggingManagedHttpClientConnection.java DEBUG [Forwarding findElement on session 190588b6297880575febed573f5bb54d to remote] http.headers 136 - http-outgoing-341 >> User-Agent: Apache-HttpClient/4.5.3 (Java/1.8.0_151)
02-06-2018 18:10:22 LoggingManagedHttpClientConnection.java DEBUG [Forwarding findElement on session 190588b6297880575febed573f5bb54d to remote] http.headers 136 - http-outgoing-341 >> Accept-Encoding: gzip,deflate
02-06-2018 18:10:22 Wire.java DEBUG [Forwarding findElement on session 190588b6297880575febed573f5bb54d to remote] http.wire 73 - http-outgoing-341 >> "POST /session/190588b6297880575febed573f5bb54d/element HTTP/1.1[\r][\n]"
02-06-2018 18:10:22 Wire.java DEBUG [Forwarding findElement on session 190588b6297880575febed573f5bb54d to remote] http.wire 73 - http-outgoing-341 >> "Content-Type: application/json; charset=utf-8[\r][\n]"
02-06-2018 18:10:22 Wire.java DEBUG [Forwarding findElement on session 190588b6297880575febed573f5bb54d to remote] http.wire 73 - http-outgoing-341 >> "Content-Length: 78[\r][\n]"
02-06-2018 18:10:22 Wire.java DEBUG [Forwarding findElement on session 190588b6297880575febed573f5bb54d to remote] http.wire 73 - http-outgoing-341 >> "Host: localhost:3727[\r][\n]"
02-06-2018 18:10:22 Wire.java DEBUG [Forwarding findElement on session 190588b6297880575febed573f5bb54d to remote] http.wire 73 - http-outgoing-341 >> "Connection: Keep-Alive[\r][\n]"
02-06-2018 18:10:22 Wire.java DEBUG [Forwarding findElement on session 190588b6297880575febed573f5bb54d to remote] http.wire 73 - http-outgoing-341 >> "User-Agent: Apache-HttpClient/4.5.3 (Java/1.8.0_151)[\r][\n]"
02-06-2018 18:10:22 Wire.java DEBUG [Forwarding findElement on session 190588b6297880575febed573f5bb54d to remote] http.wire 73 - http-outgoing-341 >> "Accept-Encoding: gzip,deflate[\r][\n]"
02-06-2018 18:10:22 Wire.java DEBUG [Forwarding findElement on session 190588b6297880575febed573f5bb54d to remote] http.wire 73 - http-outgoing-341 >> "[\r][\n]"
02-06-2018 18:10:22 Wire.java DEBUG [Forwarding findElement on session 190588b6297880575febed573f5bb54d to remote] http.wire 87 - http-outgoing-341 >> "{"using":"xpath","value":"html/body/div[1]/div/div/div/form/div[3]/div/label"}"
02-06-2018 18:10:22 Wire.java DEBUG [Forwarding findElement on session 190588b6297880575febed573f5bb54d to remote] http.wire 73 - http-outgoing-341 << "HTTP/1.1 200 OK[\r][\n]"
02-06-2018 18:10:22 Wire.java DEBUG [Forwarding findElement on session 190588b6297880575febed573f5bb54d to remote] http.wire 73 - http-outgoing-341 << "Content-Length:102[\r][\n]"
02-06-2018 18:10:22 Wire.java DEBUG [Forwarding findElement on session 190588b6297880575febed573f5bb54d to remote] http.wire 73 - http-outgoing-341 << "Content-Type:application/json; charset=utf-8[\r][\n]"
02-06-2018 18:10:22 Wire.java DEBUG [Forwarding findElement on session 190588b6297880575febed573f5bb54d to remote] http.wire 73 - http-outgoing-341 << "Connection:close[\r][\n]"
02-06-2018 18:10:22 Wire.java DEBUG [Forwarding findElement on session 190588b6297880575febed573f5bb54d to remote] http.wire 73 - http-outgoing-341 << "[\r][\n]"
02-06-2018 18:10:22 Wire.java DEBUG [Forwarding findElement on session 190588b6297880575febed573f5bb54d to remote] http.wire 87 - http-outgoing-341 << "{"sessionId":"190588b6297880575febed573f5bb54d","status":0,"value":{"ELEMENT":"0.9497538923864841-1"}}"
02-06-2018 18:10:22 LoggingManagedHttpClientConnection.java DEBUG [Forwarding findElement on session 190588b6297880575febed573f5bb54d to remote] http.headers 122 - http-outgoing-341 << HTTP/1.1 200 OK
02-06-2018 18:10:22 LoggingManagedHttpClientConnection.java DEBUG [Forwarding findElement on session 190588b6297880575febed573f5bb54d to remote] http.headers 125 - http-outgoing-341 << Content-Length:102
02-06-2018 18:10:22 LoggingManagedHttpClientConnection.java DEBUG [Forwarding findElement on session 190588b6297880575febed573f5bb54d to remote] http.headers 125 - http-outgoing-341 << Content-Type:application/json; charset=utf-8
02-06-2018 18:10:22 LoggingManagedHttpClientConnection.java DEBUG [Forwarding findElement on session 190588b6297880575febed573f5bb54d to remote] http.headers 125 - http-outgoing-341 << Connection:close
02-06-2018 18:10:22 LoggingManagedHttpClientConnection.java DEBUG [Forwarding findElement on session 190588b6297880575febed573f5bb54d to remote] conn.DefaultManagedHttpClientConnection 79 - http-outgoing-341: Close connection
02-06-2018 18:10:22 ConnectionHolder.java DEBUG [Forwarding findElement on session 190588b6297880575febed573f5bb54d to remote] execchain.MainClientExec 104 - Connection discarded
02-06-2018 18:10:22 PoolingHttpClientConnectionManager.java DEBUG [Forwarding findElement on session 190588b6297880575febed573f5bb54d to remote] conn.PoolingHttpClientConnectionManager 326 - Connection released: [id: 341][route: {}->http://localhost:3727][total kept alive: 0; route allocated: 0 of 2000; total allocated: 0 of 2000]
02-06-2018 18:10:22 RequestAddCookies.java DEBUG [Forwarding isElementSelected on session 190588b6297880575febed573f5bb54d to remote] protocol.RequestAddCookies 123 - CookieSpec selected: default
02-06-2018 18:10:22 RequestAuthCache.java DEBUG [Forwarding isElementSelected on session 190588b6297880575febed573f5bb54d to remote] protocol.RequestAuthCache 77 - Auth cache not set in the context
02-06-2018 18:10:22 PoolingHttpClientConnectionManager.java DEBUG [Forwarding isElementSelected on session 190588b6297880575febed573f5bb54d to remote] conn.PoolingHttpClientConnectionManager 255 - Connection request: [route: {}->http://localhost:3727][total kept alive: 0; route allocated: 0 of 2000; total allocated: 0 of 2000]
02-06-2018 18:10:22 PoolingHttpClientConnectionManager.java DEBUG [Forwarding isElementSelected on session 190588b6297880575febed573f5bb54d to remote] conn.PoolingHttpClientConnectionManager 288 - Connection leased: [id: 342][route: {}->http://localhost:3727][total kept alive: 0; route allocated: 1 of 2000; total allocated: 1 of 2000]
02-06-2018 18:10:22 MainClientExec.java DEBUG [Forwarding isElementSelected on session 190588b6297880575febed573f5bb54d to remote] execchain.MainClientExec 235 - Opening connection {}->http://localhost:3727
02-06-2018 18:10:22 DefaultHttpClientConnectionOperator.java DEBUG [Forwarding isElementSelected on session 190588b6297880575febed573f5bb54d to remote] conn.DefaultHttpClientConnectionOperator 139 - Connecting to localhost/127.0.0.1:3727
02-06-2018 18:10:22 DefaultHttpClientConnectionOperator.java DEBUG [Forwarding isElementSelected on session 190588b6297880575febed573f5bb54d to remote] conn.DefaultHttpClientConnectionOperator 146 - Connection established 127.0.0.1:51061<->127.0.0.1:3727
02-06-2018 18:10:22 LoggingManagedHttpClientConnection.java DEBUG [Forwarding isElementSelected on session 190588b6297880575febed573f5bb54d to remote] conn.DefaultManagedHttpClientConnection 88 - http-outgoing-342: set socket timeout to 10800000
02-06-2018 18:10:22 MainClientExec.java DEBUG [Forwarding isElementSelected on session 190588b6297880575febed573f5bb54d to remote] execchain.MainClientExec 256 - Executing request GET /session/190588b6297880575febed573f5bb54d/element/0.9497538923864841-1/selected HTTP/1.1
02-06-2018 18:10:22 MainClientExec.java DEBUG [Forwarding isElementSelected on session 190588b6297880575febed573f5bb54d to remote] execchain.MainClientExec 261 - Target auth state: UNCHALLENGED
02-06-2018 18:10:22 MainClientExec.java DEBUG [Forwarding isElementSelected on session 190588b6297880575febed573f5bb54d to remote] execchain.MainClientExec 267 - Proxy auth state: UNCHALLENGED
02-06-2018 18:10:22 LoggingManagedHttpClientConnection.java DEBUG [Forwarding isElementSelected on session 190588b6297880575febed573f5bb54d to remote] http.headers 133 - http-outgoing-342 >> GET /session/190588b6297880575febed573f5bb54d/element/0.9497538923864841-1/selected HTTP/1.1
02-06-2018 18:10:22 LoggingManagedHttpClientConnection.java DEBUG [Forwarding isElementSelected on session 190588b6297880575febed573f5bb54d to remote] http.headers 136 - http-outgoing-342 >> Cache-Control: no-cache
02-06-2018 18:10:22 LoggingManagedHttpClientConnection.java DEBUG [Forwarding isElementSelected on session 190588b6297880575febed573f5bb54d to remote] http.headers 136 - http-outgoing-342 >> Host: localhost:3727
02-06-2018 18:10:22 LoggingManagedHttpClientConnection.java DEBUG [Forwarding isElementSelected on session 190588b6297880575febed573f5bb54d to remote] http.headers 136 - http-outgoing-342 >> Connection: Keep-Alive
02-06-2018 18:10:22 LoggingManagedHttpClientConnection.java DEBUG [Forwarding isElementSelected on session 190588b6297880575febed573f5bb54d to remote] http.headers 136 - http-outgoing-342 >> User-Agent: Apache-HttpClient/4.5.3 (Java/1.8.0_151)
02-06-2018 18:10:22 LoggingManagedHttpClientConnection.java DEBUG [Forwarding isElementSelected on session 190588b6297880575febed573f5bb54d to remote] http.headers 136 - http-outgoing-342 >> Accept-Encoding: gzip,deflate
02-06-2018 18:10:22 Wire.java DEBUG [Forwarding isElementSelected on session 190588b6297880575febed573f5bb54d to remote] http.wire 73 - http-outgoing-342 >> "GET /session/190588b6297880575febed573f5bb54d/element/0.9497538923864841-1/selected HTTP/1.1[\r][\n]"
02-06-2018 18:10:22 Wire.java DEBUG [Forwarding isElementSelected on session 190588b6297880575febed573f5bb54d to remote] http.wire 73 - http-outgoing-342 >> "Cache-Control: no-cache[\r][\n]"
02-06-2018 18:10:22 Wire.java DEBUG [Forwarding isElementSelected on session 190588b6297880575febed573f5bb54d to remote] http.wire 73 - http-outgoing-342 >> "Host: localhost:3727[\r][\n]"
02-06-2018 18:10:22 Wire.java DEBUG [Forwarding isElementSelected on session 190588b6297880575febed573f5bb54d to remote] http.wire 73 - http-outgoing-342 >> "Connection: Keep-Alive[\r][\n]"
02-06-2018 18:10:22 Wire.java DEBUG [Forwarding isElementSelected on session 190588b6297880575febed573f5bb54d to remote] http.wire 73 - http-outgoing-342 >> "User-Agent: Apache-HttpClient/4.5.3 (Java/1.8.0_151)[\r][\n]"
02-06-2018 18:10:22 Wire.java DEBUG [Forwarding isElementSelected on session 190588b6297880575febed573f5bb54d to remote] http.wire 73 - http-outgoing-342 >> "Accept-Encoding: gzip,deflate[\r][\n]"
02-06-2018 18:10:22 Wire.java DEBUG [Forwarding isElementSelected on session 190588b6297880575febed573f5bb54d to remote] http.wire 73 - http-outgoing-342 >> "[\r][\n]"
02-06-2018 18:10:22 Wire.java DEBUG [Forwarding isElementSelected on session 190588b6297880575febed573f5bb54d to remote] http.wire 73 - http-outgoing-342 << "HTTP/1.1 200 OK[\r][\n]"
02-06-2018 18:10:22 Wire.java DEBUG [Forwarding isElementSelected on session 190588b6297880575febed573f5bb54d to remote] http.wire 73 - http-outgoing-342 << "Content-Length:73[\r][\n]"
02-06-2018 18:10:22 Wire.java DEBUG [Forwarding isElementSelected on session 190588b6297880575febed573f5bb54d to remote] http.wire 73 - http-outgoing-342 << "Content-Type:application/json; charset=utf-8[\r][\n]"
02-06-2018 18:10:22 Wire.java DEBUG [Forwarding isElementSelected on session 190588b6297880575febed573f5bb54d to remote] http.wire 73 - http-outgoing-342 << "Connection:close[\r][\n]"
02-06-2018 18:10:22 Wire.java DEBUG [Forwarding isElementSelected on session 190588b6297880575febed573f5bb54d to remote] http.wire 73 - http-outgoing-342 << "[\r][\n]"
02-06-2018 18:10:22 Wire.java DEBUG [Forwarding isElementSelected on session 190588b6297880575febed573f5bb54d to remote] http.wire 87 - http-outgoing-342 << "{"sessionId":"190588b6297880575febed573f5bb54d","status":0,"value":false}"
02-06-2018 18:10:22 LoggingManagedHttpClientConnection.java DEBUG [Forwarding isElementSelected on session 190588b6297880575febed573f5bb54d to remote] http.headers 122 - http-outgoing-342 << HTTP/1.1 200 OK
02-06-2018 18:10:23 LoggingManagedHttpClientConnection.java DEBUG [Forwarding isElementSelected on session 190588b6297880575febed573f5bb54d to remote] http.headers 125 - http-outgoing-342 << Content-Length:73
02-06-2018 18:10:23 LoggingManagedHttpClientConnection.java DEBUG [Forwarding isElementSelected on session 190588b6297880575febed573f5bb54d to remote] http.headers 125 - http-outgoing-342 << Content-Type:application/json; charset=utf-8
02-06-2018 18:10:23 LoggingManagedHttpClientConnection.java DEBUG [Forwarding isElementSelected on session 190588b6297880575febed573f5bb54d to remote] http.headers 125 - http-outgoing-342 << Connection:close
02-06-2018 18:10:23 LoggingManagedHttpClientConnection.java DEBUG [Forwarding isElementSelected on session 190588b6297880575febed573f5bb54d to remote] conn.DefaultManagedHttpClientConnection 79 - http-outgoing-342: Close connection
02-06-2018 18:10:23 ConnectionHolder.java DEBUG [Forwarding isElementSelected on session 190588b6297880575febed573f5bb54d to remote] execchain.MainClientExec 104 - Connection discarded
02-06-2018 18:10:23 PoolingHttpClientConnectionManager.java DEBUG [Forwarding isElementSelected on session 190588b6297880575febed573f5bb54d to remote] conn.PoolingHttpClientConnectionManager 326 - Connection released: [id: 342][route: {}->http://localhost:3727][total kept alive: 0; route allocated: 0 of 2000; total allocated: 0 of 2000]
]]></system-out>
    <system-err><![CDATA[Starting ChromeDriver 2.33.506120 (e3e53437346286c0bc2d2dc9aa4915ba81d9023f) on port 3727
Only local connections are allowed.
Feb 06, 2018 6:10:16 PM org.openqa.selenium.remote.ProtocolHandshake createSession
INFO: Detected dialect: OSS
]]></system-err>
  </testcase>
  <testcase name="PwdandConfirmPasswordnotMatched" classname="com.jusdone.qa.testcases.RegistrationPageTest" time="5.159"/>
  <testcase name="SpecialChracters" classname="com.jusdone.qa.testcases.RegistrationPageTest" time="4.79"/>
  <testcase name="verifyTeamsTab" classname="com.jusdone.qa.testcases.DashBoardTest" time="0.137"/>
  <testcase name="ClickbtnTest" classname="com.jusdone.qa.testcases.LandingPageTest" time="4.613"/>
  <testcase name="ValidLoginTest" classname="com.jusdone.qa.testcases.LoginPageTest" time="5.542"/>
  <testcase name="BlankNameField" classname="com.jusdone.qa.testcases.RegistrationPageTest" time="4.183"/>
  <testcase name="verifyInvitesTab" classname="com.jusdone.qa.testcases.DashBoardTest" time="0.119"/>
  <testcase name="Clickbtn1Test" classname="com.jusdone.qa.testcases.LandingPageTest" time="8.239"/>
  <testcase name="InValidLoginTest" classname="com.jusdone.qa.testcases.LoginPageTest" time="3.11"/>
  <testcase name="ClickSignInBtnTest" classname="com.jusdone.qa.testcases.RegistrationPageTest" time="1.429"/>
  <testcase name="verifySettingsTab" classname="com.jusdone.qa.testcases.DashBoardTest" time="0.123"/>
  <testcase name="BlankEmailTest" classname="com.jusdone.qa.testcases.LoginPageTest" time="2.145"/>
  <testcase name="verifyMenuBar" classname="com.jusdone.qa.testcases.DashBoardTest" time="0.132"/>
  <testcase name="VerifyCreateNewTeamBtn" classname="com.jusdone.qa.testcases.DashBoardTest" time="0.151"/>
  <testcase name="VerifyBellBtn" classname="com.jusdone.qa.testcases.DashBoardTest" time="0.122"/>
  <testcase name="VerifyLogOutBtn" classname="com.jusdone.qa.testcases.DashBoardTest" time="0.122"/>
  <testcase name="EnteringTeamInputsTest" classname="com.jusdone.qa.testcases.DashBoardTest" time="4.291"/>
  <testcase name="CreateNewTaskLinkTest" classname="com.jusdone.qa.testcases.DashBoardTest" time="0.147"/>
  <testcase name="ClickTaskTabTest" classname="com.jusdone.qa.testcases.DashBoardTest" time="1.648"/>
  <testcase name="ClickCreateNewTaskLinkTest" classname="com.jusdone.qa.testcases.DashBoardTest" time="0.179">
    <failure message="element not visible&#10;  (Session info: chrome=63.0.3239.132)&#10;  (Driver info: chromedriver=2.33.506120 (e3e53437346286c0bc2d2dc9aa4915ba81d9023f),platform=Windows NT 10.0.16299 x86_64) (WARNING: The server did not provide any stacktrace information)&#10;Command duration or timeout: 0 milliseconds&#10;Build info: version: &apos;3.6.0&apos;, revision: &apos;6fbf3ec767&apos;, time: &apos;2017-09-27T15:28:36.4Z&apos;&#10;System info: host: &apos;DESKTOP-3ND57S0&apos;, ip: &apos;192.168.1.193&apos;, os.name: &apos;Windows 10&apos;, os.arch: &apos;amd64&apos;, os.version: &apos;10.0&apos;, java.version: &apos;1.8.0_151&apos;&#10;Driver info: org.openqa.selenium.chrome.ChromeDriver&#10;Capabilities [{mobileEmulationEnabled=false, hasTouchScreen=false, platform=XP, acceptSslCerts=true, webStorageEnabled=true, browserName=chrome, takesScreenshot=true, javascriptEnabled=true, platformName=XP, setWindowRect=true, unexpectedAlertBehaviour=, applicationCacheEnabled=false, rotatable=false, networkConnectionEnabled=false, chrome={chromedriverVersion=2.33.506120 (e3e53437346286c0bc2d2dc9aa4915ba81d9023f), userDataDir=C:\Users\Murali\AppData\Local\Temp\scoped_dir5160_17592}, takesHeapSnapshot=true, pageLoadStrategy=normal, unhandledPromptBehavior=, databaseEnabled=false, handlesAlerts=true, version=63.0.3239.132, browserConnectionEnabled=false, nativeEvents=true, locationContextEnabled=true, cssSelectorsEnabled=true}]&#10;Session ID: 24d300fcf97d37d523b713ca0ee8f459" type="org.openqa.selenium.ElementNotVisibleException">org.openqa.selenium.ElementNotVisibleException: 
element not visible
  (Session info: chrome=63.0.3239.132)
  (Driver info: chromedriver=2.33.506120 (e3e53437346286c0bc2d2dc9aa4915ba81d9023f),platform=Windows NT 10.0.16299 x86_64) (WARNING: The server did not provide any stacktrace information)
Command duration or timeout: 0 milliseconds
Build info: version: '3.6.0', revision: '6fbf3ec767', time: '2017-09-27T15:28:36.4Z'
System info: host: 'DESKTOP-3ND57S0', ip: '192.168.1.193', os.name: 'Windows 10', os.arch: 'amd64', os.version: '10.0', java.version: '1.8.0_151'
Driver info: org.openqa.selenium.chrome.ChromeDriver
Capabilities [{mobileEmulationEnabled=false, hasTouchScreen=false, platform=XP, acceptSslCerts=true, webStorageEnabled=true, browserName=chrome, takesScreenshot=true, javascriptEnabled=true, platformName=XP, setWindowRect=true, unexpectedAlertBehaviour=, applicationCacheEnabled=false, rotatable=false, networkConnectionEnabled=false, chrome={chromedriverVersion=2.33.506120 (e3e53437346286c0bc2d2dc9aa4915ba81d9023f), userDataDir=C:\Users\Murali\AppData\Local\Temp\scoped_dir5160_17592}, takesHeapSnapshot=true, pageLoadStrategy=normal, unhandledPromptBehavior=, databaseEnabled=false, handlesAlerts=true, version=63.0.3239.132, browserConnectionEnabled=false, nativeEvents=true, locationContextEnabled=true, cssSelectorsEnabled=true}]
Session ID: 24d300fcf97d37d523b713ca0ee8f459
	at com.jusdone.qa.testcases.DashBoardTest.ClickCreateNewTaskLinkTest(DashBoardTest.java:123)
</failure>
    <system-out><![CDATA[02-06-2018 18:15:40 RequestAddCookies.java DEBUG [Forwarding quit on session 6ae1296c84680ad25eacb2a2e4abbecb to remote] protocol.RequestAddCookies 123 - CookieSpec selected: default
02-06-2018 18:15:40 RequestAuthCache.java DEBUG [Forwarding quit on session 6ae1296c84680ad25eacb2a2e4abbecb to remote] protocol.RequestAuthCache 77 - Auth cache not set in the context
02-06-2018 18:15:40 PoolingHttpClientConnectionManager.java DEBUG [Forwarding quit on session 6ae1296c84680ad25eacb2a2e4abbecb to remote] conn.PoolingHttpClientConnectionManager 255 - Connection request: [route: {}->http://localhost:1308][total kept alive: 0; route allocated: 0 of 2000; total allocated: 0 of 2000]
02-06-2018 18:15:40 PoolingHttpClientConnectionManager.java DEBUG [Forwarding quit on session 6ae1296c84680ad25eacb2a2e4abbecb to remote] conn.PoolingHttpClientConnectionManager 288 - Connection leased: [id: 705][route: {}->http://localhost:1308][total kept alive: 0; route allocated: 1 of 2000; total allocated: 1 of 2000]
02-06-2018 18:15:40 MainClientExec.java DEBUG [Forwarding quit on session 6ae1296c84680ad25eacb2a2e4abbecb to remote] execchain.MainClientExec 235 - Opening connection {}->http://localhost:1308
02-06-2018 18:15:40 DefaultHttpClientConnectionOperator.java DEBUG [Forwarding quit on session 6ae1296c84680ad25eacb2a2e4abbecb to remote] conn.DefaultHttpClientConnectionOperator 139 - Connecting to localhost/127.0.0.1:1308
02-06-2018 18:15:40 DefaultHttpClientConnectionOperator.java DEBUG [Forwarding quit on session 6ae1296c84680ad25eacb2a2e4abbecb to remote] conn.DefaultHttpClientConnectionOperator 146 - Connection established 127.0.0.1:51963<->127.0.0.1:1308
02-06-2018 18:15:40 LoggingManagedHttpClientConnection.java DEBUG [Forwarding quit on session 6ae1296c84680ad25eacb2a2e4abbecb to remote] conn.DefaultManagedHttpClientConnection 88 - http-outgoing-705: set socket timeout to 10800000
02-06-2018 18:15:40 MainClientExec.java DEBUG [Forwarding quit on session 6ae1296c84680ad25eacb2a2e4abbecb to remote] execchain.MainClientExec 256 - Executing request DELETE /session/6ae1296c84680ad25eacb2a2e4abbecb HTTP/1.1
02-06-2018 18:15:40 MainClientExec.java DEBUG [Forwarding quit on session 6ae1296c84680ad25eacb2a2e4abbecb to remote] execchain.MainClientExec 261 - Target auth state: UNCHALLENGED
02-06-2018 18:15:40 MainClientExec.java DEBUG [Forwarding quit on session 6ae1296c84680ad25eacb2a2e4abbecb to remote] execchain.MainClientExec 267 - Proxy auth state: UNCHALLENGED
02-06-2018 18:15:40 LoggingManagedHttpClientConnection.java DEBUG [Forwarding quit on session 6ae1296c84680ad25eacb2a2e4abbecb to remote] http.headers 133 - http-outgoing-705 >> DELETE /session/6ae1296c84680ad25eacb2a2e4abbecb HTTP/1.1
02-06-2018 18:15:40 LoggingManagedHttpClientConnection.java DEBUG [Forwarding quit on session 6ae1296c84680ad25eacb2a2e4abbecb to remote] http.headers 136 - http-outgoing-705 >> Host: localhost:1308
02-06-2018 18:15:40 LoggingManagedHttpClientConnection.java DEBUG [Forwarding quit on session 6ae1296c84680ad25eacb2a2e4abbecb to remote] http.headers 136 - http-outgoing-705 >> Connection: Keep-Alive
02-06-2018 18:15:40 LoggingManagedHttpClientConnection.java DEBUG [Forwarding quit on session 6ae1296c84680ad25eacb2a2e4abbecb to remote] http.headers 136 - http-outgoing-705 >> User-Agent: Apache-HttpClient/4.5.3 (Java/1.8.0_151)
02-06-2018 18:15:40 LoggingManagedHttpClientConnection.java DEBUG [Forwarding quit on session 6ae1296c84680ad25eacb2a2e4abbecb to remote] http.headers 136 - http-outgoing-705 >> Accept-Encoding: gzip,deflate
02-06-2018 18:15:40 Wire.java DEBUG [Forwarding quit on session 6ae1296c84680ad25eacb2a2e4abbecb to remote] http.wire 73 - http-outgoing-705 >> "DELETE /session/6ae1296c84680ad25eacb2a2e4abbecb HTTP/1.1[\r][\n]"
02-06-2018 18:15:40 Wire.java DEBUG [Forwarding quit on session 6ae1296c84680ad25eacb2a2e4abbecb to remote] http.wire 73 - http-outgoing-705 >> "Host: localhost:1308[\r][\n]"
02-06-2018 18:15:40 Wire.java DEBUG [Forwarding quit on session 6ae1296c84680ad25eacb2a2e4abbecb to remote] http.wire 73 - http-outgoing-705 >> "Connection: Keep-Alive[\r][\n]"
02-06-2018 18:15:40 Wire.java DEBUG [Forwarding quit on session 6ae1296c84680ad25eacb2a2e4abbecb to remote] http.wire 73 - http-outgoing-705 >> "User-Agent: Apache-HttpClient/4.5.3 (Java/1.8.0_151)[\r][\n]"
02-06-2018 18:15:40 Wire.java DEBUG [Forwarding quit on session 6ae1296c84680ad25eacb2a2e4abbecb to remote] http.wire 73 - http-outgoing-705 >> "Accept-Encoding: gzip,deflate[\r][\n]"
02-06-2018 18:15:40 Wire.java DEBUG [Forwarding quit on session 6ae1296c84680ad25eacb2a2e4abbecb to remote] http.wire 73 - http-outgoing-705 >> "[\r][\n]"
02-06-2018 18:15:41 Wire.java DEBUG [Forwarding quit on session 6ae1296c84680ad25eacb2a2e4abbecb to remote] http.wire 73 - http-outgoing-705 << "HTTP/1.1 200 OK[\r][\n]"
02-06-2018 18:15:41 Wire.java DEBUG [Forwarding quit on session 6ae1296c84680ad25eacb2a2e4abbecb to remote] http.wire 73 - http-outgoing-705 << "Content-Length:72[\r][\n]"
02-06-2018 18:15:41 Wire.java DEBUG [Forwarding quit on session 6ae1296c84680ad25eacb2a2e4abbecb to remote] http.wire 73 - http-outgoing-705 << "Content-Type:application/json; charset=utf-8[\r][\n]"
02-06-2018 18:15:41 Wire.java DEBUG [Forwarding quit on session 6ae1296c84680ad25eacb2a2e4abbecb to remote] http.wire 73 - http-outgoing-705 << "Connection:close[\r][\n]"
02-06-2018 18:15:41 Wire.java DEBUG [Forwarding quit on session 6ae1296c84680ad25eacb2a2e4abbecb to remote] http.wire 73 - http-outgoing-705 << "[\r][\n]"
02-06-2018 18:15:41 Wire.java DEBUG [Forwarding quit on session 6ae1296c84680ad25eacb2a2e4abbecb to remote] http.wire 87 - http-outgoing-705 << "{"sessionId":"6ae1296c84680ad25eacb2a2e4abbecb","status":0,"value":null}"
02-06-2018 18:15:41 LoggingManagedHttpClientConnection.java DEBUG [Forwarding quit on session 6ae1296c84680ad25eacb2a2e4abbecb to remote] http.headers 122 - http-outgoing-705 << HTTP/1.1 200 OK
02-06-2018 18:15:41 LoggingManagedHttpClientConnection.java DEBUG [Forwarding quit on session 6ae1296c84680ad25eacb2a2e4abbecb to remote] http.headers 125 - http-outgoing-705 << Content-Length:72
02-06-2018 18:15:41 LoggingManagedHttpClientConnection.java DEBUG [Forwarding quit on session 6ae1296c84680ad25eacb2a2e4abbecb to remote] http.headers 125 - http-outgoing-705 << Content-Type:application/json; charset=utf-8
02-06-2018 18:15:41 LoggingManagedHttpClientConnection.java DEBUG [Forwarding quit on session 6ae1296c84680ad25eacb2a2e4abbecb to remote] http.headers 125 - http-outgoing-705 << Connection:close
02-06-2018 18:15:41 LoggingManagedHttpClientConnection.java DEBUG [Forwarding quit on session 6ae1296c84680ad25eacb2a2e4abbecb to remote] conn.DefaultManagedHttpClientConnection 79 - http-outgoing-705: Close connection
02-06-2018 18:15:41 ConnectionHolder.java DEBUG [Forwarding quit on session 6ae1296c84680ad25eacb2a2e4abbecb to remote] execchain.MainClientExec 104 - Connection discarded
02-06-2018 18:15:41 PoolingHttpClientConnectionManager.java DEBUG [Forwarding quit on session 6ae1296c84680ad25eacb2a2e4abbecb to remote] conn.PoolingHttpClientConnectionManager 326 - Connection released: [id: 705][route: {}->http://localhost:1308][total kept alive: 0; route allocated: 0 of 2000; total allocated: 0 of 2000]
02-06-2018 18:15:41 PoolingHttpClientConnectionManager.java DEBUG [Forwarding quit on session 6ae1296c84680ad25eacb2a2e4abbecb to remote] conn.PoolingHttpClientConnectionManager 407 - Closing connections idle longer than 0 SECONDS
02-06-2018 18:15:42 RequestAddCookies.java DEBUG [Forwarding newSession on session null to remote] protocol.RequestAddCookies 123 - CookieSpec selected: default
02-06-2018 18:15:42 RequestAuthCache.java DEBUG [Forwarding newSession on session null to remote] protocol.RequestAuthCache 77 - Auth cache not set in the context
02-06-2018 18:15:42 PoolingHttpClientConnectionManager.java DEBUG [Forwarding newSession on session null to remote] conn.PoolingHttpClientConnectionManager 255 - Connection request: [route: {}->http://localhost:14595][total kept alive: 0; route allocated: 0 of 2000; total allocated: 0 of 2000]
02-06-2018 18:15:42 PoolingHttpClientConnectionManager.java DEBUG [Forwarding newSession on session null to remote] conn.PoolingHttpClientConnectionManager 288 - Connection leased: [id: 706][route: {}->http://localhost:14595][total kept alive: 0; route allocated: 1 of 2000; total allocated: 1 of 2000]
02-06-2018 18:15:42 MainClientExec.java DEBUG [Forwarding newSession on session null to remote] execchain.MainClientExec 235 - Opening connection {}->http://localhost:14595
02-06-2018 18:15:42 DefaultHttpClientConnectionOperator.java DEBUG [Forwarding newSession on session null to remote] conn.DefaultHttpClientConnectionOperator 139 - Connecting to localhost/127.0.0.1:14595
02-06-2018 18:15:42 DefaultHttpClientConnectionOperator.java DEBUG [Forwarding newSession on session null to remote] conn.DefaultHttpClientConnectionOperator 146 - Connection established 127.0.0.1:51968<->127.0.0.1:14595
02-06-2018 18:15:42 LoggingManagedHttpClientConnection.java DEBUG [Forwarding newSession on session null to remote] conn.DefaultManagedHttpClientConnection 88 - http-outgoing-706: set socket timeout to 10800000
02-06-2018 18:15:42 MainClientExec.java DEBUG [Forwarding newSession on session null to remote] execchain.MainClientExec 256 - Executing request POST /session HTTP/1.1
02-06-2018 18:15:42 MainClientExec.java DEBUG [Forwarding newSession on session null to remote] execchain.MainClientExec 261 - Target auth state: UNCHALLENGED
02-06-2018 18:15:42 MainClientExec.java DEBUG [Forwarding newSession on session null to remote] execchain.MainClientExec 267 - Proxy auth state: UNCHALLENGED
02-06-2018 18:15:42 LoggingManagedHttpClientConnection.java DEBUG [Forwarding newSession on session null to remote] http.headers 133 - http-outgoing-706 >> POST /session HTTP/1.1
02-06-2018 18:15:42 LoggingManagedHttpClientConnection.java DEBUG [Forwarding newSession on session null to remote] http.headers 136 - http-outgoing-706 >> Content-Type: application/json; charset=utf-8
02-06-2018 18:15:42 LoggingManagedHttpClientConnection.java DEBUG [Forwarding newSession on session null to remote] http.headers 136 - http-outgoing-706 >> Content-Length: 560
02-06-2018 18:15:42 LoggingManagedHttpClientConnection.java DEBUG [Forwarding newSession on session null to remote] http.headers 136 - http-outgoing-706 >> Host: localhost:14595
02-06-2018 18:15:42 LoggingManagedHttpClientConnection.java DEBUG [Forwarding newSession on session null to remote] http.headers 136 - http-outgoing-706 >> Connection: Keep-Alive
02-06-2018 18:15:42 LoggingManagedHttpClientConnection.java DEBUG [Forwarding newSession on session null to remote] http.headers 136 - http-outgoing-706 >> User-Agent: Apache-HttpClient/4.5.3 (Java/1.8.0_151)
02-06-2018 18:15:42 LoggingManagedHttpClientConnection.java DEBUG [Forwarding newSession on session null to remote] http.headers 136 - http-outgoing-706 >> Accept-Encoding: gzip,deflate
02-06-2018 18:15:42 Wire.java DEBUG [Forwarding newSession on session null to remote] http.wire 73 - http-outgoing-706 >> "POST /session HTTP/1.1[\r][\n]"
02-06-2018 18:15:42 Wire.java DEBUG [Forwarding newSession on session null to remote] http.wire 73 - http-outgoing-706 >> "Content-Type: application/json; charset=utf-8[\r][\n]"
02-06-2018 18:15:42 Wire.java DEBUG [Forwarding newSession on session null to remote] http.wire 73 - http-outgoing-706 >> "Content-Length: 560[\r][\n]"
02-06-2018 18:15:42 Wire.java DEBUG [Forwarding newSession on session null to remote] http.wire 73 - http-outgoing-706 >> "Host: localhost:14595[\r][\n]"
02-06-2018 18:15:42 Wire.java DEBUG [Forwarding newSession on session null to remote] http.wire 73 - http-outgoing-706 >> "Connection: Keep-Alive[\r][\n]"
02-06-2018 18:15:42 Wire.java DEBUG [Forwarding newSession on session null to remote] http.wire 73 - http-outgoing-706 >> "User-Agent: Apache-HttpClient/4.5.3 (Java/1.8.0_151)[\r][\n]"
02-06-2018 18:15:42 Wire.java DEBUG [Forwarding newSession on session null to remote] http.wire 73 - http-outgoing-706 >> "Accept-Encoding: gzip,deflate[\r][\n]"
02-06-2018 18:15:42 Wire.java DEBUG [Forwarding newSession on session null to remote] http.wire 73 - http-outgoing-706 >> "[\r][\n]"
02-06-2018 18:15:42 Wire.java DEBUG [Forwarding newSession on session null to remote] http.wire 73 - http-outgoing-706 >> "{[\n]"
02-06-2018 18:15:42 Wire.java DEBUG [Forwarding newSession on session null to remote] http.wire 73 - http-outgoing-706 >> "  "desiredCapabilities": {[\n]"
02-06-2018 18:15:42 Wire.java DEBUG [Forwarding newSession on session null to remote] http.wire 73 - http-outgoing-706 >> "    "browserName": "chrome",[\n]"
02-06-2018 18:15:42 Wire.java DEBUG [Forwarding newSession on session null to remote] http.wire 73 - http-outgoing-706 >> "    "goog:chromeOptions": {[\n]"
02-06-2018 18:15:42 Wire.java DEBUG [Forwarding newSession on session null to remote] http.wire 73 - http-outgoing-706 >> "      "args": [],[\n]"
02-06-2018 18:15:42 Wire.java DEBUG [Forwarding newSession on session null to remote] http.wire 73 - http-outgoing-706 >> "      "extensions": [][\n]"
02-06-2018 18:15:42 Wire.java DEBUG [Forwarding newSession on session null to remote] http.wire 73 - http-outgoing-706 >> "    }[\n]"
02-06-2018 18:15:42 Wire.java DEBUG [Forwarding newSession on session null to remote] http.wire 73 - http-outgoing-706 >> "  },[\n]"
02-06-2018 18:15:42 Wire.java DEBUG [Forwarding newSession on session null to remote] http.wire 73 - http-outgoing-706 >> "  "requiredCapabilities": {},[\n]"
02-06-2018 18:15:42 Wire.java DEBUG [Forwarding newSession on session null to remote] http.wire 73 - http-outgoing-706 >> "  "capabilities": {[\n]"
02-06-2018 18:15:42 Wire.java DEBUG [Forwarding newSession on session null to remote] http.wire 73 - http-outgoing-706 >> "    "desiredCapabilities": {[\n]"
02-06-2018 18:15:42 Wire.java DEBUG [Forwarding newSession on session null to remote] http.wire 73 - http-outgoing-706 >> "      "browserName": "chrome",[\n]"
02-06-2018 18:15:42 Wire.java DEBUG [Forwarding newSession on session null to remote] http.wire 73 - http-outgoing-706 >> "      "goog:chromeOptions": {[\n]"
02-06-2018 18:15:42 Wire.java DEBUG [Forwarding newSession on session null to remote] http.wire 73 - http-outgoing-706 >> "        "args": [],[\n]"
02-06-2018 18:15:42 Wire.java DEBUG [Forwarding newSession on session null to remote] http.wire 73 - http-outgoing-706 >> "        "extensions": [][\n]"
02-06-2018 18:15:42 Wire.java DEBUG [Forwarding newSession on session null to remote] http.wire 73 - http-outgoing-706 >> "      }[\n]"
02-06-2018 18:15:42 Wire.java DEBUG [Forwarding newSession on session null to remote] http.wire 73 - http-outgoing-706 >> "    },[\n]"
02-06-2018 18:15:42 Wire.java DEBUG [Forwarding newSession on session null to remote] http.wire 73 - http-outgoing-706 >> "    "requiredCapabilities": {},[\n]"
02-06-2018 18:15:42 Wire.java DEBUG [Forwarding newSession on session null to remote] http.wire 73 - http-outgoing-706 >> "    "alwaysMatch": {[\n]"
02-06-2018 18:15:42 Wire.java DEBUG [Forwarding newSession on session null to remote] http.wire 73 - http-outgoing-706 >> "      "goog:chromeOptions": {[\n]"
02-06-2018 18:15:42 Wire.java DEBUG [Forwarding newSession on session null to remote] http.wire 73 - http-outgoing-706 >> "        "args": [],[\n]"
02-06-2018 18:15:42 Wire.java DEBUG [Forwarding newSession on session null to remote] http.wire 73 - http-outgoing-706 >> "        "extensions": [][\n]"
02-06-2018 18:15:42 Wire.java DEBUG [Forwarding newSession on session null to remote] http.wire 73 - http-outgoing-706 >> "      }[\n]"
02-06-2018 18:15:42 Wire.java DEBUG [Forwarding newSession on session null to remote] http.wire 73 - http-outgoing-706 >> "    },[\n]"
02-06-2018 18:15:42 Wire.java DEBUG [Forwarding newSession on session null to remote] http.wire 73 - http-outgoing-706 >> "    "firstMatch": [[\n]"
02-06-2018 18:15:42 Wire.java DEBUG [Forwarding newSession on session null to remote] http.wire 73 - http-outgoing-706 >> "      {[\n]"
02-06-2018 18:15:42 Wire.java DEBUG [Forwarding newSession on session null to remote] http.wire 73 - http-outgoing-706 >> "        "browserName": "chrome"[\n]"
02-06-2018 18:15:42 Wire.java DEBUG [Forwarding newSession on session null to remote] http.wire 73 - http-outgoing-706 >> "      }[\n]"
02-06-2018 18:15:42 Wire.java DEBUG [Forwarding newSession on session null to remote] http.wire 73 - http-outgoing-706 >> "    ][\n]"
02-06-2018 18:15:42 Wire.java DEBUG [Forwarding newSession on session null to remote] http.wire 73 - http-outgoing-706 >> "  }[\n]"
02-06-2018 18:15:42 Wire.java DEBUG [Forwarding newSession on session null to remote] http.wire 87 - http-outgoing-706 >> "}"
02-06-2018 18:15:44 Wire.java DEBUG [Forwarding newSession on session null to remote] http.wire 73 - http-outgoing-706 << "HTTP/1.1 200 OK[\r][\n]"
02-06-2018 18:15:44 Wire.java DEBUG [Forwarding newSession on session null to remote] http.wire 73 - http-outgoing-706 << "Content-Length:801[\r][\n]"
02-06-2018 18:15:44 Wire.java DEBUG [Forwarding newSession on session null to remote] http.wire 73 - http-outgoing-706 << "Content-Type:application/json; charset=utf-8[\r][\n]"
02-06-2018 18:15:44 Wire.java DEBUG [Forwarding newSession on session null to remote] http.wire 73 - http-outgoing-706 << "Connection:close[\r][\n]"
02-06-2018 18:15:44 Wire.java DEBUG [Forwarding newSession on session null to remote] http.wire 73 - http-outgoing-706 << "[\r][\n]"
02-06-2018 18:15:44 Wire.java DEBUG [Forwarding newSession on session null to remote] http.wire 87 - http-outgoing-706 << "{"sessionId":"24d300fcf97d37d523b713ca0ee8f459","status":0,"value":{"acceptSslCerts":true,"applicationCacheEnabled":false,"browserConnectionEnabled":false,"browserName":"chrome","chrome":{"chromedriverVersion":"2.33.506120 (e3e53437346286c0bc2d2dc9aa4915ba81d9023f)","userDataDir":"C:\\Users\\Murali\\AppData\\Local\\Temp\\scoped_dir5160_17592"},"cssSelectorsEnabled":true,"databaseEnabled":false,"handlesAlerts":true,"hasTouchScreen":false,"javascriptEnabled":true,"locationContextEnabled":true,"mobileEmulationEnabled":false,"nativeEvents":true,"networkConnectionEnabled":false,"pageLoadStrategy":"normal","platform":"Windows NT","rotatable":false,"setWindowRect":true,"takesHeapSnapshot":true,"takesScreenshot":true,"unexpectedAlertBehaviour":"","version":"63.0.3239.132","webStorageEnabled":true}}"
02-06-2018 18:15:44 LoggingManagedHttpClientConnection.java DEBUG [Forwarding newSession on session null to remote] http.headers 122 - http-outgoing-706 << HTTP/1.1 200 OK
02-06-2018 18:15:44 LoggingManagedHttpClientConnection.java DEBUG [Forwarding newSession on session null to remote] http.headers 125 - http-outgoing-706 << Content-Length:801
02-06-2018 18:15:44 LoggingManagedHttpClientConnection.java DEBUG [Forwarding newSession on session null to remote] http.headers 125 - http-outgoing-706 << Content-Type:application/json; charset=utf-8
02-06-2018 18:15:44 LoggingManagedHttpClientConnection.java DEBUG [Forwarding newSession on session null to remote] http.headers 125 - http-outgoing-706 << Connection:close
02-06-2018 18:15:44 LoggingManagedHttpClientConnection.java DEBUG [Forwarding newSession on session null to remote] conn.DefaultManagedHttpClientConnection 79 - http-outgoing-706: Close connection
02-06-2018 18:15:44 ConnectionHolder.java DEBUG [Forwarding newSession on session null to remote] execchain.MainClientExec 104 - Connection discarded
02-06-2018 18:15:44 PoolingHttpClientConnectionManager.java DEBUG [Forwarding newSession on session null to remote] conn.PoolingHttpClientConnectionManager 326 - Connection released: [id: 706][route: {}->http://localhost:14595][total kept alive: 0; route allocated: 0 of 2000; total allocated: 0 of 2000]
02-06-2018 18:15:44 RequestAddCookies.java DEBUG [Forwarding maximizeCurrentWindow on session 24d300fcf97d37d523b713ca0ee8f459 to remote] protocol.RequestAddCookies 123 - CookieSpec selected: default
02-06-2018 18:15:44 RequestAuthCache.java DEBUG [Forwarding maximizeCurrentWindow on session 24d300fcf97d37d523b713ca0ee8f459 to remote] protocol.RequestAuthCache 77 - Auth cache not set in the context
02-06-2018 18:15:44 PoolingHttpClientConnectionManager.java DEBUG [Forwarding maximizeCurrentWindow on session 24d300fcf97d37d523b713ca0ee8f459 to remote] conn.PoolingHttpClientConnectionManager 255 - Connection request: [route: {}->http://localhost:14595][total kept alive: 0; route allocated: 0 of 2000; total allocated: 0 of 2000]
02-06-2018 18:15:44 PoolingHttpClientConnectionManager.java DEBUG [Forwarding maximizeCurrentWindow on session 24d300fcf97d37d523b713ca0ee8f459 to remote] conn.PoolingHttpClientConnectionManager 288 - Connection leased: [id: 707][route: {}->http://localhost:14595][total kept alive: 0; route allocated: 1 of 2000; total allocated: 1 of 2000]
02-06-2018 18:15:44 MainClientExec.java DEBUG [Forwarding maximizeCurrentWindow on session 24d300fcf97d37d523b713ca0ee8f459 to remote] execchain.MainClientExec 235 - Opening connection {}->http://localhost:14595
02-06-2018 18:15:44 DefaultHttpClientConnectionOperator.java DEBUG [Forwarding maximizeCurrentWindow on session 24d300fcf97d37d523b713ca0ee8f459 to remote] conn.DefaultHttpClientConnectionOperator 139 - Connecting to localhost/127.0.0.1:14595
02-06-2018 18:15:44 DefaultHttpClientConnectionOperator.java DEBUG [Forwarding maximizeCurrentWindow on session 24d300fcf97d37d523b713ca0ee8f459 to remote] conn.DefaultHttpClientConnectionOperator 146 - Connection established 127.0.0.1:51975<->127.0.0.1:14595
02-06-2018 18:15:44 LoggingManagedHttpClientConnection.java DEBUG [Forwarding maximizeCurrentWindow on session 24d300fcf97d37d523b713ca0ee8f459 to remote] conn.DefaultManagedHttpClientConnection 88 - http-outgoing-707: set socket timeout to 10800000
02-06-2018 18:15:44 MainClientExec.java DEBUG [Forwarding maximizeCurrentWindow on session 24d300fcf97d37d523b713ca0ee8f459 to remote] execchain.MainClientExec 256 - Executing request POST /session/24d300fcf97d37d523b713ca0ee8f459/window/current/maximize HTTP/1.1
02-06-2018 18:15:44 MainClientExec.java DEBUG [Forwarding maximizeCurrentWindow on session 24d300fcf97d37d523b713ca0ee8f459 to remote] execchain.MainClientExec 261 - Target auth state: UNCHALLENGED
02-06-2018 18:15:44 MainClientExec.java DEBUG [Forwarding maximizeCurrentWindow on session 24d300fcf97d37d523b713ca0ee8f459 to remote] execchain.MainClientExec 267 - Proxy auth state: UNCHALLENGED
02-06-2018 18:15:44 LoggingManagedHttpClientConnection.java DEBUG [Forwarding maximizeCurrentWindow on session 24d300fcf97d37d523b713ca0ee8f459 to remote] http.headers 133 - http-outgoing-707 >> POST /session/24d300fcf97d37d523b713ca0ee8f459/window/current/maximize HTTP/1.1
02-06-2018 18:15:44 LoggingManagedHttpClientConnection.java DEBUG [Forwarding maximizeCurrentWindow on session 24d300fcf97d37d523b713ca0ee8f459 to remote] http.headers 136 - http-outgoing-707 >> Content-Type: application/json; charset=utf-8
02-06-2018 18:15:44 LoggingManagedHttpClientConnection.java DEBUG [Forwarding maximizeCurrentWindow on session 24d300fcf97d37d523b713ca0ee8f459 to remote] http.headers 136 - http-outgoing-707 >> Content-Length: 45
02-06-2018 18:15:44 LoggingManagedHttpClientConnection.java DEBUG [Forwarding maximizeCurrentWindow on session 24d300fcf97d37d523b713ca0ee8f459 to remote] http.headers 136 - http-outgoing-707 >> Host: localhost:14595
02-06-2018 18:15:44 LoggingManagedHttpClientConnection.java DEBUG [Forwarding maximizeCurrentWindow on session 24d300fcf97d37d523b713ca0ee8f459 to remote] http.headers 136 - http-outgoing-707 >> Connection: Keep-Alive
02-06-2018 18:15:44 LoggingManagedHttpClientConnection.java DEBUG [Forwarding maximizeCurrentWindow on session 24d300fcf97d37d523b713ca0ee8f459 to remote] http.headers 136 - http-outgoing-707 >> User-Agent: Apache-HttpClient/4.5.3 (Java/1.8.0_151)
02-06-2018 18:15:44 LoggingManagedHttpClientConnection.java DEBUG [Forwarding maximizeCurrentWindow on session 24d300fcf97d37d523b713ca0ee8f459 to remote] http.headers 136 - http-outgoing-707 >> Accept-Encoding: gzip,deflate
02-06-2018 18:15:44 Wire.java DEBUG [Forwarding maximizeCurrentWindow on session 24d300fcf97d37d523b713ca0ee8f459 to remote] http.wire 73 - http-outgoing-707 >> "POST /session/24d300fcf97d37d523b713ca0ee8f459/window/current/maximize HTTP/1.1[\r][\n]"
02-06-2018 18:15:44 Wire.java DEBUG [Forwarding maximizeCurrentWindow on session 24d300fcf97d37d523b713ca0ee8f459 to remote] http.wire 73 - http-outgoing-707 >> "Content-Type: application/json; charset=utf-8[\r][\n]"
02-06-2018 18:15:44 Wire.java DEBUG [Forwarding maximizeCurrentWindow on session 24d300fcf97d37d523b713ca0ee8f459 to remote] http.wire 73 - http-outgoing-707 >> "Content-Length: 45[\r][\n]"
02-06-2018 18:15:44 Wire.java DEBUG [Forwarding maximizeCurrentWindow on session 24d300fcf97d37d523b713ca0ee8f459 to remote] http.wire 73 - http-outgoing-707 >> "Host: localhost:14595[\r][\n]"
02-06-2018 18:15:44 Wire.java DEBUG [Forwarding maximizeCurrentWindow on session 24d300fcf97d37d523b713ca0ee8f459 to remote] http.wire 73 - http-outgoing-707 >> "Connection: Keep-Alive[\r][\n]"
02-06-2018 18:15:44 Wire.java DEBUG [Forwarding maximizeCurrentWindow on session 24d300fcf97d37d523b713ca0ee8f459 to remote] http.wire 73 - http-outgoing-707 >> "User-Agent: Apache-HttpClient/4.5.3 (Java/1.8.0_151)[\r][\n]"
02-06-2018 18:15:44 Wire.java DEBUG [Forwarding maximizeCurrentWindow on session 24d300fcf97d37d523b713ca0ee8f459 to remote] http.wire 73 - http-outgoing-707 >> "Accept-Encoding: gzip,deflate[\r][\n]"
02-06-2018 18:15:44 Wire.java DEBUG [Forwarding maximizeCurrentWindow on session 24d300fcf97d37d523b713ca0ee8f459 to remote] http.wire 73 - http-outgoing-707 >> "[\r][\n]"
02-06-2018 18:15:44 Wire.java DEBUG [Forwarding maximizeCurrentWindow on session 24d300fcf97d37d523b713ca0ee8f459 to remote] http.wire 87 - http-outgoing-707 >> "{"windowHandle":"current","handle":"current"}"
02-06-2018 18:15:45 Wire.java DEBUG [Forwarding maximizeCurrentWindow on session 24d300fcf97d37d523b713ca0ee8f459 to remote] http.wire 73 - http-outgoing-707 << "HTTP/1.1 200 OK[\r][\n]"
02-06-2018 18:15:45 Wire.java DEBUG [Forwarding maximizeCurrentWindow on session 24d300fcf97d37d523b713ca0ee8f459 to remote] http.wire 73 - http-outgoing-707 << "Content-Length:72[\r][\n]"
02-06-2018 18:15:45 Wire.java DEBUG [Forwarding maximizeCurrentWindow on session 24d300fcf97d37d523b713ca0ee8f459 to remote] http.wire 73 - http-outgoing-707 << "Content-Type:application/json; charset=utf-8[\r][\n]"
02-06-2018 18:15:45 Wire.java DEBUG [Forwarding maximizeCurrentWindow on session 24d300fcf97d37d523b713ca0ee8f459 to remote] http.wire 73 - http-outgoing-707 << "Connection:close[\r][\n]"
02-06-2018 18:15:45 Wire.java DEBUG [Forwarding maximizeCurrentWindow on session 24d300fcf97d37d523b713ca0ee8f459 to remote] http.wire 73 - http-outgoing-707 << "[\r][\n]"
02-06-2018 18:15:45 Wire.java DEBUG [Forwarding maximizeCurrentWindow on session 24d300fcf97d37d523b713ca0ee8f459 to remote] http.wire 87 - http-outgoing-707 << "{"sessionId":"24d300fcf97d37d523b713ca0ee8f459","status":0,"value":null}"
02-06-2018 18:15:45 LoggingManagedHttpClientConnection.java DEBUG [Forwarding maximizeCurrentWindow on session 24d300fcf97d37d523b713ca0ee8f459 to remote] http.headers 122 - http-outgoing-707 << HTTP/1.1 200 OK
02-06-2018 18:15:45 LoggingManagedHttpClientConnection.java DEBUG [Forwarding maximizeCurrentWindow on session 24d300fcf97d37d523b713ca0ee8f459 to remote] http.headers 125 - http-outgoing-707 << Content-Length:72
02-06-2018 18:15:45 LoggingManagedHttpClientConnection.java DEBUG [Forwarding maximizeCurrentWindow on session 24d300fcf97d37d523b713ca0ee8f459 to remote] http.headers 125 - http-outgoing-707 << Content-Type:application/json; charset=utf-8
02-06-2018 18:15:45 LoggingManagedHttpClientConnection.java DEBUG [Forwarding maximizeCurrentWindow on session 24d300fcf97d37d523b713ca0ee8f459 to remote] http.headers 125 - http-outgoing-707 << Connection:close
02-06-2018 18:15:45 LoggingManagedHttpClientConnection.java DEBUG [Forwarding maximizeCurrentWindow on session 24d300fcf97d37d523b713ca0ee8f459 to remote] conn.DefaultManagedHttpClientConnection 79 - http-outgoing-707: Close connection
02-06-2018 18:15:45 ConnectionHolder.java DEBUG [Forwarding maximizeCurrentWindow on session 24d300fcf97d37d523b713ca0ee8f459 to remote] execchain.MainClientExec 104 - Connection discarded
02-06-2018 18:15:45 PoolingHttpClientConnectionManager.java DEBUG [Forwarding maximizeCurrentWindow on session 24d300fcf97d37d523b713ca0ee8f459 to remote] conn.PoolingHttpClientConnectionManager 326 - Connection released: [id: 707][route: {}->http://localhost:14595][total kept alive: 0; route allocated: 0 of 2000; total allocated: 0 of 2000]
02-06-2018 18:15:45 RequestAddCookies.java DEBUG [Forwarding deleteAllCookies on session 24d300fcf97d37d523b713ca0ee8f459 to remote] protocol.RequestAddCookies 123 - CookieSpec selected: default
02-06-2018 18:15:45 RequestAuthCache.java DEBUG [Forwarding deleteAllCookies on session 24d300fcf97d37d523b713ca0ee8f459 to remote] protocol.RequestAuthCache 77 - Auth cache not set in the context
02-06-2018 18:15:45 PoolingHttpClientConnectionManager.java DEBUG [Forwarding deleteAllCookies on session 24d300fcf97d37d523b713ca0ee8f459 to remote] conn.PoolingHttpClientConnectionManager 255 - Connection request: [route: {}->http://localhost:14595][total kept alive: 0; route allocated: 0 of 2000; total allocated: 0 of 2000]
02-06-2018 18:15:45 PoolingHttpClientConnectionManager.java DEBUG [Forwarding deleteAllCookies on session 24d300fcf97d37d523b713ca0ee8f459 to remote] conn.PoolingHttpClientConnectionManager 288 - Connection leased: [id: 708][route: {}->http://localhost:14595][total kept alive: 0; route allocated: 1 of 2000; total allocated: 1 of 2000]
02-06-2018 18:15:45 MainClientExec.java DEBUG [Forwarding deleteAllCookies on session 24d300fcf97d37d523b713ca0ee8f459 to remote] execchain.MainClientExec 235 - Opening connection {}->http://localhost:14595
02-06-2018 18:15:45 DefaultHttpClientConnectionOperator.java DEBUG [Forwarding deleteAllCookies on session 24d300fcf97d37d523b713ca0ee8f459 to remote] conn.DefaultHttpClientConnectionOperator 139 - Connecting to localhost/127.0.0.1:14595
02-06-2018 18:15:45 DefaultHttpClientConnectionOperator.java DEBUG [Forwarding deleteAllCookies on session 24d300fcf97d37d523b713ca0ee8f459 to remote] conn.DefaultHttpClientConnectionOperator 146 - Connection established 127.0.0.1:51980<->127.0.0.1:14595
02-06-2018 18:15:45 LoggingManagedHttpClientConnection.java DEBUG [Forwarding deleteAllCookies on session 24d300fcf97d37d523b713ca0ee8f459 to remote] conn.DefaultManagedHttpClientConnection 88 - http-outgoing-708: set socket timeout to 10800000
02-06-2018 18:15:45 MainClientExec.java DEBUG [Forwarding deleteAllCookies on session 24d300fcf97d37d523b713ca0ee8f459 to remote] execchain.MainClientExec 256 - Executing request DELETE /session/24d300fcf97d37d523b713ca0ee8f459/cookie HTTP/1.1
02-06-2018 18:15:45 MainClientExec.java DEBUG [Forwarding deleteAllCookies on session 24d300fcf97d37d523b713ca0ee8f459 to remote] execchain.MainClientExec 261 - Target auth state: UNCHALLENGED
02-06-2018 18:15:45 MainClientExec.java DEBUG [Forwarding deleteAllCookies on session 24d300fcf97d37d523b713ca0ee8f459 to remote] execchain.MainClientExec 267 - Proxy auth state: UNCHALLENGED
02-06-2018 18:15:45 LoggingManagedHttpClientConnection.java DEBUG [Forwarding deleteAllCookies on session 24d300fcf97d37d523b713ca0ee8f459 to remote] http.headers 133 - http-outgoing-708 >> DELETE /session/24d300fcf97d37d523b713ca0ee8f459/cookie HTTP/1.1
02-06-2018 18:15:45 LoggingManagedHttpClientConnection.java DEBUG [Forwarding deleteAllCookies on session 24d300fcf97d37d523b713ca0ee8f459 to remote] http.headers 136 - http-outgoing-708 >> Host: localhost:14595
02-06-2018 18:15:45 LoggingManagedHttpClientConnection.java DEBUG [Forwarding deleteAllCookies on session 24d300fcf97d37d523b713ca0ee8f459 to remote] http.headers 136 - http-outgoing-708 >> Connection: Keep-Alive
02-06-2018 18:15:45 LoggingManagedHttpClientConnection.java DEBUG [Forwarding deleteAllCookies on session 24d300fcf97d37d523b713ca0ee8f459 to remote] http.headers 136 - http-outgoing-708 >> User-Agent: Apache-HttpClient/4.5.3 (Java/1.8.0_151)
02-06-2018 18:15:45 LoggingManagedHttpClientConnection.java DEBUG [Forwarding deleteAllCookies on session 24d300fcf97d37d523b713ca0ee8f459 to remote] http.headers 136 - http-outgoing-708 >> Accept-Encoding: gzip,deflate
02-06-2018 18:15:45 Wire.java DEBUG [Forwarding deleteAllCookies on session 24d300fcf97d37d523b713ca0ee8f459 to remote] http.wire 73 - http-outgoing-708 >> "DELETE /session/24d300fcf97d37d523b713ca0ee8f459/cookie HTTP/1.1[\r][\n]"
02-06-2018 18:15:45 Wire.java DEBUG [Forwarding deleteAllCookies on session 24d300fcf97d37d523b713ca0ee8f459 to remote] http.wire 73 - http-outgoing-708 >> "Host: localhost:14595[\r][\n]"
02-06-2018 18:15:45 Wire.java DEBUG [Forwarding deleteAllCookies on session 24d300fcf97d37d523b713ca0ee8f459 to remote] http.wire 73 - http-outgoing-708 >> "Connection: Keep-Alive[\r][\n]"
02-06-2018 18:15:45 Wire.java DEBUG [Forwarding deleteAllCookies on session 24d300fcf97d37d523b713ca0ee8f459 to remote] http.wire 73 - http-outgoing-708 >> "User-Agent: Apache-HttpClient/4.5.3 (Java/1.8.0_151)[\r][\n]"
02-06-2018 18:15:45 Wire.java DEBUG [Forwarding deleteAllCookies on session 24d300fcf97d37d523b713ca0ee8f459 to remote] http.wire 73 - http-outgoing-708 >> "Accept-Encoding: gzip,deflate[\r][\n]"
02-06-2018 18:15:45 Wire.java DEBUG [Forwarding deleteAllCookies on session 24d300fcf97d37d523b713ca0ee8f459 to remote] http.wire 73 - http-outgoing-708 >> "[\r][\n]"
02-06-2018 18:15:45 Wire.java DEBUG [Forwarding deleteAllCookies on session 24d300fcf97d37d523b713ca0ee8f459 to remote] http.wire 73 - http-outgoing-708 << "HTTP/1.1 200 OK[\r][\n]"
02-06-2018 18:15:45 Wire.java DEBUG [Forwarding deleteAllCookies on session 24d300fcf97d37d523b713ca0ee8f459 to remote] http.wire 73 - http-outgoing-708 << "Content-Length:72[\r][\n]"
02-06-2018 18:15:45 Wire.java DEBUG [Forwarding deleteAllCookies on session 24d300fcf97d37d523b713ca0ee8f459 to remote] http.wire 73 - http-outgoing-708 << "Content-Type:application/json; charset=utf-8[\r][\n]"
02-06-2018 18:15:45 Wire.java DEBUG [Forwarding deleteAllCookies on session 24d300fcf97d37d523b713ca0ee8f459 to remote] http.wire 73 - http-outgoing-708 << "Connection:close[\r][\n]"
02-06-2018 18:15:45 Wire.java DEBUG [Forwarding deleteAllCookies on session 24d300fcf97d37d523b713ca0ee8f459 to remote] http.wire 73 - http-outgoing-708 << "[\r][\n]"
02-06-2018 18:15:45 Wire.java DEBUG [Forwarding deleteAllCookies on session 24d300fcf97d37d523b713ca0ee8f459 to remote] http.wire 87 - http-outgoing-708 << "{"sessionId":"24d300fcf97d37d523b713ca0ee8f459","status":0,"value":null}"
02-06-2018 18:15:45 LoggingManagedHttpClientConnection.java DEBUG [Forwarding deleteAllCookies on session 24d300fcf97d37d523b713ca0ee8f459 to remote] http.headers 122 - http-outgoing-708 << HTTP/1.1 200 OK
02-06-2018 18:15:45 LoggingManagedHttpClientConnection.java DEBUG [Forwarding deleteAllCookies on session 24d300fcf97d37d523b713ca0ee8f459 to remote] http.headers 125 - http-outgoing-708 << Content-Length:72
02-06-2018 18:15:45 LoggingManagedHttpClientConnection.java DEBUG [Forwarding deleteAllCookies on session 24d300fcf97d37d523b713ca0ee8f459 to remote] http.headers 125 - http-outgoing-708 << Content-Type:application/json; charset=utf-8
02-06-2018 18:15:45 LoggingManagedHttpClientConnection.java DEBUG [Forwarding deleteAllCookies on session 24d300fcf97d37d523b713ca0ee8f459 to remote] http.headers 125 - http-outgoing-708 << Connection:close
02-06-2018 18:15:45 LoggingManagedHttpClientConnection.java DEBUG [Forwarding deleteAllCookies on session 24d300fcf97d37d523b713ca0ee8f459 to remote] conn.DefaultManagedHttpClientConnection 79 - http-outgoing-708: Close connection
02-06-2018 18:15:45 ConnectionHolder.java DEBUG [Forwarding deleteAllCookies on session 24d300fcf97d37d523b713ca0ee8f459 to remote] execchain.MainClientExec 104 - Connection discarded
02-06-2018 18:15:45 PoolingHttpClientConnectionManager.java DEBUG [Forwarding deleteAllCookies on session 24d300fcf97d37d523b713ca0ee8f459 to remote] conn.PoolingHttpClientConnectionManager 326 - Connection released: [id: 708][route: {}->http://localhost:14595][total kept alive: 0; route allocated: 0 of 2000; total allocated: 0 of 2000]
02-06-2018 18:15:45 RequestAddCookies.java DEBUG [Forwarding setTimeout on session 24d300fcf97d37d523b713ca0ee8f459 to remote] protocol.RequestAddCookies 123 - CookieSpec selected: default
02-06-2018 18:15:45 RequestAuthCache.java DEBUG [Forwarding setTimeout on session 24d300fcf97d37d523b713ca0ee8f459 to remote] protocol.RequestAuthCache 77 - Auth cache not set in the context
02-06-2018 18:15:45 PoolingHttpClientConnectionManager.java DEBUG [Forwarding setTimeout on session 24d300fcf97d37d523b713ca0ee8f459 to remote] conn.PoolingHttpClientConnectionManager 255 - Connection request: [route: {}->http://localhost:14595][total kept alive: 0; route allocated: 0 of 2000; total allocated: 0 of 2000]
02-06-2018 18:15:45 PoolingHttpClientConnectionManager.java DEBUG [Forwarding setTimeout on session 24d300fcf97d37d523b713ca0ee8f459 to remote] conn.PoolingHttpClientConnectionManager 288 - Connection leased: [id: 709][route: {}->http://localhost:14595][total kept alive: 0; route allocated: 1 of 2000; total allocated: 1 of 2000]
02-06-2018 18:15:45 MainClientExec.java DEBUG [Forwarding setTimeout on session 24d300fcf97d37d523b713ca0ee8f459 to remote] execchain.MainClientExec 235 - Opening connection {}->http://localhost:14595
02-06-2018 18:15:45 DefaultHttpClientConnectionOperator.java DEBUG [Forwarding setTimeout on session 24d300fcf97d37d523b713ca0ee8f459 to remote] conn.DefaultHttpClientConnectionOperator 139 - Connecting to localhost/127.0.0.1:14595
02-06-2018 18:15:45 DefaultHttpClientConnectionOperator.java DEBUG [Forwarding setTimeout on session 24d300fcf97d37d523b713ca0ee8f459 to remote] conn.DefaultHttpClientConnectionOperator 146 - Connection established 127.0.0.1:51981<->127.0.0.1:14595
02-06-2018 18:15:45 LoggingManagedHttpClientConnection.java DEBUG [Forwarding setTimeout on session 24d300fcf97d37d523b713ca0ee8f459 to remote] conn.DefaultManagedHttpClientConnection 88 - http-outgoing-709: set socket timeout to 10800000
02-06-2018 18:15:45 MainClientExec.java DEBUG [Forwarding setTimeout on session 24d300fcf97d37d523b713ca0ee8f459 to remote] execchain.MainClientExec 256 - Executing request POST /session/24d300fcf97d37d523b713ca0ee8f459/timeouts HTTP/1.1
02-06-2018 18:15:45 MainClientExec.java DEBUG [Forwarding setTimeout on session 24d300fcf97d37d523b713ca0ee8f459 to remote] execchain.MainClientExec 261 - Target auth state: UNCHALLENGED
02-06-2018 18:15:45 MainClientExec.java DEBUG [Forwarding setTimeout on session 24d300fcf97d37d523b713ca0ee8f459 to remote] execchain.MainClientExec 267 - Proxy auth state: UNCHALLENGED
02-06-2018 18:15:45 LoggingManagedHttpClientConnection.java DEBUG [Forwarding setTimeout on session 24d300fcf97d37d523b713ca0ee8f459 to remote] http.headers 133 - http-outgoing-709 >> POST /session/24d300fcf97d37d523b713ca0ee8f459/timeouts HTTP/1.1
02-06-2018 18:15:45 LoggingManagedHttpClientConnection.java DEBUG [Forwarding setTimeout on session 24d300fcf97d37d523b713ca0ee8f459 to remote] http.headers 136 - http-outgoing-709 >> Content-Type: application/json; charset=utf-8
02-06-2018 18:15:45 LoggingManagedHttpClientConnection.java DEBUG [Forwarding setTimeout on session 24d300fcf97d37d523b713ca0ee8f459 to remote] http.headers 136 - http-outgoing-709 >> Content-Length: 31
02-06-2018 18:15:45 LoggingManagedHttpClientConnection.java DEBUG [Forwarding setTimeout on session 24d300fcf97d37d523b713ca0ee8f459 to remote] http.headers 136 - http-outgoing-709 >> Host: localhost:14595
02-06-2018 18:15:45 LoggingManagedHttpClientConnection.java DEBUG [Forwarding setTimeout on session 24d300fcf97d37d523b713ca0ee8f459 to remote] http.headers 136 - http-outgoing-709 >> Connection: Keep-Alive
02-06-2018 18:15:45 LoggingManagedHttpClientConnection.java DEBUG [Forwarding setTimeout on session 24d300fcf97d37d523b713ca0ee8f459 to remote] http.headers 136 - http-outgoing-709 >> User-Agent: Apache-HttpClient/4.5.3 (Java/1.8.0_151)
02-06-2018 18:15:45 LoggingManagedHttpClientConnection.java DEBUG [Forwarding setTimeout on session 24d300fcf97d37d523b713ca0ee8f459 to remote] http.headers 136 - http-outgoing-709 >> Accept-Encoding: gzip,deflate
02-06-2018 18:15:45 Wire.java DEBUG [Forwarding setTimeout on session 24d300fcf97d37d523b713ca0ee8f459 to remote] http.wire 73 - http-outgoing-709 >> "POST /session/24d300fcf97d37d523b713ca0ee8f459/timeouts HTTP/1.1[\r][\n]"
02-06-2018 18:15:45 Wire.java DEBUG [Forwarding setTimeout on session 24d300fcf97d37d523b713ca0ee8f459 to remote] http.wire 73 - http-outgoing-709 >> "Content-Type: application/json; charset=utf-8[\r][\n]"
02-06-2018 18:15:45 Wire.java DEBUG [Forwarding setTimeout on session 24d300fcf97d37d523b713ca0ee8f459 to remote] http.wire 73 - http-outgoing-709 >> "Content-Length: 31[\r][\n]"
02-06-2018 18:15:45 Wire.java DEBUG [Forwarding setTimeout on session 24d300fcf97d37d523b713ca0ee8f459 to remote] http.wire 73 - http-outgoing-709 >> "Host: localhost:14595[\r][\n]"
02-06-2018 18:15:45 Wire.java DEBUG [Forwarding setTimeout on session 24d300fcf97d37d523b713ca0ee8f459 to remote] http.wire 73 - http-outgoing-709 >> "Connection: Keep-Alive[\r][\n]"
02-06-2018 18:15:45 Wire.java DEBUG [Forwarding setTimeout on session 24d300fcf97d37d523b713ca0ee8f459 to remote] http.wire 73 - http-outgoing-709 >> "User-Agent: Apache-HttpClient/4.5.3 (Java/1.8.0_151)[\r][\n]"
02-06-2018 18:15:45 Wire.java DEBUG [Forwarding setTimeout on session 24d300fcf97d37d523b713ca0ee8f459 to remote] http.wire 73 - http-outgoing-709 >> "Accept-Encoding: gzip,deflate[\r][\n]"
02-06-2018 18:15:45 Wire.java DEBUG [Forwarding setTimeout on session 24d300fcf97d37d523b713ca0ee8f459 to remote] http.wire 73 - http-outgoing-709 >> "[\r][\n]"
02-06-2018 18:15:45 Wire.java DEBUG [Forwarding setTimeout on session 24d300fcf97d37d523b713ca0ee8f459 to remote] http.wire 87 - http-outgoing-709 >> "{"type":"page load","ms":20000}"
02-06-2018 18:15:45 Wire.java DEBUG [Forwarding setTimeout on session 24d300fcf97d37d523b713ca0ee8f459 to remote] http.wire 73 - http-outgoing-709 << "HTTP/1.1 200 OK[\r][\n]"
02-06-2018 18:15:45 Wire.java DEBUG [Forwarding setTimeout on session 24d300fcf97d37d523b713ca0ee8f459 to remote] http.wire 73 - http-outgoing-709 << "Content-Length:72[\r][\n]"
02-06-2018 18:15:45 Wire.java DEBUG [Forwarding setTimeout on session 24d300fcf97d37d523b713ca0ee8f459 to remote] http.wire 73 - http-outgoing-709 << "Content-Type:application/json; charset=utf-8[\r][\n]"
02-06-2018 18:15:45 Wire.java DEBUG [Forwarding setTimeout on session 24d300fcf97d37d523b713ca0ee8f459 to remote] http.wire 73 - http-outgoing-709 << "Connection:close[\r][\n]"
02-06-2018 18:15:45 Wire.java DEBUG [Forwarding setTimeout on session 24d300fcf97d37d523b713ca0ee8f459 to remote] http.wire 73 - http-outgoing-709 << "[\r][\n]"
02-06-2018 18:15:45 Wire.java DEBUG [Forwarding setTimeout on session 24d300fcf97d37d523b713ca0ee8f459 to remote] http.wire 87 - http-outgoing-709 << "{"sessionId":"24d300fcf97d37d523b713ca0ee8f459","status":0,"value":null}"
02-06-2018 18:15:45 LoggingManagedHttpClientConnection.java DEBUG [Forwarding setTimeout on session 24d300fcf97d37d523b713ca0ee8f459 to remote] http.headers 122 - http-outgoing-709 << HTTP/1.1 200 OK
02-06-2018 18:15:45 LoggingManagedHttpClientConnection.java DEBUG [Forwarding setTimeout on session 24d300fcf97d37d523b713ca0ee8f459 to remote] http.headers 125 - http-outgoing-709 << Content-Length:72
02-06-2018 18:15:45 LoggingManagedHttpClientConnection.java DEBUG [Forwarding setTimeout on session 24d300fcf97d37d523b713ca0ee8f459 to remote] http.headers 125 - http-outgoing-709 << Content-Type:application/json; charset=utf-8
02-06-2018 18:15:45 LoggingManagedHttpClientConnection.java DEBUG [Forwarding setTimeout on session 24d300fcf97d37d523b713ca0ee8f459 to remote] http.headers 125 - http-outgoing-709 << Connection:close
02-06-2018 18:15:45 LoggingManagedHttpClientConnection.java DEBUG [Forwarding setTimeout on session 24d300fcf97d37d523b713ca0ee8f459 to remote] conn.DefaultManagedHttpClientConnection 79 - http-outgoing-709: Close connection
02-06-2018 18:15:45 ConnectionHolder.java DEBUG [Forwarding setTimeout on session 24d300fcf97d37d523b713ca0ee8f459 to remote] execchain.MainClientExec 104 - Connection discarded
02-06-2018 18:15:45 PoolingHttpClientConnectionManager.java DEBUG [Forwarding setTimeout on session 24d300fcf97d37d523b713ca0ee8f459 to remote] conn.PoolingHttpClientConnectionManager 326 - Connection released: [id: 709][route: {}->http://localhost:14595][total kept alive: 0; route allocated: 0 of 2000; total allocated: 0 of 2000]
02-06-2018 18:15:45 RequestAddCookies.java DEBUG [Forwarding setTimeout on session 24d300fcf97d37d523b713ca0ee8f459 to remote] protocol.RequestAddCookies 123 - CookieSpec selected: default
02-06-2018 18:15:45 RequestAuthCache.java DEBUG [Forwarding setTimeout on session 24d300fcf97d37d523b713ca0ee8f459 to remote] protocol.RequestAuthCache 77 - Auth cache not set in the context
02-06-2018 18:15:45 PoolingHttpClientConnectionManager.java DEBUG [Forwarding setTimeout on session 24d300fcf97d37d523b713ca0ee8f459 to remote] conn.PoolingHttpClientConnectionManager 255 - Connection request: [route: {}->http://localhost:14595][total kept alive: 0; route allocated: 0 of 2000; total allocated: 0 of 2000]
02-06-2018 18:15:45 PoolingHttpClientConnectionManager.java DEBUG [Forwarding setTimeout on session 24d300fcf97d37d523b713ca0ee8f459 to remote] conn.PoolingHttpClientConnectionManager 288 - Connection leased: [id: 710][route: {}->http://localhost:14595][total kept alive: 0; route allocated: 1 of 2000; total allocated: 1 of 2000]
02-06-2018 18:15:45 MainClientExec.java DEBUG [Forwarding setTimeout on session 24d300fcf97d37d523b713ca0ee8f459 to remote] execchain.MainClientExec 235 - Opening connection {}->http://localhost:14595
02-06-2018 18:15:45 DefaultHttpClientConnectionOperator.java DEBUG [Forwarding setTimeout on session 24d300fcf97d37d523b713ca0ee8f459 to remote] conn.DefaultHttpClientConnectionOperator 139 - Connecting to localhost/127.0.0.1:14595
02-06-2018 18:15:45 DefaultHttpClientConnectionOperator.java DEBUG [Forwarding setTimeout on session 24d300fcf97d37d523b713ca0ee8f459 to remote] conn.DefaultHttpClientConnectionOperator 146 - Connection established 127.0.0.1:51982<->127.0.0.1:14595
02-06-2018 18:15:45 LoggingManagedHttpClientConnection.java DEBUG [Forwarding setTimeout on session 24d300fcf97d37d523b713ca0ee8f459 to remote] conn.DefaultManagedHttpClientConnection 88 - http-outgoing-710: set socket timeout to 10800000
02-06-2018 18:15:45 MainClientExec.java DEBUG [Forwarding setTimeout on session 24d300fcf97d37d523b713ca0ee8f459 to remote] execchain.MainClientExec 256 - Executing request POST /session/24d300fcf97d37d523b713ca0ee8f459/timeouts HTTP/1.1
02-06-2018 18:15:45 MainClientExec.java DEBUG [Forwarding setTimeout on session 24d300fcf97d37d523b713ca0ee8f459 to remote] execchain.MainClientExec 261 - Target auth state: UNCHALLENGED
02-06-2018 18:15:45 MainClientExec.java DEBUG [Forwarding setTimeout on session 24d300fcf97d37d523b713ca0ee8f459 to remote] execchain.MainClientExec 267 - Proxy auth state: UNCHALLENGED
02-06-2018 18:15:45 LoggingManagedHttpClientConnection.java DEBUG [Forwarding setTimeout on session 24d300fcf97d37d523b713ca0ee8f459 to remote] http.headers 133 - http-outgoing-710 >> POST /session/24d300fcf97d37d523b713ca0ee8f459/timeouts HTTP/1.1
02-06-2018 18:15:45 LoggingManagedHttpClientConnection.java DEBUG [Forwarding setTimeout on session 24d300fcf97d37d523b713ca0ee8f459 to remote] http.headers 136 - http-outgoing-710 >> Content-Type: application/json; charset=utf-8
02-06-2018 18:15:45 LoggingManagedHttpClientConnection.java DEBUG [Forwarding setTimeout on session 24d300fcf97d37d523b713ca0ee8f459 to remote] http.headers 136 - http-outgoing-710 >> Content-Length: 30
02-06-2018 18:15:45 LoggingManagedHttpClientConnection.java DEBUG [Forwarding setTimeout on session 24d300fcf97d37d523b713ca0ee8f459 to remote] http.headers 136 - http-outgoing-710 >> Host: localhost:14595
02-06-2018 18:15:45 LoggingManagedHttpClientConnection.java DEBUG [Forwarding setTimeout on session 24d300fcf97d37d523b713ca0ee8f459 to remote] http.headers 136 - http-outgoing-710 >> Connection: Keep-Alive
02-06-2018 18:15:45 LoggingManagedHttpClientConnection.java DEBUG [Forwarding setTimeout on session 24d300fcf97d37d523b713ca0ee8f459 to remote] http.headers 136 - http-outgoing-710 >> User-Agent: Apache-HttpClient/4.5.3 (Java/1.8.0_151)
02-06-2018 18:15:45 LoggingManagedHttpClientConnection.java DEBUG [Forwarding setTimeout on session 24d300fcf97d37d523b713ca0ee8f459 to remote] http.headers 136 - http-outgoing-710 >> Accept-Encoding: gzip,deflate
02-06-2018 18:15:45 Wire.java DEBUG [Forwarding setTimeout on session 24d300fcf97d37d523b713ca0ee8f459 to remote] http.wire 73 - http-outgoing-710 >> "POST /session/24d300fcf97d37d523b713ca0ee8f459/timeouts HTTP/1.1[\r][\n]"
02-06-2018 18:15:45 Wire.java DEBUG [Forwarding setTimeout on session 24d300fcf97d37d523b713ca0ee8f459 to remote] http.wire 73 - http-outgoing-710 >> "Content-Type: application/json; charset=utf-8[\r][\n]"
02-06-2018 18:15:45 Wire.java DEBUG [Forwarding setTimeout on session 24d300fcf97d37d523b713ca0ee8f459 to remote] http.wire 73 - http-outgoing-710 >> "Content-Length: 30[\r][\n]"
02-06-2018 18:15:45 Wire.java DEBUG [Forwarding setTimeout on session 24d300fcf97d37d523b713ca0ee8f459 to remote] http.wire 73 - http-outgoing-710 >> "Host: localhost:14595[\r][\n]"
02-06-2018 18:15:45 Wire.java DEBUG [Forwarding setTimeout on session 24d300fcf97d37d523b713ca0ee8f459 to remote] http.wire 73 - http-outgoing-710 >> "Connection: Keep-Alive[\r][\n]"
02-06-2018 18:15:45 Wire.java DEBUG [Forwarding setTimeout on session 24d300fcf97d37d523b713ca0ee8f459 to remote] http.wire 73 - http-outgoing-710 >> "User-Agent: Apache-HttpClient/4.5.3 (Java/1.8.0_151)[\r][\n]"
02-06-2018 18:15:45 Wire.java DEBUG [Forwarding setTimeout on session 24d300fcf97d37d523b713ca0ee8f459 to remote] http.wire 73 - http-outgoing-710 >> "Accept-Encoding: gzip,deflate[\r][\n]"
02-06-2018 18:15:45 Wire.java DEBUG [Forwarding setTimeout on session 24d300fcf97d37d523b713ca0ee8f459 to remote] http.wire 73 - http-outgoing-710 >> "[\r][\n]"
02-06-2018 18:15:45 Wire.java DEBUG [Forwarding setTimeout on session 24d300fcf97d37d523b713ca0ee8f459 to remote] http.wire 87 - http-outgoing-710 >> "{"type":"implicit","ms":20000}"
02-06-2018 18:15:46 Wire.java DEBUG [Forwarding setTimeout on session 24d300fcf97d37d523b713ca0ee8f459 to remote] http.wire 73 - http-outgoing-710 << "HTTP/1.1 200 OK[\r][\n]"
02-06-2018 18:15:46 Wire.java DEBUG [Forwarding setTimeout on session 24d300fcf97d37d523b713ca0ee8f459 to remote] http.wire 73 - http-outgoing-710 << "Content-Length:72[\r][\n]"
02-06-2018 18:15:46 Wire.java DEBUG [Forwarding setTimeout on session 24d300fcf97d37d523b713ca0ee8f459 to remote] http.wire 73 - http-outgoing-710 << "Content-Type:application/json; charset=utf-8[\r][\n]"
02-06-2018 18:15:46 Wire.java DEBUG [Forwarding setTimeout on session 24d300fcf97d37d523b713ca0ee8f459 to remote] http.wire 73 - http-outgoing-710 << "Connection:close[\r][\n]"
02-06-2018 18:15:46 Wire.java DEBUG [Forwarding setTimeout on session 24d300fcf97d37d523b713ca0ee8f459 to remote] http.wire 73 - http-outgoing-710 << "[\r][\n]"
02-06-2018 18:15:46 Wire.java DEBUG [Forwarding setTimeout on session 24d300fcf97d37d523b713ca0ee8f459 to remote] http.wire 87 - http-outgoing-710 << "{"sessionId":"24d300fcf97d37d523b713ca0ee8f459","status":0,"value":null}"
02-06-2018 18:15:46 LoggingManagedHttpClientConnection.java DEBUG [Forwarding setTimeout on session 24d300fcf97d37d523b713ca0ee8f459 to remote] http.headers 122 - http-outgoing-710 << HTTP/1.1 200 OK
02-06-2018 18:15:46 LoggingManagedHttpClientConnection.java DEBUG [Forwarding setTimeout on session 24d300fcf97d37d523b713ca0ee8f459 to remote] http.headers 125 - http-outgoing-710 << Content-Length:72
02-06-2018 18:15:46 LoggingManagedHttpClientConnection.java DEBUG [Forwarding setTimeout on session 24d300fcf97d37d523b713ca0ee8f459 to remote] http.headers 125 - http-outgoing-710 << Content-Type:application/json; charset=utf-8
02-06-2018 18:15:46 LoggingManagedHttpClientConnection.java DEBUG [Forwarding setTimeout on session 24d300fcf97d37d523b713ca0ee8f459 to remote] http.headers 125 - http-outgoing-710 << Connection:close
02-06-2018 18:15:46 LoggingManagedHttpClientConnection.java DEBUG [Forwarding setTimeout on session 24d300fcf97d37d523b713ca0ee8f459 to remote] conn.DefaultManagedHttpClientConnection 79 - http-outgoing-710: Close connection
02-06-2018 18:15:46 ConnectionHolder.java DEBUG [Forwarding setTimeout on session 24d300fcf97d37d523b713ca0ee8f459 to remote] execchain.MainClientExec 104 - Connection discarded
02-06-2018 18:15:46 PoolingHttpClientConnectionManager.java DEBUG [Forwarding setTimeout on session 24d300fcf97d37d523b713ca0ee8f459 to remote] conn.PoolingHttpClientConnectionManager 326 - Connection released: [id: 710][route: {}->http://localhost:14595][total kept alive: 0; route allocated: 0 of 2000; total allocated: 0 of 2000]
02-06-2018 18:15:46 RequestAddCookies.java DEBUG [Forwarding get on session 24d300fcf97d37d523b713ca0ee8f459 to remote] protocol.RequestAddCookies 123 - CookieSpec selected: default
02-06-2018 18:15:46 RequestAuthCache.java DEBUG [Forwarding get on session 24d300fcf97d37d523b713ca0ee8f459 to remote] protocol.RequestAuthCache 77 - Auth cache not set in the context
02-06-2018 18:15:46 PoolingHttpClientConnectionManager.java DEBUG [Forwarding get on session 24d300fcf97d37d523b713ca0ee8f459 to remote] conn.PoolingHttpClientConnectionManager 255 - Connection request: [route: {}->http://localhost:14595][total kept alive: 0; route allocated: 0 of 2000; total allocated: 0 of 2000]
02-06-2018 18:15:46 PoolingHttpClientConnectionManager.java DEBUG [Forwarding get on session 24d300fcf97d37d523b713ca0ee8f459 to remote] conn.PoolingHttpClientConnectionManager 288 - Connection leased: [id: 711][route: {}->http://localhost:14595][total kept alive: 0; route allocated: 1 of 2000; total allocated: 1 of 2000]
02-06-2018 18:15:46 MainClientExec.java DEBUG [Forwarding get on session 24d300fcf97d37d523b713ca0ee8f459 to remote] execchain.MainClientExec 235 - Opening connection {}->http://localhost:14595
02-06-2018 18:15:46 DefaultHttpClientConnectionOperator.java DEBUG [Forwarding get on session 24d300fcf97d37d523b713ca0ee8f459 to remote] conn.DefaultHttpClientConnectionOperator 139 - Connecting to localhost/127.0.0.1:14595
02-06-2018 18:15:46 DefaultHttpClientConnectionOperator.java DEBUG [Forwarding get on session 24d300fcf97d37d523b713ca0ee8f459 to remote] conn.DefaultHttpClientConnectionOperator 146 - Connection established 127.0.0.1:51983<->127.0.0.1:14595
02-06-2018 18:15:46 LoggingManagedHttpClientConnection.java DEBUG [Forwarding get on session 24d300fcf97d37d523b713ca0ee8f459 to remote] conn.DefaultManagedHttpClientConnection 88 - http-outgoing-711: set socket timeout to 10800000
02-06-2018 18:15:46 MainClientExec.java DEBUG [Forwarding get on session 24d300fcf97d37d523b713ca0ee8f459 to remote] execchain.MainClientExec 256 - Executing request POST /session/24d300fcf97d37d523b713ca0ee8f459/url HTTP/1.1
02-06-2018 18:15:46 MainClientExec.java DEBUG [Forwarding get on session 24d300fcf97d37d523b713ca0ee8f459 to remote] execchain.MainClientExec 261 - Target auth state: UNCHALLENGED
02-06-2018 18:15:46 MainClientExec.java DEBUG [Forwarding get on session 24d300fcf97d37d523b713ca0ee8f459 to remote] execchain.MainClientExec 267 - Proxy auth state: UNCHALLENGED
02-06-2018 18:15:46 LoggingManagedHttpClientConnection.java DEBUG [Forwarding get on session 24d300fcf97d37d523b713ca0ee8f459 to remote] http.headers 133 - http-outgoing-711 >> POST /session/24d300fcf97d37d523b713ca0ee8f459/url HTTP/1.1
02-06-2018 18:15:46 LoggingManagedHttpClientConnection.java DEBUG [Forwarding get on session 24d300fcf97d37d523b713ca0ee8f459 to remote] http.headers 136 - http-outgoing-711 >> Content-Type: application/json; charset=utf-8
02-06-2018 18:15:46 LoggingManagedHttpClientConnection.java DEBUG [Forwarding get on session 24d300fcf97d37d523b713ca0ee8f459 to remote] http.headers 136 - http-outgoing-711 >> Content-Length: 36
02-06-2018 18:15:46 LoggingManagedHttpClientConnection.java DEBUG [Forwarding get on session 24d300fcf97d37d523b713ca0ee8f459 to remote] http.headers 136 - http-outgoing-711 >> Host: localhost:14595
02-06-2018 18:15:46 LoggingManagedHttpClientConnection.java DEBUG [Forwarding get on session 24d300fcf97d37d523b713ca0ee8f459 to remote] http.headers 136 - http-outgoing-711 >> Connection: Keep-Alive
02-06-2018 18:15:46 LoggingManagedHttpClientConnection.java DEBUG [Forwarding get on session 24d300fcf97d37d523b713ca0ee8f459 to remote] http.headers 136 - http-outgoing-711 >> User-Agent: Apache-HttpClient/4.5.3 (Java/1.8.0_151)
02-06-2018 18:15:46 LoggingManagedHttpClientConnection.java DEBUG [Forwarding get on session 24d300fcf97d37d523b713ca0ee8f459 to remote] http.headers 136 - http-outgoing-711 >> Accept-Encoding: gzip,deflate
02-06-2018 18:15:46 Wire.java DEBUG [Forwarding get on session 24d300fcf97d37d523b713ca0ee8f459 to remote] http.wire 73 - http-outgoing-711 >> "POST /session/24d300fcf97d37d523b713ca0ee8f459/url HTTP/1.1[\r][\n]"
02-06-2018 18:15:46 Wire.java DEBUG [Forwarding get on session 24d300fcf97d37d523b713ca0ee8f459 to remote] http.wire 73 - http-outgoing-711 >> "Content-Type: application/json; charset=utf-8[\r][\n]"
02-06-2018 18:15:46 Wire.java DEBUG [Forwarding get on session 24d300fcf97d37d523b713ca0ee8f459 to remote] http.wire 73 - http-outgoing-711 >> "Content-Length: 36[\r][\n]"
02-06-2018 18:15:46 Wire.java DEBUG [Forwarding get on session 24d300fcf97d37d523b713ca0ee8f459 to remote] http.wire 73 - http-outgoing-711 >> "Host: localhost:14595[\r][\n]"
02-06-2018 18:15:46 Wire.java DEBUG [Forwarding get on session 24d300fcf97d37d523b713ca0ee8f459 to remote] http.wire 73 - http-outgoing-711 >> "Connection: Keep-Alive[\r][\n]"
02-06-2018 18:15:46 Wire.java DEBUG [Forwarding get on session 24d300fcf97d37d523b713ca0ee8f459 to remote] http.wire 73 - http-outgoing-711 >> "User-Agent: Apache-HttpClient/4.5.3 (Java/1.8.0_151)[\r][\n]"
02-06-2018 18:15:46 Wire.java DEBUG [Forwarding get on session 24d300fcf97d37d523b713ca0ee8f459 to remote] http.wire 73 - http-outgoing-711 >> "Accept-Encoding: gzip,deflate[\r][\n]"
02-06-2018 18:15:46 Wire.java DEBUG [Forwarding get on session 24d300fcf97d37d523b713ca0ee8f459 to remote] http.wire 73 - http-outgoing-711 >> "[\r][\n]"
02-06-2018 18:15:46 Wire.java DEBUG [Forwarding get on session 24d300fcf97d37d523b713ca0ee8f459 to remote] http.wire 87 - http-outgoing-711 >> "{"url":"http://jusdone.atomic77.in"}"
02-06-2018 18:15:48 Wire.java DEBUG [Forwarding get on session 24d300fcf97d37d523b713ca0ee8f459 to remote] http.wire 73 - http-outgoing-711 << "HTTP/1.1 200 OK[\r][\n]"
02-06-2018 18:15:48 Wire.java DEBUG [Forwarding get on session 24d300fcf97d37d523b713ca0ee8f459 to remote] http.wire 73 - http-outgoing-711 << "Content-Length:72[\r][\n]"
02-06-2018 18:15:48 Wire.java DEBUG [Forwarding get on session 24d300fcf97d37d523b713ca0ee8f459 to remote] http.wire 73 - http-outgoing-711 << "Content-Type:application/json; charset=utf-8[\r][\n]"
02-06-2018 18:15:48 Wire.java DEBUG [Forwarding get on session 24d300fcf97d37d523b713ca0ee8f459 to remote] http.wire 73 - http-outgoing-711 << "Connection:close[\r][\n]"
02-06-2018 18:15:48 Wire.java DEBUG [Forwarding get on session 24d300fcf97d37d523b713ca0ee8f459 to remote] http.wire 73 - http-outgoing-711 << "[\r][\n]"
02-06-2018 18:15:48 Wire.java DEBUG [Forwarding get on session 24d300fcf97d37d523b713ca0ee8f459 to remote] http.wire 87 - http-outgoing-711 << "{"sessionId":"24d300fcf97d37d523b713ca0ee8f459","status":0,"value":null}"
02-06-2018 18:15:48 LoggingManagedHttpClientConnection.java DEBUG [Forwarding get on session 24d300fcf97d37d523b713ca0ee8f459 to remote] http.headers 122 - http-outgoing-711 << HTTP/1.1 200 OK
02-06-2018 18:15:48 LoggingManagedHttpClientConnection.java DEBUG [Forwarding get on session 24d300fcf97d37d523b713ca0ee8f459 to remote] http.headers 125 - http-outgoing-711 << Content-Length:72
02-06-2018 18:15:48 LoggingManagedHttpClientConnection.java DEBUG [Forwarding get on session 24d300fcf97d37d523b713ca0ee8f459 to remote] http.headers 125 - http-outgoing-711 << Content-Type:application/json; charset=utf-8
02-06-2018 18:15:48 LoggingManagedHttpClientConnection.java DEBUG [Forwarding get on session 24d300fcf97d37d523b713ca0ee8f459 to remote] http.headers 125 - http-outgoing-711 << Connection:close
02-06-2018 18:15:48 LoggingManagedHttpClientConnection.java DEBUG [Forwarding get on session 24d300fcf97d37d523b713ca0ee8f459 to remote] conn.DefaultManagedHttpClientConnection 79 - http-outgoing-711: Close connection
02-06-2018 18:15:48 ConnectionHolder.java DEBUG [Forwarding get on session 24d300fcf97d37d523b713ca0ee8f459 to remote] execchain.MainClientExec 104 - Connection discarded
02-06-2018 18:15:48 PoolingHttpClientConnectionManager.java DEBUG [Forwarding get on session 24d300fcf97d37d523b713ca0ee8f459 to remote] conn.PoolingHttpClientConnectionManager 326 - Connection released: [id: 711][route: {}->http://localhost:14595][total kept alive: 0; route allocated: 0 of 2000; total allocated: 0 of 2000]
02-06-2018 18:15:48 RequestAddCookies.java DEBUG [Forwarding findElement on session 24d300fcf97d37d523b713ca0ee8f459 to remote] protocol.RequestAddCookies 123 - CookieSpec selected: default
02-06-2018 18:15:48 RequestAuthCache.java DEBUG [Forwarding findElement on session 24d300fcf97d37d523b713ca0ee8f459 to remote] protocol.RequestAuthCache 77 - Auth cache not set in the context
02-06-2018 18:15:48 PoolingHttpClientConnectionManager.java DEBUG [Forwarding findElement on session 24d300fcf97d37d523b713ca0ee8f459 to remote] conn.PoolingHttpClientConnectionManager 255 - Connection request: [route: {}->http://localhost:14595][total kept alive: 0; route allocated: 0 of 2000; total allocated: 0 of 2000]
02-06-2018 18:15:48 PoolingHttpClientConnectionManager.java DEBUG [Forwarding findElement on session 24d300fcf97d37d523b713ca0ee8f459 to remote] conn.PoolingHttpClientConnectionManager 288 - Connection leased: [id: 712][route: {}->http://localhost:14595][total kept alive: 0; route allocated: 1 of 2000; total allocated: 1 of 2000]
02-06-2018 18:15:48 MainClientExec.java DEBUG [Forwarding findElement on session 24d300fcf97d37d523b713ca0ee8f459 to remote] execchain.MainClientExec 235 - Opening connection {}->http://localhost:14595
02-06-2018 18:15:48 DefaultHttpClientConnectionOperator.java DEBUG [Forwarding findElement on session 24d300fcf97d37d523b713ca0ee8f459 to remote] conn.DefaultHttpClientConnectionOperator 139 - Connecting to localhost/127.0.0.1:14595
02-06-2018 18:15:48 DefaultHttpClientConnectionOperator.java DEBUG [Forwarding findElement on session 24d300fcf97d37d523b713ca0ee8f459 to remote] conn.DefaultHttpClientConnectionOperator 146 - Connection established 127.0.0.1:51989<->127.0.0.1:14595
02-06-2018 18:15:48 LoggingManagedHttpClientConnection.java DEBUG [Forwarding findElement on session 24d300fcf97d37d523b713ca0ee8f459 to remote] conn.DefaultManagedHttpClientConnection 88 - http-outgoing-712: set socket timeout to 10800000
02-06-2018 18:15:48 MainClientExec.java DEBUG [Forwarding findElement on session 24d300fcf97d37d523b713ca0ee8f459 to remote] execchain.MainClientExec 256 - Executing request POST /session/24d300fcf97d37d523b713ca0ee8f459/element HTTP/1.1
02-06-2018 18:15:48 MainClientExec.java DEBUG [Forwarding findElement on session 24d300fcf97d37d523b713ca0ee8f459 to remote] execchain.MainClientExec 261 - Target auth state: UNCHALLENGED
02-06-2018 18:15:48 MainClientExec.java DEBUG [Forwarding findElement on session 24d300fcf97d37d523b713ca0ee8f459 to remote] execchain.MainClientExec 267 - Proxy auth state: UNCHALLENGED
02-06-2018 18:15:48 LoggingManagedHttpClientConnection.java DEBUG [Forwarding findElement on session 24d300fcf97d37d523b713ca0ee8f459 to remote] http.headers 133 - http-outgoing-712 >> POST /session/24d300fcf97d37d523b713ca0ee8f459/element HTTP/1.1
02-06-2018 18:15:48 LoggingManagedHttpClientConnection.java DEBUG [Forwarding findElement on session 24d300fcf97d37d523b713ca0ee8f459 to remote] http.headers 136 - http-outgoing-712 >> Content-Type: application/json; charset=utf-8
02-06-2018 18:15:48 LoggingManagedHttpClientConnection.java DEBUG [Forwarding findElement on session 24d300fcf97d37d523b713ca0ee8f459 to remote] http.headers 136 - http-outgoing-712 >> Content-Length: 64
02-06-2018 18:15:48 LoggingManagedHttpClientConnection.java DEBUG [Forwarding findElement on session 24d300fcf97d37d523b713ca0ee8f459 to remote] http.headers 136 - http-outgoing-712 >> Host: localhost:14595
02-06-2018 18:15:48 LoggingManagedHttpClientConnection.java DEBUG [Forwarding findElement on session 24d300fcf97d37d523b713ca0ee8f459 to remote] http.headers 136 - http-outgoing-712 >> Connection: Keep-Alive
02-06-2018 18:15:48 LoggingManagedHttpClientConnection.java DEBUG [Forwarding findElement on session 24d300fcf97d37d523b713ca0ee8f459 to remote] http.headers 136 - http-outgoing-712 >> User-Agent: Apache-HttpClient/4.5.3 (Java/1.8.0_151)
02-06-2018 18:15:48 LoggingManagedHttpClientConnection.java DEBUG [Forwarding findElement on session 24d300fcf97d37d523b713ca0ee8f459 to remote] http.headers 136 - http-outgoing-712 >> Accept-Encoding: gzip,deflate
02-06-2018 18:15:48 Wire.java DEBUG [Forwarding findElement on session 24d300fcf97d37d523b713ca0ee8f459 to remote] http.wire 73 - http-outgoing-712 >> "POST /session/24d300fcf97d37d523b713ca0ee8f459/element HTTP/1.1[\r][\n]"
02-06-2018 18:15:48 Wire.java DEBUG [Forwarding findElement on session 24d300fcf97d37d523b713ca0ee8f459 to remote] http.wire 73 - http-outgoing-712 >> "Content-Type: application/json; charset=utf-8[\r][\n]"
02-06-2018 18:15:48 Wire.java DEBUG [Forwarding findElement on session 24d300fcf97d37d523b713ca0ee8f459 to remote] http.wire 73 - http-outgoing-712 >> "Content-Length: 64[\r][\n]"
02-06-2018 18:15:48 Wire.java DEBUG [Forwarding findElement on session 24d300fcf97d37d523b713ca0ee8f459 to remote] http.wire 73 - http-outgoing-712 >> "Host: localhost:14595[\r][\n]"
02-06-2018 18:15:48 Wire.java DEBUG [Forwarding findElement on session 24d300fcf97d37d523b713ca0ee8f459 to remote] http.wire 73 - http-outgoing-712 >> "Connection: Keep-Alive[\r][\n]"
02-06-2018 18:15:48 Wire.java DEBUG [Forwarding findElement on session 24d300fcf97d37d523b713ca0ee8f459 to remote] http.wire 73 - http-outgoing-712 >> "User-Agent: Apache-HttpClient/4.5.3 (Java/1.8.0_151)[\r][\n]"
02-06-2018 18:15:48 Wire.java DEBUG [Forwarding findElement on session 24d300fcf97d37d523b713ca0ee8f459 to remote] http.wire 73 - http-outgoing-712 >> "Accept-Encoding: gzip,deflate[\r][\n]"
02-06-2018 18:15:48 Wire.java DEBUG [Forwarding findElement on session 24d300fcf97d37d523b713ca0ee8f459 to remote] http.wire 73 - http-outgoing-712 >> "[\r][\n]"
02-06-2018 18:15:48 Wire.java DEBUG [Forwarding findElement on session 24d300fcf97d37d523b713ca0ee8f459 to remote] http.wire 87 - http-outgoing-712 >> "{"using":"xpath","value":"/html/body/div[1]/div/ul/li[1]/label"}"
02-06-2018 18:15:48 Wire.java DEBUG [Forwarding findElement on session 24d300fcf97d37d523b713ca0ee8f459 to remote] http.wire 73 - http-outgoing-712 << "HTTP/1.1 200 OK[\r][\n]"
02-06-2018 18:15:48 Wire.java DEBUG [Forwarding findElement on session 24d300fcf97d37d523b713ca0ee8f459 to remote] http.wire 73 - http-outgoing-712 << "Content-Length:103[\r][\n]"
02-06-2018 18:15:48 Wire.java DEBUG [Forwarding findElement on session 24d300fcf97d37d523b713ca0ee8f459 to remote] http.wire 73 - http-outgoing-712 << "Content-Type:application/json; charset=utf-8[\r][\n]"
02-06-2018 18:15:48 Wire.java DEBUG [Forwarding findElement on session 24d300fcf97d37d523b713ca0ee8f459 to remote] http.wire 73 - http-outgoing-712 << "Connection:close[\r][\n]"
02-06-2018 18:15:48 Wire.java DEBUG [Forwarding findElement on session 24d300fcf97d37d523b713ca0ee8f459 to remote] http.wire 73 - http-outgoing-712 << "[\r][\n]"
02-06-2018 18:15:48 Wire.java DEBUG [Forwarding findElement on session 24d300fcf97d37d523b713ca0ee8f459 to remote] http.wire 87 - http-outgoing-712 << "{"sessionId":"24d300fcf97d37d523b713ca0ee8f459","status":0,"value":{"ELEMENT":"0.25176092066473665-1"}}"
02-06-2018 18:15:48 LoggingManagedHttpClientConnection.java DEBUG [Forwarding findElement on session 24d300fcf97d37d523b713ca0ee8f459 to remote] http.headers 122 - http-outgoing-712 << HTTP/1.1 200 OK
02-06-2018 18:15:48 LoggingManagedHttpClientConnection.java DEBUG [Forwarding findElement on session 24d300fcf97d37d523b713ca0ee8f459 to remote] http.headers 125 - http-outgoing-712 << Content-Length:103
02-06-2018 18:15:48 LoggingManagedHttpClientConnection.java DEBUG [Forwarding findElement on session 24d300fcf97d37d523b713ca0ee8f459 to remote] http.headers 125 - http-outgoing-712 << Content-Type:application/json; charset=utf-8
02-06-2018 18:15:48 LoggingManagedHttpClientConnection.java DEBUG [Forwarding findElement on session 24d300fcf97d37d523b713ca0ee8f459 to remote] http.headers 125 - http-outgoing-712 << Connection:close
02-06-2018 18:15:48 LoggingManagedHttpClientConnection.java DEBUG [Forwarding findElement on session 24d300fcf97d37d523b713ca0ee8f459 to remote] conn.DefaultManagedHttpClientConnection 79 - http-outgoing-712: Close connection
02-06-2018 18:15:48 ConnectionHolder.java DEBUG [Forwarding findElement on session 24d300fcf97d37d523b713ca0ee8f459 to remote] execchain.MainClientExec 104 - Connection discarded
02-06-2018 18:15:48 PoolingHttpClientConnectionManager.java DEBUG [Forwarding findElement on session 24d300fcf97d37d523b713ca0ee8f459 to remote] conn.PoolingHttpClientConnectionManager 326 - Connection released: [id: 712][route: {}->http://localhost:14595][total kept alive: 0; route allocated: 0 of 2000; total allocated: 0 of 2000]
02-06-2018 18:15:48 RequestAddCookies.java DEBUG [Forwarding executeScript on session 24d300fcf97d37d523b713ca0ee8f459 to remote] protocol.RequestAddCookies 123 - CookieSpec selected: default
02-06-2018 18:15:48 RequestAuthCache.java DEBUG [Forwarding executeScript on session 24d300fcf97d37d523b713ca0ee8f459 to remote] protocol.RequestAuthCache 77 - Auth cache not set in the context
02-06-2018 18:15:48 PoolingHttpClientConnectionManager.java DEBUG [Forwarding executeScript on session 24d300fcf97d37d523b713ca0ee8f459 to remote] conn.PoolingHttpClientConnectionManager 255 - Connection request: [route: {}->http://localhost:14595][total kept alive: 0; route allocated: 0 of 2000; total allocated: 0 of 2000]
02-06-2018 18:15:48 PoolingHttpClientConnectionManager.java DEBUG [Forwarding executeScript on session 24d300fcf97d37d523b713ca0ee8f459 to remote] conn.PoolingHttpClientConnectionManager 288 - Connection leased: [id: 713][route: {}->http://localhost:14595][total kept alive: 0; route allocated: 1 of 2000; total allocated: 1 of 2000]
02-06-2018 18:15:48 MainClientExec.java DEBUG [Forwarding executeScript on session 24d300fcf97d37d523b713ca0ee8f459 to remote] execchain.MainClientExec 235 - Opening connection {}->http://localhost:14595
02-06-2018 18:15:48 DefaultHttpClientConnectionOperator.java DEBUG [Forwarding executeScript on session 24d300fcf97d37d523b713ca0ee8f459 to remote] conn.DefaultHttpClientConnectionOperator 139 - Connecting to localhost/127.0.0.1:14595
02-06-2018 18:15:48 DefaultHttpClientConnectionOperator.java DEBUG [Forwarding executeScript on session 24d300fcf97d37d523b713ca0ee8f459 to remote] conn.DefaultHttpClientConnectionOperator 146 - Connection established 127.0.0.1:51990<->127.0.0.1:14595
02-06-2018 18:15:48 LoggingManagedHttpClientConnection.java DEBUG [Forwarding executeScript on session 24d300fcf97d37d523b713ca0ee8f459 to remote] conn.DefaultManagedHttpClientConnection 88 - http-outgoing-713: set socket timeout to 10800000
02-06-2018 18:15:48 MainClientExec.java DEBUG [Forwarding executeScript on session 24d300fcf97d37d523b713ca0ee8f459 to remote] execchain.MainClientExec 256 - Executing request POST /session/24d300fcf97d37d523b713ca0ee8f459/execute HTTP/1.1
02-06-2018 18:15:48 MainClientExec.java DEBUG [Forwarding executeScript on session 24d300fcf97d37d523b713ca0ee8f459 to remote] execchain.MainClientExec 261 - Target auth state: UNCHALLENGED
02-06-2018 18:15:48 MainClientExec.java DEBUG [Forwarding executeScript on session 24d300fcf97d37d523b713ca0ee8f459 to remote] execchain.MainClientExec 267 - Proxy auth state: UNCHALLENGED
02-06-2018 18:15:48 LoggingManagedHttpClientConnection.java DEBUG [Forwarding executeScript on session 24d300fcf97d37d523b713ca0ee8f459 to remote] http.headers 133 - http-outgoing-713 >> POST /session/24d300fcf97d37d523b713ca0ee8f459/execute HTTP/1.1
02-06-2018 18:15:48 LoggingManagedHttpClientConnection.java DEBUG [Forwarding executeScript on session 24d300fcf97d37d523b713ca0ee8f459 to remote] http.headers 136 - http-outgoing-713 >> Content-Type: application/json; charset=utf-8
02-06-2018 18:15:48 LoggingManagedHttpClientConnection.java DEBUG [Forwarding executeScript on session 24d300fcf97d37d523b713ca0ee8f459 to remote] http.headers 136 - http-outgoing-713 >> Content-Length: 141
02-06-2018 18:15:48 LoggingManagedHttpClientConnection.java DEBUG [Forwarding executeScript on session 24d300fcf97d37d523b713ca0ee8f459 to remote] http.headers 136 - http-outgoing-713 >> Host: localhost:14595
02-06-2018 18:15:48 LoggingManagedHttpClientConnection.java DEBUG [Forwarding executeScript on session 24d300fcf97d37d523b713ca0ee8f459 to remote] http.headers 136 - http-outgoing-713 >> Connection: Keep-Alive
02-06-2018 18:15:48 LoggingManagedHttpClientConnection.java DEBUG [Forwarding executeScript on session 24d300fcf97d37d523b713ca0ee8f459 to remote] http.headers 136 - http-outgoing-713 >> User-Agent: Apache-HttpClient/4.5.3 (Java/1.8.0_151)
02-06-2018 18:15:48 LoggingManagedHttpClientConnection.java DEBUG [Forwarding executeScript on session 24d300fcf97d37d523b713ca0ee8f459 to remote] http.headers 136 - http-outgoing-713 >> Accept-Encoding: gzip,deflate
02-06-2018 18:15:48 Wire.java DEBUG [Forwarding executeScript on session 24d300fcf97d37d523b713ca0ee8f459 to remote] http.wire 73 - http-outgoing-713 >> "POST /session/24d300fcf97d37d523b713ca0ee8f459/execute HTTP/1.1[\r][\n]"
02-06-2018 18:15:48 Wire.java DEBUG [Forwarding executeScript on session 24d300fcf97d37d523b713ca0ee8f459 to remote] http.wire 73 - http-outgoing-713 >> "Content-Type: application/json; charset=utf-8[\r][\n]"
02-06-2018 18:15:48 Wire.java DEBUG [Forwarding executeScript on session 24d300fcf97d37d523b713ca0ee8f459 to remote] http.wire 73 - http-outgoing-713 >> "Content-Length: 141[\r][\n]"
02-06-2018 18:15:48 Wire.java DEBUG [Forwarding executeScript on session 24d300fcf97d37d523b713ca0ee8f459 to remote] http.wire 73 - http-outgoing-713 >> "Host: localhost:14595[\r][\n]"
02-06-2018 18:15:48 Wire.java DEBUG [Forwarding executeScript on session 24d300fcf97d37d523b713ca0ee8f459 to remote] http.wire 73 - http-outgoing-713 >> "Connection: Keep-Alive[\r][\n]"
02-06-2018 18:15:48 Wire.java DEBUG [Forwarding executeScript on session 24d300fcf97d37d523b713ca0ee8f459 to remote] http.wire 73 - http-outgoing-713 >> "User-Agent: Apache-HttpClient/4.5.3 (Java/1.8.0_151)[\r][\n]"
02-06-2018 18:15:48 Wire.java DEBUG [Forwarding executeScript on session 24d300fcf97d37d523b713ca0ee8f459 to remote] http.wire 73 - http-outgoing-713 >> "Accept-Encoding: gzip,deflate[\r][\n]"
02-06-2018 18:15:48 Wire.java DEBUG [Forwarding executeScript on session 24d300fcf97d37d523b713ca0ee8f459 to remote] http.wire 73 - http-outgoing-713 >> "[\r][\n]"
02-06-2018 18:15:48 Wire.java DEBUG [Forwarding executeScript on session 24d300fcf97d37d523b713ca0ee8f459 to remote] http.wire 87 - http-outgoing-713 >> "{"script":"arguments[0].click();","args":[{"ELEMENT":"0.25176092066473665-1","element-6066-11e4-a52e-4f735466cecf":"0.25176092066473665-1"}]}"
02-06-2018 18:15:51 Wire.java DEBUG [Forwarding executeScript on session 24d300fcf97d37d523b713ca0ee8f459 to remote] http.wire 73 - http-outgoing-713 << "HTTP/1.1 200 OK[\r][\n]"
02-06-2018 18:15:51 Wire.java DEBUG [Forwarding executeScript on session 24d300fcf97d37d523b713ca0ee8f459 to remote] http.wire 73 - http-outgoing-713 << "Content-Length:72[\r][\n]"
02-06-2018 18:15:51 Wire.java DEBUG [Forwarding executeScript on session 24d300fcf97d37d523b713ca0ee8f459 to remote] http.wire 73 - http-outgoing-713 << "Content-Type:application/json; charset=utf-8[\r][\n]"
02-06-2018 18:15:51 Wire.java DEBUG [Forwarding executeScript on session 24d300fcf97d37d523b713ca0ee8f459 to remote] http.wire 73 - http-outgoing-713 << "Connection:close[\r][\n]"
02-06-2018 18:15:51 Wire.java DEBUG [Forwarding executeScript on session 24d300fcf97d37d523b713ca0ee8f459 to remote] http.wire 73 - http-outgoing-713 << "[\r][\n]"
02-06-2018 18:15:51 Wire.java DEBUG [Forwarding executeScript on session 24d300fcf97d37d523b713ca0ee8f459 to remote] http.wire 87 - http-outgoing-713 << "{"sessionId":"24d300fcf97d37d523b713ca0ee8f459","status":0,"value":null}"
02-06-2018 18:15:51 LoggingManagedHttpClientConnection.java DEBUG [Forwarding executeScript on session 24d300fcf97d37d523b713ca0ee8f459 to remote] http.headers 122 - http-outgoing-713 << HTTP/1.1 200 OK
02-06-2018 18:15:51 LoggingManagedHttpClientConnection.java DEBUG [Forwarding executeScript on session 24d300fcf97d37d523b713ca0ee8f459 to remote] http.headers 125 - http-outgoing-713 << Content-Length:72
02-06-2018 18:15:51 LoggingManagedHttpClientConnection.java DEBUG [Forwarding executeScript on session 24d300fcf97d37d523b713ca0ee8f459 to remote] http.headers 125 - http-outgoing-713 << Content-Type:application/json; charset=utf-8
02-06-2018 18:15:51 LoggingManagedHttpClientConnection.java DEBUG [Forwarding executeScript on session 24d300fcf97d37d523b713ca0ee8f459 to remote] http.headers 125 - http-outgoing-713 << Connection:close
02-06-2018 18:15:51 LoggingManagedHttpClientConnection.java DEBUG [Forwarding executeScript on session 24d300fcf97d37d523b713ca0ee8f459 to remote] conn.DefaultManagedHttpClientConnection 79 - http-outgoing-713: Close connection
02-06-2018 18:15:51 ConnectionHolder.java DEBUG [Forwarding executeScript on session 24d300fcf97d37d523b713ca0ee8f459 to remote] execchain.MainClientExec 104 - Connection discarded
02-06-2018 18:15:51 PoolingHttpClientConnectionManager.java DEBUG [Forwarding executeScript on session 24d300fcf97d37d523b713ca0ee8f459 to remote] conn.PoolingHttpClientConnectionManager 326 - Connection released: [id: 713][route: {}->http://localhost:14595][total kept alive: 0; route allocated: 0 of 2000; total allocated: 0 of 2000]
02-06-2018 18:15:51 RequestAddCookies.java DEBUG [Forwarding findElement on session 24d300fcf97d37d523b713ca0ee8f459 to remote] protocol.RequestAddCookies 123 - CookieSpec selected: default
02-06-2018 18:15:51 RequestAuthCache.java DEBUG [Forwarding findElement on session 24d300fcf97d37d523b713ca0ee8f459 to remote] protocol.RequestAuthCache 77 - Auth cache not set in the context
02-06-2018 18:15:51 PoolingHttpClientConnectionManager.java DEBUG [Forwarding findElement on session 24d300fcf97d37d523b713ca0ee8f459 to remote] conn.PoolingHttpClientConnectionManager 255 - Connection request: [route: {}->http://localhost:14595][total kept alive: 0; route allocated: 0 of 2000; total allocated: 0 of 2000]
02-06-2018 18:15:51 PoolingHttpClientConnectionManager.java DEBUG [Forwarding findElement on session 24d300fcf97d37d523b713ca0ee8f459 to remote] conn.PoolingHttpClientConnectionManager 288 - Connection leased: [id: 714][route: {}->http://localhost:14595][total kept alive: 0; route allocated: 1 of 2000; total allocated: 1 of 2000]
02-06-2018 18:15:51 MainClientExec.java DEBUG [Forwarding findElement on session 24d300fcf97d37d523b713ca0ee8f459 to remote] execchain.MainClientExec 235 - Opening connection {}->http://localhost:14595
02-06-2018 18:15:51 DefaultHttpClientConnectionOperator.java DEBUG [Forwarding findElement on session 24d300fcf97d37d523b713ca0ee8f459 to remote] conn.DefaultHttpClientConnectionOperator 139 - Connecting to localhost/127.0.0.1:14595
02-06-2018 18:15:51 DefaultHttpClientConnectionOperator.java DEBUG [Forwarding findElement on session 24d300fcf97d37d523b713ca0ee8f459 to remote] conn.DefaultHttpClientConnectionOperator 146 - Connection established 127.0.0.1:51995<->127.0.0.1:14595
02-06-2018 18:15:51 LoggingManagedHttpClientConnection.java DEBUG [Forwarding findElement on session 24d300fcf97d37d523b713ca0ee8f459 to remote] conn.DefaultManagedHttpClientConnection 88 - http-outgoing-714: set socket timeout to 10800000
02-06-2018 18:15:51 MainClientExec.java DEBUG [Forwarding findElement on session 24d300fcf97d37d523b713ca0ee8f459 to remote] execchain.MainClientExec 256 - Executing request POST /session/24d300fcf97d37d523b713ca0ee8f459/element HTTP/1.1
02-06-2018 18:15:51 MainClientExec.java DEBUG [Forwarding findElement on session 24d300fcf97d37d523b713ca0ee8f459 to remote] execchain.MainClientExec 261 - Target auth state: UNCHALLENGED
02-06-2018 18:15:51 MainClientExec.java DEBUG [Forwarding findElement on session 24d300fcf97d37d523b713ca0ee8f459 to remote] execchain.MainClientExec 267 - Proxy auth state: UNCHALLENGED
02-06-2018 18:15:51 LoggingManagedHttpClientConnection.java DEBUG [Forwarding findElement on session 24d300fcf97d37d523b713ca0ee8f459 to remote] http.headers 133 - http-outgoing-714 >> POST /session/24d300fcf97d37d523b713ca0ee8f459/element HTTP/1.1
02-06-2018 18:15:51 LoggingManagedHttpClientConnection.java DEBUG [Forwarding findElement on session 24d300fcf97d37d523b713ca0ee8f459 to remote] http.headers 136 - http-outgoing-714 >> Content-Type: application/json; charset=utf-8
02-06-2018 18:15:51 LoggingManagedHttpClientConnection.java DEBUG [Forwarding findElement on session 24d300fcf97d37d523b713ca0ee8f459 to remote] http.headers 136 - http-outgoing-714 >> Content-Length: 44
02-06-2018 18:15:51 LoggingManagedHttpClientConnection.java DEBUG [Forwarding findElement on session 24d300fcf97d37d523b713ca0ee8f459 to remote] http.headers 136 - http-outgoing-714 >> Host: localhost:14595
02-06-2018 18:15:51 LoggingManagedHttpClientConnection.java DEBUG [Forwarding findElement on session 24d300fcf97d37d523b713ca0ee8f459 to remote] http.headers 136 - http-outgoing-714 >> Connection: Keep-Alive
02-06-2018 18:15:51 LoggingManagedHttpClientConnection.java DEBUG [Forwarding findElement on session 24d300fcf97d37d523b713ca0ee8f459 to remote] http.headers 136 - http-outgoing-714 >> User-Agent: Apache-HttpClient/4.5.3 (Java/1.8.0_151)
02-06-2018 18:15:51 LoggingManagedHttpClientConnection.java DEBUG [Forwarding findElement on session 24d300fcf97d37d523b713ca0ee8f459 to remote] http.headers 136 - http-outgoing-714 >> Accept-Encoding: gzip,deflate
02-06-2018 18:15:51 Wire.java DEBUG [Forwarding findElement on session 24d300fcf97d37d523b713ca0ee8f459 to remote] http.wire 73 - http-outgoing-714 >> "POST /session/24d300fcf97d37d523b713ca0ee8f459/element HTTP/1.1[\r][\n]"
02-06-2018 18:15:51 Wire.java DEBUG [Forwarding findElement on session 24d300fcf97d37d523b713ca0ee8f459 to remote] http.wire 73 - http-outgoing-714 >> "Content-Type: application/json; charset=utf-8[\r][\n]"
02-06-2018 18:15:51 Wire.java DEBUG [Forwarding findElement on session 24d300fcf97d37d523b713ca0ee8f459 to remote] http.wire 73 - http-outgoing-714 >> "Content-Length: 44[\r][\n]"
02-06-2018 18:15:51 Wire.java DEBUG [Forwarding findElement on session 24d300fcf97d37d523b713ca0ee8f459 to remote] http.wire 73 - http-outgoing-714 >> "Host: localhost:14595[\r][\n]"
02-06-2018 18:15:51 Wire.java DEBUG [Forwarding findElement on session 24d300fcf97d37d523b713ca0ee8f459 to remote] http.wire 73 - http-outgoing-714 >> "Connection: Keep-Alive[\r][\n]"
02-06-2018 18:15:51 Wire.java DEBUG [Forwarding findElement on session 24d300fcf97d37d523b713ca0ee8f459 to remote] http.wire 73 - http-outgoing-714 >> "User-Agent: Apache-HttpClient/4.5.3 (Java/1.8.0_151)[\r][\n]"
02-06-2018 18:15:51 Wire.java DEBUG [Forwarding findElement on session 24d300fcf97d37d523b713ca0ee8f459 to remote] http.wire 73 - http-outgoing-714 >> "Accept-Encoding: gzip,deflate[\r][\n]"
02-06-2018 18:15:51 Wire.java DEBUG [Forwarding findElement on session 24d300fcf97d37d523b713ca0ee8f459 to remote] http.wire 73 - http-outgoing-714 >> "[\r][\n]"
02-06-2018 18:15:51 Wire.java DEBUG [Forwarding findElement on session 24d300fcf97d37d523b713ca0ee8f459 to remote] http.wire 87 - http-outgoing-714 >> "{"using":"xpath","value":"//*[@id='email']"}"
02-06-2018 18:15:51 Wire.java DEBUG [Forwarding findElement on session 24d300fcf97d37d523b713ca0ee8f459 to remote] http.wire 73 - http-outgoing-714 << "HTTP/1.1 200 OK[\r][\n]"
02-06-2018 18:15:51 Wire.java DEBUG [Forwarding findElement on session 24d300fcf97d37d523b713ca0ee8f459 to remote] http.wire 73 - http-outgoing-714 << "Content-Length:102[\r][\n]"
02-06-2018 18:15:51 Wire.java DEBUG [Forwarding findElement on session 24d300fcf97d37d523b713ca0ee8f459 to remote] http.wire 73 - http-outgoing-714 << "Content-Type:application/json; charset=utf-8[\r][\n]"
02-06-2018 18:15:51 Wire.java DEBUG [Forwarding findElement on session 24d300fcf97d37d523b713ca0ee8f459 to remote] http.wire 73 - http-outgoing-714 << "Connection:close[\r][\n]"
02-06-2018 18:15:51 Wire.java DEBUG [Forwarding findElement on session 24d300fcf97d37d523b713ca0ee8f459 to remote] http.wire 73 - http-outgoing-714 << "[\r][\n]"
02-06-2018 18:15:51 Wire.java DEBUG [Forwarding findElement on session 24d300fcf97d37d523b713ca0ee8f459 to remote] http.wire 87 - http-outgoing-714 << "{"sessionId":"24d300fcf97d37d523b713ca0ee8f459","status":0,"value":{"ELEMENT":"0.5366845346209654-1"}}"
02-06-2018 18:15:51 LoggingManagedHttpClientConnection.java DEBUG [Forwarding findElement on session 24d300fcf97d37d523b713ca0ee8f459 to remote] http.headers 122 - http-outgoing-714 << HTTP/1.1 200 OK
02-06-2018 18:15:51 LoggingManagedHttpClientConnection.java DEBUG [Forwarding findElement on session 24d300fcf97d37d523b713ca0ee8f459 to remote] http.headers 125 - http-outgoing-714 << Content-Length:102
02-06-2018 18:15:51 LoggingManagedHttpClientConnection.java DEBUG [Forwarding findElement on session 24d300fcf97d37d523b713ca0ee8f459 to remote] http.headers 125 - http-outgoing-714 << Content-Type:application/json; charset=utf-8
02-06-2018 18:15:51 LoggingManagedHttpClientConnection.java DEBUG [Forwarding findElement on session 24d300fcf97d37d523b713ca0ee8f459 to remote] http.headers 125 - http-outgoing-714 << Connection:close
02-06-2018 18:15:51 LoggingManagedHttpClientConnection.java DEBUG [Forwarding findElement on session 24d300fcf97d37d523b713ca0ee8f459 to remote] conn.DefaultManagedHttpClientConnection 79 - http-outgoing-714: Close connection
02-06-2018 18:15:51 ConnectionHolder.java DEBUG [Forwarding findElement on session 24d300fcf97d37d523b713ca0ee8f459 to remote] execchain.MainClientExec 104 - Connection discarded
02-06-2018 18:15:51 PoolingHttpClientConnectionManager.java DEBUG [Forwarding findElement on session 24d300fcf97d37d523b713ca0ee8f459 to remote] conn.PoolingHttpClientConnectionManager 326 - Connection released: [id: 714][route: {}->http://localhost:14595][total kept alive: 0; route allocated: 0 of 2000; total allocated: 0 of 2000]
02-06-2018 18:15:51 RequestAddCookies.java DEBUG [Forwarding sendKeysToElement on session 24d300fcf97d37d523b713ca0ee8f459 to remote] protocol.RequestAddCookies 123 - CookieSpec selected: default
02-06-2018 18:15:51 RequestAuthCache.java DEBUG [Forwarding sendKeysToElement on session 24d300fcf97d37d523b713ca0ee8f459 to remote] protocol.RequestAuthCache 77 - Auth cache not set in the context
02-06-2018 18:15:51 PoolingHttpClientConnectionManager.java DEBUG [Forwarding sendKeysToElement on session 24d300fcf97d37d523b713ca0ee8f459 to remote] conn.PoolingHttpClientConnectionManager 255 - Connection request: [route: {}->http://localhost:14595][total kept alive: 0; route allocated: 0 of 2000; total allocated: 0 of 2000]
02-06-2018 18:15:51 PoolingHttpClientConnectionManager.java DEBUG [Forwarding sendKeysToElement on session 24d300fcf97d37d523b713ca0ee8f459 to remote] conn.PoolingHttpClientConnectionManager 288 - Connection leased: [id: 715][route: {}->http://localhost:14595][total kept alive: 0; route allocated: 1 of 2000; total allocated: 1 of 2000]
02-06-2018 18:15:51 MainClientExec.java DEBUG [Forwarding sendKeysToElement on session 24d300fcf97d37d523b713ca0ee8f459 to remote] execchain.MainClientExec 235 - Opening connection {}->http://localhost:14595
02-06-2018 18:15:51 DefaultHttpClientConnectionOperator.java DEBUG [Forwarding sendKeysToElement on session 24d300fcf97d37d523b713ca0ee8f459 to remote] conn.DefaultHttpClientConnectionOperator 139 - Connecting to localhost/127.0.0.1:14595
02-06-2018 18:15:51 DefaultHttpClientConnectionOperator.java DEBUG [Forwarding sendKeysToElement on session 24d300fcf97d37d523b713ca0ee8f459 to remote] conn.DefaultHttpClientConnectionOperator 146 - Connection established 127.0.0.1:51996<->127.0.0.1:14595
02-06-2018 18:15:51 LoggingManagedHttpClientConnection.java DEBUG [Forwarding sendKeysToElement on session 24d300fcf97d37d523b713ca0ee8f459 to remote] conn.DefaultManagedHttpClientConnection 88 - http-outgoing-715: set socket timeout to 10800000
02-06-2018 18:15:51 MainClientExec.java DEBUG [Forwarding sendKeysToElement on session 24d300fcf97d37d523b713ca0ee8f459 to remote] execchain.MainClientExec 256 - Executing request POST /session/24d300fcf97d37d523b713ca0ee8f459/element/0.5366845346209654-1/value HTTP/1.1
02-06-2018 18:15:51 MainClientExec.java DEBUG [Forwarding sendKeysToElement on session 24d300fcf97d37d523b713ca0ee8f459 to remote] execchain.MainClientExec 261 - Target auth state: UNCHALLENGED
02-06-2018 18:15:51 MainClientExec.java DEBUG [Forwarding sendKeysToElement on session 24d300fcf97d37d523b713ca0ee8f459 to remote] execchain.MainClientExec 267 - Proxy auth state: UNCHALLENGED
02-06-2018 18:15:51 LoggingManagedHttpClientConnection.java DEBUG [Forwarding sendKeysToElement on session 24d300fcf97d37d523b713ca0ee8f459 to remote] http.headers 133 - http-outgoing-715 >> POST /session/24d300fcf97d37d523b713ca0ee8f459/element/0.5366845346209654-1/value HTTP/1.1
02-06-2018 18:15:51 LoggingManagedHttpClientConnection.java DEBUG [Forwarding sendKeysToElement on session 24d300fcf97d37d523b713ca0ee8f459 to remote] http.headers 136 - http-outgoing-715 >> Content-Type: application/json; charset=utf-8
02-06-2018 18:15:51 LoggingManagedHttpClientConnection.java DEBUG [Forwarding sendKeysToElement on session 24d300fcf97d37d523b713ca0ee8f459 to remote] http.headers 136 - http-outgoing-715 >> Content-Length: 56
02-06-2018 18:15:51 LoggingManagedHttpClientConnection.java DEBUG [Forwarding sendKeysToElement on session 24d300fcf97d37d523b713ca0ee8f459 to remote] http.headers 136 - http-outgoing-715 >> Host: localhost:14595
02-06-2018 18:15:51 LoggingManagedHttpClientConnection.java DEBUG [Forwarding sendKeysToElement on session 24d300fcf97d37d523b713ca0ee8f459 to remote] http.headers 136 - http-outgoing-715 >> Connection: Keep-Alive
02-06-2018 18:15:51 LoggingManagedHttpClientConnection.java DEBUG [Forwarding sendKeysToElement on session 24d300fcf97d37d523b713ca0ee8f459 to remote] http.headers 136 - http-outgoing-715 >> User-Agent: Apache-HttpClient/4.5.3 (Java/1.8.0_151)
02-06-2018 18:15:51 LoggingManagedHttpClientConnection.java DEBUG [Forwarding sendKeysToElement on session 24d300fcf97d37d523b713ca0ee8f459 to remote] http.headers 136 - http-outgoing-715 >> Accept-Encoding: gzip,deflate
02-06-2018 18:15:51 Wire.java DEBUG [Forwarding sendKeysToElement on session 24d300fcf97d37d523b713ca0ee8f459 to remote] http.wire 73 - http-outgoing-715 >> "POST /session/24d300fcf97d37d523b713ca0ee8f459/element/0.5366845346209654-1/value HTTP/1.1[\r][\n]"
02-06-2018 18:15:51 Wire.java DEBUG [Forwarding sendKeysToElement on session 24d300fcf97d37d523b713ca0ee8f459 to remote] http.wire 73 - http-outgoing-715 >> "Content-Type: application/json; charset=utf-8[\r][\n]"
02-06-2018 18:15:51 Wire.java DEBUG [Forwarding sendKeysToElement on session 24d300fcf97d37d523b713ca0ee8f459 to remote] http.wire 73 - http-outgoing-715 >> "Content-Length: 56[\r][\n]"
02-06-2018 18:15:51 Wire.java DEBUG [Forwarding sendKeysToElement on session 24d300fcf97d37d523b713ca0ee8f459 to remote] http.wire 73 - http-outgoing-715 >> "Host: localhost:14595[\r][\n]"
02-06-2018 18:15:51 Wire.java DEBUG [Forwarding sendKeysToElement on session 24d300fcf97d37d523b713ca0ee8f459 to remote] http.wire 73 - http-outgoing-715 >> "Connection: Keep-Alive[\r][\n]"
02-06-2018 18:15:51 Wire.java DEBUG [Forwarding sendKeysToElement on session 24d300fcf97d37d523b713ca0ee8f459 to remote] http.wire 73 - http-outgoing-715 >> "User-Agent: Apache-HttpClient/4.5.3 (Java/1.8.0_151)[\r][\n]"
02-06-2018 18:15:51 Wire.java DEBUG [Forwarding sendKeysToElement on session 24d300fcf97d37d523b713ca0ee8f459 to remote] http.wire 73 - http-outgoing-715 >> "Accept-Encoding: gzip,deflate[\r][\n]"
02-06-2018 18:15:51 Wire.java DEBUG [Forwarding sendKeysToElement on session 24d300fcf97d37d523b713ca0ee8f459 to remote] http.wire 73 - http-outgoing-715 >> "[\r][\n]"
02-06-2018 18:15:51 Wire.java DEBUG [Forwarding sendKeysToElement on session 24d300fcf97d37d523b713ca0ee8f459 to remote] http.wire 87 - http-outgoing-715 >> "{"id":"0.5366845346209654-1","value":["Teja@yahoo.com"]}"
02-06-2018 18:15:51 Wire.java DEBUG [Forwarding sendKeysToElement on session 24d300fcf97d37d523b713ca0ee8f459 to remote] http.wire 73 - http-outgoing-715 << "HTTP/1.1 200 OK[\r][\n]"
02-06-2018 18:15:51 Wire.java DEBUG [Forwarding sendKeysToElement on session 24d300fcf97d37d523b713ca0ee8f459 to remote] http.wire 73 - http-outgoing-715 << "Content-Length:72[\r][\n]"
02-06-2018 18:15:51 Wire.java DEBUG [Forwarding sendKeysToElement on session 24d300fcf97d37d523b713ca0ee8f459 to remote] http.wire 73 - http-outgoing-715 << "Content-Type:application/json; charset=utf-8[\r][\n]"
02-06-2018 18:15:51 Wire.java DEBUG [Forwarding sendKeysToElement on session 24d300fcf97d37d523b713ca0ee8f459 to remote] http.wire 73 - http-outgoing-715 << "Connection:close[\r][\n]"
02-06-2018 18:15:51 Wire.java DEBUG [Forwarding sendKeysToElement on session 24d300fcf97d37d523b713ca0ee8f459 to remote] http.wire 73 - http-outgoing-715 << "[\r][\n]"
02-06-2018 18:15:51 Wire.java DEBUG [Forwarding sendKeysToElement on session 24d300fcf97d37d523b713ca0ee8f459 to remote] http.wire 87 - http-outgoing-715 << "{"sessionId":"24d300fcf97d37d523b713ca0ee8f459","status":0,"value":null}"
02-06-2018 18:15:51 LoggingManagedHttpClientConnection.java DEBUG [Forwarding sendKeysToElement on session 24d300fcf97d37d523b713ca0ee8f459 to remote] http.headers 122 - http-outgoing-715 << HTTP/1.1 200 OK
02-06-2018 18:15:51 LoggingManagedHttpClientConnection.java DEBUG [Forwarding sendKeysToElement on session 24d300fcf97d37d523b713ca0ee8f459 to remote] http.headers 125 - http-outgoing-715 << Content-Length:72
02-06-2018 18:15:51 LoggingManagedHttpClientConnection.java DEBUG [Forwarding sendKeysToElement on session 24d300fcf97d37d523b713ca0ee8f459 to remote] http.headers 125 - http-outgoing-715 << Content-Type:application/json; charset=utf-8
02-06-2018 18:15:51 LoggingManagedHttpClientConnection.java DEBUG [Forwarding sendKeysToElement on session 24d300fcf97d37d523b713ca0ee8f459 to remote] http.headers 125 - http-outgoing-715 << Connection:close
02-06-2018 18:15:51 LoggingManagedHttpClientConnection.java DEBUG [Forwarding sendKeysToElement on session 24d300fcf97d37d523b713ca0ee8f459 to remote] conn.DefaultManagedHttpClientConnection 79 - http-outgoing-715: Close connection
02-06-2018 18:15:51 ConnectionHolder.java DEBUG [Forwarding sendKeysToElement on session 24d300fcf97d37d523b713ca0ee8f459 to remote] execchain.MainClientExec 104 - Connection discarded
02-06-2018 18:15:51 PoolingHttpClientConnectionManager.java DEBUG [Forwarding sendKeysToElement on session 24d300fcf97d37d523b713ca0ee8f459 to remote] conn.PoolingHttpClientConnectionManager 326 - Connection released: [id: 715][route: {}->http://localhost:14595][total kept alive: 0; route allocated: 0 of 2000; total allocated: 0 of 2000]
02-06-2018 18:15:51 RequestAddCookies.java DEBUG [Forwarding findElement on session 24d300fcf97d37d523b713ca0ee8f459 to remote] protocol.RequestAddCookies 123 - CookieSpec selected: default
02-06-2018 18:15:51 RequestAuthCache.java DEBUG [Forwarding findElement on session 24d300fcf97d37d523b713ca0ee8f459 to remote] protocol.RequestAuthCache 77 - Auth cache not set in the context
02-06-2018 18:15:51 PoolingHttpClientConnectionManager.java DEBUG [Forwarding findElement on session 24d300fcf97d37d523b713ca0ee8f459 to remote] conn.PoolingHttpClientConnectionManager 255 - Connection request: [route: {}->http://localhost:14595][total kept alive: 0; route allocated: 0 of 2000; total allocated: 0 of 2000]
02-06-2018 18:15:51 PoolingHttpClientConnectionManager.java DEBUG [Forwarding findElement on session 24d300fcf97d37d523b713ca0ee8f459 to remote] conn.PoolingHttpClientConnectionManager 288 - Connection leased: [id: 716][route: {}->http://localhost:14595][total kept alive: 0; route allocated: 1 of 2000; total allocated: 1 of 2000]
02-06-2018 18:15:51 MainClientExec.java DEBUG [Forwarding findElement on session 24d300fcf97d37d523b713ca0ee8f459 to remote] execchain.MainClientExec 235 - Opening connection {}->http://localhost:14595
02-06-2018 18:15:51 DefaultHttpClientConnectionOperator.java DEBUG [Forwarding findElement on session 24d300fcf97d37d523b713ca0ee8f459 to remote] conn.DefaultHttpClientConnectionOperator 139 - Connecting to localhost/127.0.0.1:14595
02-06-2018 18:15:51 DefaultHttpClientConnectionOperator.java DEBUG [Forwarding findElement on session 24d300fcf97d37d523b713ca0ee8f459 to remote] conn.DefaultHttpClientConnectionOperator 146 - Connection established 127.0.0.1:51997<->127.0.0.1:14595
02-06-2018 18:15:51 LoggingManagedHttpClientConnection.java DEBUG [Forwarding findElement on session 24d300fcf97d37d523b713ca0ee8f459 to remote] conn.DefaultManagedHttpClientConnection 88 - http-outgoing-716: set socket timeout to 10800000
02-06-2018 18:15:51 MainClientExec.java DEBUG [Forwarding findElement on session 24d300fcf97d37d523b713ca0ee8f459 to remote] execchain.MainClientExec 256 - Executing request POST /session/24d300fcf97d37d523b713ca0ee8f459/element HTTP/1.1
02-06-2018 18:15:51 MainClientExec.java DEBUG [Forwarding findElement on session 24d300fcf97d37d523b713ca0ee8f459 to remote] execchain.MainClientExec 261 - Target auth state: UNCHALLENGED
02-06-2018 18:15:51 MainClientExec.java DEBUG [Forwarding findElement on session 24d300fcf97d37d523b713ca0ee8f459 to remote] execchain.MainClientExec 267 - Proxy auth state: UNCHALLENGED
02-06-2018 18:15:51 LoggingManagedHttpClientConnection.java DEBUG [Forwarding findElement on session 24d300fcf97d37d523b713ca0ee8f459 to remote] http.headers 133 - http-outgoing-716 >> POST /session/24d300fcf97d37d523b713ca0ee8f459/element HTTP/1.1
02-06-2018 18:15:51 LoggingManagedHttpClientConnection.java DEBUG [Forwarding findElement on session 24d300fcf97d37d523b713ca0ee8f459 to remote] http.headers 136 - http-outgoing-716 >> Content-Type: application/json; charset=utf-8
02-06-2018 18:15:51 LoggingManagedHttpClientConnection.java DEBUG [Forwarding findElement on session 24d300fcf97d37d523b713ca0ee8f459 to remote] http.headers 136 - http-outgoing-716 >> Content-Length: 47
02-06-2018 18:15:51 LoggingManagedHttpClientConnection.java DEBUG [Forwarding findElement on session 24d300fcf97d37d523b713ca0ee8f459 to remote] http.headers 136 - http-outgoing-716 >> Host: localhost:14595
02-06-2018 18:15:51 LoggingManagedHttpClientConnection.java DEBUG [Forwarding findElement on session 24d300fcf97d37d523b713ca0ee8f459 to remote] http.headers 136 - http-outgoing-716 >> Connection: Keep-Alive
02-06-2018 18:15:51 LoggingManagedHttpClientConnection.java DEBUG [Forwarding findElement on session 24d300fcf97d37d523b713ca0ee8f459 to remote] http.headers 136 - http-outgoing-716 >> User-Agent: Apache-HttpClient/4.5.3 (Java/1.8.0_151)
02-06-2018 18:15:51 LoggingManagedHttpClientConnection.java DEBUG [Forwarding findElement on session 24d300fcf97d37d523b713ca0ee8f459 to remote] http.headers 136 - http-outgoing-716 >> Accept-Encoding: gzip,deflate
02-06-2018 18:15:51 Wire.java DEBUG [Forwarding findElement on session 24d300fcf97d37d523b713ca0ee8f459 to remote] http.wire 73 - http-outgoing-716 >> "POST /session/24d300fcf97d37d523b713ca0ee8f459/element HTTP/1.1[\r][\n]"
02-06-2018 18:15:51 Wire.java DEBUG [Forwarding findElement on session 24d300fcf97d37d523b713ca0ee8f459 to remote] http.wire 73 - http-outgoing-716 >> "Content-Type: application/json; charset=utf-8[\r][\n]"
02-06-2018 18:15:51 Wire.java DEBUG [Forwarding findElement on session 24d300fcf97d37d523b713ca0ee8f459 to remote] http.wire 73 - http-outgoing-716 >> "Content-Length: 47[\r][\n]"
02-06-2018 18:15:51 Wire.java DEBUG [Forwarding findElement on session 24d300fcf97d37d523b713ca0ee8f459 to remote] http.wire 73 - http-outgoing-716 >> "Host: localhost:14595[\r][\n]"
02-06-2018 18:15:51 Wire.java DEBUG [Forwarding findElement on session 24d300fcf97d37d523b713ca0ee8f459 to remote] http.wire 73 - http-outgoing-716 >> "Connection: Keep-Alive[\r][\n]"
02-06-2018 18:15:51 Wire.java DEBUG [Forwarding findElement on session 24d300fcf97d37d523b713ca0ee8f459 to remote] http.wire 73 - http-outgoing-716 >> "User-Agent: Apache-HttpClient/4.5.3 (Java/1.8.0_151)[\r][\n]"
02-06-2018 18:15:51 Wire.java DEBUG [Forwarding findElement on session 24d300fcf97d37d523b713ca0ee8f459 to remote] http.wire 73 - http-outgoing-716 >> "Accept-Encoding: gzip,deflate[\r][\n]"
02-06-2018 18:15:51 Wire.java DEBUG [Forwarding findElement on session 24d300fcf97d37d523b713ca0ee8f459 to remote] http.wire 73 - http-outgoing-716 >> "[\r][\n]"
02-06-2018 18:15:51 Wire.java DEBUG [Forwarding findElement on session 24d300fcf97d37d523b713ca0ee8f459 to remote] http.wire 87 - http-outgoing-716 >> "{"using":"xpath","value":"//*[@id='password']"}"
02-06-2018 18:15:51 Wire.java DEBUG [Forwarding findElement on session 24d300fcf97d37d523b713ca0ee8f459 to remote] http.wire 73 - http-outgoing-716 << "HTTP/1.1 200 OK[\r][\n]"
02-06-2018 18:15:51 Wire.java DEBUG [Forwarding findElement on session 24d300fcf97d37d523b713ca0ee8f459 to remote] http.wire 73 - http-outgoing-716 << "Content-Length:102[\r][\n]"
02-06-2018 18:15:51 Wire.java DEBUG [Forwarding findElement on session 24d300fcf97d37d523b713ca0ee8f459 to remote] http.wire 73 - http-outgoing-716 << "Content-Type:application/json; charset=utf-8[\r][\n]"
02-06-2018 18:15:51 Wire.java DEBUG [Forwarding findElement on session 24d300fcf97d37d523b713ca0ee8f459 to remote] http.wire 73 - http-outgoing-716 << "Connection:close[\r][\n]"
02-06-2018 18:15:51 Wire.java DEBUG [Forwarding findElement on session 24d300fcf97d37d523b713ca0ee8f459 to remote] http.wire 73 - http-outgoing-716 << "[\r][\n]"
02-06-2018 18:15:51 Wire.java DEBUG [Forwarding findElement on session 24d300fcf97d37d523b713ca0ee8f459 to remote] http.wire 87 - http-outgoing-716 << "{"sessionId":"24d300fcf97d37d523b713ca0ee8f459","status":0,"value":{"ELEMENT":"0.5366845346209654-2"}}"
02-06-2018 18:15:51 LoggingManagedHttpClientConnection.java DEBUG [Forwarding findElement on session 24d300fcf97d37d523b713ca0ee8f459 to remote] http.headers 122 - http-outgoing-716 << HTTP/1.1 200 OK
02-06-2018 18:15:51 LoggingManagedHttpClientConnection.java DEBUG [Forwarding findElement on session 24d300fcf97d37d523b713ca0ee8f459 to remote] http.headers 125 - http-outgoing-716 << Content-Length:102
02-06-2018 18:15:51 LoggingManagedHttpClientConnection.java DEBUG [Forwarding findElement on session 24d300fcf97d37d523b713ca0ee8f459 to remote] http.headers 125 - http-outgoing-716 << Content-Type:application/json; charset=utf-8
02-06-2018 18:15:51 LoggingManagedHttpClientConnection.java DEBUG [Forwarding findElement on session 24d300fcf97d37d523b713ca0ee8f459 to remote] http.headers 125 - http-outgoing-716 << Connection:close
02-06-2018 18:15:51 LoggingManagedHttpClientConnection.java DEBUG [Forwarding findElement on session 24d300fcf97d37d523b713ca0ee8f459 to remote] conn.DefaultManagedHttpClientConnection 79 - http-outgoing-716: Close connection
02-06-2018 18:15:51 ConnectionHolder.java DEBUG [Forwarding findElement on session 24d300fcf97d37d523b713ca0ee8f459 to remote] execchain.MainClientExec 104 - Connection discarded
02-06-2018 18:15:51 PoolingHttpClientConnectionManager.java DEBUG [Forwarding findElement on session 24d300fcf97d37d523b713ca0ee8f459 to remote] conn.PoolingHttpClientConnectionManager 326 - Connection released: [id: 716][route: {}->http://localhost:14595][total kept alive: 0; route allocated: 0 of 2000; total allocated: 0 of 2000]
02-06-2018 18:15:51 RequestAddCookies.java DEBUG [Forwarding sendKeysToElement on session 24d300fcf97d37d523b713ca0ee8f459 to remote] protocol.RequestAddCookies 123 - CookieSpec selected: default
02-06-2018 18:15:51 RequestAuthCache.java DEBUG [Forwarding sendKeysToElement on session 24d300fcf97d37d523b713ca0ee8f459 to remote] protocol.RequestAuthCache 77 - Auth cache not set in the context
02-06-2018 18:15:51 PoolingHttpClientConnectionManager.java DEBUG [Forwarding sendKeysToElement on session 24d300fcf97d37d523b713ca0ee8f459 to remote] conn.PoolingHttpClientConnectionManager 255 - Connection request: [route: {}->http://localhost:14595][total kept alive: 0; route allocated: 0 of 2000; total allocated: 0 of 2000]
02-06-2018 18:15:51 PoolingHttpClientConnectionManager.java DEBUG [Forwarding sendKeysToElement on session 24d300fcf97d37d523b713ca0ee8f459 to remote] conn.PoolingHttpClientConnectionManager 288 - Connection leased: [id: 717][route: {}->http://localhost:14595][total kept alive: 0; route allocated: 1 of 2000; total allocated: 1 of 2000]
02-06-2018 18:15:51 MainClientExec.java DEBUG [Forwarding sendKeysToElement on session 24d300fcf97d37d523b713ca0ee8f459 to remote] execchain.MainClientExec 235 - Opening connection {}->http://localhost:14595
02-06-2018 18:15:51 DefaultHttpClientConnectionOperator.java DEBUG [Forwarding sendKeysToElement on session 24d300fcf97d37d523b713ca0ee8f459 to remote] conn.DefaultHttpClientConnectionOperator 139 - Connecting to localhost/127.0.0.1:14595
02-06-2018 18:15:51 DefaultHttpClientConnectionOperator.java DEBUG [Forwarding sendKeysToElement on session 24d300fcf97d37d523b713ca0ee8f459 to remote] conn.DefaultHttpClientConnectionOperator 146 - Connection established 127.0.0.1:51998<->127.0.0.1:14595
02-06-2018 18:15:51 LoggingManagedHttpClientConnection.java DEBUG [Forwarding sendKeysToElement on session 24d300fcf97d37d523b713ca0ee8f459 to remote] conn.DefaultManagedHttpClientConnection 88 - http-outgoing-717: set socket timeout to 10800000
02-06-2018 18:15:51 MainClientExec.java DEBUG [Forwarding sendKeysToElement on session 24d300fcf97d37d523b713ca0ee8f459 to remote] execchain.MainClientExec 256 - Executing request POST /session/24d300fcf97d37d523b713ca0ee8f459/element/0.5366845346209654-2/value HTTP/1.1
02-06-2018 18:15:51 MainClientExec.java DEBUG [Forwarding sendKeysToElement on session 24d300fcf97d37d523b713ca0ee8f459 to remote] execchain.MainClientExec 261 - Target auth state: UNCHALLENGED
02-06-2018 18:15:51 MainClientExec.java DEBUG [Forwarding sendKeysToElement on session 24d300fcf97d37d523b713ca0ee8f459 to remote] execchain.MainClientExec 267 - Proxy auth state: UNCHALLENGED
02-06-2018 18:15:51 LoggingManagedHttpClientConnection.java DEBUG [Forwarding sendKeysToElement on session 24d300fcf97d37d523b713ca0ee8f459 to remote] http.headers 133 - http-outgoing-717 >> POST /session/24d300fcf97d37d523b713ca0ee8f459/element/0.5366845346209654-2/value HTTP/1.1
02-06-2018 18:15:51 LoggingManagedHttpClientConnection.java DEBUG [Forwarding sendKeysToElement on session 24d300fcf97d37d523b713ca0ee8f459 to remote] http.headers 136 - http-outgoing-717 >> Content-Type: application/json; charset=utf-8
02-06-2018 18:15:51 LoggingManagedHttpClientConnection.java DEBUG [Forwarding sendKeysToElement on session 24d300fcf97d37d523b713ca0ee8f459 to remote] http.headers 136 - http-outgoing-717 >> Content-Length: 49
02-06-2018 18:15:51 LoggingManagedHttpClientConnection.java DEBUG [Forwarding sendKeysToElement on session 24d300fcf97d37d523b713ca0ee8f459 to remote] http.headers 136 - http-outgoing-717 >> Host: localhost:14595
02-06-2018 18:15:51 LoggingManagedHttpClientConnection.java DEBUG [Forwarding sendKeysToElement on session 24d300fcf97d37d523b713ca0ee8f459 to remote] http.headers 136 - http-outgoing-717 >> Connection: Keep-Alive
02-06-2018 18:15:51 LoggingManagedHttpClientConnection.java DEBUG [Forwarding sendKeysToElement on session 24d300fcf97d37d523b713ca0ee8f459 to remote] http.headers 136 - http-outgoing-717 >> User-Agent: Apache-HttpClient/4.5.3 (Java/1.8.0_151)
02-06-2018 18:15:51 LoggingManagedHttpClientConnection.java DEBUG [Forwarding sendKeysToElement on session 24d300fcf97d37d523b713ca0ee8f459 to remote] http.headers 136 - http-outgoing-717 >> Accept-Encoding: gzip,deflate
02-06-2018 18:15:51 Wire.java DEBUG [Forwarding sendKeysToElement on session 24d300fcf97d37d523b713ca0ee8f459 to remote] http.wire 73 - http-outgoing-717 >> "POST /session/24d300fcf97d37d523b713ca0ee8f459/element/0.5366845346209654-2/value HTTP/1.1[\r][\n]"
02-06-2018 18:15:51 Wire.java DEBUG [Forwarding sendKeysToElement on session 24d300fcf97d37d523b713ca0ee8f459 to remote] http.wire 73 - http-outgoing-717 >> "Content-Type: application/json; charset=utf-8[\r][\n]"
02-06-2018 18:15:51 Wire.java DEBUG [Forwarding sendKeysToElement on session 24d300fcf97d37d523b713ca0ee8f459 to remote] http.wire 73 - http-outgoing-717 >> "Content-Length: 49[\r][\n]"
02-06-2018 18:15:51 Wire.java DEBUG [Forwarding sendKeysToElement on session 24d300fcf97d37d523b713ca0ee8f459 to remote] http.wire 73 - http-outgoing-717 >> "Host: localhost:14595[\r][\n]"
02-06-2018 18:15:51 Wire.java DEBUG [Forwarding sendKeysToElement on session 24d300fcf97d37d523b713ca0ee8f459 to remote] http.wire 73 - http-outgoing-717 >> "Connection: Keep-Alive[\r][\n]"
02-06-2018 18:15:51 Wire.java DEBUG [Forwarding sendKeysToElement on session 24d300fcf97d37d523b713ca0ee8f459 to remote] http.wire 73 - http-outgoing-717 >> "User-Agent: Apache-HttpClient/4.5.3 (Java/1.8.0_151)[\r][\n]"
02-06-2018 18:15:51 Wire.java DEBUG [Forwarding sendKeysToElement on session 24d300fcf97d37d523b713ca0ee8f459 to remote] http.wire 73 - http-outgoing-717 >> "Accept-Encoding: gzip,deflate[\r][\n]"
02-06-2018 18:15:51 Wire.java DEBUG [Forwarding sendKeysToElement on session 24d300fcf97d37d523b713ca0ee8f459 to remote] http.wire 73 - http-outgoing-717 >> "[\r][\n]"
02-06-2018 18:15:51 Wire.java DEBUG [Forwarding sendKeysToElement on session 24d300fcf97d37d523b713ca0ee8f459 to remote] http.wire 87 - http-outgoing-717 >> "{"id":"0.5366845346209654-2","value":["Teja123"]}"
02-06-2018 18:15:52 Wire.java DEBUG [Forwarding sendKeysToElement on session 24d300fcf97d37d523b713ca0ee8f459 to remote] http.wire 73 - http-outgoing-717 << "HTTP/1.1 200 OK[\r][\n]"
02-06-2018 18:15:52 Wire.java DEBUG [Forwarding sendKeysToElement on session 24d300fcf97d37d523b713ca0ee8f459 to remote] http.wire 73 - http-outgoing-717 << "Content-Length:72[\r][\n]"
02-06-2018 18:15:52 Wire.java DEBUG [Forwarding sendKeysToElement on session 24d300fcf97d37d523b713ca0ee8f459 to remote] http.wire 73 - http-outgoing-717 << "Content-Type:application/json; charset=utf-8[\r][\n]"
02-06-2018 18:15:52 Wire.java DEBUG [Forwarding sendKeysToElement on session 24d300fcf97d37d523b713ca0ee8f459 to remote] http.wire 73 - http-outgoing-717 << "Connection:close[\r][\n]"
02-06-2018 18:15:52 Wire.java DEBUG [Forwarding sendKeysToElement on session 24d300fcf97d37d523b713ca0ee8f459 to remote] http.wire 73 - http-outgoing-717 << "[\r][\n]"
02-06-2018 18:15:52 Wire.java DEBUG [Forwarding sendKeysToElement on session 24d300fcf97d37d523b713ca0ee8f459 to remote] http.wire 87 - http-outgoing-717 << "{"sessionId":"24d300fcf97d37d523b713ca0ee8f459","status":0,"value":null}"
02-06-2018 18:15:52 LoggingManagedHttpClientConnection.java DEBUG [Forwarding sendKeysToElement on session 24d300fcf97d37d523b713ca0ee8f459 to remote] http.headers 122 - http-outgoing-717 << HTTP/1.1 200 OK
02-06-2018 18:15:52 LoggingManagedHttpClientConnection.java DEBUG [Forwarding sendKeysToElement on session 24d300fcf97d37d523b713ca0ee8f459 to remote] http.headers 125 - http-outgoing-717 << Content-Length:72
02-06-2018 18:15:52 LoggingManagedHttpClientConnection.java DEBUG [Forwarding sendKeysToElement on session 24d300fcf97d37d523b713ca0ee8f459 to remote] http.headers 125 - http-outgoing-717 << Content-Type:application/json; charset=utf-8
02-06-2018 18:15:52 LoggingManagedHttpClientConnection.java DEBUG [Forwarding sendKeysToElement on session 24d300fcf97d37d523b713ca0ee8f459 to remote] http.headers 125 - http-outgoing-717 << Connection:close
02-06-2018 18:15:52 LoggingManagedHttpClientConnection.java DEBUG [Forwarding sendKeysToElement on session 24d300fcf97d37d523b713ca0ee8f459 to remote] conn.DefaultManagedHttpClientConnection 79 - http-outgoing-717: Close connection
02-06-2018 18:15:52 ConnectionHolder.java DEBUG [Forwarding sendKeysToElement on session 24d300fcf97d37d523b713ca0ee8f459 to remote] execchain.MainClientExec 104 - Connection discarded
02-06-2018 18:15:52 PoolingHttpClientConnectionManager.java DEBUG [Forwarding sendKeysToElement on session 24d300fcf97d37d523b713ca0ee8f459 to remote] conn.PoolingHttpClientConnectionManager 326 - Connection released: [id: 717][route: {}->http://localhost:14595][total kept alive: 0; route allocated: 0 of 2000; total allocated: 0 of 2000]
02-06-2018 18:15:52 RequestAddCookies.java DEBUG [Forwarding findElement on session 24d300fcf97d37d523b713ca0ee8f459 to remote] protocol.RequestAddCookies 123 - CookieSpec selected: default
02-06-2018 18:15:52 RequestAuthCache.java DEBUG [Forwarding findElement on session 24d300fcf97d37d523b713ca0ee8f459 to remote] protocol.RequestAuthCache 77 - Auth cache not set in the context
02-06-2018 18:15:52 PoolingHttpClientConnectionManager.java DEBUG [Forwarding findElement on session 24d300fcf97d37d523b713ca0ee8f459 to remote] conn.PoolingHttpClientConnectionManager 255 - Connection request: [route: {}->http://localhost:14595][total kept alive: 0; route allocated: 0 of 2000; total allocated: 0 of 2000]
02-06-2018 18:15:52 PoolingHttpClientConnectionManager.java DEBUG [Forwarding findElement on session 24d300fcf97d37d523b713ca0ee8f459 to remote] conn.PoolingHttpClientConnectionManager 288 - Connection leased: [id: 718][route: {}->http://localhost:14595][total kept alive: 0; route allocated: 1 of 2000; total allocated: 1 of 2000]
02-06-2018 18:15:52 MainClientExec.java DEBUG [Forwarding findElement on session 24d300fcf97d37d523b713ca0ee8f459 to remote] execchain.MainClientExec 235 - Opening connection {}->http://localhost:14595
02-06-2018 18:15:52 DefaultHttpClientConnectionOperator.java DEBUG [Forwarding findElement on session 24d300fcf97d37d523b713ca0ee8f459 to remote] conn.DefaultHttpClientConnectionOperator 139 - Connecting to localhost/127.0.0.1:14595
02-06-2018 18:15:52 DefaultHttpClientConnectionOperator.java DEBUG [Forwarding findElement on session 24d300fcf97d37d523b713ca0ee8f459 to remote] conn.DefaultHttpClientConnectionOperator 146 - Connection established 127.0.0.1:51999<->127.0.0.1:14595
02-06-2018 18:15:52 LoggingManagedHttpClientConnection.java DEBUG [Forwarding findElement on session 24d300fcf97d37d523b713ca0ee8f459 to remote] conn.DefaultManagedHttpClientConnection 88 - http-outgoing-718: set socket timeout to 10800000
02-06-2018 18:15:52 MainClientExec.java DEBUG [Forwarding findElement on session 24d300fcf97d37d523b713ca0ee8f459 to remote] execchain.MainClientExec 256 - Executing request POST /session/24d300fcf97d37d523b713ca0ee8f459/element HTTP/1.1
02-06-2018 18:15:52 MainClientExec.java DEBUG [Forwarding findElement on session 24d300fcf97d37d523b713ca0ee8f459 to remote] execchain.MainClientExec 261 - Target auth state: UNCHALLENGED
02-06-2018 18:15:52 MainClientExec.java DEBUG [Forwarding findElement on session 24d300fcf97d37d523b713ca0ee8f459 to remote] execchain.MainClientExec 267 - Proxy auth state: UNCHALLENGED
02-06-2018 18:15:52 LoggingManagedHttpClientConnection.java DEBUG [Forwarding findElement on session 24d300fcf97d37d523b713ca0ee8f459 to remote] http.headers 133 - http-outgoing-718 >> POST /session/24d300fcf97d37d523b713ca0ee8f459/element HTTP/1.1
02-06-2018 18:15:52 LoggingManagedHttpClientConnection.java DEBUG [Forwarding findElement on session 24d300fcf97d37d523b713ca0ee8f459 to remote] http.headers 136 - http-outgoing-718 >> Content-Type: application/json; charset=utf-8
02-06-2018 18:15:52 LoggingManagedHttpClientConnection.java DEBUG [Forwarding findElement on session 24d300fcf97d37d523b713ca0ee8f459 to remote] http.headers 136 - http-outgoing-718 >> Content-Length: 75
02-06-2018 18:15:52 LoggingManagedHttpClientConnection.java DEBUG [Forwarding findElement on session 24d300fcf97d37d523b713ca0ee8f459 to remote] http.headers 136 - http-outgoing-718 >> Host: localhost:14595
02-06-2018 18:15:52 LoggingManagedHttpClientConnection.java DEBUG [Forwarding findElement on session 24d300fcf97d37d523b713ca0ee8f459 to remote] http.headers 136 - http-outgoing-718 >> Connection: Keep-Alive
02-06-2018 18:15:52 LoggingManagedHttpClientConnection.java DEBUG [Forwarding findElement on session 24d300fcf97d37d523b713ca0ee8f459 to remote] http.headers 136 - http-outgoing-718 >> User-Agent: Apache-HttpClient/4.5.3 (Java/1.8.0_151)
02-06-2018 18:15:52 LoggingManagedHttpClientConnection.java DEBUG [Forwarding findElement on session 24d300fcf97d37d523b713ca0ee8f459 to remote] http.headers 136 - http-outgoing-718 >> Accept-Encoding: gzip,deflate
02-06-2018 18:15:52 Wire.java DEBUG [Forwarding findElement on session 24d300fcf97d37d523b713ca0ee8f459 to remote] http.wire 73 - http-outgoing-718 >> "POST /session/24d300fcf97d37d523b713ca0ee8f459/element HTTP/1.1[\r][\n]"
02-06-2018 18:15:52 Wire.java DEBUG [Forwarding findElement on session 24d300fcf97d37d523b713ca0ee8f459 to remote] http.wire 73 - http-outgoing-718 >> "Content-Type: application/json; charset=utf-8[\r][\n]"
02-06-2018 18:15:52 Wire.java DEBUG [Forwarding findElement on session 24d300fcf97d37d523b713ca0ee8f459 to remote] http.wire 73 - http-outgoing-718 >> "Content-Length: 75[\r][\n]"
02-06-2018 18:15:52 Wire.java DEBUG [Forwarding findElement on session 24d300fcf97d37d523b713ca0ee8f459 to remote] http.wire 73 - http-outgoing-718 >> "Host: localhost:14595[\r][\n]"
02-06-2018 18:15:52 Wire.java DEBUG [Forwarding findElement on session 24d300fcf97d37d523b713ca0ee8f459 to remote] http.wire 73 - http-outgoing-718 >> "Connection: Keep-Alive[\r][\n]"
02-06-2018 18:15:52 Wire.java DEBUG [Forwarding findElement on session 24d300fcf97d37d523b713ca0ee8f459 to remote] http.wire 73 - http-outgoing-718 >> "User-Agent: Apache-HttpClient/4.5.3 (Java/1.8.0_151)[\r][\n]"
02-06-2018 18:15:52 Wire.java DEBUG [Forwarding findElement on session 24d300fcf97d37d523b713ca0ee8f459 to remote] http.wire 73 - http-outgoing-718 >> "Accept-Encoding: gzip,deflate[\r][\n]"
02-06-2018 18:15:52 Wire.java DEBUG [Forwarding findElement on session 24d300fcf97d37d523b713ca0ee8f459 to remote] http.wire 73 - http-outgoing-718 >> "[\r][\n]"
02-06-2018 18:15:52 Wire.java DEBUG [Forwarding findElement on session 24d300fcf97d37d523b713ca0ee8f459 to remote] http.wire 87 - http-outgoing-718 >> "{"using":"xpath","value":"html/body/div[1]/div/div/div/form/div[4]/button"}"
02-06-2018 18:15:52 Wire.java DEBUG [Forwarding findElement on session 24d300fcf97d37d523b713ca0ee8f459 to remote] http.wire 73 - http-outgoing-718 << "HTTP/1.1 200 OK[\r][\n]"
02-06-2018 18:15:52 Wire.java DEBUG [Forwarding findElement on session 24d300fcf97d37d523b713ca0ee8f459 to remote] http.wire 73 - http-outgoing-718 << "Content-Length:102[\r][\n]"
02-06-2018 18:15:52 Wire.java DEBUG [Forwarding findElement on session 24d300fcf97d37d523b713ca0ee8f459 to remote] http.wire 73 - http-outgoing-718 << "Content-Type:application/json; charset=utf-8[\r][\n]"
02-06-2018 18:15:52 Wire.java DEBUG [Forwarding findElement on session 24d300fcf97d37d523b713ca0ee8f459 to remote] http.wire 73 - http-outgoing-718 << "Connection:close[\r][\n]"
02-06-2018 18:15:52 Wire.java DEBUG [Forwarding findElement on session 24d300fcf97d37d523b713ca0ee8f459 to remote] http.wire 73 - http-outgoing-718 << "[\r][\n]"
02-06-2018 18:15:52 Wire.java DEBUG [Forwarding findElement on session 24d300fcf97d37d523b713ca0ee8f459 to remote] http.wire 87 - http-outgoing-718 << "{"sessionId":"24d300fcf97d37d523b713ca0ee8f459","status":0,"value":{"ELEMENT":"0.5366845346209654-3"}}"
02-06-2018 18:15:52 LoggingManagedHttpClientConnection.java DEBUG [Forwarding findElement on session 24d300fcf97d37d523b713ca0ee8f459 to remote] http.headers 122 - http-outgoing-718 << HTTP/1.1 200 OK
02-06-2018 18:15:52 LoggingManagedHttpClientConnection.java DEBUG [Forwarding findElement on session 24d300fcf97d37d523b713ca0ee8f459 to remote] http.headers 125 - http-outgoing-718 << Content-Length:102
02-06-2018 18:15:52 LoggingManagedHttpClientConnection.java DEBUG [Forwarding findElement on session 24d300fcf97d37d523b713ca0ee8f459 to remote] http.headers 125 - http-outgoing-718 << Content-Type:application/json; charset=utf-8
02-06-2018 18:15:52 LoggingManagedHttpClientConnection.java DEBUG [Forwarding findElement on session 24d300fcf97d37d523b713ca0ee8f459 to remote] http.headers 125 - http-outgoing-718 << Connection:close
02-06-2018 18:15:52 LoggingManagedHttpClientConnection.java DEBUG [Forwarding findElement on session 24d300fcf97d37d523b713ca0ee8f459 to remote] conn.DefaultManagedHttpClientConnection 79 - http-outgoing-718: Close connection
02-06-2018 18:15:52 ConnectionHolder.java DEBUG [Forwarding findElement on session 24d300fcf97d37d523b713ca0ee8f459 to remote] execchain.MainClientExec 104 - Connection discarded
02-06-2018 18:15:52 PoolingHttpClientConnectionManager.java DEBUG [Forwarding findElement on session 24d300fcf97d37d523b713ca0ee8f459 to remote] conn.PoolingHttpClientConnectionManager 326 - Connection released: [id: 718][route: {}->http://localhost:14595][total kept alive: 0; route allocated: 0 of 2000; total allocated: 0 of 2000]
02-06-2018 18:15:52 RequestAddCookies.java DEBUG [Forwarding clickElement on session 24d300fcf97d37d523b713ca0ee8f459 to remote] protocol.RequestAddCookies 123 - CookieSpec selected: default
02-06-2018 18:15:52 RequestAuthCache.java DEBUG [Forwarding clickElement on session 24d300fcf97d37d523b713ca0ee8f459 to remote] protocol.RequestAuthCache 77 - Auth cache not set in the context
02-06-2018 18:15:52 PoolingHttpClientConnectionManager.java DEBUG [Forwarding clickElement on session 24d300fcf97d37d523b713ca0ee8f459 to remote] conn.PoolingHttpClientConnectionManager 255 - Connection request: [route: {}->http://localhost:14595][total kept alive: 0; route allocated: 0 of 2000; total allocated: 0 of 2000]
02-06-2018 18:15:52 PoolingHttpClientConnectionManager.java DEBUG [Forwarding clickElement on session 24d300fcf97d37d523b713ca0ee8f459 to remote] conn.PoolingHttpClientConnectionManager 288 - Connection leased: [id: 719][route: {}->http://localhost:14595][total kept alive: 0; route allocated: 1 of 2000; total allocated: 1 of 2000]
02-06-2018 18:15:52 MainClientExec.java DEBUG [Forwarding clickElement on session 24d300fcf97d37d523b713ca0ee8f459 to remote] execchain.MainClientExec 235 - Opening connection {}->http://localhost:14595
02-06-2018 18:15:52 DefaultHttpClientConnectionOperator.java DEBUG [Forwarding clickElement on session 24d300fcf97d37d523b713ca0ee8f459 to remote] conn.DefaultHttpClientConnectionOperator 139 - Connecting to localhost/127.0.0.1:14595
02-06-2018 18:15:52 DefaultHttpClientConnectionOperator.java DEBUG [Forwarding clickElement on session 24d300fcf97d37d523b713ca0ee8f459 to remote] conn.DefaultHttpClientConnectionOperator 146 - Connection established 127.0.0.1:52000<->127.0.0.1:14595
02-06-2018 18:15:52 LoggingManagedHttpClientConnection.java DEBUG [Forwarding clickElement on session 24d300fcf97d37d523b713ca0ee8f459 to remote] conn.DefaultManagedHttpClientConnection 88 - http-outgoing-719: set socket timeout to 10800000
02-06-2018 18:15:52 MainClientExec.java DEBUG [Forwarding clickElement on session 24d300fcf97d37d523b713ca0ee8f459 to remote] execchain.MainClientExec 256 - Executing request POST /session/24d300fcf97d37d523b713ca0ee8f459/element/0.5366845346209654-3/click HTTP/1.1
02-06-2018 18:15:52 MainClientExec.java DEBUG [Forwarding clickElement on session 24d300fcf97d37d523b713ca0ee8f459 to remote] execchain.MainClientExec 261 - Target auth state: UNCHALLENGED
02-06-2018 18:15:52 MainClientExec.java DEBUG [Forwarding clickElement on session 24d300fcf97d37d523b713ca0ee8f459 to remote] execchain.MainClientExec 267 - Proxy auth state: UNCHALLENGED
02-06-2018 18:15:52 LoggingManagedHttpClientConnection.java DEBUG [Forwarding clickElement on session 24d300fcf97d37d523b713ca0ee8f459 to remote] http.headers 133 - http-outgoing-719 >> POST /session/24d300fcf97d37d523b713ca0ee8f459/element/0.5366845346209654-3/click HTTP/1.1
02-06-2018 18:15:52 LoggingManagedHttpClientConnection.java DEBUG [Forwarding clickElement on session 24d300fcf97d37d523b713ca0ee8f459 to remote] http.headers 136 - http-outgoing-719 >> Content-Type: application/json; charset=utf-8
02-06-2018 18:15:52 LoggingManagedHttpClientConnection.java DEBUG [Forwarding clickElement on session 24d300fcf97d37d523b713ca0ee8f459 to remote] http.headers 136 - http-outgoing-719 >> Content-Length: 29
02-06-2018 18:15:52 LoggingManagedHttpClientConnection.java DEBUG [Forwarding clickElement on session 24d300fcf97d37d523b713ca0ee8f459 to remote] http.headers 136 - http-outgoing-719 >> Host: localhost:14595
02-06-2018 18:15:52 LoggingManagedHttpClientConnection.java DEBUG [Forwarding clickElement on session 24d300fcf97d37d523b713ca0ee8f459 to remote] http.headers 136 - http-outgoing-719 >> Connection: Keep-Alive
02-06-2018 18:15:52 LoggingManagedHttpClientConnection.java DEBUG [Forwarding clickElement on session 24d300fcf97d37d523b713ca0ee8f459 to remote] http.headers 136 - http-outgoing-719 >> User-Agent: Apache-HttpClient/4.5.3 (Java/1.8.0_151)
02-06-2018 18:15:52 LoggingManagedHttpClientConnection.java DEBUG [Forwarding clickElement on session 24d300fcf97d37d523b713ca0ee8f459 to remote] http.headers 136 - http-outgoing-719 >> Accept-Encoding: gzip,deflate
02-06-2018 18:15:52 Wire.java DEBUG [Forwarding clickElement on session 24d300fcf97d37d523b713ca0ee8f459 to remote] http.wire 73 - http-outgoing-719 >> "POST /session/24d300fcf97d37d523b713ca0ee8f459/element/0.5366845346209654-3/click HTTP/1.1[\r][\n]"
02-06-2018 18:15:52 Wire.java DEBUG [Forwarding clickElement on session 24d300fcf97d37d523b713ca0ee8f459 to remote] http.wire 73 - http-outgoing-719 >> "Content-Type: application/json; charset=utf-8[\r][\n]"
02-06-2018 18:15:52 Wire.java DEBUG [Forwarding clickElement on session 24d300fcf97d37d523b713ca0ee8f459 to remote] http.wire 73 - http-outgoing-719 >> "Content-Length: 29[\r][\n]"
02-06-2018 18:15:52 Wire.java DEBUG [Forwarding clickElement on session 24d300fcf97d37d523b713ca0ee8f459 to remote] http.wire 73 - http-outgoing-719 >> "Host: localhost:14595[\r][\n]"
02-06-2018 18:15:52 Wire.java DEBUG [Forwarding clickElement on session 24d300fcf97d37d523b713ca0ee8f459 to remote] http.wire 73 - http-outgoing-719 >> "Connection: Keep-Alive[\r][\n]"
02-06-2018 18:15:52 Wire.java DEBUG [Forwarding clickElement on session 24d300fcf97d37d523b713ca0ee8f459 to remote] http.wire 73 - http-outgoing-719 >> "User-Agent: Apache-HttpClient/4.5.3 (Java/1.8.0_151)[\r][\n]"
02-06-2018 18:15:52 Wire.java DEBUG [Forwarding clickElement on session 24d300fcf97d37d523b713ca0ee8f459 to remote] http.wire 73 - http-outgoing-719 >> "Accept-Encoding: gzip,deflate[\r][\n]"
02-06-2018 18:15:52 Wire.java DEBUG [Forwarding clickElement on session 24d300fcf97d37d523b713ca0ee8f459 to remote] http.wire 73 - http-outgoing-719 >> "[\r][\n]"
02-06-2018 18:15:52 Wire.java DEBUG [Forwarding clickElement on session 24d300fcf97d37d523b713ca0ee8f459 to remote] http.wire 87 - http-outgoing-719 >> "{"id":"0.5366845346209654-3"}"
02-06-2018 18:15:56 Wire.java DEBUG [Forwarding clickElement on session 24d300fcf97d37d523b713ca0ee8f459 to remote] http.wire 73 - http-outgoing-719 << "HTTP/1.1 200 OK[\r][\n]"
02-06-2018 18:15:56 Wire.java DEBUG [Forwarding clickElement on session 24d300fcf97d37d523b713ca0ee8f459 to remote] http.wire 73 - http-outgoing-719 << "Content-Length:72[\r][\n]"
02-06-2018 18:15:56 Wire.java DEBUG [Forwarding clickElement on session 24d300fcf97d37d523b713ca0ee8f459 to remote] http.wire 73 - http-outgoing-719 << "Content-Type:application/json; charset=utf-8[\r][\n]"
02-06-2018 18:15:56 Wire.java DEBUG [Forwarding clickElement on session 24d300fcf97d37d523b713ca0ee8f459 to remote] http.wire 73 - http-outgoing-719 << "Connection:close[\r][\n]"
02-06-2018 18:15:56 Wire.java DEBUG [Forwarding clickElement on session 24d300fcf97d37d523b713ca0ee8f459 to remote] http.wire 73 - http-outgoing-719 << "[\r][\n]"
02-06-2018 18:15:56 Wire.java DEBUG [Forwarding clickElement on session 24d300fcf97d37d523b713ca0ee8f459 to remote] http.wire 87 - http-outgoing-719 << "{"sessionId":"24d300fcf97d37d523b713ca0ee8f459","status":0,"value":null}"
02-06-2018 18:15:56 LoggingManagedHttpClientConnection.java DEBUG [Forwarding clickElement on session 24d300fcf97d37d523b713ca0ee8f459 to remote] http.headers 122 - http-outgoing-719 << HTTP/1.1 200 OK
02-06-2018 18:15:56 LoggingManagedHttpClientConnection.java DEBUG [Forwarding clickElement on session 24d300fcf97d37d523b713ca0ee8f459 to remote] http.headers 125 - http-outgoing-719 << Content-Length:72
02-06-2018 18:15:56 LoggingManagedHttpClientConnection.java DEBUG [Forwarding clickElement on session 24d300fcf97d37d523b713ca0ee8f459 to remote] http.headers 125 - http-outgoing-719 << Content-Type:application/json; charset=utf-8
02-06-2018 18:15:56 LoggingManagedHttpClientConnection.java DEBUG [Forwarding clickElement on session 24d300fcf97d37d523b713ca0ee8f459 to remote] http.headers 125 - http-outgoing-719 << Connection:close
02-06-2018 18:15:56 LoggingManagedHttpClientConnection.java DEBUG [Forwarding clickElement on session 24d300fcf97d37d523b713ca0ee8f459 to remote] conn.DefaultManagedHttpClientConnection 79 - http-outgoing-719: Close connection
02-06-2018 18:15:56 ConnectionHolder.java DEBUG [Forwarding clickElement on session 24d300fcf97d37d523b713ca0ee8f459 to remote] execchain.MainClientExec 104 - Connection discarded
02-06-2018 18:15:56 PoolingHttpClientConnectionManager.java DEBUG [Forwarding clickElement on session 24d300fcf97d37d523b713ca0ee8f459 to remote] conn.PoolingHttpClientConnectionManager 326 - Connection released: [id: 719][route: {}->http://localhost:14595][total kept alive: 0; route allocated: 0 of 2000; total allocated: 0 of 2000]
02-06-2018 18:15:56 RequestAddCookies.java DEBUG [Forwarding findElement on session 24d300fcf97d37d523b713ca0ee8f459 to remote] protocol.RequestAddCookies 123 - CookieSpec selected: default
02-06-2018 18:15:56 RequestAuthCache.java DEBUG [Forwarding findElement on session 24d300fcf97d37d523b713ca0ee8f459 to remote] protocol.RequestAuthCache 77 - Auth cache not set in the context
02-06-2018 18:15:56 PoolingHttpClientConnectionManager.java DEBUG [Forwarding findElement on session 24d300fcf97d37d523b713ca0ee8f459 to remote] conn.PoolingHttpClientConnectionManager 255 - Connection request: [route: {}->http://localhost:14595][total kept alive: 0; route allocated: 0 of 2000; total allocated: 0 of 2000]
02-06-2018 18:15:56 PoolingHttpClientConnectionManager.java DEBUG [Forwarding findElement on session 24d300fcf97d37d523b713ca0ee8f459 to remote] conn.PoolingHttpClientConnectionManager 288 - Connection leased: [id: 720][route: {}->http://localhost:14595][total kept alive: 0; route allocated: 1 of 2000; total allocated: 1 of 2000]
02-06-2018 18:15:56 MainClientExec.java DEBUG [Forwarding findElement on session 24d300fcf97d37d523b713ca0ee8f459 to remote] execchain.MainClientExec 235 - Opening connection {}->http://localhost:14595
02-06-2018 18:15:56 DefaultHttpClientConnectionOperator.java DEBUG [Forwarding findElement on session 24d300fcf97d37d523b713ca0ee8f459 to remote] conn.DefaultHttpClientConnectionOperator 139 - Connecting to localhost/127.0.0.1:14595
02-06-2018 18:15:56 DefaultHttpClientConnectionOperator.java DEBUG [Forwarding findElement on session 24d300fcf97d37d523b713ca0ee8f459 to remote] conn.DefaultHttpClientConnectionOperator 146 - Connection established 127.0.0.1:52007<->127.0.0.1:14595
02-06-2018 18:15:56 LoggingManagedHttpClientConnection.java DEBUG [Forwarding findElement on session 24d300fcf97d37d523b713ca0ee8f459 to remote] conn.DefaultManagedHttpClientConnection 88 - http-outgoing-720: set socket timeout to 10800000
02-06-2018 18:15:56 MainClientExec.java DEBUG [Forwarding findElement on session 24d300fcf97d37d523b713ca0ee8f459 to remote] execchain.MainClientExec 256 - Executing request POST /session/24d300fcf97d37d523b713ca0ee8f459/element HTTP/1.1
02-06-2018 18:15:56 MainClientExec.java DEBUG [Forwarding findElement on session 24d300fcf97d37d523b713ca0ee8f459 to remote] execchain.MainClientExec 261 - Target auth state: UNCHALLENGED
02-06-2018 18:15:56 MainClientExec.java DEBUG [Forwarding findElement on session 24d300fcf97d37d523b713ca0ee8f459 to remote] execchain.MainClientExec 267 - Proxy auth state: UNCHALLENGED
02-06-2018 18:15:56 LoggingManagedHttpClientConnection.java DEBUG [Forwarding findElement on session 24d300fcf97d37d523b713ca0ee8f459 to remote] http.headers 133 - http-outgoing-720 >> POST /session/24d300fcf97d37d523b713ca0ee8f459/element HTTP/1.1
02-06-2018 18:15:56 LoggingManagedHttpClientConnection.java DEBUG [Forwarding findElement on session 24d300fcf97d37d523b713ca0ee8f459 to remote] http.headers 136 - http-outgoing-720 >> Content-Type: application/json; charset=utf-8
02-06-2018 18:15:56 LoggingManagedHttpClientConnection.java DEBUG [Forwarding findElement on session 24d300fcf97d37d523b713ca0ee8f459 to remote] http.headers 136 - http-outgoing-720 >> Content-Length: 118
02-06-2018 18:15:56 LoggingManagedHttpClientConnection.java DEBUG [Forwarding findElement on session 24d300fcf97d37d523b713ca0ee8f459 to remote] http.headers 136 - http-outgoing-720 >> Host: localhost:14595
02-06-2018 18:15:56 LoggingManagedHttpClientConnection.java DEBUG [Forwarding findElement on session 24d300fcf97d37d523b713ca0ee8f459 to remote] http.headers 136 - http-outgoing-720 >> Connection: Keep-Alive
02-06-2018 18:15:56 LoggingManagedHttpClientConnection.java DEBUG [Forwarding findElement on session 24d300fcf97d37d523b713ca0ee8f459 to remote] http.headers 136 - http-outgoing-720 >> User-Agent: Apache-HttpClient/4.5.3 (Java/1.8.0_151)
02-06-2018 18:15:56 LoggingManagedHttpClientConnection.java DEBUG [Forwarding findElement on session 24d300fcf97d37d523b713ca0ee8f459 to remote] http.headers 136 - http-outgoing-720 >> Accept-Encoding: gzip,deflate
02-06-2018 18:15:56 Wire.java DEBUG [Forwarding findElement on session 24d300fcf97d37d523b713ca0ee8f459 to remote] http.wire 73 - http-outgoing-720 >> "POST /session/24d300fcf97d37d523b713ca0ee8f459/element HTTP/1.1[\r][\n]"
02-06-2018 18:15:56 Wire.java DEBUG [Forwarding findElement on session 24d300fcf97d37d523b713ca0ee8f459 to remote] http.wire 73 - http-outgoing-720 >> "Content-Type: application/json; charset=utf-8[\r][\n]"
02-06-2018 18:15:56 Wire.java DEBUG [Forwarding findElement on session 24d300fcf97d37d523b713ca0ee8f459 to remote] http.wire 73 - http-outgoing-720 >> "Content-Length: 118[\r][\n]"
02-06-2018 18:15:56 Wire.java DEBUG [Forwarding findElement on session 24d300fcf97d37d523b713ca0ee8f459 to remote] http.wire 73 - http-outgoing-720 >> "Host: localhost:14595[\r][\n]"
02-06-2018 18:15:56 Wire.java DEBUG [Forwarding findElement on session 24d300fcf97d37d523b713ca0ee8f459 to remote] http.wire 73 - http-outgoing-720 >> "Connection: Keep-Alive[\r][\n]"
02-06-2018 18:15:56 Wire.java DEBUG [Forwarding findElement on session 24d300fcf97d37d523b713ca0ee8f459 to remote] http.wire 73 - http-outgoing-720 >> "User-Agent: Apache-HttpClient/4.5.3 (Java/1.8.0_151)[\r][\n]"
02-06-2018 18:15:56 Wire.java DEBUG [Forwarding findElement on session 24d300fcf97d37d523b713ca0ee8f459 to remote] http.wire 73 - http-outgoing-720 >> "Accept-Encoding: gzip,deflate[\r][\n]"
02-06-2018 18:15:56 Wire.java DEBUG [Forwarding findElement on session 24d300fcf97d37d523b713ca0ee8f459 to remote] http.wire 73 - http-outgoing-720 >> "[\r][\n]"
02-06-2018 18:15:56 Wire.java DEBUG [Forwarding findElement on session 24d300fcf97d37d523b713ca0ee8f459 to remote] http.wire 87 - http-outgoing-720 >> "{"using":"xpath","value":"html/body/div[1]/div[1]/div/div/div[1]/div/div[2]/div[1]/div/div/div/div/center/ul/li[2]/a"}"
02-06-2018 18:15:56 Wire.java DEBUG [Forwarding findElement on session 24d300fcf97d37d523b713ca0ee8f459 to remote] http.wire 73 - http-outgoing-720 << "HTTP/1.1 200 OK[\r][\n]"
02-06-2018 18:15:56 Wire.java DEBUG [Forwarding findElement on session 24d300fcf97d37d523b713ca0ee8f459 to remote] http.wire 73 - http-outgoing-720 << "Content-Length:101[\r][\n]"
02-06-2018 18:15:56 Wire.java DEBUG [Forwarding findElement on session 24d300fcf97d37d523b713ca0ee8f459 to remote] http.wire 73 - http-outgoing-720 << "Content-Type:application/json; charset=utf-8[\r][\n]"
02-06-2018 18:15:56 Wire.java DEBUG [Forwarding findElement on session 24d300fcf97d37d523b713ca0ee8f459 to remote] http.wire 73 - http-outgoing-720 << "Connection:close[\r][\n]"
02-06-2018 18:15:56 Wire.java DEBUG [Forwarding findElement on session 24d300fcf97d37d523b713ca0ee8f459 to remote] http.wire 73 - http-outgoing-720 << "[\r][\n]"
02-06-2018 18:15:56 Wire.java DEBUG [Forwarding findElement on session 24d300fcf97d37d523b713ca0ee8f459 to remote] http.wire 87 - http-outgoing-720 << "{"sessionId":"24d300fcf97d37d523b713ca0ee8f459","status":0,"value":{"ELEMENT":"0.759319696511527-1"}}"
02-06-2018 18:15:56 LoggingManagedHttpClientConnection.java DEBUG [Forwarding findElement on session 24d300fcf97d37d523b713ca0ee8f459 to remote] http.headers 122 - http-outgoing-720 << HTTP/1.1 200 OK
02-06-2018 18:15:56 LoggingManagedHttpClientConnection.java DEBUG [Forwarding findElement on session 24d300fcf97d37d523b713ca0ee8f459 to remote] http.headers 125 - http-outgoing-720 << Content-Length:101
02-06-2018 18:15:56 LoggingManagedHttpClientConnection.java DEBUG [Forwarding findElement on session 24d300fcf97d37d523b713ca0ee8f459 to remote] http.headers 125 - http-outgoing-720 << Content-Type:application/json; charset=utf-8
02-06-2018 18:15:57 LoggingManagedHttpClientConnection.java DEBUG [Forwarding findElement on session 24d300fcf97d37d523b713ca0ee8f459 to remote] http.headers 125 - http-outgoing-720 << Connection:close
02-06-2018 18:15:57 LoggingManagedHttpClientConnection.java DEBUG [Forwarding findElement on session 24d300fcf97d37d523b713ca0ee8f459 to remote] conn.DefaultManagedHttpClientConnection 79 - http-outgoing-720: Close connection
02-06-2018 18:15:57 ConnectionHolder.java DEBUG [Forwarding findElement on session 24d300fcf97d37d523b713ca0ee8f459 to remote] execchain.MainClientExec 104 - Connection discarded
02-06-2018 18:15:57 PoolingHttpClientConnectionManager.java DEBUG [Forwarding findElement on session 24d300fcf97d37d523b713ca0ee8f459 to remote] conn.PoolingHttpClientConnectionManager 326 - Connection released: [id: 720][route: {}->http://localhost:14595][total kept alive: 0; route allocated: 0 of 2000; total allocated: 0 of 2000]
02-06-2018 18:15:57 RequestAddCookies.java DEBUG [Forwarding clickElement on session 24d300fcf97d37d523b713ca0ee8f459 to remote] protocol.RequestAddCookies 123 - CookieSpec selected: default
02-06-2018 18:15:57 RequestAuthCache.java DEBUG [Forwarding clickElement on session 24d300fcf97d37d523b713ca0ee8f459 to remote] protocol.RequestAuthCache 77 - Auth cache not set in the context
02-06-2018 18:15:57 PoolingHttpClientConnectionManager.java DEBUG [Forwarding clickElement on session 24d300fcf97d37d523b713ca0ee8f459 to remote] conn.PoolingHttpClientConnectionManager 255 - Connection request: [route: {}->http://localhost:14595][total kept alive: 0; route allocated: 0 of 2000; total allocated: 0 of 2000]
02-06-2018 18:15:57 PoolingHttpClientConnectionManager.java DEBUG [Forwarding clickElement on session 24d300fcf97d37d523b713ca0ee8f459 to remote] conn.PoolingHttpClientConnectionManager 288 - Connection leased: [id: 721][route: {}->http://localhost:14595][total kept alive: 0; route allocated: 1 of 2000; total allocated: 1 of 2000]
02-06-2018 18:15:57 MainClientExec.java DEBUG [Forwarding clickElement on session 24d300fcf97d37d523b713ca0ee8f459 to remote] execchain.MainClientExec 235 - Opening connection {}->http://localhost:14595
02-06-2018 18:15:57 DefaultHttpClientConnectionOperator.java DEBUG [Forwarding clickElement on session 24d300fcf97d37d523b713ca0ee8f459 to remote] conn.DefaultHttpClientConnectionOperator 139 - Connecting to localhost/127.0.0.1:14595
02-06-2018 18:15:57 DefaultHttpClientConnectionOperator.java DEBUG [Forwarding clickElement on session 24d300fcf97d37d523b713ca0ee8f459 to remote] conn.DefaultHttpClientConnectionOperator 146 - Connection established 127.0.0.1:52008<->127.0.0.1:14595
02-06-2018 18:15:57 LoggingManagedHttpClientConnection.java DEBUG [Forwarding clickElement on session 24d300fcf97d37d523b713ca0ee8f459 to remote] conn.DefaultManagedHttpClientConnection 88 - http-outgoing-721: set socket timeout to 10800000
02-06-2018 18:15:57 MainClientExec.java DEBUG [Forwarding clickElement on session 24d300fcf97d37d523b713ca0ee8f459 to remote] execchain.MainClientExec 256 - Executing request POST /session/24d300fcf97d37d523b713ca0ee8f459/element/0.759319696511527-1/click HTTP/1.1
02-06-2018 18:15:57 MainClientExec.java DEBUG [Forwarding clickElement on session 24d300fcf97d37d523b713ca0ee8f459 to remote] execchain.MainClientExec 261 - Target auth state: UNCHALLENGED
02-06-2018 18:15:57 MainClientExec.java DEBUG [Forwarding clickElement on session 24d300fcf97d37d523b713ca0ee8f459 to remote] execchain.MainClientExec 267 - Proxy auth state: UNCHALLENGED
02-06-2018 18:15:57 LoggingManagedHttpClientConnection.java DEBUG [Forwarding clickElement on session 24d300fcf97d37d523b713ca0ee8f459 to remote] http.headers 133 - http-outgoing-721 >> POST /session/24d300fcf97d37d523b713ca0ee8f459/element/0.759319696511527-1/click HTTP/1.1
02-06-2018 18:15:57 LoggingManagedHttpClientConnection.java DEBUG [Forwarding clickElement on session 24d300fcf97d37d523b713ca0ee8f459 to remote] http.headers 136 - http-outgoing-721 >> Content-Type: application/json; charset=utf-8
02-06-2018 18:15:57 LoggingManagedHttpClientConnection.java DEBUG [Forwarding clickElement on session 24d300fcf97d37d523b713ca0ee8f459 to remote] http.headers 136 - http-outgoing-721 >> Content-Length: 28
02-06-2018 18:15:57 LoggingManagedHttpClientConnection.java DEBUG [Forwarding clickElement on session 24d300fcf97d37d523b713ca0ee8f459 to remote] http.headers 136 - http-outgoing-721 >> Host: localhost:14595
02-06-2018 18:15:57 LoggingManagedHttpClientConnection.java DEBUG [Forwarding clickElement on session 24d300fcf97d37d523b713ca0ee8f459 to remote] http.headers 136 - http-outgoing-721 >> Connection: Keep-Alive
02-06-2018 18:15:57 LoggingManagedHttpClientConnection.java DEBUG [Forwarding clickElement on session 24d300fcf97d37d523b713ca0ee8f459 to remote] http.headers 136 - http-outgoing-721 >> User-Agent: Apache-HttpClient/4.5.3 (Java/1.8.0_151)
02-06-2018 18:15:57 LoggingManagedHttpClientConnection.java DEBUG [Forwarding clickElement on session 24d300fcf97d37d523b713ca0ee8f459 to remote] http.headers 136 - http-outgoing-721 >> Accept-Encoding: gzip,deflate
02-06-2018 18:15:57 Wire.java DEBUG [Forwarding clickElement on session 24d300fcf97d37d523b713ca0ee8f459 to remote] http.wire 73 - http-outgoing-721 >> "POST /session/24d300fcf97d37d523b713ca0ee8f459/element/0.759319696511527-1/click HTTP/1.1[\r][\n]"
02-06-2018 18:15:57 Wire.java DEBUG [Forwarding clickElement on session 24d300fcf97d37d523b713ca0ee8f459 to remote] http.wire 73 - http-outgoing-721 >> "Content-Type: application/json; charset=utf-8[\r][\n]"
02-06-2018 18:15:57 Wire.java DEBUG [Forwarding clickElement on session 24d300fcf97d37d523b713ca0ee8f459 to remote] http.wire 73 - http-outgoing-721 >> "Content-Length: 28[\r][\n]"
02-06-2018 18:15:57 Wire.java DEBUG [Forwarding clickElement on session 24d300fcf97d37d523b713ca0ee8f459 to remote] http.wire 73 - http-outgoing-721 >> "Host: localhost:14595[\r][\n]"
02-06-2018 18:15:57 Wire.java DEBUG [Forwarding clickElement on session 24d300fcf97d37d523b713ca0ee8f459 to remote] http.wire 73 - http-outgoing-721 >> "Connection: Keep-Alive[\r][\n]"
02-06-2018 18:15:57 Wire.java DEBUG [Forwarding clickElement on session 24d300fcf97d37d523b713ca0ee8f459 to remote] http.wire 73 - http-outgoing-721 >> "User-Agent: Apache-HttpClient/4.5.3 (Java/1.8.0_151)[\r][\n]"
02-06-2018 18:15:57 Wire.java DEBUG [Forwarding clickElement on session 24d300fcf97d37d523b713ca0ee8f459 to remote] http.wire 73 - http-outgoing-721 >> "Accept-Encoding: gzip,deflate[\r][\n]"
02-06-2018 18:15:57 Wire.java DEBUG [Forwarding clickElement on session 24d300fcf97d37d523b713ca0ee8f459 to remote] http.wire 73 - http-outgoing-721 >> "[\r][\n]"
02-06-2018 18:15:57 Wire.java DEBUG [Forwarding clickElement on session 24d300fcf97d37d523b713ca0ee8f459 to remote] http.wire 87 - http-outgoing-721 >> "{"id":"0.759319696511527-1"}"
02-06-2018 18:15:57 Wire.java DEBUG [Forwarding clickElement on session 24d300fcf97d37d523b713ca0ee8f459 to remote] http.wire 73 - http-outgoing-721 << "HTTP/1.1 200 OK[\r][\n]"
02-06-2018 18:15:57 Wire.java DEBUG [Forwarding clickElement on session 24d300fcf97d37d523b713ca0ee8f459 to remote] http.wire 73 - http-outgoing-721 << "Content-Length:266[\r][\n]"
02-06-2018 18:15:57 Wire.java DEBUG [Forwarding clickElement on session 24d300fcf97d37d523b713ca0ee8f459 to remote] http.wire 73 - http-outgoing-721 << "Content-Type:application/json; charset=utf-8[\r][\n]"
02-06-2018 18:15:57 Wire.java DEBUG [Forwarding clickElement on session 24d300fcf97d37d523b713ca0ee8f459 to remote] http.wire 73 - http-outgoing-721 << "Connection:close[\r][\n]"
02-06-2018 18:15:57 Wire.java DEBUG [Forwarding clickElement on session 24d300fcf97d37d523b713ca0ee8f459 to remote] http.wire 73 - http-outgoing-721 << "[\r][\n]"
02-06-2018 18:15:57 Wire.java DEBUG [Forwarding clickElement on session 24d300fcf97d37d523b713ca0ee8f459 to remote] http.wire 87 - http-outgoing-721 << "{"sessionId":"24d300fcf97d37d523b713ca0ee8f459","status":11,"value":{"message":"element not visible\n  (Session info: chrome=63.0.3239.132)\n  (Driver info: chromedriver=2.33.506120 (e3e53437346286c0bc2d2dc9aa4915ba81d9023f),platform=Windows NT 10.0.16299 x86_64)"}}"
02-06-2018 18:15:57 LoggingManagedHttpClientConnection.java DEBUG [Forwarding clickElement on session 24d300fcf97d37d523b713ca0ee8f459 to remote] http.headers 122 - http-outgoing-721 << HTTP/1.1 200 OK
02-06-2018 18:15:57 LoggingManagedHttpClientConnection.java DEBUG [Forwarding clickElement on session 24d300fcf97d37d523b713ca0ee8f459 to remote] http.headers 125 - http-outgoing-721 << Content-Length:266
02-06-2018 18:15:57 LoggingManagedHttpClientConnection.java DEBUG [Forwarding clickElement on session 24d300fcf97d37d523b713ca0ee8f459 to remote] http.headers 125 - http-outgoing-721 << Content-Type:application/json; charset=utf-8
02-06-2018 18:15:57 LoggingManagedHttpClientConnection.java DEBUG [Forwarding clickElement on session 24d300fcf97d37d523b713ca0ee8f459 to remote] http.headers 125 - http-outgoing-721 << Connection:close
02-06-2018 18:15:57 LoggingManagedHttpClientConnection.java DEBUG [Forwarding clickElement on session 24d300fcf97d37d523b713ca0ee8f459 to remote] conn.DefaultManagedHttpClientConnection 79 - http-outgoing-721: Close connection
02-06-2018 18:15:57 ConnectionHolder.java DEBUG [Forwarding clickElement on session 24d300fcf97d37d523b713ca0ee8f459 to remote] execchain.MainClientExec 104 - Connection discarded
02-06-2018 18:15:57 PoolingHttpClientConnectionManager.java DEBUG [Forwarding clickElement on session 24d300fcf97d37d523b713ca0ee8f459 to remote] conn.PoolingHttpClientConnectionManager 326 - Connection released: [id: 721][route: {}->http://localhost:14595][total kept alive: 0; route allocated: 0 of 2000; total allocated: 0 of 2000]
]]></system-out>
    <system-err><![CDATA[Starting ChromeDriver 2.33.506120 (e3e53437346286c0bc2d2dc9aa4915ba81d9023f) on port 14595
Only local connections are allowed.
Feb 06, 2018 6:15:44 PM org.openqa.selenium.remote.ProtocolHandshake createSession
INFO: Detected dialect: OSS
]]></system-err>
  </testcase>
  <testcase name="ClickLogOutBtnTest" classname="com.jusdone.qa.testcases.DashBoardTest" time="1.305"/>
</testsuite>