<?xml version="1.0" encoding="UTF-8"?>
<testsuite xmlns:xsi="http://www.w3.org/2001/XMLSchema-instance" xsi:noNamespaceSchemaLocation="https://maven.apache.org/surefire/maven-surefire-plugin/xsd/surefire-test-report.xsd" name="TestSuite" time="537.113" tests="40" errors="0" skipped="0" failures="0">
  <properties>
    <property name="java.runtime.name" value="Java(TM) SE Runtime Environment"/>
    <property name="sun.boot.library.path" value="C:\Program Files\Java\jdk1.8.0_151\jre\bin"/>
    <property name="java.vm.version" value="25.151-b12"/>
    <property name="java.vm.vendor" value="Oracle Corporation"/>
    <property name="maven.multiModuleProjectDirectory" value="C:\Users\Murali\Desktop\selenium\JusDoneTest"/>
    <property name="java.vendor.url" value="http://java.oracle.com/"/>
    <property name="path.separator" value=";"/>
    <property name="guice.disable.misplaced.annotation.check" value="true"/>
    <property name="java.vm.name" value="Java HotSpot(TM) 64-Bit Server VM"/>
    <property name="file.encoding.pkg" value="sun.io"/>
    <property name="user.script" value=""/>
    <property name="user.country" value="US"/>
    <property name="sun.java.launcher" value="SUN_STANDARD"/>
    <property name="sun.os.patch.level" value=""/>
    <property name="java.vm.specification.name" value="Java Virtual Machine Specification"/>
    <property name="user.dir" value="C:\Users\Murali\Desktop\selenium\JusDoneTest"/>
    <property name="java.runtime.version" value="1.8.0_151-b12"/>
    <property name="java.awt.graphicsenv" value="sun.awt.Win32GraphicsEnvironment"/>
    <property name="java.endorsed.dirs" value="C:\Program Files\Java\jdk1.8.0_151\jre\lib\endorsed"/>
    <property name="os.arch" value="amd64"/>
    <property name="java.io.tmpdir" value="C:\Users\Murali\AppData\Local\Temp\"/>
    <property name="line.separator" value="&#10;"/>
    <property name="java.vm.specification.vendor" value="Oracle Corporation"/>
    <property name="user.variant" value=""/>
    <property name="os.name" value="Windows 10"/>
    <property name="classworlds.conf" value="C:\Users\Murali\Desktop\selenium\.metadata\.plugins\org.eclipse.m2e.launching\launches\m2conf7502128169378963082.tmp"/>
    <property name="sun.jnu.encoding" value="Cp1252"/>
    <property name="java.library.path" value="C:\Program Files\Java\jdk1.8.0_151\bin;C:\WINDOWS\Sun\Java\bin;C:\WINDOWS\system32;C:\WINDOWS;C:/Program Files/Java/jdk1.8.0_151/bin/../jre/bin/server;C:/Program Files/Java/jdk1.8.0_151/bin/../jre/bin;C:/Program Files/Java/jdk1.8.0_151/bin/../jre/lib/amd64;C:\Program Files\Java\jdk1.8.0_151\bin;C:\WINDOWS\system32;C:\WINDOWS;C:\WINDOWS\System32\Wbem;C:\WINDOWS\System32\WindowsPowerShell\v1.0\;C:\Program Files\MySQL\MySQL Utilities 1.6\;C:\Selenium-Jar Files\apache-maven-3.5.2-bin\apache-maven-3.5.2\bin;C:\Program Files\Git\cmd;C:\Program Files\PuTTY\;C:\Users\Murali\AppData\Local\Microsoft\WindowsApps;C:\Users\Murali\AppData\Local\GitHubDesktop\bin;C:\Users\Murali\Desktop;;."/>
    <property name="java.specification.name" value="Java Platform API Specification"/>
    <property name="java.class.version" value="52.0"/>
    <property name="sun.management.compiler" value="HotSpot 64-Bit Tiered Compilers"/>
    <property name="os.version" value="10.0"/>
    <property name="user.home" value="C:\Users\Murali"/>
    <property name="user.timezone" value="America/Chicago"/>
    <property name="java.awt.printerjob" value="sun.awt.windows.WPrinterJob"/>
    <property name="java.specification.version" value="1.8"/>
    <property name="file.encoding" value="Cp1252"/>
    <property name="user.name" value="Murali"/>
    <property name="java.class.path" value="C:\Users\Murali\.p2\pool\plugins\org.eclipse.m2e.maven.runtime_1.8.2.20171007-0216\jars\plexus-classworlds-2.5.2.jar"/>
    <property name="java.vm.specification.version" value="1.8"/>
    <property name="sun.arch.data.model" value="64"/>
    <property name="java.home" value="C:\Program Files\Java\jdk1.8.0_151\jre"/>
    <property name="sun.java.command" value="org.codehaus.plexus.classworlds.launcher.Launcher -B install"/>
    <property name="java.specification.vendor" value="Oracle Corporation"/>
    <property name="user.language" value="en"/>
    <property name="awt.toolkit" value="sun.awt.windows.WToolkit"/>
    <property name="java.vm.info" value="mixed mode"/>
    <property name="java.version" value="1.8.0_151"/>
    <property name="java.ext.dirs" value="C:\Program Files\Java\jdk1.8.0_151\jre\lib\ext;C:\WINDOWS\Sun\Java\lib\ext"/>
    <property name="sun.boot.class.path" value="C:\Program Files\Java\jdk1.8.0_151\jre\lib\resources.jar;C:\Program Files\Java\jdk1.8.0_151\jre\lib\rt.jar;C:\Program Files\Java\jdk1.8.0_151\jre\lib\sunrsasign.jar;C:\Program Files\Java\jdk1.8.0_151\jre\lib\jsse.jar;C:\Program Files\Java\jdk1.8.0_151\jre\lib\jce.jar;C:\Program Files\Java\jdk1.8.0_151\jre\lib\charsets.jar;C:\Program Files\Java\jdk1.8.0_151\jre\lib\jfr.jar;C:\Program Files\Java\jdk1.8.0_151\jre\classes"/>
    <property name="java.vendor" value="Oracle Corporation"/>
    <property name="maven.home" value="C:\Users\Murali\Desktop\selenium\JusDoneTest\EMBEDDED"/>
    <property name="file.separator" value="\"/>
    <property name="java.vendor.url.bug" value="http://bugreport.sun.com/bugreport/"/>
    <property name="sun.cpu.endian" value="little"/>
    <property name="sun.io.unicode.encoding" value="UnicodeLittle"/>
    <property name="sun.desktop" value="windows"/>
    <property name="sun.cpu.isalist" value="amd64"/>
  </properties>
  <testcase name="Landingpagetitletest" classname="com.jusdone.qa.testcases.LandingPageTest" time="0.051"/>
  <testcase name="SignUpLogoTest" classname="com.jusdone.qa.testcases.LandingPageTest" time="0.072"/>
  <testcase name="LoginLogoTest" classname="com.jusdone.qa.testcases.LandingPageTest" time="0.093"/>
  <testcase name="AboutusLogoTest" classname="com.jusdone.qa.testcases.LandingPageTest" time="0.104"/>
  <testcase name="ContactusLogoTest" classname="com.jusdone.qa.testcases.LandingPageTest" time="0.074"/>
  <testcase name="ClickbtnTest" classname="com.jusdone.qa.testcases.LandingPageTest" time="4.005"/>
  <testcase name="Clickbtn1Test" classname="com.jusdone.qa.testcases.LandingPageTest" time="6.935"/>
  <testcase name="verifyLoginNameTest" classname="com.jusdone.qa.testcases.LoginPageTest" time="0.115"/>
  <testcase name="verifyLoginBtnTest" classname="com.jusdone.qa.testcases.LoginPageTest" time="0.103"/>
  <testcase name="verifyCtrAnAcctTest" classname="com.jusdone.qa.testcases.LoginPageTest" time="0.148"/>
  <testcase name="ValidLoginTest" classname="com.jusdone.qa.testcases.LoginPageTest" time="5.387"/>
  <testcase name="InValidLoginTest" classname="com.jusdone.qa.testcases.LoginPageTest" time="1.965"/>
  <testcase name="BlankEmailTest" classname="com.jusdone.qa.testcases.LoginPageTest" time="1.043"/>
  <testcase name="verifyRegisterNameTest" classname="com.jusdone.qa.testcases.RegistrationPageTest" time="0.167"/>
  <testcase name="VerifySignInBtnTest" classname="com.jusdone.qa.testcases.RegistrationPageTest" time="0.11"/>
  <testcase name="ExistingUser" classname="com.jusdone.qa.testcases.RegistrationPageTest" time="3.184"/>
  <testcase name="PwdandConfirmPasswordnotMatched" classname="com.jusdone.qa.testcases.RegistrationPageTest" time="2.554"/>
  <testcase name="SpecialChracters" classname="com.jusdone.qa.testcases.RegistrationPageTest" time="2.148"/>
  <testcase name="BlankNameField" classname="com.jusdone.qa.testcases.RegistrationPageTest" time="2.084"/>
  <testcase name="ClickSignInBtnTest" classname="com.jusdone.qa.testcases.RegistrationPageTest" time="0.711"/>
  <testcase name="verifyUserNameTest" classname="com.jusdone.qa.testcases.DashBoardTest" time="0.066"/>
  <testcase name="verifySearchBox" classname="com.jusdone.qa.testcases.DashBoardTest" time="0.078"/>
  <testcase name="verifyTeamsLabel" classname="com.jusdone.qa.testcases.DashBoardTest" time="0.088"/>
  <testcase name="verifyDashBoardTab" classname="com.jusdone.qa.testcases.DashBoardTest" time="0.093"/>
  <testcase name="verifyTaskTabTest" classname="com.jusdone.qa.testcases.DashBoardTest" time="0.063"/>
  <testcase name="verifyTeamsTab" classname="com.jusdone.qa.testcases.DashBoardTest" time="0.072"/>
  <testcase name="verifyInvitesTab" classname="com.jusdone.qa.testcases.DashBoardTest" time="0.065"/>
  <testcase name="verifySettingsTab" classname="com.jusdone.qa.testcases.DashBoardTest" time="0.068"/>
  <testcase name="verifyMenuBar" classname="com.jusdone.qa.testcases.DashBoardTest" time="0.071"/>
  <testcase name="VerifyCreateNewTeamBtn" classname="com.jusdone.qa.testcases.DashBoardTest" time="0.092"/>
  <testcase name="VerifyBellBtn" classname="com.jusdone.qa.testcases.DashBoardTest" time="0.062"/>
  <testcase name="VerifyLogOutBtn" classname="com.jusdone.qa.testcases.DashBoardTest" time="0.08"/>
  <testcase name="EnteringTeamInputsTest" classname="com.jusdone.qa.testcases.DashBoardTest" time="3.704"/>
  <testcase name="CreateNewTaskLinkTest" classname="com.jusdone.qa.testcases.DashBoardTest" time="0.069"/>
  <testcase name="ClickTaskTabTest" classname="com.jusdone.qa.testcases.DashBoardTest" time="1.094"/>
  <testcase name="ClickLogOutBtnTest" classname="com.jusdone.qa.testcases.DashBoardTest" time="1.031"/>
  <testcase name="verifyCreateNewTaskLinkTest" classname="com.jusdone.qa.testcases.TaskPageTest" time="3.078"/>
  <testcase name="verifyMembersLinkTest" classname="com.jusdone.qa.testcases.TaskPageTest" time="0.072"/>
  <testcase name="verifySettingsLinkTest" classname="com.jusdone.qa.testcases.TaskPageTest" time="0.101"/>
  <testcase name="ClickCreateNewTaskLinkTest" classname="com.jusdone.qa.testcases.TaskPageTest" time="4.062"/>
</testsuite>