<?xml version="1.0" encoding="UTF-8"?>
<!-- Generated by org.testng.reporters.JUnitReportReporter -->
<testsuite skipped="0" hostname="DESKTOP-3ND57S0" name="com.jusdone.qa.testcases.TaskPageTest" tests="4" failures="0" timestamp="06 Feb 2018 03:20:21 GMT" time="7.677" errors="0">
  <testcase name="verifyCreateNewTaskLinkTest" time="3.183" classname="com.jusdone.qa.testcases.TaskPageTest"/>
  <testcase name="verifyMembersLinkTest" time="0.079" classname="com.jusdone.qa.testcases.TaskPageTest"/>
  <testcase name="verifySettingsLinkTest" time="0.051" classname="com.jusdone.qa.testcases.TaskPageTest"/>
  <testcase name="ClickCreateNewTaskLinkTest" time="4.364" classname="com.jusdone.qa.testcases.TaskPageTest"/>
</testsuite> <!-- com.jusdone.qa.testcases.TaskPageTest -->
