<?xml version="1.0" encoding="UTF-8"?>
<!-- Generated by org.testng.reporters.JUnitReportReporter -->
<testsuite skipped="0" hostname="DESKTOP-3ND57S0" name="com.jusdone.qa.testbase.Testbase" tests="2" failures="0" timestamp="09 Feb 2018 18:44:58 GMT" time="13.027" errors="0">
  <testcase name="initialization" time="6.909" classname="com.jusdone.qa.testbase.Testbase"/>
  <testcase name="initialization" time="6.118" classname="com.jusdone.qa.testbase.Testbase"/>
</testsuite> <!-- com.jusdone.qa.testbase.Testbase -->
