<?xml version="1.0" encoding="UTF-8"?>
<!-- Generated by org.testng.reporters.JUnitReportReporter -->
<testsuite skipped="0" hostname="DESKTOP-3ND57S0" name="com.jusdone.qa.testcases.SignUppageTest" tests="4" failures="0" timestamp="17 Jan 2018 00:10:01 GMT" time="42.156" errors="0">
  <testcase name="ValidCreateNewAcct" time="10.889" classname="com.jusdone.qa.testcases.SignUppageTest"/>
  <testcase name="ValidCreateNewAcct" time="10.550" classname="com.jusdone.qa.testcases.SignUppageTest"/>
  <testcase name="ValidCreateNewAcct" time="11.242" classname="com.jusdone.qa.testcases.SignUppageTest"/>
  <testcase name="ClickRegisterButtonTest" time="9.475" classname="com.jusdone.qa.testcases.SignUppageTest"/>
</testsuite> <!-- com.jusdone.qa.testcases.SignUppageTest -->
