<?xml version="1.0" encoding="UTF-8"?>
<!-- Generated by org.testng.reporters.JUnitReportReporter -->
<testsuite skipped="1" hostname="DESKTOP-3ND57S0" name="com.jusdone.qa.testcases.DashBoardTest" tests="17" failures="0" timestamp="13 Feb 2018 17:37:31 GMT" time="244.377" errors="0">
  <testcase name="verifyUserNameTest" time="13.480" classname="com.jusdone.qa.testcases.DashBoardTest"/>
  <testcase name="verifySearchBox" time="13.408" classname="com.jusdone.qa.testcases.DashBoardTest"/>
  <testcase name="verifyTeamsLabel" time="13.723" classname="com.jusdone.qa.testcases.DashBoardTest"/>
  <testcase name="verifyDashBoardTab" time="13.839" classname="com.jusdone.qa.testcases.DashBoardTest"/>
  <testcase name="verifyTaskTabTest" time="14.349" classname="com.jusdone.qa.testcases.DashBoardTest"/>
  <testcase name="verifyTeamsTab" time="13.434" classname="com.jusdone.qa.testcases.DashBoardTest"/>
  <testcase name="verifyInvitesTab" time="27.492" classname="com.jusdone.qa.testcases.DashBoardTest"/>
  <testcase name="verifySettingsTab" time="15.455" classname="com.jusdone.qa.testcases.DashBoardTest"/>
  <testcase name="verifyMenuBar" time="14.072" classname="com.jusdone.qa.testcases.DashBoardTest"/>
  <testcase name="VerifyCreateNewTeamBtn" time="17.186" classname="com.jusdone.qa.testcases.DashBoardTest"/>
  <testcase name="VerifyBellBtn" time="14.347" classname="com.jusdone.qa.testcases.DashBoardTest"/>
  <testcase name="VerifyLogOutBtn" time="15.614" classname="com.jusdone.qa.testcases.DashBoardTest"/>
  <testcase name="EnteringTeamInputsTest" time="15.963" classname="com.jusdone.qa.testcases.DashBoardTest"/>
  <testcase name="CreateNewTaskLinkTest" time="12.995" classname="com.jusdone.qa.testcases.DashBoardTest"/>
  <testcase name="ClickTaskTabTest" time="14.514" classname="com.jusdone.qa.testcases.DashBoardTest"/>
  <testcase name="ClickLogOutBtnTest" time="14.506" classname="com.jusdone.qa.testcases.DashBoardTest"/>
  <testcase name="ClickCreateNewTaskLinkTest" classname="com.jusdone.qa.testcases.DashBoardTest">
    <skipped/>
  </testcase> <!-- ClickCreateNewTaskLinkTest -->
</testsuite> <!-- com.jusdone.qa.testcases.DashBoardTest -->
