<?xml version="1.0" encoding="UTF-8"?>
<!-- Generated by org.testng.reporters.JUnitReportReporter -->
<testsuite skipped="0" hostname="DESKTOP-3ND57S0" name="com.jusdone.qa.testcases.LandingPageTest" tests="7" failures="0" timestamp="06 Feb 2018 18:08:12 GMT" time="58.921" errors="0">
  <testcase name="Landingpagetitletest" time="6.565" classname="com.jusdone.qa.testcases.LandingPageTest"/>
  <testcase name="SignUpLogoTest" time="6.847" classname="com.jusdone.qa.testcases.LandingPageTest"/>
  <testcase name="LoginLogoTest" time="6.705" classname="com.jusdone.qa.testcases.LandingPageTest"/>
  <testcase name="AboutusLogoTest" time="6.708" classname="com.jusdone.qa.testcases.LandingPageTest"/>
  <testcase name="ContactusLogoTest" time="7.999" classname="com.jusdone.qa.testcases.LandingPageTest"/>
  <testcase name="ClickbtnTest" time="10.608" classname="com.jusdone.qa.testcases.LandingPageTest"/>
  <testcase name="Clickbtn1Test" time="13.489" classname="com.jusdone.qa.testcases.LandingPageTest"/>
</testsuite> <!-- com.jusdone.qa.testcases.LandingPageTest -->
