<?xml version="1.0" encoding="UTF-8"?>
<!-- Generated by org.testng.reporters.JUnitReportReporter -->
<testsuite skipped="1" hostname="DESKTOP-3ND57S0" name="com.jusdone.qa.testcases.RegistrationPageTest" tests="8" failures="0" timestamp="13 Feb 2018 17:37:31 GMT" time="83.503" errors="0">
  <testcase name="verifyRegisterNameTest" time="11.672" classname="com.jusdone.qa.testcases.RegistrationPageTest"/>
  <testcase name="VerifySignInBtnTest" time="9.936" classname="com.jusdone.qa.testcases.RegistrationPageTest"/>
  <testcase name="ExistingUser" time="16.939" classname="com.jusdone.qa.testcases.RegistrationPageTest"/>
  <testcase name="SpecialChracters" time="10.696" classname="com.jusdone.qa.testcases.RegistrationPageTest"/>
  <testcase name="PwdandConfirmPasswordnotMatched" time="12.111" classname="com.jusdone.qa.testcases.RegistrationPageTest"/>
  <testcase name="BlankNameField" time="12.252" classname="com.jusdone.qa.testcases.RegistrationPageTest"/>
  <testcase name="ClickSignInBtnTest" time="9.897" classname="com.jusdone.qa.testcases.RegistrationPageTest"/>
  <testcase name="VerifyValidInputs" classname="com.jusdone.qa.testcases.RegistrationPageTest">
    <skipped/>
  </testcase> <!-- VerifyValidInputs -->
</testsuite> <!-- com.jusdone.qa.testcases.RegistrationPageTest -->
