<?xml version="1.0" encoding="UTF-8"?>
<!-- Generated by org.testng.reporters.JUnitReportReporter -->
<testsuite skipped="0" hostname="DESKTOP-3ND57S0" name="com.jusdone.qa.testcases.TaskPageTest" tests="4" failures="0" timestamp="13 Feb 2018 17:37:31 GMT" time="66.041" errors="0">
  <testcase name="verifyCreateNewTaskLinkTest" time="17.293" classname="com.jusdone.qa.testcases.TaskPageTest"/>
  <testcase name="verifyMembersLinkTest" time="15.536" classname="com.jusdone.qa.testcases.TaskPageTest"/>
  <testcase name="verifySettingsLinkTest" time="14.557" classname="com.jusdone.qa.testcases.TaskPageTest"/>
  <testcase name="ClickCreateNewTaskLinkTest" time="18.655" classname="com.jusdone.qa.testcases.TaskPageTest"/>
</testsuite> <!-- com.jusdone.qa.testcases.TaskPageTest -->
