<?xml version="1.0" encoding="UTF-8"?>
<!-- Generated by org.testng.reporters.JUnitReportReporter -->
<testsuite skipped="2" hostname="DESKTOP-3ND57S0" name="com.jusdone.qa.testcases.LoginPageTest" tests="8" failures="0" timestamp="13 Feb 2018 17:37:31 GMT" time="64.482" errors="0">
  <testcase name="verifyLoginNameTest" time="10.280" classname="com.jusdone.qa.testcases.LoginPageTest"/>
  <testcase name="verifyLoginBtnTest" time="9.215" classname="com.jusdone.qa.testcases.LoginPageTest"/>
  <testcase name="verifyCtrAnAcctTest" time="8.990" classname="com.jusdone.qa.testcases.LoginPageTest"/>
  <testcase name="ValidLoginTest" time="14.771" classname="com.jusdone.qa.testcases.LoginPageTest"/>
  <testcase name="InValidLoginTest" time="10.462" classname="com.jusdone.qa.testcases.LoginPageTest"/>
  <testcase name="BlankEmailTest" time="10.764" classname="com.jusdone.qa.testcases.LoginPageTest"/>
  <testcase name="verifyRememberMeTest" classname="com.jusdone.qa.testcases.LoginPageTest">
    <skipped/>
  </testcase> <!-- verifyRememberMeTest -->
  <testcase name="verifyForgotPasswordTest" classname="com.jusdone.qa.testcases.LoginPageTest">
    <skipped/>
  </testcase> <!-- verifyForgotPasswordTest -->
</testsuite> <!-- com.jusdone.qa.testcases.LoginPageTest -->
