<?xml version="1.0" encoding="UTF-8"?>
<!-- Generated by org.testng.reporters.JUnitReportReporter -->
<testsuite skipped="2" hostname="DESKTOP-3ND57S0" name="com.jusdone.qa.testcases.LoginPageTest" tests="8" failures="0" timestamp="13 Feb 2018 17:55:58 GMT" time="67.083" errors="0">
  <testcase name="verifyLoginNameTest" time="9.042" classname="com.jusdone.qa.testcases.LoginPageTest"/>
  <testcase name="verifyLoginBtnTest" time="9.999" classname="com.jusdone.qa.testcases.LoginPageTest"/>
  <testcase name="verifyCtrAnAcctTest" time="9.956" classname="com.jusdone.qa.testcases.LoginPageTest"/>
  <testcase name="ValidLoginTest" time="15.885" classname="com.jusdone.qa.testcases.LoginPageTest"/>
  <testcase name="InValidLoginTest" time="11.272" classname="com.jusdone.qa.testcases.LoginPageTest"/>
  <testcase name="BlankEmailTest" time="10.929" classname="com.jusdone.qa.testcases.LoginPageTest"/>
  <testcase name="verifyRememberMeTest" classname="com.jusdone.qa.testcases.LoginPageTest">
    <skipped/>
  </testcase> <!-- verifyRememberMeTest -->
  <testcase name="verifyForgotPasswordTest" classname="com.jusdone.qa.testcases.LoginPageTest">
    <skipped/>
  </testcase> <!-- verifyForgotPasswordTest -->
</testsuite> <!-- com.jusdone.qa.testcases.LoginPageTest -->
