<?xml version="1.0" encoding="UTF-8"?>
<!-- Generated by org.testng.reporters.JUnitReportReporter -->
<testsuite skipped="0" hostname="DESKTOP-3ND57S0" name="com.jusdone.qa.testcases.TaskPageTest" tests="4" failures="0" timestamp="07 Feb 2018 00:16:18 GMT" time="76.522" errors="0">
  <testcase name="verifyCreateNewTaskLinkTest" time="20.879" classname="com.jusdone.qa.testcases.TaskPageTest"/>
  <testcase name="verifyMembersLinkTest" time="18.092" classname="com.jusdone.qa.testcases.TaskPageTest"/>
  <testcase name="verifySettingsLinkTest" time="16.479" classname="com.jusdone.qa.testcases.TaskPageTest"/>
  <testcase name="ClickCreateNewTaskLinkTest" time="21.072" classname="com.jusdone.qa.testcases.TaskPageTest"/>
</testsuite> <!-- com.jusdone.qa.testcases.TaskPageTest -->
