<?xml version="1.0" encoding="UTF-8"?>
<!-- Generated by org.testng.reporters.JUnitReportReporter -->
<testsuite skipped="0" hostname="DESKTOP-3ND57S0" name="com.jusdone.qa.testcases.LandingPageTest" tests="7" failures="0" timestamp="13 Feb 2018 17:55:58 GMT" time="63.312" errors="0">
  <testcase name="Landingpagetitletest" time="7.122" classname="com.jusdone.qa.testcases.LandingPageTest"/>
  <testcase name="SignUpLogoTest" time="6.677" classname="com.jusdone.qa.testcases.LandingPageTest"/>
  <testcase name="LoginLogoTest" time="7.001" classname="com.jusdone.qa.testcases.LandingPageTest"/>
  <testcase name="AboutusLogoTest" time="7.201" classname="com.jusdone.qa.testcases.LandingPageTest"/>
  <testcase name="ContactusLogoTest" time="8.825" classname="com.jusdone.qa.testcases.LandingPageTest"/>
  <testcase name="ClickbtnTest" time="11.131" classname="com.jusdone.qa.testcases.LandingPageTest"/>
  <testcase name="Clickbtn1Test" time="15.355" classname="com.jusdone.qa.testcases.LandingPageTest"/>
</testsuite> <!-- com.jusdone.qa.testcases.LandingPageTest -->
