<?xml version="1.0" encoding="UTF-8"?>
<!-- Generated by org.testng.reporters.JUnitReportReporter -->
<testsuite skipped="0" hostname="DESKTOP-3ND57S0" name="com.jusdone.qa.testcases.TaskPageTest" tests="4" failures="0" timestamp="13 Feb 2018 17:55:58 GMT" time="65.815" errors="0">
  <testcase name="verifyCreateNewTaskLinkTest" time="18.595" classname="com.jusdone.qa.testcases.TaskPageTest"/>
  <testcase name="verifyMembersLinkTest" time="14.406" classname="com.jusdone.qa.testcases.TaskPageTest"/>
  <testcase name="verifySettingsLinkTest" time="14.352" classname="com.jusdone.qa.testcases.TaskPageTest"/>
  <testcase name="ClickCreateNewTaskLinkTest" time="18.462" classname="com.jusdone.qa.testcases.TaskPageTest"/>
</testsuite> <!-- com.jusdone.qa.testcases.TaskPageTest -->
