<?xml version="1.0" encoding="UTF-8"?>
<!-- Generated by org.testng.reporters.JUnitReportReporter -->
<testsuite skipped="0" hostname="DESKTOP-3ND57S0" name="com.jusdone.qa.testcases.LandingPageTest" tests="7" failures="0" timestamp="07 Feb 2018 00:16:18 GMT" time="68.351" errors="0">
  <testcase name="Landingpagetitletest" time="7.774" classname="com.jusdone.qa.testcases.LandingPageTest"/>
  <testcase name="SignUpLogoTest" time="7.885" classname="com.jusdone.qa.testcases.LandingPageTest"/>
  <testcase name="LoginLogoTest" time="8.338" classname="com.jusdone.qa.testcases.LandingPageTest"/>
  <testcase name="AboutusLogoTest" time="7.978" classname="com.jusdone.qa.testcases.LandingPageTest"/>
  <testcase name="ContactusLogoTest" time="8.114" classname="com.jusdone.qa.testcases.LandingPageTest"/>
  <testcase name="ClickbtnTest" time="12.059" classname="com.jusdone.qa.testcases.LandingPageTest"/>
  <testcase name="Clickbtn1Test" time="16.203" classname="com.jusdone.qa.testcases.LandingPageTest"/>
</testsuite> <!-- com.jusdone.qa.testcases.LandingPageTest -->
