<?xml version="1.0" encoding="UTF-8"?>
<!-- Generated by org.testng.reporters.JUnitReportReporter -->
<testsuite skipped="1" hostname="DESKTOP-3ND57S0" name="com.jusdone.qa.testcases.RegistrationPageTest" tests="8" failures="0" timestamp="13 Feb 2018 17:55:58 GMT" time="79.700" errors="0">
  <testcase name="verifyRegisterNameTest" time="11.141" classname="com.jusdone.qa.testcases.RegistrationPageTest"/>
  <testcase name="VerifySignInBtnTest" time="8.636" classname="com.jusdone.qa.testcases.RegistrationPageTest"/>
  <testcase name="ExistingUser" time="12.899" classname="com.jusdone.qa.testcases.RegistrationPageTest"/>
  <testcase name="PwdandConfirmPasswordnotMatched" time="12.579" classname="com.jusdone.qa.testcases.RegistrationPageTest"/>
  <testcase name="SpecialChracters" time="11.621" classname="com.jusdone.qa.testcases.RegistrationPageTest"/>
  <testcase name="BlankNameField" time="11.953" classname="com.jusdone.qa.testcases.RegistrationPageTest"/>
  <testcase name="ClickSignInBtnTest" time="10.871" classname="com.jusdone.qa.testcases.RegistrationPageTest"/>
  <testcase name="VerifyValidInputs" classname="com.jusdone.qa.testcases.RegistrationPageTest">
    <skipped/>
  </testcase> <!-- VerifyValidInputs -->
</testsuite> <!-- com.jusdone.qa.testcases.RegistrationPageTest -->
