<?xml version="1.0" encoding="UTF-8"?>
<!-- Generated by org.testng.reporters.JUnitReportReporter -->
<testsuite skipped="1" hostname="DESKTOP-3ND57S0" name="com.jusdone.qa.testcases.DashBoardTest" tests="17" failures="0" timestamp="13 Feb 2018 17:55:58 GMT" time="257.709" errors="0">
  <testcase name="verifyUserNameTest" time="14.057" classname="com.jusdone.qa.testcases.DashBoardTest"/>
  <testcase name="verifySearchBox" time="15.773" classname="com.jusdone.qa.testcases.DashBoardTest"/>
  <testcase name="verifyTeamsLabel" time="14.549" classname="com.jusdone.qa.testcases.DashBoardTest"/>
  <testcase name="verifyDashBoardTab" time="15.283" classname="com.jusdone.qa.testcases.DashBoardTest"/>
  <testcase name="verifyTaskTabTest" time="14.506" classname="com.jusdone.qa.testcases.DashBoardTest"/>
  <testcase name="verifyTeamsTab" time="16.173" classname="com.jusdone.qa.testcases.DashBoardTest"/>
  <testcase name="verifyInvitesTab" time="17.776" classname="com.jusdone.qa.testcases.DashBoardTest"/>
  <testcase name="verifySettingsTab" time="18.473" classname="com.jusdone.qa.testcases.DashBoardTest"/>
  <testcase name="verifyMenuBar" time="14.763" classname="com.jusdone.qa.testcases.DashBoardTest"/>
  <testcase name="VerifyCreateNewTeamBtn" time="14.473" classname="com.jusdone.qa.testcases.DashBoardTest"/>
  <testcase name="VerifyBellBtn" time="16.159" classname="com.jusdone.qa.testcases.DashBoardTest"/>
  <testcase name="VerifyLogOutBtn" time="16.625" classname="com.jusdone.qa.testcases.DashBoardTest"/>
  <testcase name="EnteringTeamInputsTest" time="18.364" classname="com.jusdone.qa.testcases.DashBoardTest"/>
  <testcase name="CreateNewTaskLinkTest" time="17.380" classname="com.jusdone.qa.testcases.DashBoardTest"/>
  <testcase name="ClickTaskTabTest" time="16.754" classname="com.jusdone.qa.testcases.DashBoardTest"/>
  <testcase name="ClickLogOutBtnTest" time="16.601" classname="com.jusdone.qa.testcases.DashBoardTest"/>
  <testcase name="ClickCreateNewTaskLinkTest" classname="com.jusdone.qa.testcases.DashBoardTest">
    <skipped/>
  </testcase> <!-- ClickCreateNewTaskLinkTest -->
</testsuite> <!-- com.jusdone.qa.testcases.DashBoardTest -->
